Log file open, 03/02/22 22:33:06
LogWindows: Failed to load 'aqProf.dll' (GetLastError=126)
LogWindows: File 'aqProf.dll' does not exist
LogWindows: Failed to load 'VtuneApi.dll' (GetLastError=126)
LogWindows: File 'VtuneApi.dll' does not exist
LogWindows: Failed to load 'VtuneApi32e.dll' (GetLastError=126)
LogWindows: File 'VtuneApi32e.dll' does not exist
LogConsoleResponse: Display: Failed to find resolution value strings in scalability ini. Falling back to default.
LogConsoleResponse: Display: Failed to find resolution value strings in scalability ini. Falling back to default.
LogInit: Display: Running engine for game: EndlessRunner
LogPlatformFile: Not using cached read wrapper
LogTaskGraph: Started task graph with 5 named threads and 35 total threads with 3 sets of task threads.
LogStats: Stats thread started at 0.347309
LogICUInternationalization: ICU TimeZone Detection - Raw Offset: +0:00, Platform Override: ''
LogInit: Display: Loading text-based GConfig....
LogPluginManager: Mounting plugin MeshPainting
LogPluginManager: Mounting plugin XGEController
LogPluginManager: Mounting plugin Paper2D
LogPluginManager: Mounting plugin LiveLink
LogPluginManager: Mounting plugin AISupport
LogPluginManager: Mounting plugin LightPropagationVolume
LogPluginManager: Mounting plugin GameplayCameras
LogPluginManager: Mounting plugin EnvironmentQueryEditor
LogPluginManager: Mounting plugin CameraShakePreviewer
LogPluginManager: Mounting plugin AssetManagerEditor
LogPluginManager: Mounting plugin CryptoKeys
LogPluginManager: Mounting plugin DataValidation
LogPluginManager: Mounting plugin CurveEditorTools
LogPluginManager: Mounting plugin FacialAnimation
LogPluginManager: Mounting plugin GameplayTagsEditor
LogPluginManager: Mounting plugin GeometryMode
LogPluginManager: Mounting plugin MacGraphicsSwitching
LogPluginManager: Mounting plugin MaterialAnalyzer
LogPluginManager: Mounting plugin PluginBrowser
LogPluginManager: Mounting plugin MobileLauncherProfileWizard
LogPluginManager: Mounting plugin SpeedTreeImporter
LogPluginManager: Mounting plugin AnimationSharing
LogPluginManager: Mounting plugin CLionSourceCodeAccess
LogPluginManager: Mounting plugin GitSourceControl
LogPluginManager: Mounting plugin CodeLiteSourceCodeAccess
LogPluginManager: Mounting plugin KDevelopSourceCodeAccess
LogPluginManager: Mounting plugin NullSourceCodeAccess
LogPluginManager: Mounting plugin PerforceSourceControl
LogPluginManager: Mounting plugin PixWinPlugin
LogPluginManager: Mounting plugin PropertyAccessNode
LogPluginManager: Mounting plugin PlasticSourceControl
LogPluginManager: Mounting plugin RiderSourceCodeAccess
LogPluginManager: Mounting plugin SubversionSourceControl
LogPluginManager: Mounting plugin TextureFormatOodle
LogPluginManager: Mounting plugin UObjectPlugin
LogPluginManager: Mounting plugin PluginUtils
LogPluginManager: Mounting plugin VisualStudioCodeSourceCodeAccess
LogPluginManager: Mounting plugin VisualStudioSourceCodeAccess
LogPluginManager: Mounting plugin XCodeSourceCodeAccess
LogPluginManager: Mounting plugin DatasmithContent
LogPluginManager: Mounting plugin VariantManagerContent
LogPluginManager: Mounting plugin Niagara
LogPluginManager: Mounting plugin AlembicImporter
LogPluginManager: Mounting plugin AutomationUtils
LogPluginManager: Mounting plugin BackChannel
LogPluginManager: Mounting plugin ChaosCloth
LogPluginManager: Mounting plugin ChaosClothEditor
LogPluginManager: Mounting plugin ChaosEditor
LogPluginManager: Mounting plugin ChaosNiagara
LogPluginManager: Mounting plugin ChaosSolverPlugin
LogPluginManager: Mounting plugin CharacterAI
LogPluginManager: Mounting plugin GeometryCache
LogPluginManager: Mounting plugin GeometryProcessing
LogPluginManager: Mounting plugin GeometryCollectionPlugin
LogPluginManager: Mounting plugin OpenImageDenoise
LogPluginManager: Mounting plugin PlanarCut
LogPluginManager: Mounting plugin ProxyLODPlugin
LogPluginManager: Mounting plugin PlatformCrypto
LogPluginManager: Mounting plugin PythonScriptPlugin
LogPluginManager: Mounting plugin SkeletalReduction
LogPluginManager: Mounting plugin LuminPlatformFeatures
LogPluginManager: Mounting plugin MagicLeap
LogPluginManager: Mounting plugin MagicLeapLightEstimation
LogPluginManager: Mounting plugin MagicLeapMedia
LogPluginManager: Mounting plugin MagicLeapPassableWorld
LogPluginManager: Mounting plugin MLSDK
LogPluginManager: Mounting plugin AndroidMedia
LogPluginManager: Mounting plugin AvfMedia
LogPluginManager: Mounting plugin ImgMedia
LogPluginManager: Mounting plugin MediaCompositing
LogPluginManager: Mounting plugin MediaPlayerEditor
LogPluginManager: Mounting plugin WebMMedia
LogPluginManager: Mounting plugin WmfMedia
LogPluginManager: Mounting plugin ActorSequence
LogPluginManager: Mounting plugin UdpMessaging
LogPluginManager: Mounting plugin TcpMessaging
LogPluginManager: Mounting plugin LevelSequenceEditor
LogPluginManager: Mounting plugin MatineeToLevelSequence
LogPluginManager: Mounting plugin TemplateSequence
LogPluginManager: Mounting plugin MotoSynth
LogPluginManager: Mounting plugin OnlineSubsystem
LogPluginManager: Mounting plugin OnlineSubsystemNull
LogPluginManager: Mounting plugin OnlineSubsystemUtils
LogPluginManager: Mounting plugin LauncherChunkInstaller
LogPluginManager: Mounting plugin ActorLayerUtilities
LogPluginManager: Mounting plugin AndroidMoviePlayer
LogPluginManager: Mounting plugin AndroidPermission
LogPluginManager: Mounting plugin AndroidDeviceProfileSelector
LogPluginManager: Mounting plugin AppleImageUtils
LogPluginManager: Mounting plugin AppleMoviePlayer
LogPluginManager: Mounting plugin ArchVisCharacter
LogPluginManager: Mounting plugin AssetTags
LogPluginManager: Mounting plugin AudioCapture
LogPluginManager: Mounting plugin CableComponent
LogPluginManager: Mounting plugin ChunkDownloader
LogPluginManager: Mounting plugin AudioSynesthesia
LogPluginManager: Mounting plugin CustomMeshComponent
LogPluginManager: Mounting plugin EditableMesh
LogPluginManager: Mounting plugin ExampleDeviceProfileSelector
LogPluginManager: Mounting plugin GoogleCloudMessaging
LogPluginManager: Mounting plugin GooglePAD
LogPluginManager: Mounting plugin IOSDeviceProfileSelector
LogPluginManager: Mounting plugin LinuxDeviceProfileSelector
LogPluginManager: Mounting plugin LocationServicesBPLibrary
LogPluginManager: Mounting plugin MobilePatchingUtils
LogPluginManager: Mounting plugin OpenXREyeTracker
LogPluginManager: Mounting plugin OpenXR
LogPluginManager: Mounting plugin OpenXRHandTracking
LogPluginManager: Mounting plugin PhysXVehicles
LogPluginManager: Mounting plugin ProceduralMeshComponent
LogPluginManager: Mounting plugin PropertyAccessEditor
LogPluginManager: Mounting plugin PostSplashScreen
LogPluginManager: Mounting plugin RuntimePhysXCooking
LogPluginManager: Mounting plugin SignificanceManager
LogPluginManager: Mounting plugin SoundFields
LogPluginManager: Mounting plugin Synthesis
LogPluginManager: Mounting plugin WebMMoviePlayer
LogPluginManager: Mounting plugin ScreenshotTools
LogPluginManager: Mounting plugin WindowsMoviePlayer
LogPluginManager: Mounting plugin Takes
LogPluginManager: Mounting plugin OodleData
LogPluginManager: Mounting plugin OodleNetwork
LogPluginManager: Mounting plugin ContentBrowserAssetDataSource
LogPluginManager: Mounting plugin ContentBrowserClassDataSource
LogPluginManager: Mounting plugin ContentBrowserFileDataSource
LogPluginManager: Mounting plugin OnlineSubsystemGooglePlay
LogPluginManager: Mounting plugin OnlineSubsystemIOS
LogPluginManager: Mounting plugin OculusVR
LogPluginManager: Mounting plugin SteamVR
PixWinPlugin: PIX capture plugin failed to initialize! Check that the process is launched from PIX.
LogInit: Using libcurl 7.55.1-DEV
LogInit:  - built for x86_64-pc-win32
LogInit:  - supports SSL with OpenSSL/1.1.1
LogInit:  - supports HTTP deflate (compression) using libz 1.2.8
LogInit:  - other features:
LogInit:      CURL_VERSION_SSL
LogInit:      CURL_VERSION_LIBZ
LogInit:      CURL_VERSION_IPV6
LogInit:      CURL_VERSION_ASYNCHDNS
LogInit:      CURL_VERSION_LARGEFILE
LogInit:      CURL_VERSION_IDN
LogInit:  CurlRequestOptions (configurable via config and command line):
LogInit:  - bVerifyPeer = true  - Libcurl will verify peer certificate
LogInit:  - bUseHttpProxy = false  - Libcurl will NOT use HTTP proxy
LogInit:  - bDontReuseConnections = false  - Libcurl will reuse connections
LogInit:  - MaxHostConnections = 16  - Libcurl will limit the number of connections to a host
LogInit:  - LocalHostAddr = Default
LogInit:  - BufferSize = 65536
LogOnline: OSS: Creating online subsystem instance for: NULL
LogInit: WinSock: version 1.1 (2.2), MaxSocks=32767, MaxUdp=65467
LogOnline: OSS: TryLoadSubsystemAndSetDefault: Loaded subsystem for module [NULL]
LogOculusPluginWrapper: OculusPlugin initialized successfully
LogHMD: Failed initializing OVRPlugin 1.59.0
LogInit: Build: ++UE4+Release-4.27-CL-18319896
LogInit: Engine Version: 4.27.2-18319896+++UE4+Release-4.27
LogInit: Compatible Engine Version: 4.27.0-17155196+++UE4+Release-4.27
LogInit: Net CL: 17155196
LogInit: OS: Windows 10 (Release 2009) (), CPU: Intel(R) Core(TM) i7-10750H CPU @ 2.60GHz, GPU: NVIDIA GeForce GTX 1660 Ti
LogInit: Compiled (64-bit): Nov 30 2021 07:12:08
LogInit: Compiled with Visual C++: 19.24.28315.00
LogInit: Build Configuration: Development
LogInit: Branch Name: ++UE4+Release-4.27
LogInit: Command Line:  /Game/--NEW--/Maps/ThirdPersonExampleMap -game -PIEVIACONSOLE -Multiprocess GameUserSettingsINI=C:/PROJECTS/Unreal/Endless-Runner/EndlessRunner/Saved/Config/Windows/PIEGameUserSettings0.ini -MultiprocessSaveConfig -forcepassthrough -messaging -SessionName="Play in Standalone Game" -windowed -ResX=1280 -ResY=720
LogInit: Base Directory: C:/Program Files/Epic Games/UE_4.27/Engine/Binaries/Win64/
LogInit: Allocator: TBB
LogInit: Installed Engine Build: 1
LogDevObjectVersion: Number of dev versions registered: 29
LogDevObjectVersion:   Dev-Blueprints (B0D832E4-1F89-4F0D-ACCF-7EB736FD4AA2): 10
LogDevObjectVersion:   Dev-Build (E1C64328-A22C-4D53-A36C-8E866417BD8C): 0
LogDevObjectVersion:   Dev-Core (375EC13C-06E4-48FB-B500-84F0262A717E): 4
LogDevObjectVersion:   Dev-Editor (E4B068ED-F494-42E9-A231-DA0B2E46BB41): 40
LogDevObjectVersion:   Dev-Framework (CFFC743F-43B0-4480-9391-14DF171D2073): 37
LogDevObjectVersion:   Dev-Mobile (B02B49B5-BB20-44E9-A304-32B752E40360): 3
LogDevObjectVersion:   Dev-Networking (A4E4105C-59A1-49B5-A7C5-40C4547EDFEE): 0
LogDevObjectVersion:   Dev-Online (39C831C9-5AE6-47DC-9A44-9C173E1C8E7C): 0
LogDevObjectVersion:   Dev-Physics (78F01B33-EBEA-4F98-B9B4-84EACCB95AA2): 14
LogDevObjectVersion:   Dev-Platform (6631380F-2D4D-43E0-8009-CF276956A95A): 0
LogDevObjectVersion:   Dev-Rendering (12F88B9F-8875-4AFC-A67C-D90C383ABD29): 45
LogDevObjectVersion:   Dev-Sequencer (7B5AE74C-D270-4C10-A958-57980B212A5A): 13
LogDevObjectVersion:   Dev-VR (D7296918-1DD6-4BDD-9DE2-64A83CC13884): 3
LogDevObjectVersion:   Dev-LoadTimes (C2A15278-BFE7-4AFE-6C17-90FF531DF755): 1
LogDevObjectVersion:   Private-Geometry (6EACA3D4-40EC-4CC1-B786-8BED09428FC5): 3
LogDevObjectVersion:   Dev-AnimPhys (29E575DD-E0A3-4627-9D10-D276232CDCEA): 17
LogDevObjectVersion:   Dev-Anim (AF43A65D-7FD3-4947-9873-3E8ED9C1BB05): 15
LogDevObjectVersion:   Dev-ReflectionCapture (6B266CEC-1EC7-4B8F-A30B-E4D90942FC07): 1
LogDevObjectVersion:   Dev-Automation (0DF73D61-A23F-47EA-B727-89E90C41499A): 1
LogDevObjectVersion:   FortniteMain (601D1886-AC64-4F84-AA16-D3DE0DEAC7D6): 47
LogDevObjectVersion:   FortniteRelease (E7086368-6B23-4C58-8439-1B7016265E91): 1
LogDevObjectVersion:   Dev-Enterprise (9DFFBCD6-494F-0158-E221-12823C92A888): 10
LogDevObjectVersion:   Dev-Niagara (F2AED0AC-9AFE-416F-8664-AA7FFA26D6FC): 1
LogDevObjectVersion:   Dev-Destruction (174F1F0B-B4C6-45A5-B13F-2EE8D0FB917D): 10
LogDevObjectVersion:   Dev-Physics-Ext (35F94A83-E258-406C-A318-09F59610247C): 41
LogDevObjectVersion:   Dev-PhysicsMaterial-Chaos (B68FC16E-8B1B-42E2-B453-215C058844FE): 1
LogDevObjectVersion:   Dev-CineCamera (B2E18506-4273-CFC2-A54E-F4BB758BBA07): 1
LogDevObjectVersion:   Dev-VirtualProduction (64F58936-FD1B-42BA-BA96-7289D5D0FA4E): 1
LogDevObjectVersion:   Dev-MediaFramework (6F0ED827-A609-4895-9C91-998D90180EA4): 2
LogInit: Presizing for max 25165824 objects, including 0 objects not considered by GC, pre-allocating 0 bytes for permanent pool.
LogConfig: Applying CVar settings from Section [/Script/Engine.StreamingSettings] File [C:/PROJECTS/Unreal/Endless-Runner/EndlessRunner/Saved/Config/Windows/Engine.ini]
LogConfig: Setting CVar [[s.MinBulkDataSizeForAsyncLoading:131072]]
LogConfig: Setting CVar [[s.AsyncLoadingThreadEnabled:0]]
LogConfig: Setting CVar [[s.EventDrivenLoaderEnabled:1]]
LogConfig: Setting CVar [[s.WarnIfTimeLimitExceeded:0]]
LogConfig: Setting CVar [[s.TimeLimitExceededMultiplier:1.5]]
LogConfig: Setting CVar [[s.TimeLimitExceededMinTime:0.005]]
LogConfig: Setting CVar [[s.UseBackgroundLevelStreaming:1]]
LogConfig: Setting CVar [[s.PriorityAsyncLoadingExtraTime:15.0]]
LogConfig: Setting CVar [[s.LevelStreamingActorsUpdateTimeLimit:5.0]]
LogConfig: Setting CVar [[s.PriorityLevelStreamingActorsUpdateExtraTime:5.0]]
LogConfig: Setting CVar [[s.LevelStreamingComponentsRegistrationGranularity:10]]
LogConfig: Setting CVar [[s.UnregisterComponentsTimeLimit:1.0]]
LogConfig: Setting CVar [[s.LevelStreamingComponentsUnregistrationGranularity:5]]
LogConfig: Setting CVar [[s.FlushStreamingOnExit:1]]
LogInit: Object subsystem initialized
LogConfig: Setting CVar [[con.DebugEarlyDefault:1]]
LogConfig: Setting CVar [[r.setres:1280x720]]
[2022.03.02-22.33.08:354][  0]LogConfig: Setting CVar [[con.DebugEarlyDefault:1]]
[2022.03.02-22.33.08:354][  0]LogConfig: Setting CVar [[r.setres:1280x720]]
[2022.03.02-22.33.08:354][  0]LogConfig: Applying CVar settings from Section [/Script/Engine.RendererSettings] File [C:/PROJECTS/Unreal/Endless-Runner/EndlessRunner/Saved/Config/Windows/Engine.ini]
[2022.03.02-22.33.08:354][  0]LogConfig: Setting CVar [[r.GPUCrashDebugging:0]]
[2022.03.02-22.33.08:354][  0]LogConfig: Applying CVar settings from Section [/Script/Engine.RendererOverrideSettings] File [C:/PROJECTS/Unreal/Endless-Runner/EndlessRunner/Saved/Config/Windows/Engine.ini]
[2022.03.02-22.33.08:354][  0]LogConfig: Applying CVar settings from Section [/Script/Engine.StreamingSettings] File [C:/PROJECTS/Unreal/Endless-Runner/EndlessRunner/Saved/Config/Windows/Engine.ini]
[2022.03.02-22.33.08:354][  0]LogConfig: Setting CVar [[s.MinBulkDataSizeForAsyncLoading:131072]]
[2022.03.02-22.33.08:354][  0]LogConfig: Setting CVar [[s.AsyncLoadingThreadEnabled:0]]
[2022.03.02-22.33.08:354][  0]LogConfig: Setting CVar [[s.EventDrivenLoaderEnabled:1]]
[2022.03.02-22.33.08:354][  0]LogConfig: Setting CVar [[s.WarnIfTimeLimitExceeded:0]]
[2022.03.02-22.33.08:354][  0]LogConfig: Setting CVar [[s.TimeLimitExceededMultiplier:1.5]]
[2022.03.02-22.33.08:354][  0]LogConfig: Setting CVar [[s.TimeLimitExceededMinTime:0.005]]
[2022.03.02-22.33.08:354][  0]LogConfig: Setting CVar [[s.UseBackgroundLevelStreaming:1]]
[2022.03.02-22.33.08:354][  0]LogConfig: Setting CVar [[s.PriorityAsyncLoadingExtraTime:15.0]]
[2022.03.02-22.33.08:354][  0]LogConfig: Setting CVar [[s.LevelStreamingActorsUpdateTimeLimit:5.0]]
[2022.03.02-22.33.08:354][  0]LogConfig: Setting CVar [[s.PriorityLevelStreamingActorsUpdateExtraTime:5.0]]
[2022.03.02-22.33.08:354][  0]LogConfig: Setting CVar [[s.LevelStreamingComponentsRegistrationGranularity:10]]
[2022.03.02-22.33.08:354][  0]LogConfig: Setting CVar [[s.UnregisterComponentsTimeLimit:1.0]]
[2022.03.02-22.33.08:354][  0]LogConfig: Setting CVar [[s.LevelStreamingComponentsUnregistrationGranularity:5]]
[2022.03.02-22.33.08:354][  0]LogConfig: Setting CVar [[s.FlushStreamingOnExit:1]]
[2022.03.02-22.33.08:354][  0]LogConfig: Applying CVar settings from Section [/Script/Engine.GarbageCollectionSettings] File [C:/PROJECTS/Unreal/Endless-Runner/EndlessRunner/Saved/Config/Windows/Engine.ini]
[2022.03.02-22.33.08:354][  0]LogConfig: Setting CVar [[gc.MaxObjectsNotConsideredByGC:1]]
[2022.03.02-22.33.08:354][  0]LogConfig: Setting CVar [[gc.SizeOfPermanentObjectPool:0]]
[2022.03.02-22.33.08:354][  0]LogConfig: Setting CVar [[gc.FlushStreamingOnGC:0]]
[2022.03.02-22.33.08:354][  0]LogConfig: Setting CVar [[gc.NumRetriesBeforeForcingGC:10]]
[2022.03.02-22.33.08:354][  0]LogConfig: Setting CVar [[gc.AllowParallelGC:1]]
[2022.03.02-22.33.08:354][  0]LogConfig: Setting CVar [[gc.TimeBetweenPurgingPendingKillObjects:61.1]]
[2022.03.02-22.33.08:354][  0]LogConfig: Setting CVar [[gc.MaxObjectsInEditor:25165824]]
[2022.03.02-22.33.08:354][  0]LogConfig: Setting CVar [[gc.IncrementalBeginDestroyEnabled:1]]
[2022.03.02-22.33.08:354][  0]LogConfig: Setting CVar [[gc.CreateGCClusters:1]]
[2022.03.02-22.33.08:354][  0]LogConfig: Setting CVar [[gc.MinGCClusterSize:5]]
[2022.03.02-22.33.08:354][  0]LogConfig: Setting CVar [[gc.ActorClusteringEnabled:0]]
[2022.03.02-22.33.08:354][  0]LogConfig: Setting CVar [[gc.BlueprintClusteringEnabled:0]]
[2022.03.02-22.33.08:354][  0]LogConfig: Setting CVar [[gc.UseDisregardForGCOnDedicatedServers:0]]
[2022.03.02-22.33.08:354][  0]LogConfig: Setting CVar [[gc.MultithreadedDestructionEnabled:1]]
[2022.03.02-22.33.08:354][  0]LogConfig: Applying CVar settings from Section [/Script/Engine.NetworkSettings] File [C:/PROJECTS/Unreal/Endless-Runner/EndlessRunner/Saved/Config/Windows/Engine.ini]
[2022.03.02-22.33.08:354][  0]LogConfig: Applying CVar settings from Section [/Script/UnrealEd.CookerSettings] File [C:/PROJECTS/Unreal/Endless-Runner/EndlessRunner/Saved/Config/Windows/Engine.ini]
[2022.03.02-22.33.08:379][  0]LogConfig: Applying CVar settings from Section [ViewDistanceQuality@3] File [C:/PROJECTS/Unreal/Endless-Runner/EndlessRunner/Saved/Config/Windows/Scalability.ini]
[2022.03.02-22.33.08:379][  0]LogConfig: Setting CVar [[r.SkeletalMeshLODBias:0]]
[2022.03.02-22.33.08:379][  0]LogConfig: Setting CVar [[r.ViewDistanceScale:1.0]]
[2022.03.02-22.33.08:379][  0]LogConfig: Applying CVar settings from Section [AntiAliasingQuality@3] File [C:/PROJECTS/Unreal/Endless-Runner/EndlessRunner/Saved/Config/Windows/Scalability.ini]
[2022.03.02-22.33.08:379][  0]LogConfig: Setting CVar [[r.PostProcessAAQuality:4]]
[2022.03.02-22.33.08:379][  0]LogConfig: Applying CVar settings from Section [ShadowQuality@3] File [C:/PROJECTS/Unreal/Endless-Runner/EndlessRunner/Saved/Config/Windows/Scalability.ini]
[2022.03.02-22.33.08:379][  0]LogConfig: Setting CVar [[r.LightFunctionQuality:1]]
[2022.03.02-22.33.08:379][  0]LogConfig: Setting CVar [[r.ShadowQuality:5]]
[2022.03.02-22.33.08:379][  0]LogConfig: Setting CVar [[r.Shadow.CSM.MaxCascades:10]]
[2022.03.02-22.33.08:379][  0]LogConfig: Setting CVar [[r.Shadow.MaxResolution:2048]]
[2022.03.02-22.33.08:379][  0]LogConfig: Setting CVar [[r.Shadow.MaxCSMResolution:2048]]
[2022.03.02-22.33.08:379][  0]LogConfig: Setting CVar [[r.Shadow.RadiusThreshold:0.01]]
[2022.03.02-22.33.08:379][  0]LogConfig: Setting CVar [[r.Shadow.DistanceScale:1.0]]
[2022.03.02-22.33.08:380][  0]LogConfig: Setting CVar [[r.Shadow.CSM.TransitionScale:1.0]]
[2022.03.02-22.33.08:380][  0]LogConfig: Setting CVar [[r.Shadow.PreShadowResolutionFactor:1.0]]
[2022.03.02-22.33.08:380][  0]LogConfig: Setting CVar [[r.DistanceFieldShadowing:1]]
[2022.03.02-22.33.08:380][  0]LogConfig: Setting CVar [[r.DistanceFieldAO:1]]
[2022.03.02-22.33.08:380][  0]LogConfig: Setting CVar [[r.AOQuality:2]]
[2022.03.02-22.33.08:380][  0]LogConfig: Setting CVar [[r.VolumetricFog:1]]
[2022.03.02-22.33.08:380][  0]LogConfig: Setting CVar [[r.VolumetricFog.GridPixelSize:8]]
[2022.03.02-22.33.08:380][  0]LogConfig: Setting CVar [[r.VolumetricFog.GridSizeZ:128]]
[2022.03.02-22.33.08:380][  0]LogConfig: Setting CVar [[r.VolumetricFog.HistoryMissSupersampleCount:4]]
[2022.03.02-22.33.08:380][  0]LogConfig: Setting CVar [[r.LightMaxDrawDistanceScale:1]]
[2022.03.02-22.33.08:380][  0]LogConfig: Setting CVar [[r.CapsuleShadows:1]]
[2022.03.02-22.33.08:380][  0]LogConfig: Applying CVar settings from Section [PostProcessQuality@3] File [C:/PROJECTS/Unreal/Endless-Runner/EndlessRunner/Saved/Config/Windows/Scalability.ini]
[2022.03.02-22.33.08:380][  0]LogConfig: Setting CVar [[r.MotionBlurQuality:4]]
[2022.03.02-22.33.08:380][  0]LogConfig: Setting CVar [[r.AmbientOcclusionMipLevelFactor:0.4]]
[2022.03.02-22.33.08:380][  0]LogConfig: Setting CVar [[r.AmbientOcclusionMaxQuality:100]]
[2022.03.02-22.33.08:380][  0]LogConfig: Setting CVar [[r.AmbientOcclusionLevels:-1]]
[2022.03.02-22.33.08:380][  0]LogConfig: Setting CVar [[r.AmbientOcclusionRadiusScale:1.0]]
[2022.03.02-22.33.08:380][  0]LogConfig: Setting CVar [[r.DepthOfFieldQuality:2]]
[2022.03.02-22.33.08:380][  0]LogConfig: Setting CVar [[r.RenderTargetPoolMin:400]]
[2022.03.02-22.33.08:380][  0]LogConfig: Setting CVar [[r.LensFlareQuality:2]]
[2022.03.02-22.33.08:380][  0]LogConfig: Setting CVar [[r.SceneColorFringeQuality:1]]
[2022.03.02-22.33.08:380][  0]LogConfig: Setting CVar [[r.EyeAdaptationQuality:2]]
[2022.03.02-22.33.08:380][  0]LogConfig: Setting CVar [[r.BloomQuality:5]]
[2022.03.02-22.33.08:380][  0]LogConfig: Setting CVar [[r.FastBlurThreshold:100]]
[2022.03.02-22.33.08:380][  0]LogConfig: Setting CVar [[r.Upscale.Quality:3]]
[2022.03.02-22.33.08:380][  0]LogConfig: Setting CVar [[r.Tonemapper.GrainQuantization:1]]
[2022.03.02-22.33.08:380][  0]LogConfig: Setting CVar [[r.LightShaftQuality:1]]
[2022.03.02-22.33.08:380][  0]LogConfig: Setting CVar [[r.Filter.SizeScale:1]]
[2022.03.02-22.33.08:380][  0]LogConfig: Setting CVar [[r.Tonemapper.Quality:5]]
[2022.03.02-22.33.08:380][  0]LogConfig: Setting CVar [[r.DOF.Gather.AccumulatorQuality:1        ; higher gathering accumulator quality]]
[2022.03.02-22.33.08:380][  0]LogConfig: Setting CVar [[r.DOF.Gather.PostfilterMethod:1          ; Median3x3 postfilering method]]
[2022.03.02-22.33.08:380][  0]LogConfig: Setting CVar [[r.DOF.Gather.EnableBokehSettings:0       ; no bokeh simulation when gathering]]
[2022.03.02-22.33.08:380][  0]LogConfig: Setting CVar [[r.DOF.Gather.RingCount:4                 ; medium number of samples when gathering]]
[2022.03.02-22.33.08:380][  0]LogConfig: Setting CVar [[r.DOF.Scatter.ForegroundCompositing:1    ; additive foreground scattering]]
[2022.03.02-22.33.08:380][  0]LogConfig: Setting CVar [[r.DOF.Scatter.BackgroundCompositing:2    ; additive background scattering]]
[2022.03.02-22.33.08:380][  0]LogConfig: Setting CVar [[r.DOF.Scatter.EnableBokehSettings:1      ; bokeh simulation when scattering]]
[2022.03.02-22.33.08:380][  0]LogConfig: Setting CVar [[r.DOF.Scatter.MaxSpriteRatio:0.1         ; only a maximum of 10% of scattered bokeh]]
[2022.03.02-22.33.08:380][  0]LogConfig: Setting CVar [[r.DOF.Recombine.Quality:1                ; cheap slight out of focus]]
[2022.03.02-22.33.08:380][  0]LogConfig: Setting CVar [[r.DOF.Recombine.EnableBokehSettings:0    ; no bokeh simulation on slight out of focus]]
[2022.03.02-22.33.08:380][  0]LogConfig: Setting CVar [[r.DOF.TemporalAAQuality:1                ; more stable temporal accumulation]]
[2022.03.02-22.33.08:380][  0]LogConfig: Setting CVar [[r.DOF.Kernel.MaxForegroundRadius:0.025]]
[2022.03.02-22.33.08:380][  0]LogConfig: Setting CVar [[r.DOF.Kernel.MaxBackgroundRadius:0.025]]
[2022.03.02-22.33.08:380][  0]LogConfig: Applying CVar settings from Section [TextureQuality@3] File [C:/PROJECTS/Unreal/Endless-Runner/EndlessRunner/Saved/Config/Windows/Scalability.ini]
[2022.03.02-22.33.08:380][  0]LogConfig: Setting CVar [[r.Streaming.MipBias:0]]
[2022.03.02-22.33.08:380][  0]LogConfig: Setting CVar [[r.Streaming.AmortizeCPUToGPUCopy:0]]
[2022.03.02-22.33.08:380][  0]LogConfig: Setting CVar [[r.Streaming.MaxNumTexturesToStreamPerFrame:0]]
[2022.03.02-22.33.08:380][  0]LogConfig: Setting CVar [[r.Streaming.Boost:1]]
[2022.03.02-22.33.08:380][  0]LogConfig: Setting CVar [[r.MaxAnisotropy:8]]
[2022.03.02-22.33.08:380][  0]LogConfig: Setting CVar [[r.VT.MaxAnisotropy:8]]
[2022.03.02-22.33.08:380][  0]LogConfig: Setting CVar [[r.Streaming.LimitPoolSizeToVRAM:0]]
[2022.03.02-22.33.08:380][  0]LogConfig: Setting CVar [[r.Streaming.PoolSize:1000]]
[2022.03.02-22.33.08:380][  0]LogConfig: Setting CVar [[r.Streaming.MaxEffectiveScreenSize:0]]
[2022.03.02-22.33.08:380][  0]LogConfig: Applying CVar settings from Section [EffectsQuality@3] File [C:/PROJECTS/Unreal/Endless-Runner/EndlessRunner/Saved/Config/Windows/Scalability.ini]
[2022.03.02-22.33.08:380][  0]LogConfig: Setting CVar [[r.TranslucencyLightingVolumeDim:64]]
[2022.03.02-22.33.08:380][  0]LogConfig: Setting CVar [[r.RefractionQuality:2]]
[2022.03.02-22.33.08:380][  0]LogConfig: Setting CVar [[r.SSR.Quality:3]]
[2022.03.02-22.33.08:380][  0]LogConfig: Setting CVar [[r.SSR.HalfResSceneColor:0]]
[2022.03.02-22.33.08:380][  0]LogConfig: Setting CVar [[r.SceneColorFormat:4]]
[2022.03.02-22.33.08:380][  0]LogConfig: Setting CVar [[r.DetailMode:2]]
[2022.03.02-22.33.08:381][  0]LogConfig: Setting CVar [[r.TranslucencyVolumeBlur:1]]
[2022.03.02-22.33.08:381][  0]LogConfig: Setting CVar [[r.MaterialQualityLevel:1 ; High quality]]
[2022.03.02-22.33.08:381][  0]LogConfig: Setting CVar [[r.AnisotropicMaterials:1]]
[2022.03.02-22.33.08:381][  0]LogConfig: Setting CVar [[r.SSS.Scale:1]]
[2022.03.02-22.33.08:381][  0]LogConfig: Setting CVar [[r.SSS.SampleSet:2]]
[2022.03.02-22.33.08:381][  0]LogConfig: Setting CVar [[r.SSS.Quality:1]]
[2022.03.02-22.33.08:381][  0]LogConfig: Setting CVar [[r.SSS.HalfRes:0]]
[2022.03.02-22.33.08:381][  0]LogConfig: Setting CVar [[r.SSGI.Quality:3]]
[2022.03.02-22.33.08:381][  0]LogConfig: Setting CVar [[r.EmitterSpawnRateScale:1.0]]
[2022.03.02-22.33.08:381][  0]LogConfig: Setting CVar [[r.ParticleLightQuality:2]]
[2022.03.02-22.33.08:381][  0]LogConfig: Setting CVar [[r.SkyAtmosphere.AerialPerspectiveLUT.FastApplyOnOpaque:1 ; Always have FastSkyLUT 1 in this case to avoid wrong sky]]
[2022.03.02-22.33.08:381][  0]LogConfig: Setting CVar [[r.SkyAtmosphere.AerialPerspectiveLUT.SampleCountMaxPerSlice:4]]
[2022.03.02-22.33.08:381][  0]LogConfig: Setting CVar [[r.SkyAtmosphere.AerialPerspectiveLUT.DepthResolution:16.0]]
[2022.03.02-22.33.08:381][  0]LogConfig: Setting CVar [[r.SkyAtmosphere.FastSkyLUT:1]]
[2022.03.02-22.33.08:381][  0]LogConfig: Setting CVar [[r.SkyAtmosphere.FastSkyLUT.SampleCountMin:4.0]]
[2022.03.02-22.33.08:381][  0]LogConfig: Setting CVar [[r.SkyAtmosphere.FastSkyLUT.SampleCountMax:128.0]]
[2022.03.02-22.33.08:381][  0]LogConfig: Setting CVar [[r.SkyAtmosphere.SampleCountMin:4.0]]
[2022.03.02-22.33.08:381][  0]LogConfig: Setting CVar [[r.SkyAtmosphere.SampleCountMax:128.0]]
[2022.03.02-22.33.08:381][  0]LogConfig: Setting CVar [[r.SkyAtmosphere.TransmittanceLUT.UseSmallFormat:0]]
[2022.03.02-22.33.08:381][  0]LogConfig: Setting CVar [[r.SkyAtmosphere.TransmittanceLUT.SampleCount:10.0]]
[2022.03.02-22.33.08:381][  0]LogConfig: Setting CVar [[r.SkyAtmosphere.MultiScatteringLUT.SampleCount:15.0]]
[2022.03.02-22.33.08:381][  0]LogConfig: Setting CVar [[r.SkyLight.RealTimeReflectionCapture:1]]
[2022.03.02-22.33.08:381][  0]LogConfig: Applying CVar settings from Section [FoliageQuality@3] File [C:/PROJECTS/Unreal/Endless-Runner/EndlessRunner/Saved/Config/Windows/Scalability.ini]
[2022.03.02-22.33.08:381][  0]LogConfig: Setting CVar [[foliage.DensityScale:1.0]]
[2022.03.02-22.33.08:381][  0]LogConfig: Setting CVar [[grass.DensityScale:1.0]]
[2022.03.02-22.33.08:381][  0]LogConfig: Applying CVar settings from Section [ShadingQuality@3] File [C:/PROJECTS/Unreal/Endless-Runner/EndlessRunner/Saved/Config/Windows/Scalability.ini]
[2022.03.02-22.33.08:381][  0]LogConfig: Setting CVar [[r.HairStrands.SkyLighting.IntegrationType:2]]
[2022.03.02-22.33.08:381][  0]LogConfig: Setting CVar [[r.HairStrands.SkyAO.SampleCount:4]]
[2022.03.02-22.33.08:381][  0]LogConfig: Setting CVar [[r.HairStrands.Visibility.MSAA.SamplePerPixel:4]]
[2022.03.02-22.33.08:381][  0]LogInit: Selected Device Profile: [Windows]
[2022.03.02-22.33.08:381][  0]LogInit: Applying CVar settings loaded from the selected device profile: [Windows]
[2022.03.02-22.33.08:381][  0]LogHAL: Display: Platform has ~ 8 GB [8412778496 / 8589934592 / 8], which maps to Default [LargestMinGB=32, LargerMinGB=12, DefaultMinGB=8, SmallerMinGB=6, SmallestMinGB=0)
[2022.03.02-22.33.08:381][  0]LogInit: Going up to parent DeviceProfile []
[2022.03.02-22.33.08:381][  0]LogConfig: Applying CVar settings from Section [ViewDistanceQuality@3] File [C:/PROJECTS/Unreal/Endless-Runner/EndlessRunner/Saved/Config/Windows/Scalability.ini]
[2022.03.02-22.33.08:381][  0]LogConfig: Setting CVar [[r.SkeletalMeshLODBias:0]]
[2022.03.02-22.33.08:381][  0]LogConfig: Setting CVar [[r.ViewDistanceScale:1.0]]
[2022.03.02-22.33.08:381][  0]LogConfig: Applying CVar settings from Section [AntiAliasingQuality@3] File [C:/PROJECTS/Unreal/Endless-Runner/EndlessRunner/Saved/Config/Windows/Scalability.ini]
[2022.03.02-22.33.08:381][  0]LogConfig: Setting CVar [[r.PostProcessAAQuality:4]]
[2022.03.02-22.33.08:381][  0]LogConfig: Applying CVar settings from Section [ShadowQuality@3] File [C:/PROJECTS/Unreal/Endless-Runner/EndlessRunner/Saved/Config/Windows/Scalability.ini]
[2022.03.02-22.33.08:381][  0]LogConfig: Setting CVar [[r.LightFunctionQuality:1]]
[2022.03.02-22.33.08:381][  0]LogConfig: Setting CVar [[r.ShadowQuality:5]]
[2022.03.02-22.33.08:381][  0]LogConfig: Setting CVar [[r.Shadow.CSM.MaxCascades:10]]
[2022.03.02-22.33.08:381][  0]LogConfig: Setting CVar [[r.Shadow.MaxResolution:2048]]
[2022.03.02-22.33.08:381][  0]LogConfig: Setting CVar [[r.Shadow.MaxCSMResolution:2048]]
[2022.03.02-22.33.08:381][  0]LogConfig: Setting CVar [[r.Shadow.RadiusThreshold:0.01]]
[2022.03.02-22.33.08:381][  0]LogConfig: Setting CVar [[r.Shadow.DistanceScale:1.0]]
[2022.03.02-22.33.08:381][  0]LogConfig: Setting CVar [[r.Shadow.CSM.TransitionScale:1.0]]
[2022.03.02-22.33.08:381][  0]LogConfig: Setting CVar [[r.Shadow.PreShadowResolutionFactor:1.0]]
[2022.03.02-22.33.08:381][  0]LogConfig: Setting CVar [[r.DistanceFieldShadowing:1]]
[2022.03.02-22.33.08:382][  0]LogConfig: Setting CVar [[r.DistanceFieldAO:1]]
[2022.03.02-22.33.08:382][  0]LogConfig: Setting CVar [[r.AOQuality:2]]
[2022.03.02-22.33.08:382][  0]LogConfig: Setting CVar [[r.VolumetricFog:1]]
[2022.03.02-22.33.08:382][  0]LogConfig: Setting CVar [[r.VolumetricFog.GridPixelSize:8]]
[2022.03.02-22.33.08:382][  0]LogConfig: Setting CVar [[r.VolumetricFog.GridSizeZ:128]]
[2022.03.02-22.33.08:382][  0]LogConfig: Setting CVar [[r.VolumetricFog.HistoryMissSupersampleCount:4]]
[2022.03.02-22.33.08:382][  0]LogConfig: Setting CVar [[r.LightMaxDrawDistanceScale:1]]
[2022.03.02-22.33.08:382][  0]LogConfig: Setting CVar [[r.CapsuleShadows:1]]
[2022.03.02-22.33.08:382][  0]LogConfig: Applying CVar settings from Section [PostProcessQuality@3] File [C:/PROJECTS/Unreal/Endless-Runner/EndlessRunner/Saved/Config/Windows/Scalability.ini]
[2022.03.02-22.33.08:382][  0]LogConfig: Setting CVar [[r.MotionBlurQuality:4]]
[2022.03.02-22.33.08:382][  0]LogConfig: Setting CVar [[r.AmbientOcclusionMipLevelFactor:0.4]]
[2022.03.02-22.33.08:382][  0]LogConfig: Setting CVar [[r.AmbientOcclusionMaxQuality:100]]
[2022.03.02-22.33.08:382][  0]LogConfig: Setting CVar [[r.AmbientOcclusionLevels:-1]]
[2022.03.02-22.33.08:382][  0]LogConfig: Setting CVar [[r.AmbientOcclusionRadiusScale:1.0]]
[2022.03.02-22.33.08:382][  0]LogConfig: Setting CVar [[r.DepthOfFieldQuality:2]]
[2022.03.02-22.33.08:382][  0]LogConfig: Setting CVar [[r.RenderTargetPoolMin:400]]
[2022.03.02-22.33.08:382][  0]LogConfig: Setting CVar [[r.LensFlareQuality:2]]
[2022.03.02-22.33.08:382][  0]LogConfig: Setting CVar [[r.SceneColorFringeQuality:1]]
[2022.03.02-22.33.08:382][  0]LogConfig: Setting CVar [[r.EyeAdaptationQuality:2]]
[2022.03.02-22.33.08:382][  0]LogConfig: Setting CVar [[r.BloomQuality:5]]
[2022.03.02-22.33.08:382][  0]LogConfig: Setting CVar [[r.FastBlurThreshold:100]]
[2022.03.02-22.33.08:382][  0]LogConfig: Setting CVar [[r.Upscale.Quality:3]]
[2022.03.02-22.33.08:382][  0]LogConfig: Setting CVar [[r.Tonemapper.GrainQuantization:1]]
[2022.03.02-22.33.08:382][  0]LogConfig: Setting CVar [[r.LightShaftQuality:1]]
[2022.03.02-22.33.08:382][  0]LogConfig: Setting CVar [[r.Filter.SizeScale:1]]
[2022.03.02-22.33.08:382][  0]LogConfig: Setting CVar [[r.Tonemapper.Quality:5]]
[2022.03.02-22.33.08:382][  0]LogConfig: Setting CVar [[r.DOF.Gather.AccumulatorQuality:1        ; higher gathering accumulator quality]]
[2022.03.02-22.33.08:382][  0]LogConfig: Setting CVar [[r.DOF.Gather.PostfilterMethod:1          ; Median3x3 postfilering method]]
[2022.03.02-22.33.08:382][  0]LogConfig: Setting CVar [[r.DOF.Gather.EnableBokehSettings:0       ; no bokeh simulation when gathering]]
[2022.03.02-22.33.08:382][  0]LogConfig: Setting CVar [[r.DOF.Gather.RingCount:4                 ; medium number of samples when gathering]]
[2022.03.02-22.33.08:382][  0]LogConfig: Setting CVar [[r.DOF.Scatter.ForegroundCompositing:1    ; additive foreground scattering]]
[2022.03.02-22.33.08:382][  0]LogConfig: Setting CVar [[r.DOF.Scatter.BackgroundCompositing:2    ; additive background scattering]]
[2022.03.02-22.33.08:382][  0]LogConfig: Setting CVar [[r.DOF.Scatter.EnableBokehSettings:1      ; bokeh simulation when scattering]]
[2022.03.02-22.33.08:382][  0]LogConfig: Setting CVar [[r.DOF.Scatter.MaxSpriteRatio:0.1         ; only a maximum of 10% of scattered bokeh]]
[2022.03.02-22.33.08:382][  0]LogConfig: Setting CVar [[r.DOF.Recombine.Quality:1                ; cheap slight out of focus]]
[2022.03.02-22.33.08:382][  0]LogConfig: Setting CVar [[r.DOF.Recombine.EnableBokehSettings:0    ; no bokeh simulation on slight out of focus]]
[2022.03.02-22.33.08:382][  0]LogConfig: Setting CVar [[r.DOF.TemporalAAQuality:1                ; more stable temporal accumulation]]
[2022.03.02-22.33.08:382][  0]LogConfig: Setting CVar [[r.DOF.Kernel.MaxForegroundRadius:0.025]]
[2022.03.02-22.33.08:382][  0]LogConfig: Setting CVar [[r.DOF.Kernel.MaxBackgroundRadius:0.025]]
[2022.03.02-22.33.08:382][  0]LogConfig: Applying CVar settings from Section [TextureQuality@3] File [C:/PROJECTS/Unreal/Endless-Runner/EndlessRunner/Saved/Config/Windows/Scalability.ini]
[2022.03.02-22.33.08:382][  0]LogConfig: Setting CVar [[r.Streaming.MipBias:0]]
[2022.03.02-22.33.08:382][  0]LogConfig: Setting CVar [[r.Streaming.AmortizeCPUToGPUCopy:0]]
[2022.03.02-22.33.08:382][  0]LogConfig: Setting CVar [[r.Streaming.MaxNumTexturesToStreamPerFrame:0]]
[2022.03.02-22.33.08:382][  0]LogConfig: Setting CVar [[r.Streaming.Boost:1]]
[2022.03.02-22.33.08:382][  0]LogConfig: Setting CVar [[r.MaxAnisotropy:8]]
[2022.03.02-22.33.08:382][  0]LogConfig: Setting CVar [[r.VT.MaxAnisotropy:8]]
[2022.03.02-22.33.08:382][  0]LogConfig: Setting CVar [[r.Streaming.LimitPoolSizeToVRAM:0]]
[2022.03.02-22.33.08:382][  0]LogConfig: Setting CVar [[r.Streaming.PoolSize:1000]]
[2022.03.02-22.33.08:382][  0]LogConfig: Setting CVar [[r.Streaming.MaxEffectiveScreenSize:0]]
[2022.03.02-22.33.08:382][  0]LogConfig: Applying CVar settings from Section [EffectsQuality@3] File [C:/PROJECTS/Unreal/Endless-Runner/EndlessRunner/Saved/Config/Windows/Scalability.ini]
[2022.03.02-22.33.08:382][  0]LogConfig: Setting CVar [[r.TranslucencyLightingVolumeDim:64]]
[2022.03.02-22.33.08:382][  0]LogConfig: Setting CVar [[r.RefractionQuality:2]]
[2022.03.02-22.33.08:382][  0]LogConfig: Setting CVar [[r.SSR.Quality:3]]
[2022.03.02-22.33.08:382][  0]LogConfig: Setting CVar [[r.SSR.HalfResSceneColor:0]]
[2022.03.02-22.33.08:382][  0]LogConfig: Setting CVar [[r.SceneColorFormat:4]]
[2022.03.02-22.33.08:382][  0]LogConfig: Setting CVar [[r.DetailMode:2]]
[2022.03.02-22.33.08:382][  0]LogConfig: Setting CVar [[r.TranslucencyVolumeBlur:1]]
[2022.03.02-22.33.08:382][  0]LogConfig: Setting CVar [[r.MaterialQualityLevel:1 ; High quality]]
[2022.03.02-22.33.08:382][  0]LogConfig: Setting CVar [[r.AnisotropicMaterials:1]]
[2022.03.02-22.33.08:382][  0]LogConfig: Setting CVar [[r.SSS.Scale:1]]
[2022.03.02-22.33.08:382][  0]LogConfig: Setting CVar [[r.SSS.SampleSet:2]]
[2022.03.02-22.33.08:382][  0]LogConfig: Setting CVar [[r.SSS.Quality:1]]
[2022.03.02-22.33.08:383][  0]LogConfig: Setting CVar [[r.SSS.HalfRes:0]]
[2022.03.02-22.33.08:383][  0]LogConfig: Setting CVar [[r.SSGI.Quality:3]]
[2022.03.02-22.33.08:383][  0]LogConfig: Setting CVar [[r.EmitterSpawnRateScale:1.0]]
[2022.03.02-22.33.08:383][  0]LogConfig: Setting CVar [[r.ParticleLightQuality:2]]
[2022.03.02-22.33.08:383][  0]LogConfig: Setting CVar [[r.SkyAtmosphere.AerialPerspectiveLUT.FastApplyOnOpaque:1 ; Always have FastSkyLUT 1 in this case to avoid wrong sky]]
[2022.03.02-22.33.08:383][  0]LogConfig: Setting CVar [[r.SkyAtmosphere.AerialPerspectiveLUT.SampleCountMaxPerSlice:4]]
[2022.03.02-22.33.08:383][  0]LogConfig: Setting CVar [[r.SkyAtmosphere.AerialPerspectiveLUT.DepthResolution:16.0]]
[2022.03.02-22.33.08:383][  0]LogConfig: Setting CVar [[r.SkyAtmosphere.FastSkyLUT:1]]
[2022.03.02-22.33.08:383][  0]LogConfig: Setting CVar [[r.SkyAtmosphere.FastSkyLUT.SampleCountMin:4.0]]
[2022.03.02-22.33.08:383][  0]LogConfig: Setting CVar [[r.SkyAtmosphere.FastSkyLUT.SampleCountMax:128.0]]
[2022.03.02-22.33.08:383][  0]LogConfig: Setting CVar [[r.SkyAtmosphere.SampleCountMin:4.0]]
[2022.03.02-22.33.08:383][  0]LogConfig: Setting CVar [[r.SkyAtmosphere.SampleCountMax:128.0]]
[2022.03.02-22.33.08:383][  0]LogConfig: Setting CVar [[r.SkyAtmosphere.TransmittanceLUT.UseSmallFormat:0]]
[2022.03.02-22.33.08:383][  0]LogConfig: Setting CVar [[r.SkyAtmosphere.TransmittanceLUT.SampleCount:10.0]]
[2022.03.02-22.33.08:383][  0]LogConfig: Setting CVar [[r.SkyAtmosphere.MultiScatteringLUT.SampleCount:15.0]]
[2022.03.02-22.33.08:383][  0]LogConfig: Setting CVar [[r.SkyLight.RealTimeReflectionCapture:1]]
[2022.03.02-22.33.08:383][  0]LogConfig: Applying CVar settings from Section [FoliageQuality@3] File [C:/PROJECTS/Unreal/Endless-Runner/EndlessRunner/Saved/Config/Windows/Scalability.ini]
[2022.03.02-22.33.08:383][  0]LogConfig: Setting CVar [[foliage.DensityScale:1.0]]
[2022.03.02-22.33.08:383][  0]LogConfig: Setting CVar [[grass.DensityScale:1.0]]
[2022.03.02-22.33.08:383][  0]LogConfig: Applying CVar settings from Section [ShadingQuality@3] File [C:/PROJECTS/Unreal/Endless-Runner/EndlessRunner/Saved/Config/Windows/Scalability.ini]
[2022.03.02-22.33.08:383][  0]LogConfig: Setting CVar [[r.HairStrands.SkyLighting.IntegrationType:2]]
[2022.03.02-22.33.08:383][  0]LogConfig: Setting CVar [[r.HairStrands.SkyAO.SampleCount:4]]
[2022.03.02-22.33.08:383][  0]LogConfig: Setting CVar [[r.HairStrands.Visibility.MSAA.SamplePerPixel:4]]
[2022.03.02-22.33.08:383][  0]LogConfig: Applying CVar settings from Section [Startup] File [../../../Engine/Config/ConsoleVariables.ini]
[2022.03.02-22.33.08:383][  0]LogConfig: Setting CVar [[net.UseAdaptiveNetUpdateFrequency:0]]
[2022.03.02-22.33.08:383][  0]LogConfig: Setting CVar [[p.chaos.AllowCreatePhysxBodies:1]]
[2022.03.02-22.33.08:383][  0]LogConfig: Setting CVar [[fx.SkipVectorVMBackendOptimizations:1]]
[2022.03.02-22.33.08:383][  0]LogConfig: Applying CVar settings from Section [ConsoleVariables] File [C:/PROJECTS/Unreal/Endless-Runner/EndlessRunner/Saved/Config/Windows/Engine.ini]
[2022.03.02-22.33.08:383][  0]LogConfig: Applying CVar settings from Section [ConsoleVariables] File [C:/PROJECTS/Unreal/Endless-Runner/EndlessRunner/Saved/Config/Windows/Editor.ini]
[2022.03.02-22.33.08:384][  0]LogInit: Computer: LAPTOP-BL73FRTF
[2022.03.02-22.33.08:384][  0]LogInit: User: teodo
[2022.03.02-22.33.08:384][  0]LogInit: CPU Page size=4096, Cores=6
[2022.03.02-22.33.08:384][  0]LogInit: High frequency timer resolution =10.000000 MHz
[2022.03.02-22.33.08:384][  0]LogMemory: Memory total: Physical=7.8GB (8GB approx)
[2022.03.02-22.33.08:384][  0]LogMemory: Platform Memory Stats for Windows
[2022.03.02-22.33.08:384][  0]LogMemory: Process Physical Memory: 146.86 MB used, 146.86 MB peak
[2022.03.02-22.33.08:384][  0]LogMemory: Process Virtual Memory: 130.10 MB used, 130.10 MB peak
[2022.03.02-22.33.08:384][  0]LogMemory: Physical Memory: 6865.59 MB used,  1157.46 MB free, 8023.05 MB total
[2022.03.02-22.33.08:384][  0]LogMemory: Virtual Memory: 134211856.00 MB used,  5873.67 MB free, 134217728.00 MB total
[2022.03.02-22.33.08:392][  0]LogWindows: WindowsPlatformFeatures enabled
[2022.03.02-22.33.08:450][  0]LogInit: Physics initialised using underlying interface: PhysX
[2022.03.02-22.33.08:450][  0]LogInit: Using OS detected language (en-GB).
[2022.03.02-22.33.08:450][  0]LogInit: Using OS detected locale (en-US).
[2022.03.02-22.33.08:454][  0]LogTextLocalizationManager: No specific localization for 'en-GB' exists, so the 'en' localization will be used.
[2022.03.02-22.33.08:782][  0]LogWindowsTextInputMethodSystem: Display: IME system deactivated.
[2022.03.02-22.33.08:845][  0]LogSlate: New Slate User Created.  User Index 0, Is Virtual User: 0
[2022.03.02-22.33.08:845][  0]LogSlate: Slate User Registered.  User Index 0, Is Virtual User: 0
[2022.03.02-22.33.08:888][  0]LogD3D11RHI: Loaded GFSDK_Aftermath_Lib.x64.dll
[2022.03.02-22.33.08:892][  0]LogHMD: Failed to initialize OpenVR with code 101
[2022.03.02-22.33.08:892][  0]LogD3D11RHI: D3D11 min allowed feature level: 11_0
[2022.03.02-22.33.08:892][  0]LogD3D11RHI: D3D11 max allowed feature level: 11_0
[2022.03.02-22.33.08:892][  0]LogD3D11RHI: D3D11 adapters:
[2022.03.02-22.33.09:040][  0]LogD3D11RHI:    0. 'NVIDIA GeForce GTX 1660 Ti' (Feature Level 11_0)
[2022.03.02-22.33.09:040][  0]LogD3D11RHI:       5991/0/4011 MB DedicatedVideo/DedicatedSystem/SharedSystem, Outputs:1, VendorId:0x10de
[2022.03.02-22.33.09:091][  0]LogD3D11RHI:    1. 'Intel(R) UHD Graphics' (Feature Level 11_0)
[2022.03.02-22.33.09:092][  0]LogD3D11RHI:       128/0/4011 MB DedicatedVideo/DedicatedSystem/SharedSystem, Outputs:0, VendorId:0x8086
[2022.03.02-22.33.09:095][  0]LogD3D11RHI:    2. 'Microsoft Basic Render Driver' (Feature Level 11_0)
[2022.03.02-22.33.09:095][  0]LogD3D11RHI:       0/0/4011 MB DedicatedVideo/DedicatedSystem/SharedSystem, Outputs:0, VendorId:0x1414
[2022.03.02-22.33.09:095][  0]LogD3D11RHI: Chosen D3D11 Adapter:
[2022.03.02-22.33.09:095][  0]LogD3D11RHI:     Description : NVIDIA GeForce GTX 1660 Ti
[2022.03.02-22.33.09:095][  0]LogD3D11RHI:     VendorId    : 10de
[2022.03.02-22.33.09:095][  0]LogD3D11RHI:     DeviceId    : 2191
[2022.03.02-22.33.09:095][  0]LogD3D11RHI:     SubSysId    : 14421025
[2022.03.02-22.33.09:095][  0]LogD3D11RHI:     Revision    : 00a1
[2022.03.02-22.33.09:095][  0]LogD3D11RHI:     DedicatedVideoMemory : 6282018816 bytes
[2022.03.02-22.33.09:095][  0]LogD3D11RHI:     DedicatedSystemMemory : 0 bytes
[2022.03.02-22.33.09:095][  0]LogD3D11RHI:     SharedSystemMemory : 4206389248 bytes
[2022.03.02-22.33.09:095][  0]LogD3D11RHI:     AdapterLuid : 0 68996
[2022.03.02-22.33.09:107][  0]LogD3D11RHI: Creating new Direct3DDevice
[2022.03.02-22.33.09:107][  0]LogD3D11RHI:     GPU DeviceId: 0x2191 (for the marketing name, search the web for "GPU Device Id")
[2022.03.02-22.33.09:107][  0]LogWindows: EnumDisplayDevices:
[2022.03.02-22.33.09:107][  0]LogWindows:    0. 'Intel(R) UHD Graphics' (P:0 D:0)
[2022.03.02-22.33.09:108][  0]LogWindows:    1. 'Intel(R) UHD Graphics' (P:0 D:0)
[2022.03.02-22.33.09:108][  0]LogWindows:    2. 'Intel(R) UHD Graphics' (P:0 D:0)
[2022.03.02-22.33.09:108][  0]LogWindows:    3. 'NVIDIA GeForce GTX 1660 Ti' (P:1 D:1)
[2022.03.02-22.33.09:108][  0]LogWindows:    4. 'NVIDIA GeForce GTX 1660 Ti' (P:0 D:0)
[2022.03.02-22.33.09:109][  0]LogWindows:    5. 'NVIDIA GeForce GTX 1660 Ti' (P:0 D:0)
[2022.03.02-22.33.09:109][  0]LogWindows:    6. 'NVIDIA GeForce GTX 1660 Ti' (P:0 D:0)
[2022.03.02-22.33.09:109][  0]LogWindows: DebugString: PrimaryIsNotTheChoosenAdapter PrimaryIsNotTheChoosenAdapter PrimaryIsNotTheChoosenAdapter FoundDriverCount:4 
[2022.03.02-22.33.09:109][  0]LogD3D11RHI:     Adapter Name: NVIDIA GeForce GTX 1660 Ti
[2022.03.02-22.33.09:109][  0]LogD3D11RHI:   Driver Version: 497.09 (internal:30.0.14.9709, unified:497.09)
[2022.03.02-22.33.09:109][  0]LogD3D11RHI:      Driver Date: 11-26-2021
[2022.03.02-22.33.09:109][  0]LogRHI: Texture pool is 4193 MB (70% of 5991 MB)
[2022.03.02-22.33.09:109][  0]LogD3D11RHI: Creating D3DDevice using adapter:
[2022.03.02-22.33.09:109][  0]LogD3D11RHI:     Description : NVIDIA GeForce GTX 1660 Ti
[2022.03.02-22.33.09:109][  0]LogD3D11RHI:     VendorId    : 10de
[2022.03.02-22.33.09:109][  0]LogD3D11RHI:     DeviceId    : 2191
[2022.03.02-22.33.09:109][  0]LogD3D11RHI:     SubSysId    : 14421025
[2022.03.02-22.33.09:109][  0]LogD3D11RHI:     Revision    : 00a1
[2022.03.02-22.33.09:109][  0]LogD3D11RHI:     DedicatedVideoMemory : 6282018816 bytes
[2022.03.02-22.33.09:109][  0]LogD3D11RHI:     DedicatedSystemMemory : 0 bytes
[2022.03.02-22.33.09:109][  0]LogD3D11RHI:     SharedSystemMemory : 4206389248 bytes
[2022.03.02-22.33.09:109][  0]LogD3D11RHI:     AdapterLuid : 0 68996
[2022.03.02-22.33.09:200][  0]LogD3D11RHI: RHI has support for 64 bit atomics
[2022.03.02-22.33.09:200][  0]LogD3D11RHI: Async texture creation enabled
[2022.03.02-22.33.09:200][  0]LogD3D11RHI: Array index from any shader is supported
[2022.03.02-22.33.09:203][  0]LogD3D11RHI: HDR output is supported on display 0 (NvId: 0x80061081).
[2022.03.02-22.33.09:239][  0]LogD3D11RHI: GPU Timing Frequency: 1000.000000 (Debug: 2 1)
[2022.03.02-22.33.09:282][  0]LogRHI: GeForceNow SDK initialized: 1
[2022.03.02-22.33.09:741][  0]LogTargetPlatformManager: Display: Loaded TargetPlatform 'WindowsNoEditor'
[2022.03.02-22.33.09:749][  0]LogTargetPlatformManager: Display: Loaded TargetPlatform 'Windows'
[2022.03.02-22.33.09:757][  0]LogTargetPlatformManager: Display: Loaded TargetPlatform 'WindowsClient'
[2022.03.02-22.33.09:766][  0]LogTargetPlatformManager: Display: Loaded TargetPlatform 'WindowsServer'
[2022.03.02-22.33.09:766][  0]LogTargetPlatformManager: Display: Building Assets For Windows
[2022.03.02-22.33.09:778][  0]LogAudioDebug: Display: Lib vorbis DLL was dynamically loaded.
[2022.03.02-22.33.09:826][  0]LogTextureFormatOodle: Display: Oodle Texture 2.9.0 init RDO Off
[2022.03.02-22.33.09:879][  0]LogRendererCore: Ray tracing is disabled. Reason: r.RayTracing=0.
[2022.03.02-22.33.09:879][  0]LogShaderCompilers: Guid format shader working directory is -17 characters bigger than the processId version (../../../../../../PROJECTS/Unreal/Endless-Runner/EndlessRunner/Intermediate/Shaders/WorkingDirectory/17204/).
[2022.03.02-22.33.09:879][  0]LogShaderCompilers: Cleaned the shader compiler working directory 'C:/Users/teodo/AppData/Local/Temp/UnrealShaderWorkingDir/22C767D1497A0184B29B1189A4E316DA/'.
[2022.03.02-22.33.09:879][  0]LogXGEController: Cannot use XGE Controller as Incredibuild is not installed on this machine.
[2022.03.02-22.33.09:879][  0]LogShaderCompilers: Cannot use XGE Shader Compiler as Incredibuild is not installed on this machine.
[2022.03.02-22.33.09:879][  0]LogShaderCompilers: Display: Using Local Shader Compiler.
[2022.03.02-22.33.11:263][  0]LogDerivedDataCache: Display: Max Cache Size: 512 MB
[2022.03.02-22.33.11:414][  0]LogDerivedDataCache: Loaded boot cache 0.15s 94MB C:/Users/teodo/AppData/Local/UnrealEngine/4.27/DerivedDataCache/Boot.ddc.
[2022.03.02-22.33.11:414][  0]LogDerivedDataCache: Display: Loaded Boot cache: C:/Users/teodo/AppData/Local/UnrealEngine/4.27/DerivedDataCache/Boot.ddc
[2022.03.02-22.33.11:414][  0]LogDerivedDataCache: FDerivedDataBackendGraph:  Pak pak cache file ../../../../../../PROJECTS/Unreal/Endless-Runner/EndlessRunner/DerivedDataCache/DDC.ddp not found, will not use a pak cache.
[2022.03.02-22.33.11:414][  0]LogDerivedDataCache: Unable to find inner node Pak for hierarchical cache Hierarchy.
[2022.03.02-22.33.11:414][  0]LogDerivedDataCache: FDerivedDataBackendGraph:  CompressedPak pak cache file ../../../../../../PROJECTS/Unreal/Endless-Runner/EndlessRunner/DerivedDataCache/Compressed.ddp not found, will not use a pak cache.
[2022.03.02-22.33.11:414][  0]LogDerivedDataCache: Unable to find inner node CompressedPak for hierarchical cache Hierarchy.
[2022.03.02-22.33.11:443][  0]LogDerivedDataCache: Display: Pak cache opened for reading ../../../Engine/DerivedDataCache/Compressed.ddp.
[2022.03.02-22.33.11:443][  0]LogDerivedDataCache: FDerivedDataBackendGraph:  EnterprisePak pak cache file ../../../Enterprise/DerivedDataCache/Compressed.ddp not found, will not use a pak cache.
[2022.03.02-22.33.11:443][  0]LogDerivedDataCache: Unable to find inner node EnterprisePak for hierarchical cache Hierarchy.
[2022.03.02-22.33.11:459][  0]LogDerivedDataCache: Speed tests for C:/Users/teodo/AppData/Local/UnrealEngine/Common/DerivedDataCache took 0.02 seconds
[2022.03.02-22.33.11:459][  0]LogDerivedDataCache: Display: Performance to C:/Users/teodo/AppData/Local/UnrealEngine/Common/DerivedDataCache: Latency=0.06ms. RandomReadSpeed=139.91MBs, RandomWriteSpeed=117.63MBs. Assigned SpeedClass 'Local'
[2022.03.02-22.33.11:460][  0]LogDerivedDataCache: Using Local data cache path C:/Users/teodo/AppData/Local/UnrealEngine/Common/DerivedDataCache: Writable
[2022.03.02-22.33.11:460][  0]LogDerivedDataCache: Shared data cache path not found in *engine.ini, will not use an Shared cache.
[2022.03.02-22.33.11:460][  0]LogDerivedDataCache: Unable to find inner node Shared for hierarchical cache Hierarchy.
[2022.03.02-22.33.11:522][  0]LogSlate: Using FreeType 2.10.0
[2022.03.02-22.33.11:524][  0]LogSlate: SlateFontServices - WITH_FREETYPE: 1, WITH_HARFBUZZ: 1
[2022.03.02-22.33.11:657][  0]LogInit: Using OS detected language (en-GB).
[2022.03.02-22.33.11:657][  0]LogInit: Using OS detected locale (en-US).
[2022.03.02-22.33.11:657][  0]LogTextLocalizationManager: No localization for 'en-GB' exists, so 'en' will be used for the language.
[2022.03.02-22.33.11:657][  0]LogTextLocalizationManager: No localization for 'en-US' exists, so 'en' will be used for the locale.
[2022.03.02-22.33.11:657][  0]LogSlate: FontCache flush requested. Reason: Culture for localization was changed
[2022.03.02-22.33.11:657][  0]LogSlate: FontCache flush requested. Reason: Culture for localization was changed
[2022.03.02-22.33.11:663][  0]LogTextLocalizationManager: Compacting localization data took   0.01ms
[2022.03.02-22.33.11:663][  0]LogAssetRegistry: FAssetRegistry took 0.0024 seconds to start up
[2022.03.02-22.33.11:925][  0]LogPackageLocalizationCache: Processed 27 localized package path(s) for 1 prioritized culture(s) in 0.001371 seconds
[2022.03.02-22.33.12:025][  0]LogInit: Selected Device Profile: [Windows]
[2022.03.02-22.33.12:025][  0]LogInit: Active device profile: [000001637BFBB900][000001637558C280 49] Windows
[2022.03.02-22.33.12:025][  0]LogInit: Profiles: [000001637BFBB900][000001637558C280 49] Windows, [000001637BF78800][0000016375594400 49] WindowsNoEditor, [000001637BFB8800][0000016375598580 49] WindowsServer, [000001637BF7AE00][00000163754A6700 49] WindowsClient, [000001637BFBAD00][00000163754AA880 49] IOS, [000001637BF7B400][00000163754AEA00 49] iPadAir, [000001637BFBB300][00000163754B2B80 49] iPadAir2, [000001637BF17800][00000163754BAE40 49] IPadPro, [000001637BF17900][00000163754B6E80 49] iPadAir3, [000001637BFBAF00][00000163754BF000 49] iPadAir4, [000001637BF14D00][00000163754C3180 49] iPadMini2, [000001637BFBA700][00000163754C7300 49] iPadMini3, [000001637BF16800][00000163754CB480 49] iPadMini4, [000001637BFBA900][00000163754CF600 49] iPadMini5, [000001637BF6B100][00000163754D3840 49] iPhone6, [000001637BF6B200][0000016375591880 49] iPodTouch6, [000001637BF16000][00000163754DBAC0 49] iPhone7, [000001637BF16100][00000163754D7B00 49] iPodTouch7, [000001637BF68C00][00000163754E2100 49] iPhone5S, [000001637BF17B00][00000163754E6280 49] iPhone6Plus, [000001637BF6A900][00000163754EA400 49] iPhone6S, [000001637BF16C00][00000163754EE580 49] iPhone6SPlus, [000001637BF6AF00][00000163754F2700 49] iPhone7Plus, [000001637BF14800][00000163754F6880 49] iPhoneSE, [000001637BF6A200][00000163754FAA00 49] iPhone8, [000001637BF16900][00000163754FEB80 49] iPhone8Plus, [000001637BF6B500][0000016375502D00 49] iPhoneX, [000001637BF15A00][0000016375506E80 49] iPhoneXS, [000001637BF68800][000001637550B000 49] iPhoneXSMax, [000001637BF17000][000001637550F180 49] iPhoneXR, [000001637BF6AA00][0000016375513300 49] iPhone11, [000001637BF14900][0000016375517480 49] iPhone11Pro, [000001637BF68200][0000016375D9B600 49] iPhone11ProMax, [000001637BF15D00][0000016375D9F780 49] iPhoneSE2, [000001637BF6A600][00000163754DF8C0 49] iPhone12Mini, [000001637BF17F00][0000016375DA3A00 49] iPhone12, [000001637BF68F00][0000016375DA7B40 49] iPhone12Pro, [000001637BF15100][0000016375DAA100 49] iPhone12ProMax, [000001637BF68D00][0000016375DB2280 49] iPadPro105, [000001637BF14C00][0000016375DB6400 49] iPadPro129, [000001637BF6AC00][0000016375DBA580 49] iPadPro97, [000001637BF16200][0000016375DBE700 49] iPadPro2_129, [000001637BF69000][0000016375DC2880 49] iPad5, [000001637BF15C00][0000016375DC6A00 49] iPad6, [000001637BF6AB00][0000016375DCAB80 49] iPad7, [000001637BF14500][0000016375DCED00 49] iPad8, [000001637BF6B600][0000016375DD2E80 49] iPadPro11, [000001637BF14700][0000016375DD7000 49] iPadPro2_11, [000001637BF69A00][0000016375DDB180 49] iPadPro3_129, [000001637BF17A00][0000016375DDF300 49] iPadPro4_129, [000001637BF69700][0000016375DE3480 49] AppleTV, [000001637BF15E00][0000016375DE7600 49] AppleTV4K, [000001637BF69800][0000016375DEB780 49] TVOS, [000001637BF15900][0000016375DEF900 49] Mac, [000001637BF68600][0000016375DF3A80 49] MacClient, [000001637BF15000][0000016375DAFBC0 49] MacNoEditor, [000001637BF78D00][0000016375DF6180 49] MacServer, [000001637BFED200][0000016375DFA2C0 49] Linux, [000001637BF78C00][0000016375E02440 49] LinuxAArch64, [000001637BFEDC00][0000016375E065C0 49] LinuxNoEditor, [000001637BF7A000][0000016375E0A740 49] LinuxAArch64NoEditor, [000001637BFED800][0000016375E0E8C0 49] LinuxClient, [000001637BF79700][0000016375E12A40 49] LinuxAArch64Client, [000001637BFEDB00][0000016375E16BC0 49] LinuxServer, [000001637BF7A800][0000016375E1AD40 49] LinuxAArch64Server, [000001637BFED500][0000016375E1EEC0 49] Android, [000001637BF7AA00][0000016375E23040 49] Android_Low, [000001637BFEDE00][0000016375E271C0 49] Android_Mid, [000001637BF7BB00][0000016375E2B340 49] Android_High, [000001637BFECE00][0000016375E2F4C0 49] Android_Default, [000001637BF78400][0000016375E33640 49] Android_Adreno4xx, [000001637BFEDA00][0000016375E377C0 49] Android_Adreno5xx_Low, [000001637BF7B000][0000016375E3B940 49] Android_Adreno5xx, [000001637BFEE000][000001637504DAC0 49] Android_Adreno6xx, [000001637BF7B600][00000163750500C0 49] Android_Adreno6xx_Vulkan, [000001637BFEF000][0000016375DFE200 49] Android_Mali_T6xx, [000001637BF78500][0000016375054340 49] Android_Mali_T7xx, [000001637BFEDF00][0000016375058480 49] Android_Mali_T8xx, [000001637BF7AD00][000001637505C5C0 49] Android_Mali_G71, [000001637BFEED00][0000016375064740 49] Android_Mali_G72, [000001637BF15200][00000163750688C0 49] Android_Mali_G72_Vulkan, [000001637BFEE100][000001637506CA40 49] Android_Mali_G76, [000001637BF16700][0000016370208BC0 49] Android_Mali_G76_Vulkan, [000001637BFEE800][000001637020CD40 49] Android_Mali_G77, [000001637BF14E00][0000016370210EC0 49] Android_Mali_G77_Vulkan, [000001637BFECD00][0000016370215040 49] Android_Mali_G78, [000001637BF17E00][00000163702191C0 49] Android_Mali_G78_Vulkan, [000001637BFEE300][000001637021D340 49] Android_Mali_G710, [000001637BF17500][00000163702214C0 49] Android_Mali_G710_Vulkan, [000001637BFEE900][0000016370225640 49] Android_Vulkan_SM5, [000001637BF14100][00000163702297C0 49] Android_PowerVR_G6xxx, [000001637BFED700][000001637022D940 49] Android_PowerVR_GT7xxx, [000001637BF14F00][0000016370231AC0 49] Android_PowerVR_GE8xxx, [000001637BFEC500][000001635FBB20C0 49] Android_PowerVR_GM9xxx, [000001637BF17400][000001635FBB6240 49] Android_PowerVR_GM9xxx_Vulkan, [000001637BFEE500][0000016375060380 49] Android_TegraK1, [000001637BF15300][000001635FBBA4C0 49] Android_Unknown_Vulkan, [000001637BFEC300][000001635FBBE600 49] Lumin, [000001637BF17700][000001635FBC2740 49] Lumin_Desktop, [000001637BFED100][000001635FBCA8C0 49] HoloLens, 
[2022.03.02-22.33.12:107][  0]LogMeshReduction: Using QuadricMeshReduction for automatic static mesh reduction
[2022.03.02-22.33.12:107][  0]LogMeshReduction: Using SimplygonMeshReduction for automatic skeletal mesh reduction
[2022.03.02-22.33.12:107][  0]LogMeshReduction: Using ProxyLODMeshReduction for automatic mesh merging
[2022.03.02-22.33.12:107][  0]LogMeshReduction: No distributed automatic mesh merging module available
[2022.03.02-22.33.12:107][  0]LogMeshMerging: No distributed automatic mesh merging module available
[2022.03.02-22.33.12:295][  0]LogNetVersion: EndlessRunner 1.0.0, NetCL: 17155196, EngineNetVer: 17, GameNetVer: 0 (Checksum: 1331125288)
[2022.03.02-22.33.12:743][  0]LogTexture: Default maximum texture size for cubemaps generated from long-lat sources has been changed from 512 to unlimited. In order to preserve old behaiour for '/Engine/MapTemplates/Sky/DaylightAmbientCubemap.DaylightAmbientCubemap', its maximum texture size has been explicitly set to 512.
[2022.03.02-22.33.12:854][  0]LogHMD: PokeAHoleMaterial loaded successfully
[2022.03.02-22.33.13:069][  0]LogMoviePlayer: Initializing movie player
[2022.03.02-22.33.13:261][  0]LogNiagaraDebuggerClient: Niagara Debugger Client Initialized | Session: 1FF5599B4C72405CA31378AA3CFCDD9C | Instance: FD2FE9904138E85B6995939DAA777A56 (LAPTOP-BL73FRTF-17204).
[2022.03.02-22.33.13:300][  0]LogCollectionManager: Loaded 0 collections in 0.002325 seconds
[2022.03.02-22.33.13:303][  0]LogFileCache: Scanning file cache for directory 'C:/PROJECTS/Unreal/Endless-Runner/EndlessRunner/Saved/Collections/' took 0.00s
[2022.03.02-22.33.13:304][  0]LogFileCache: Scanning file cache for directory 'C:/PROJECTS/Unreal/Endless-Runner/EndlessRunner/Content/Developers/teodo/Collections/' took 0.00s
[2022.03.02-22.33.13:304][  0]LogFileCache: Scanning file cache for directory 'C:/PROJECTS/Unreal/Endless-Runner/EndlessRunner/Content/Collections/' took 0.00s
[2022.03.02-22.33.13:304][  0]LogCollectionManager: Fixed up redirectors for 0 collections in 0.000002 seconds (updated 0 objects)
[2022.03.02-22.33.13:334][  0]LogPython: Using Python 3.7.7
[2022.03.02-22.33.14:257][  0]LogUdpMessaging: Initializing bridge on interface 0.0.0.0:0 to multicast group 230.0.0.1:6666.
[2022.03.02-22.33.14:268][  0]LogTcpMessaging: Initializing TcpMessaging bridge
[2022.03.02-22.33.14:424][  0]SourceControl: Source control is disabled
[2022.03.02-22.33.14:424][  0]SourceControl: Source control is disabled
[2022.03.02-22.33.14:430][  0]SourceControl: Source control is disabled
[2022.03.02-22.33.14:441][  0]LogUProjectInfo: Found projects:
[2022.03.02-22.33.14:583][  0]LogOpenImageDenoise: OIDN starting up
[2022.03.02-22.33.14:652][  0]LogAndroidPermission: UAndroidPermissionCallbackProxy::GetInstance
[2022.03.02-22.33.14:689][  0]LogAudioCaptureCore: Display: No Audio Capture implementations found. Audio input will be silent.
[2022.03.02-22.33.14:689][  0]LogAudioCaptureCore: Display: No Audio Capture implementations found. Audio input will be silent.
[2022.03.02-22.33.14:816][  0]LogOcInput: OculusInput pre-init called
[2022.03.02-22.33.14:828][  0]LogUObjectArray: 22121 objects as part of root set at end of initial load.
[2022.03.02-22.33.14:828][  0]LogUObjectAllocator: 5975632 out of 0 bytes used by permanent object pool.
[2022.03.02-22.33.14:828][  0]LogUObjectArray: CloseDisregardForGC: 0/0 objects in disregard for GC pool
[2022.03.02-22.33.14:906][  0]LogEngine: Initializing Engine...
[2022.03.02-22.33.14:983][  0]LogHMD: Optional extension XR_VARJO_quad_views is not available
[2022.03.02-22.33.14:983][  0]LogHMD: Warning: Required extension XR_EXT_eye_gaze_interaction is not available
[2022.03.02-22.33.14:983][  0]LogHMD: Could not enable all required OpenXR extensions for OpenXREyeTracker on current system. This plugin will be loaded but ignored, but will be enabled on a target platform that supports the required extension.
[2022.03.02-22.33.15:486][  0]LogHMD: Failed to get an OpenXR system, result is XR_ERROR_FORM_FACTOR_UNAVAILABLE. Please check that your runtime supports VR headsets.
[2022.03.02-22.33.15:486][  0]LogHMD: Failed to initialize OpenVR with code 101
[2022.03.02-22.33.15:486][  0]LogMagicLeap: Warning: VR disabled because ZI is not enabled.  To enable, in the editor, Edit -> Project Settings -> Plugins -> Magic Leap Plugin -> Enable Zero Iteration
[2022.03.02-22.33.15:488][  0]LogStats: UGameplayTagsManager::InitializeManager -  0.000 s
[2022.03.02-22.33.15:678][  0]LogInit: Initializing FReadOnlyCVARCache
[2022.03.02-22.33.15:678][  0]LogAudio: Display: Initializing Audio Device Manager...
[2022.03.02-22.33.15:687][  0]LogAudio: Display: Loading Default Audio Settings Objects...
[2022.03.02-22.33.15:689][  0]LogAudio: Display: No default SoundConcurrencyObject specified (or failed to load).
[2022.03.02-22.33.15:690][  0]LogAudio: Display: Audio Device Manager Initialized
[2022.03.02-22.33.15:690][  0]LogAudio: Display: Creating Audio Device:                 Id: 1, Scope: Shared, Realtime: True
[2022.03.02-22.33.15:691][  0]LogAudioMixer: Display: Audio Mixer Platform Settings:
[2022.03.02-22.33.15:691][  0]LogAudioMixer: Display: 	Sample Rate:						  48000
[2022.03.02-22.33.15:691][  0]LogAudioMixer: Display: 	Callback Buffer Frame Size Requested: 1024
[2022.03.02-22.33.15:691][  0]LogAudioMixer: Display: 	Callback Buffer Frame Size To Use:	  1024
[2022.03.02-22.33.15:691][  0]LogAudioMixer: Display: 	Number of buffers to queue:			  2
[2022.03.02-22.33.15:691][  0]LogAudioMixer: Display: 	Max Channels (voices):				  32
[2022.03.02-22.33.15:691][  0]LogAudioMixer: Display: 	Number of Async Source Workers:		  0
[2022.03.02-22.33.15:691][  0]LogAudio: Display: AudioDevice MaxSources: 32
[2022.03.02-22.33.15:692][  0]LogAudio: Display: Audio Spatialization Plugin: None (built-in).
[2022.03.02-22.33.15:692][  0]LogAudio: Display: Audio Reverb Plugin: None (built-in).
[2022.03.02-22.33.15:692][  0]LogAudio: Display: Audio Occlusion Plugin: None (built-in).
[2022.03.02-22.33.15:692][  0]LogAudioMixer: Display: Initializing audio mixer.
[2022.03.02-22.33.15:729][  0]LogAudioMixer: Display: 0: FrontLeft
[2022.03.02-22.33.15:729][  0]LogAudioMixer: Display: 1: FrontRight
[2022.03.02-22.33.15:929][  0]LogAudioMixer: Display: Using Audio Device Speakers (Realtek(R) Audio)
[2022.03.02-22.33.15:937][  0]LogAudioMixer: Display: Initializing Sound Submixes...
[2022.03.02-22.33.15:941][  0]LogAudioMixer: Display: Creating Master Submix 'MasterSubmixDefault'
[2022.03.02-22.33.15:941][  0]LogAudioMixer: Display: Creating Master Submix 'MasterReverbSubmixDefault'
[2022.03.02-22.33.15:943][  0]LogAudioMixer: Display: Creating Master Submix 'MasterEQSubmixDefault'
[2022.03.02-22.33.15:943][  0]LogAudioMixer: FMixerPlatformXAudio2::StartAudioStream() called
[2022.03.02-22.33.15:943][  0]LogAudioMixer: Display: Output buffers initialized: Frames=1024, Channels=2, Samples=2048
[2022.03.02-22.33.15:945][  0]LogAudioMixer: Display: Starting AudioMixerPlatformInterface::RunInternal()
[2022.03.02-22.33.15:945][  0]LogAudioMixer: Display: FMixerPlatformXAudio2::SubmitBuffer() called for the first time
[2022.03.02-22.33.15:945][  0]LogInit: FAudioDevice initialized.
[2022.03.02-22.33.15:948][  0]LogNetVersion: Set ProjectVersion to 1.0.0.0. Version Checksum will be recalculated on next use.
[2022.03.02-22.33.15:952][  0]LogInit: Texture streaming: Enabled
[2022.03.02-22.33.16:099][  0]LogAudio: Display: Audio Device (ID: 1) registered with world 'Untitled'.
[2022.03.02-22.33.16:100][  0]LogSlate: Updating window title bar state: overlay mode, drag disabled, window buttons hidden, title bar hidden
[2022.03.02-22.33.16:101][  0]LogInit: Display: Game Engine Initialized.
[2022.03.02-22.33.16:101][  0]LogNiagaraEditor: GEditor isn't valid! Particle reset commands will not work for Niagara components!
[2022.03.02-22.33.16:293][  0]LogInit: Display: Starting Game.
[2022.03.02-22.33.16:294][  0]LogNet: Browse: /Game/--NEW--/Maps/ThirdPersonExampleMap?Name=Player
[2022.03.02-22.33.16:295][  0]LogLoad: LoadMap: /Game/--NEW--/Maps/ThirdPersonExampleMap?Name=Player
[2022.03.02-22.33.16:295][  0]LogWorld: BeginTearingDown for /Temp/Untitled_0
[2022.03.02-22.33.16:302][  0]LogWorld: UWorld::CleanupWorld for Untitled, bSessionEnded=true, bCleanupResources=true
[2022.03.02-22.33.16:302][  0]LogSlate: InvalidateAllWidgets triggered.  All widgets were invalidated
[2022.03.02-22.33.16:309][  0]LogAudio: Display: Audio Device unregistered from world 'None'.
[2022.03.02-22.33.16:315][  0]LogUObjectHash: Compacting FUObjectHashTables data took   1.87ms
[2022.03.02-22.33.17:180][  0]LogAudio: Display: Audio Device (ID: 1) registered with world 'ThirdPersonExampleMap'.
[2022.03.02-22.33.17:196][  0]LogAIModule: Creating AISystem for world ThirdPersonExampleMap
[2022.03.02-22.33.17:200][  0]LogLoad: Game class is 'ThirdPersonGameMode_C'
[2022.03.02-22.33.17:513][  0]LogWorld: Bringing World /Game/--NEW--/Maps/ThirdPersonExampleMap.ThirdPersonExampleMap up for play (max tick rate 0) at 2022.03.02-22.33.17
[2022.03.02-22.33.17:516][  0]LogWorld: Bringing up level for play took: 0.313856
[2022.03.02-22.33.17:519][  0]LogGameMode: FindPlayerStart: PATHS NOT DEFINED or NO PLAYERSTART with positive rating
[2022.03.02-22.33.17:544][  0]LogLoad: Took 1.248457 seconds to LoadMap(/Game/--NEW--/Maps/ThirdPersonExampleMap)
[2022.03.02-22.33.17:670][  0]LogSlate: Took 0.000933 seconds to synchronously load lazily loaded font '../../../Engine/Content/Slate/Fonts/Roboto-Regular.ttf' (155K)
[2022.03.02-22.33.17:740][  0]LogRenderer: Reallocating scene render targets to support 1280x720 Format 10 NumSamples 1 (Frame:1).
[2022.03.02-22.33.17:740][  0]LogInit: Display: Engine is initialized. Leaving FEngineLoop::Init()
[2022.03.02-22.33.17:740][  0]LogLoad: (Engine Initialization) Total time: 11.57 seconds
[2022.03.02-22.33.17:740][  0]LogLoad: (Engine Initialization) Total Blueprint compile time: 0.00 seconds
[2022.03.02-22.33.17:812][  0]LogContentStreaming: Texture pool size now 1000 MB
[2022.03.02-22.33.17:823][  0]LogSlate: InvalidateAllWidgets triggered.  All widgets were invalidated
[2022.03.02-22.33.17:837][  0]LogRenderer: Reallocating scene render targets to support 128x128 Format 10 NumSamples 1 (Frame:1).
[2022.03.02-22.33.17:887][  0]LogRenderer: Reallocating scene render targets to support 1280x720 Format 10 NumSamples 1 (Frame:2).
[2022.03.02-22.33.17:922][  1]LogSlate: Took 0.000198 seconds to synchronously load lazily loaded font '../../../Engine/Content/Slate/Fonts/Roboto-Regular.ttf' (155K)
[2022.03.02-22.33.22:141][247]LogSlate: Window 'EndlessRunner (64-bit Development PCD3D_SM5) ' being destroyed
[2022.03.02-22.33.22:144][247]LogWindowsTextInputMethodSystem: Display: IME system deactivated.
[2022.03.02-22.33.22:153][247]LogSlate: Updating window title bar state: overlay mode, drag disabled, window buttons hidden, title bar hidden
[2022.03.02-22.33.22:153][247]LogEngine: All Windows Closed
[2022.03.02-22.33.22:153][247]LogWindows: FPlatformMisc::RequestExit(0)
[2022.03.02-22.33.22:153][247]LogWindows: FPlatformMisc::RequestExitWithStatus(0, 0)
[2022.03.02-22.33.22:153][247]LogCore: Engine exit requested (reason: Win RequestExit)
[2022.03.02-22.33.22:154][248]LogCore: Engine exit requested (reason: EngineExit() was called; note: exit was already requested)
[2022.03.02-22.33.22:154][248]LogInit: Display: PreExit Game.
[2022.03.02-22.33.22:180][248]LogWorld: BeginTearingDown for /Game/--NEW--/Maps/ThirdPersonExampleMap
[2022.03.02-22.33.22:187][248]LogWorld: UWorld::CleanupWorld for ThirdPersonExampleMap, bSessionEnded=true, bCleanupResources=true
[2022.03.02-22.33.22:213][248]LogSlate: InvalidateAllWidgets triggered.  All widgets were invalidated
[2022.03.02-22.33.22:494][248]LogAudio: Display: Beginning Audio Device Manager Shutdown (Module: AudioMixerXAudio2)...
[2022.03.02-22.33.22:494][248]LogAudio: Display: Destroying 1 Remaining Audio Device(s)...
[2022.03.02-22.33.22:494][248]LogAudio: Display: Audio Device unregistered from world 'ThirdPersonExampleMap'.
[2022.03.02-22.33.22:499][248]LogAudioMixer: FMixerPlatformXAudio2::StopAudioStream() called
[2022.03.02-22.33.22:500][248]LogAudioMixer: FMixerPlatformXAudio2::StopAudioStream() called
[2022.03.02-22.33.22:512][248]LogAudio: Display: Audio Device Manager Shutdown
[2022.03.02-22.33.22:519][248]LogExit: Preparing to exit.
[2022.03.02-22.33.23:278][248]LogSlate: Updating window title bar state: overlay mode, drag disabled, window buttons hidden, title bar hidden
[2022.03.02-22.33.23:288][248]LogUObjectHash: Compacting FUObjectHashTables data took   2.05ms
[2022.03.02-22.33.23:328][248]LogMoviePlayer: Shutting down movie player
[2022.03.02-22.33.23:511][248]LogDemo: Cleaned up 0 splitscreen connections with owner deletion
[2022.03.02-22.33.23:541][248]LogExit: Game engine shut down
[2022.03.02-22.33.23:692][248]LogExit: Object subsystem successfully closed.
[2022.03.02-22.33.23:710][248]LogShaderCompilers: Display: === FShaderJobCache stats ===
[2022.03.02-22.33.23:710][248]LogShaderCompilers: Display: Total job queries 0, among them cache hits 0 (0.00%)
[2022.03.02-22.33.23:710][248]LogShaderCompilers: Display: Tracking 0 distinct input hashes that result in 0 distinct outputs (0.00%)
[2022.03.02-22.33.23:711][248]LogShaderCompilers: Display: RAM used: 0.00 MB (0.00 GB) of 409.60 MB (0.40 GB) budget. Usage: 0.00%
[2022.03.02-22.33.23:711][248]LogShaderCompilers: Display: ================================================
[2022.03.02-22.33.23:731][248]LogShaderCompilers: Display: Shaders left to compile 0
[2022.03.02-22.33.23:789][248]LogModuleManager: Shutting down and abandoning module SequenceRecorderSections (560)
[2022.03.02-22.33.23:789][248]LogModuleManager: Shutting down and abandoning module SequenceRecorder (558)
[2022.03.02-22.33.23:790][248]LogModuleManager: Shutting down and abandoning module AutomationController (556)
[2022.03.02-22.33.23:791][248]LogModuleManager: Shutting down and abandoning module AutomationWorker (554)
[2022.03.02-22.33.23:791][248]LogModuleManager: Shutting down and abandoning module Voice (552)
[2022.03.02-22.33.23:791][248]LogModuleManager: Shutting down and abandoning module AIModule (550)
[2022.03.02-22.33.23:792][248]LogModuleManager: Shutting down and abandoning module GameplayDebugger (549)
[2022.03.02-22.33.23:792][248]LogModuleManager: Shutting down and abandoning module AITestSuite (547)
[2022.03.02-22.33.23:792][248]LogModuleManager: Shutting down and abandoning module NavigationSystem (545)
[2022.03.02-22.33.23:792][248]LogModuleManager: Shutting down and abandoning module AnimGraph (542)
[2022.03.02-22.33.23:792][248]LogModuleManager: Shutting down and abandoning module SteamVREditor (540)
[2022.03.02-22.33.23:792][248]LogModuleManager: Shutting down and abandoning module ToolMenus (539)
[2022.03.02-22.33.23:793][248]LogModuleManager: Shutting down and abandoning module OculusMR (536)
[2022.03.02-22.33.23:793][248]LogModuleManager: Shutting down and abandoning module TakeRecorderSources (534)
[2022.03.02-22.33.23:794][248]LogModuleManager: Shutting down and abandoning module TakeRecorder (533)
[2022.03.02-22.33.23:794][248]LogModuleManager: Shutting down and abandoning module TakeTrackRecorders (530)
[2022.03.02-22.33.23:795][248]LogModuleManager: Shutting down and abandoning module TakesCore (528)
[2022.03.02-22.33.23:795][248]LogModuleManager: Shutting down and abandoning module OpenXRInput (526)
[2022.03.02-22.33.23:795][248]LogModuleManager: Shutting down and abandoning module WmfMediaFactory (524)
[2022.03.02-22.33.23:795][248]LogModuleManager: Shutting down and abandoning module WebMMediaFactory (522)
[2022.03.02-22.33.23:795][248]LogModuleManager: Shutting down and abandoning module WebMMedia (520)
[2022.03.02-22.33.23:796][248]LogModuleManager: Shutting down and abandoning module OpenExrWrapper (518)
[2022.03.02-22.33.23:796][248]LogModuleManager: Shutting down and abandoning module ImgMediaFactory (516)
[2022.03.02-22.33.23:796][248]LogModuleManager: Shutting down and abandoning module AvfMediaFactory (514)
[2022.03.02-22.33.23:796][248]LogModuleManager: Shutting down and abandoning module MagicLeapMediaCodecFactory (512)
[2022.03.02-22.33.23:796][248]LogModuleManager: Shutting down and abandoning module MagicLeapMediaFactory (510)
[2022.03.02-22.33.23:796][248]LogModuleManager: Shutting down and abandoning module PlanarCut (508)
[2022.03.02-22.33.23:796][248]LogModuleManager: Shutting down and abandoning module CharacterAI (506)
[2022.03.02-22.33.23:796][248]LogModuleManager: Shutting down and abandoning module SessionServices (504)
[2022.03.02-22.33.23:796][248]LogModuleManager: Shutting down and abandoning module MovieSceneCapture (502)
[2022.03.02-22.33.23:796][248]LogModuleManager: Shutting down and abandoning module LiveCoding (500)
[2022.03.02-22.33.23:797][248]LogModuleManager: Shutting down and abandoning module LevelSequence (498)
[2022.03.02-22.33.23:797][248]LogModuleManager: Shutting down and abandoning module MovieSceneTracks (496)
[2022.03.02-22.33.23:797][248]LogModuleManager: Shutting down and abandoning module MovieScene (494)
[2022.03.02-22.33.23:798][248]LogModuleManager: Shutting down and abandoning module StreamingPauseRendering (492)
[2022.03.02-22.33.23:798][248]LogModuleManager: Shutting down and abandoning module PortalServices (490)
[2022.03.02-22.33.23:798][248]LogModuleManager: Shutting down and abandoning module PortalRpc (488)
[2022.03.02-22.33.23:798][248]LogModuleManager: Shutting down and abandoning module MessagingRpc (486)
[2022.03.02-22.33.23:798][248]LogModuleManager: Shutting down and abandoning module AudioMixerXAudio2 (484)
[2022.03.02-22.33.23:798][248]LogModuleManager: Shutting down and abandoning module AudioMixerCore (483)
[2022.03.02-22.33.23:798][248]LogModuleManager: Shutting down and abandoning module ImageWriteQueue (480)
[2022.03.02-22.33.23:804][248]LogModuleManager: Shutting down and abandoning module ProfilerService (478)
[2022.03.02-22.33.23:863][248]LogModuleManager: Shutting down and abandoning module TaskGraph (476)
[2022.03.02-22.33.23:864][248]LogModuleManager: Shutting down and abandoning module OculusInput (474)
[2022.03.02-22.33.23:864][248]LogModuleManager: Shutting down and abandoning module OodleNetworkHandlerComponent (472)
[2022.03.02-22.33.23:864][248]LogModuleManager: Shutting down and abandoning module TakeMovieScene (470)
[2022.03.02-22.33.23:864][248]LogModuleManager: Shutting down and abandoning module Synthesis (468)
[2022.03.02-22.33.23:864][248]LogModuleManager: Shutting down and abandoning module ProceduralMeshComponent (466)
[2022.03.02-22.33.23:864][248]LogModuleManager: Shutting down and abandoning module MobilePatchingUtils (464)
[2022.03.02-22.33.23:864][248]LogModuleManager: Shutting down and abandoning module GooglePAD (462)
[2022.03.02-22.33.23:865][248]LogModuleManager: Shutting down and abandoning module EditableMesh (460)
[2022.03.02-22.33.23:865][248]LogModuleManager: Shutting down and abandoning module CustomMeshComponent (458)
[2022.03.02-22.33.23:865][248]LogModuleManager: Shutting down and abandoning module CableComponent (456)
[2022.03.02-22.33.23:865][248]LogModuleManager: Shutting down and abandoning module AudioCapture (454)
[2022.03.02-22.33.23:865][248]LogModuleManager: Shutting down and abandoning module AudioCaptureRtAudio (453)
[2022.03.02-22.33.23:865][248]LogModuleManager: Shutting down and abandoning module AssetTags (450)
[2022.03.02-22.33.23:865][248]LogModuleManager: Shutting down and abandoning module ArchVisCharacter (448)
[2022.03.02-22.33.23:865][248]LogModuleManager: Shutting down and abandoning module AppleImageUtilsBlueprintSupport (446)
[2022.03.02-22.33.23:865][248]LogModuleManager: Shutting down and abandoning module AppleImageUtils (444)
[2022.03.02-22.33.23:865][248]LogModuleManager: Shutting down and abandoning module AndroidPermission (442)
[2022.03.02-22.33.23:865][248]LogModuleManager: Shutting down and abandoning module ActorLayerUtilities (440)
[2022.03.02-22.33.23:865][248]LogModuleManager: Shutting down and abandoning module MotoSynth (438)
[2022.03.02-22.33.23:865][248]LogModuleManager: Shutting down and abandoning module TemplateSequence (436)
[2022.03.02-22.33.23:866][248]LogModuleManager: Shutting down and abandoning module MediaCompositing (434)
[2022.03.02-22.33.23:866][248]LogModuleManager: Shutting down and abandoning module ImgMedia (432)
[2022.03.02-22.33.23:866][248]LogModuleManager: Shutting down and abandoning module MagicLeapSharedWorld (430)
[2022.03.02-22.33.23:866][248]LogModuleManager: Shutting down and abandoning module MagicLeapLightEstimation (428)
[2022.03.02-22.33.23:866][248]LogModuleManager: Shutting down and abandoning module MagicLeapHelperVulkan (426)
[2022.03.02-22.33.23:866][248]LogModuleManager: Shutting down and abandoning module MagicLeapHelperOpenGL (424)
[2022.03.02-22.33.23:866][248]LogModuleManager: Shutting down and abandoning module MagicLeapAudio (422)
[2022.03.02-22.33.23:866][248]LogModuleManager: Shutting down and abandoning module OpenImageDenoise (420)
[2022.03.02-22.33.23:866][248]LogOpenImageDenoise: OIDN shutting down
[2022.03.02-22.33.23:866][248]LogModuleManager: Shutting down and abandoning module GeometryCollectionTracks (418)
[2022.03.02-22.33.23:866][248]LogModuleManager: Shutting down and abandoning module GeometryCollectionSequencer (417)
[2022.03.02-22.33.23:866][248]LogModuleManager: Shutting down and abandoning module MeshConversion (414)
[2022.03.02-22.33.23:867][248]LogModuleManager: Shutting down and abandoning module DynamicMesh (412)
[2022.03.02-22.33.23:867][248]LogModuleManager: Shutting down and abandoning module GeometryAlgorithms (410)
[2022.03.02-22.33.23:868][248]LogModuleManager: Shutting down and abandoning module GeometricObjects (408)
[2022.03.02-22.33.23:868][248]LogModuleManager: Shutting down and abandoning module GeometryCacheTracks (406)
[2022.03.02-22.33.23:868][248]LogModuleManager: Shutting down and abandoning module GeometryCacheSequencer (405)
[2022.03.02-22.33.23:868][248]LogModuleManager: Shutting down and abandoning module GeometryCache (402)
[2022.03.02-22.33.23:868][248]LogModuleManager: Shutting down and abandoning module GeometryCacheEd (401)
[2022.03.02-22.33.23:868][248]LogModuleManager: Shutting down and abandoning module ChaosNiagara (398)
[2022.03.02-22.33.23:869][248]LogModuleManager: Shutting down and abandoning module FieldSystemEngine (397)
[2022.03.02-22.33.23:869][248]LogModuleManager: Shutting down and abandoning module BackChannel (394)
[2022.03.02-22.33.23:869][248]LogModuleManager: Shutting down and abandoning module AutomationUtils (392)
[2022.03.02-22.33.23:869][248]LogModuleManager: Shutting down and abandoning module VisualStudioSourceCodeAccess (390)
[2022.03.02-22.33.23:869][248]LogModuleManager: Shutting down and abandoning module HotReload (389)
[2022.03.02-22.33.23:869][248]LogModuleManager: Shutting down and abandoning module VisualStudioCodeSourceCodeAccess (386)
[2022.03.02-22.33.23:869][248]LogModuleManager: Shutting down and abandoning module UObjectPlugin (384)
[2022.03.02-22.33.23:869][248]LogModuleManager: Shutting down and abandoning module SubversionSourceControl (382)
[2022.03.02-22.33.23:871][248]LogModuleManager: Shutting down and abandoning module PerforceSourceControl (380)
[2022.03.02-22.33.23:872][248]LogModuleManager: Shutting down and abandoning module SourceControl (379)
[2022.03.02-22.33.23:872][248]LogModuleManager: Shutting down and abandoning module CLionSourceCodeAccess (376)
[2022.03.02-22.33.23:872][248]LogModuleManager: Shutting down and abandoning module LiveLinkSequencer (374)
[2022.03.02-22.33.23:873][248]LogModuleManager: Shutting down and abandoning module LiveLinkMovieScene (372)
[2022.03.02-22.33.23:873][248]LogModuleManager: Shutting down and abandoning module LiveLinkGraphNode (370)
[2022.03.02-22.33.23:873][248]LogModuleManager: Shutting down and abandoning module LiveLinkComponents (368)
[2022.03.02-22.33.23:873][248]LogModuleManager: Shutting down and abandoning module LiveLink (366)
[2022.03.02-22.33.24:343][248]LogModuleManager: Shutting down and abandoning module SoundFields (364)
[2022.03.02-22.33.24:343][248]LogModuleManager: Shutting down and abandoning module SignificanceManager (362)
[2022.03.02-22.33.24:343][248]LogModuleManager: Shutting down and abandoning module RuntimePhysXCooking (360)
[2022.03.02-22.33.24:343][248]LogModuleManager: Shutting down and abandoning module PropertyAccessEditor (358)
[2022.03.02-22.33.24:343][248]LogModuleManager: Shutting down and abandoning module PhysXVehiclesEditor (356)
[2022.03.02-22.33.24:343][248]LogModuleManager: Shutting down and abandoning module LocationServicesBPLibrary (352)
[2022.03.02-22.33.24:343][248]LogModuleManager: Shutting down and abandoning module AudioSynesthesia (350)
[2022.03.02-22.33.24:344][248]LogModuleManager: Shutting down and abandoning module AudioSynesthesiaCore (348)
[2022.03.02-22.33.24:344][248]LogModuleManager: Shutting down and abandoning module TcpMessaging (346)
[2022.03.02-22.33.24:446][248]LogModuleManager: Shutting down and abandoning module UdpMessaging (344)
[2022.03.02-22.33.24:547][248]LogModuleManager: Shutting down and abandoning module ActorSequence (342)
[2022.03.02-22.33.24:547][248]LogModuleManager: Shutting down and abandoning module ImgMediaEngine (340)
[2022.03.02-22.33.24:547][248]LogModuleManager: Shutting down and abandoning module MagicLeapARPin (338)
[2022.03.02-22.33.24:547][248]LogModuleManager: Shutting down and abandoning module MagicLeapHandMeshing (336)
[2022.03.02-22.33.24:547][248]LogModuleManager: Shutting down and abandoning module MagicLeapSecureStorage (334)
[2022.03.02-22.33.24:547][248]LogModuleManager: Shutting down and abandoning module MagicLeapPrivileges (332)
[2022.03.02-22.33.24:547][248]LogModuleManager: Shutting down and abandoning module MagicLeapPlanes (330)
[2022.03.02-22.33.24:548][248]LogMagicLeapPlanes: Planes tracker already destroyed.
[2022.03.02-22.33.24:548][248]LogModuleManager: Shutting down and abandoning module MagicLeapImageTracker (328)
[2022.03.02-22.33.24:548][248]LogModuleManager: Shutting down and abandoning module MagicLeapIdentity (326)
[2022.03.02-22.33.24:548][248]LogModuleManager: Shutting down and abandoning module MagicLeapHandTracking (324)
[2022.03.02-22.33.24:548][248]LogModuleManager: Shutting down and abandoning module MagicLeapEyeTracker (322)
[2022.03.02-22.33.24:548][248]LogModuleManager: Shutting down and abandoning module MagicLeapController (320)
[2022.03.02-22.33.24:549][248]LogModuleManager: Shutting down and abandoning module MagicLeapARPinImpl (318)
[2022.03.02-22.33.24:549][248]LogModuleManager: Shutting down and abandoning module MagicLeapAR (316)
[2022.03.02-22.33.24:549][248]LogModuleManager: Shutting down and abandoning module PythonScriptPlugin (314)
[2022.03.02-22.33.24:549][248]LogModuleManager: Shutting down and abandoning module NiagaraAnimNotifies (312)
[2022.03.02-22.33.24:549][248]LogModuleManager: Shutting down and abandoning module Niagara (310)
[2022.03.02-22.33.24:550][248]LogModuleManager: Shutting down and abandoning module SignalProcessing (309)
[2022.03.02-22.33.24:550][248]LogModuleManager: Shutting down and abandoning module NiagaraEditor (307)
[2022.03.02-22.33.24:551][248]LogModuleManager: Shutting down and abandoning module ContentBrowser (306)
[2022.03.02-22.33.24:552][248]LogModuleManager: Shutting down and abandoning module CollectionManager (305)
[2022.03.02-22.33.24:553][248]LogModuleManager: Shutting down and abandoning module DirectoryWatcher (304)
[2022.03.02-22.33.24:553][248]LogModuleManager: Shutting down and abandoning module ContentBrowserData (301)
[2022.03.02-22.33.24:553][248]LogModuleManager: Shutting down and abandoning module NiagaraCore (296)
[2022.03.02-22.33.24:553][248]LogModuleManager: Shutting down and abandoning module PropertyAccessNode (294)
[2022.03.02-22.33.24:553][248]LogModuleManager: Shutting down and abandoning module AnimationSharing (292)
[2022.03.02-22.33.24:553][248]LogModuleManager: Shutting down and abandoning module GameplayTagsEditor (290)
[2022.03.02-22.33.24:553][248]LogModuleManager: Shutting down and abandoning module FacialAnimation (288)
[2022.03.02-22.33.24:553][248]LogModuleManager: Shutting down and abandoning module AssetManagerEditor (286)
[2022.03.02-22.33.24:554][248]LogModuleManager: Shutting down and abandoning module TreeMap (285)
[2022.03.02-22.33.24:554][248]LogModuleManager: Shutting down and abandoning module EnvironmentQueryEditor (282)
[2022.03.02-22.33.24:554][248]LogModuleManager: Shutting down and abandoning module GameplayCameras (280)
[2022.03.02-22.33.24:554][248]LogModuleManager: Shutting down and abandoning module LightPropagationVolumeRuntime (278)
[2022.03.02-22.33.24:555][248]LogModuleManager: Shutting down and abandoning module Paper2D (276)
[2022.03.02-22.33.24:555][248]LogModuleManager: Shutting down and abandoning module WindowsMoviePlayer (274)
[2022.03.02-22.33.24:557][248]LogModuleManager: Shutting down and abandoning module WebMMoviePlayer (272)
[2022.03.02-22.33.24:557][248]LogModuleManager: Shutting down and abandoning module NetworkReplayStreaming (270)
[2022.03.02-22.33.24:557][248]LogModuleManager: Shutting down and abandoning module PacketHandler (268)
[2022.03.02-22.33.24:557][248]LogModuleManager: Shutting down and abandoning module ClothingSystemEditor (266)
[2022.03.02-22.33.24:557][248]LogModuleManager: Shutting down and abandoning module ClothingSystemRuntimeNv (264)
[2022.03.02-22.33.24:558][248]LogModuleManager: Shutting down and abandoning module MediaAssets (262)
[2022.03.02-22.33.24:558][248]LogModuleManager: Shutting down and abandoning module Overlay (260)
[2022.03.02-22.33.24:558][248]LogModuleManager: Shutting down and abandoning module OverlayEditor (259)
[2022.03.02-22.33.24:558][248]LogModuleManager: Shutting down and abandoning module VREditor (256)
[2022.03.02-22.33.24:558][248]LogModuleManager: Shutting down and abandoning module StringTableEditor (254)
[2022.03.02-22.33.24:559][248]LogModuleManager: Shutting down and abandoning module GameplayTasksEditor (252)
[2022.03.02-22.33.24:559][248]LogModuleManager: Shutting down and abandoning module BehaviorTreeEditor (250)
[2022.03.02-22.33.24:560][248]LogModuleManager: Shutting down and abandoning module FunctionalTesting (248)
[2022.03.02-22.33.24:560][248]LogModuleManager: Shutting down and abandoning module CollisionAnalyzer (246)
[2022.03.02-22.33.24:561][248]LogModuleManager: Shutting down and abandoning module WorkspaceMenuStructure (245)
[2022.03.02-22.33.24:561][248]LogModuleManager: Shutting down and abandoning module UMG (242)
[2022.03.02-22.33.24:561][248]LogModuleManager: Shutting down and abandoning module UMGEditor (241)
[2022.03.02-22.33.24:562][248]LogModuleManager: Shutting down and abandoning module Sequencer (240)
[2022.03.02-22.33.24:563][248]LogModuleManager: Shutting down and abandoning module MessageLog (237)
[2022.03.02-22.33.24:564][248]LogModuleManager: Shutting down and abandoning module SlateReflector (232)
[2022.03.02-22.33.24:566][248]LogModuleManager: Shutting down and abandoning module Slate (230)
[2022.03.02-22.33.24:566][248]LogModuleManager: Shutting down and abandoning module SlateCore (228)
[2022.03.02-22.33.24:568][248]LogModuleManager: Shutting down and abandoning module LandscapeEditorUtilities (226)
[2022.03.02-22.33.24:568][248]LogModuleManager: Shutting down and abandoning module UnrealEd (224)
[2022.03.02-22.33.24:568][248]LogModuleManager: Shutting down and abandoning module MRMesh (222)
[2022.03.02-22.33.24:568][248]LogModuleManager: Shutting down and abandoning module Messaging (220)
[2022.03.02-22.33.24:568][248]LogModuleManager: Shutting down and abandoning module SourceCodeAccess (218)
[2022.03.02-22.33.24:568][248]LogModuleManager: Shutting down and abandoning module HeadMountedDisplay (216)
[2022.03.02-22.33.24:568][248]LogModuleManager: Shutting down and abandoning module XAudio2 (214)
[2022.03.02-22.33.24:569][248]LogModuleManager: Shutting down and abandoning module Networking (212)
[2022.03.02-22.33.24:569][248]LogModuleManager: Shutting down and abandoning module Core (210)
[2022.03.02-22.33.24:569][248]LogModuleManager: Shutting down and abandoning module MaterialEditor (208)
[2022.03.02-22.33.24:569][248]LogModuleManager: Shutting down and abandoning module MovieSceneTools (206)
[2022.03.02-22.33.24:570][248]LogModuleManager: Shutting down and abandoning module EditorStyle (205)
[2022.03.02-22.33.24:571][248]LogModuleManager: Shutting down and abandoning module KismetCompiler (202)
[2022.03.02-22.33.24:571][248]LogModuleManager: Shutting down and abandoning module MeshBuilder (200)
[2022.03.02-22.33.24:571][248]LogModuleManager: Shutting down and abandoning module MeshUtilities (198)
[2022.03.02-22.33.24:571][248]LogModuleManager: Shutting down and abandoning module MeshMergeUtilities (197)
[2022.03.02-22.33.24:572][248]LogModuleManager: Shutting down and abandoning module MeshReductionInterface (196)
[2022.03.02-22.33.24:572][248]LogModuleManager: Shutting down and abandoning module MeshBoneReduction (195)
[2022.03.02-22.33.24:572][248]LogModuleManager: Shutting down and abandoning module SkeletalMeshReduction (193)
[2022.03.02-22.33.24:572][248]LogModuleManager: Shutting down and abandoning module ProxyLODMeshReduction (191)
[2022.03.02-22.33.24:573][248]LogModuleManager: Shutting down and abandoning module QuadricMeshReduction (189)
[2022.03.02-22.33.24:573][248]LogModuleManager: Shutting down and abandoning module MaterialBaking (185)
[2022.03.02-22.33.24:574][248]LogModuleManager: Shutting down and abandoning module NullInstallBundleManager (180)
[2022.03.02-22.33.24:574][248]LogModuleManager: Shutting down and abandoning module PIEPreviewDeviceProfileSelector (178)
[2022.03.02-22.33.24:574][248]LogModuleManager: Shutting down and abandoning module DerivedDataCache (176)
[2022.03.02-22.33.24:574][248]LogModuleManager: Shutting down and abandoning module TargetPlatform (174)
[2022.03.02-22.33.24:575][248]LogModuleManager: Shutting down and abandoning module VulkanShaderFormat (173)
[2022.03.02-22.33.24:576][248]LogModuleManager: Shutting down and abandoning module ShaderFormatVectorVM (171)
[2022.03.02-22.33.24:576][248]LogModuleManager: Shutting down and abandoning module ShaderFormatOpenGL (169)
[2022.03.02-22.33.24:577][248]LogModuleManager: Shutting down and abandoning module ShaderFormatD3D (167)
[2022.03.02-22.33.24:577][248]LogModuleManager: Shutting down and abandoning module MetalShaderFormat (165)
[2022.03.02-22.33.24:577][248]LogModuleManager: Shutting down and abandoning module TextureFormatOodle (163)
[2022.03.02-22.33.24:578][248]LogModuleManager: Shutting down and abandoning module TextureFormatUncompressed (161)
[2022.03.02-22.33.24:578][248]LogModuleManager: Shutting down and abandoning module TextureFormatPVR (159)
[2022.03.02-22.33.24:578][248]LogModuleManager: Shutting down and abandoning module TextureFormatETC2 (157)
[2022.03.02-22.33.24:578][248]LogModuleManager: Shutting down and abandoning module TextureFormatDXT (155)
[2022.03.02-22.33.24:578][248]LogModuleManager: Shutting down and abandoning module TextureFormatIntelISPCTexComp (153)
[2022.03.02-22.33.24:579][248]LogModuleManager: Shutting down and abandoning module TextureFormatASTC (151)
[2022.03.02-22.33.24:579][248]LogModuleManager: Shutting down and abandoning module ImageWrapper (150)
[2022.03.02-22.33.24:579][248]LogModuleManager: Shutting down and abandoning module AudioFormatOpus (147)
[2022.03.02-22.33.24:579][248]LogModuleManager: Shutting down and abandoning module AudioFormatOgg (145)
[2022.03.02-22.33.24:579][248]LogModuleManager: Shutting down and abandoning module AudioFormatADPCM (143)
[2022.03.02-22.33.24:579][248]LogModuleManager: Shutting down and abandoning module WindowsServerTargetPlatform (141)
[2022.03.02-22.33.24:579][248]LogModuleManager: Shutting down and abandoning module WindowsClientTargetPlatform (139)
[2022.03.02-22.33.24:579][248]LogModuleManager: Shutting down and abandoning module WindowsTargetPlatform (137)
[2022.03.02-22.33.24:579][248]LogModuleManager: Shutting down and abandoning module WindowsNoEditorTargetPlatform (135)
[2022.03.02-22.33.24:579][248]LogModuleManager: Shutting down and abandoning module D3D11RHI (132)
[2022.03.02-22.33.24:579][248]LogModuleManager: Shutting down and abandoning module InputCore (130)
[2022.03.02-22.33.24:580][248]LogModuleManager: Shutting down and abandoning module Settings (128)
[2022.03.02-22.33.24:580][248]LogModuleManager: Shutting down and abandoning module PhysXCooking (126)
[2022.03.02-22.33.24:580][248]LogModuleManager: Shutting down and abandoning module Chaos (124)
[2022.03.02-22.33.24:580][248]LogModuleManager: Shutting down and abandoning module WindowsPlatformFeatures (122)
[2022.03.02-22.33.24:580][248]LogModuleManager: Shutting down and abandoning module GameplayMediaEncoder (121)
[2022.03.02-22.33.24:581][248]LogModuleManager: Shutting down and abandoning module AVEncoder (120)
[2022.03.02-22.33.24:581][248]LogModuleManager: Shutting down and abandoning module SteamVRInputDevice (116)
[2022.03.02-22.33.24:581][248]LogModuleManager: Shutting down and abandoning module SteamVRInput (114)
[2022.03.02-22.33.24:581][248]LogModuleManager: Shutting down and abandoning module SteamVR (112)
[2022.03.02-22.33.24:581][248]LogHMD: Freeing OpenVRDLLHandle.
[2022.03.02-22.33.24:581][248]LogModuleManager: Shutting down and abandoning module OculusHMD (110)
[2022.03.02-22.33.24:582][248]LogModuleManager: Shutting down and abandoning module OpenXRHandTracking (108)
[2022.03.02-22.33.24:582][248]LogSlate: Slate User Destroyed.  User Index 0, Is Virtual User: 0
[2022.03.02-22.33.24:582][248]LogModuleManager: Shutting down and abandoning module OpenXRAR (106)
[2022.03.02-22.33.24:582][248]LogModuleManager: Shutting down and abandoning module AugmentedReality (105)
[2022.03.02-22.33.24:582][248]LogModuleManager: Shutting down and abandoning module OpenXRHMD (102)
[2022.03.02-22.33.24:589][248]LogModuleManager: Shutting down and abandoning module OpenXREyeTracker (100)
[2022.03.02-22.33.24:589][248]LogModuleManager: Shutting down and abandoning module ExampleDeviceProfileSelector (98)
[2022.03.02-22.33.24:589][248]LogModuleManager: Shutting down and abandoning module ChunkDownloader (96)
[2022.03.02-22.33.24:589][248]LogModuleManager: Shutting down and abandoning module LauncherChunkInstaller (94)
[2022.03.02-22.33.24:589][248]LogModuleManager: Shutting down and abandoning module OnlineBlueprintSupport (92)
[2022.03.02-22.33.24:589][248]LogModuleManager: Shutting down and abandoning module OnlineSubsystem (88)
[2022.03.02-22.33.24:592][248]LogModuleManager: Shutting down and abandoning module XMPP (83)
[2022.03.02-22.33.24:593][248]LogModuleManager: Shutting down and abandoning module WebSockets (82)
[2022.03.02-22.33.24:610][248]LogModuleManager: Shutting down and abandoning module HTTP (79)
[2022.03.02-22.33.24:610][248]LogHttp: Display: cleaning up 0 outstanding Http requests.
[2022.03.02-22.33.24:628][248]LogModuleManager: Shutting down and abandoning module SSL (78)
[2022.03.02-22.33.24:630][248]LogModuleManager: Shutting down and abandoning module WmfMedia (74)
[2022.03.02-22.33.24:632][248]LogModuleManager: Shutting down and abandoning module Media (73)
[2022.03.02-22.33.24:633][248]LogModuleManager: Shutting down and abandoning module MediaInfo (72)
[2022.03.02-22.33.24:633][248]LogModuleManager: Shutting down and abandoning module ExrReaderGpu (68)
[2022.03.02-22.33.24:634][248]LogModuleManager: Shutting down and abandoning module MLSDK (66)
[2022.03.02-22.33.24:634][248]LogModuleManager: Shutting down and abandoning module MagicLeap (64)
[2022.03.02-22.33.24:634][248]LogModuleManager: Shutting down and abandoning module ChaosCloth (62)
[2022.03.02-22.33.24:634][248]LogModuleManager: Shutting down and abandoning module NiagaraVertexFactories (60)
[2022.03.02-22.33.24:635][248]LogModuleManager: Shutting down and abandoning module NiagaraShader (58)
[2022.03.02-22.33.24:635][248]LogModuleManager: Shutting down and abandoning module VariantManagerContent (56)
[2022.03.02-22.33.24:635][248]LogModuleManager: Shutting down and abandoning module DatasmithContent (54)
[2022.03.02-22.33.24:635][248]LogModuleManager: Shutting down and abandoning module PixWinPlugin (52)
[2022.03.02-22.33.24:635][248]LogModuleManager: Shutting down and abandoning module AISupportModule (50)
[2022.03.02-22.33.24:635][248]LogModuleManager: Shutting down and abandoning module DesktopPlatform (48)
[2022.03.02-22.33.24:635][248]LogModuleManager: Shutting down and abandoning module OodleDataCompressionFormat (46)
[2022.03.02-22.33.24:636][248]LogModuleManager: Shutting down and abandoning module PythonScriptPluginPreload (44)
[2022.03.02-22.33.24:636][248]LogModuleManager: Shutting down and abandoning module PlatformCryptoOpenSSL (42)
[2022.03.02-22.33.24:636][248]LogModuleManager: Shutting down and abandoning module PlatformCryptoTypes (40)
[2022.03.02-22.33.24:637][248]LogModuleManager: Shutting down and abandoning module PlatformCrypto (38)
[2022.03.02-22.33.24:637][248]LogModuleManager: Shutting down and abandoning module XGEController (36)
[2022.03.02-22.33.24:637][248]LogModuleManager: Shutting down and abandoning module AnimationModifiers (34)
[2022.03.02-22.33.24:637][248]LogModuleManager: Shutting down and abandoning module AudioEditor (32)
[2022.03.02-22.33.24:638][248]LogModuleManager: Shutting down and abandoning module PropertyEditor (31)
[2022.03.02-22.33.24:638][248]LogModuleManager: Shutting down and abandoning module TextureCompressor (28)
[2022.03.02-22.33.24:639][248]LogModuleManager: Shutting down and abandoning module RenderCore (26)
[2022.03.02-22.33.24:639][248]LogModuleManager: Shutting down and abandoning module Landscape (24)
[2022.03.02-22.33.24:639][248]LogModuleManager: Shutting down and abandoning module SlateRHIRenderer (22)
[2022.03.02-22.33.24:639][248]LogModuleManager: Shutting down and abandoning module AnimGraphRuntime (20)
[2022.03.02-22.33.24:640][248]LogModuleManager: Shutting down and abandoning module Renderer (18)
[2022.03.02-22.33.24:640][248]LogModuleManager: Shutting down and abandoning module Engine (16)
[2022.03.02-22.33.24:640][248]LogModuleManager: Shutting down and abandoning module CoreUObject (14)
[2022.03.02-22.33.24:640][248]LogModuleManager: Shutting down and abandoning module NetworkFile (12)
[2022.03.02-22.33.24:640][248]LogModuleManager: Shutting down and abandoning module CookedIterativeFile (10)
[2022.03.02-22.33.24:640][248]LogModuleManager: Shutting down and abandoning module StreamingFile (8)
[2022.03.02-22.33.24:640][248]LogModuleManager: Shutting down and abandoning module SandboxFile (6)
[2022.03.02-22.33.24:641][248]LogModuleManager: Shutting down and abandoning module PakFile (4)
[2022.03.02-22.33.24:641][248]LogModuleManager: Shutting down and abandoning module RSA (3)
[2022.03.02-22.33.25:046][248]LogContentStreaming: Display: There are 1 unreleased StreamingManagers
[2022.03.02-22.33.25:065][248]LogD3D11RHI: Shutdown
[2022.03.02-22.33.25:065][248]LogD3D11RHI: CleanupD3DDevice
[2022.03.02-22.33.25:078][248]LogExit: Exiting.
[2022.03.02-22.33.25:083][248]Log file closed, 03/02/22 22:33:25
