Log file open, 03/02/22 10:26:11
LogWindows: Failed to load 'aqProf.dll' (GetLastError=126)
LogWindows: File 'aqProf.dll' does not exist
LogWindows: Failed to load 'VtuneApi.dll' (GetLastError=126)
LogWindows: File 'VtuneApi.dll' does not exist
LogWindows: Failed to load 'VtuneApi32e.dll' (GetLastError=126)
LogWindows: File 'VtuneApi32e.dll' does not exist
LogConsoleResponse: Display: Failed to find resolution value strings in scalability ini. Falling back to default.
LogConsoleResponse: Display: Failed to find resolution value strings in scalability ini. Falling back to default.
LogInit: Display: Running engine for game: EndlessRunner
LogPlatformFile: Not using cached read wrapper
LogTaskGraph: Started task graph with 5 named threads and 35 total threads with 3 sets of task threads.
LogStats: Stats thread started at 0.570956
LogICUInternationalization: ICU TimeZone Detection - Raw Offset: +0:00, Platform Override: ''
LogInit: Display: Loading text-based GConfig....
LogPluginManager: Mounting plugin MeshPainting
LogPluginManager: Mounting plugin XGEController
LogPluginManager: Mounting plugin Paper2D
LogPluginManager: Mounting plugin CameraShakePreviewer
LogPluginManager: Mounting plugin LightPropagationVolume
LogPluginManager: Mounting plugin AISupport
LogPluginManager: Mounting plugin GameplayCameras
LogPluginManager: Mounting plugin LiveLink
LogPluginManager: Mounting plugin OodleData
LogPluginManager: Mounting plugin Niagara
LogPluginManager: Mounting plugin EnvironmentQueryEditor
LogPluginManager: Mounting plugin AnimationSharing
LogPluginManager: Mounting plugin CodeLiteSourceCodeAccess
LogPluginManager: Mounting plugin OodleNetwork
LogPluginManager: Mounting plugin CLionSourceCodeAccess
LogPluginManager: Mounting plugin PerforceSourceControl
LogPluginManager: Mounting plugin NullSourceCodeAccess
LogPluginManager: Mounting plugin PluginUtils
LogPluginManager: Mounting plugin GitSourceControl
LogPluginManager: Mounting plugin PropertyAccessNode
LogPluginManager: Mounting plugin PixWinPlugin
LogPluginManager: Mounting plugin KDevelopSourceCodeAccess
LogPluginManager: Mounting plugin PlasticSourceControl
LogPluginManager: Mounting plugin SubversionSourceControl
LogPluginManager: Mounting plugin VisualStudioCodeSourceCodeAccess
LogPluginManager: Mounting plugin RiderSourceCodeAccess
LogPluginManager: Mounting plugin UObjectPlugin
LogPluginManager: Mounting plugin TextureFormatOodle
LogPluginManager: Mounting plugin XCodeSourceCodeAccess
LogPluginManager: Mounting plugin VisualStudioSourceCodeAccess
LogPluginManager: Mounting plugin AndroidMedia
LogPluginManager: Mounting plugin AvfMedia
LogPluginManager: Mounting plugin ImgMedia
LogPluginManager: Mounting plugin MediaCompositing
LogPluginManager: Mounting plugin MediaPlayerEditor
LogPluginManager: Mounting plugin WmfMedia
LogPluginManager: Mounting plugin WebMMedia
LogPluginManager: Mounting plugin LuminPlatformFeatures
LogPluginManager: Mounting plugin DatasmithContent
LogPluginManager: Mounting plugin MagicLeap
LogPluginManager: Mounting plugin VariantManagerContent
LogPluginManager: Mounting plugin MagicLeapMedia
LogPluginManager: Mounting plugin MagicLeapPassableWorld
LogPluginManager: Mounting plugin MagicLeapLightEstimation
LogPluginManager: Mounting plugin MLSDK
LogPluginManager: Mounting plugin LauncherChunkInstaller
LogPluginManager: Mounting plugin ActorSequence
LogPluginManager: Mounting plugin LevelSequenceEditor
LogPluginManager: Mounting plugin TemplateSequence
LogPluginManager: Mounting plugin OnlineSubsystemNull
LogPluginManager: Mounting plugin MatineeToLevelSequence
LogPluginManager: Mounting plugin OnlineSubsystem
LogPluginManager: Mounting plugin OnlineSubsystemUtils
LogPluginManager: Mounting plugin CryptoKeys
LogPluginManager: Mounting plugin DataValidation
LogPluginManager: Mounting plugin CurveEditorTools
LogPluginManager: Mounting plugin FacialAnimation
LogPluginManager: Mounting plugin AssetManagerEditor
LogPluginManager: Mounting plugin GameplayTagsEditor
LogPluginManager: Mounting plugin MacGraphicsSwitching
LogPluginManager: Mounting plugin GeometryMode
LogPluginManager: Mounting plugin PluginBrowser
LogPluginManager: Mounting plugin MaterialAnalyzer
LogPluginManager: Mounting plugin MobileLauncherProfileWizard
LogPluginManager: Mounting plugin SpeedTreeImporter
LogPluginManager: Mounting plugin UdpMessaging
LogPluginManager: Mounting plugin TcpMessaging
LogPluginManager: Mounting plugin AlembicImporter
LogPluginManager: Mounting plugin AutomationUtils
LogPluginManager: Mounting plugin BackChannel
LogPluginManager: Mounting plugin ChaosClothEditor
LogPluginManager: Mounting plugin ChaosEditor
LogPluginManager: Mounting plugin CharacterAI
LogPluginManager: Mounting plugin ChaosCloth
LogPluginManager: Mounting plugin ChaosNiagara
LogPluginManager: Mounting plugin ChaosSolverPlugin
LogPluginManager: Mounting plugin ScreenshotTools
LogPluginManager: Mounting plugin ActorLayerUtilities
LogPluginManager: Mounting plugin GeometryCache
LogPluginManager: Mounting plugin GeometryCollectionPlugin
LogPluginManager: Mounting plugin AndroidDeviceProfileSelector
LogPluginManager: Mounting plugin AndroidMoviePlayer
LogPluginManager: Mounting plugin AndroidPermission
LogPluginManager: Mounting plugin AppleImageUtils
LogPluginManager: Mounting plugin CableComponent
LogPluginManager: Mounting plugin AudioSynesthesia
LogPluginManager: Mounting plugin AudioCapture
LogPluginManager: Mounting plugin ArchVisCharacter
LogPluginManager: Mounting plugin AppleMoviePlayer
LogPluginManager: Mounting plugin AssetTags
LogPluginManager: Mounting plugin ChunkDownloader
LogPluginManager: Mounting plugin GooglePAD
LogPluginManager: Mounting plugin EditableMesh
LogPluginManager: Mounting plugin GoogleCloudMessaging
LogPluginManager: Mounting plugin CustomMeshComponent
LogPluginManager: Mounting plugin ExampleDeviceProfileSelector
LogPluginManager: Mounting plugin GeometryProcessing
LogPluginManager: Mounting plugin Takes
LogPluginManager: Mounting plugin OpenImageDenoise
LogPluginManager: Mounting plugin PlanarCut
LogPluginManager: Mounting plugin MotoSynth
LogPluginManager: Mounting plugin PlatformCrypto
LogPluginManager: Mounting plugin ProxyLODPlugin
LogPluginManager: Mounting plugin PythonScriptPlugin
LogPluginManager: Mounting plugin SkeletalReduction
LogPluginManager: Mounting plugin LocationServicesBPLibrary
LogPluginManager: Mounting plugin IOSDeviceProfileSelector
LogPluginManager: Mounting plugin LinuxDeviceProfileSelector
LogPluginManager: Mounting plugin MobilePatchingUtils
LogPluginManager: Mounting plugin OpenXR
LogPluginManager: Mounting plugin PostSplashScreen
LogPluginManager: Mounting plugin PhysXVehicles
LogPluginManager: Mounting plugin OpenXREyeTracker
LogPluginManager: Mounting plugin ProceduralMeshComponent
LogPluginManager: Mounting plugin OpenXRHandTracking
LogPluginManager: Mounting plugin PropertyAccessEditor
LogPluginManager: Mounting plugin RuntimePhysXCooking
LogPluginManager: Mounting plugin SignificanceManager
LogPluginManager: Mounting plugin Synthesis
LogPluginManager: Mounting plugin SoundFields
LogPluginManager: Mounting plugin WebMMoviePlayer
LogPluginManager: Mounting plugin WindowsMoviePlayer
LogPluginManager: Mounting plugin OnlineSubsystemGooglePlay
LogPluginManager: Mounting plugin OnlineSubsystemIOS
LogPluginManager: Mounting plugin ContentBrowserAssetDataSource
LogPluginManager: Mounting plugin ContentBrowserClassDataSource
LogPluginManager: Mounting plugin ContentBrowserFileDataSource
LogPluginManager: Mounting plugin OculusVR
LogPluginManager: Mounting plugin SteamVR
PixWinPlugin: PIX capture plugin failed to initialize! Check that the process is launched from PIX.
LogInit: Using libcurl 7.55.1-DEV
LogInit:  - built for x86_64-pc-win32
LogInit:  - supports SSL with OpenSSL/1.1.1
LogInit:  - supports HTTP deflate (compression) using libz 1.2.8
LogInit:  - other features:
LogInit:      CURL_VERSION_SSL
LogInit:      CURL_VERSION_LIBZ
LogInit:      CURL_VERSION_IPV6
LogInit:      CURL_VERSION_ASYNCHDNS
LogInit:      CURL_VERSION_LARGEFILE
LogInit:      CURL_VERSION_IDN
LogInit:  CurlRequestOptions (configurable via config and command line):
LogInit:  - bVerifyPeer = true  - Libcurl will verify peer certificate
LogInit:  - bUseHttpProxy = false  - Libcurl will NOT use HTTP proxy
LogInit:  - bDontReuseConnections = false  - Libcurl will reuse connections
LogInit:  - MaxHostConnections = 16  - Libcurl will limit the number of connections to a host
LogInit:  - LocalHostAddr = Default
LogInit:  - BufferSize = 65536
LogOnline: OSS: Creating online subsystem instance for: NULL
LogInit: WinSock: version 1.1 (2.2), MaxSocks=32767, MaxUdp=65467
LogOnline: OSS: TryLoadSubsystemAndSetDefault: Loaded subsystem for module [NULL]
LogOculusPluginWrapper: OculusPlugin initialized successfully
LogHMD: Failed initializing OVRPlugin 1.59.0
LogInit: Build: ++UE4+Release-4.27-CL-18319896
LogInit: Engine Version: 4.27.2-18319896+++UE4+Release-4.27
LogInit: Compatible Engine Version: 4.27.0-17155196+++UE4+Release-4.27
LogInit: Net CL: 17155196
LogInit: OS: Windows 10 (Release 2009) (), CPU: Intel(R) Core(TM) i7-10750H CPU @ 2.60GHz, GPU: Intel(R) UHD Graphics
LogInit: Compiled (64-bit): Nov 30 2021 07:12:08
LogInit: Compiled with Visual C++: 19.24.28315.00
LogInit: Build Configuration: Development
LogInit: Branch Name: ++UE4+Release-4.27
LogInit: Command Line:  /Game/--NEW--/Maps/Menu -game -PIEVIACONSOLE -Multiprocess GameUserSettingsINI=C:/PROJECTS/Unreal/Endless-Runner/EndlessRunner/Saved/Config/Windows/PIEGameUserSettings0.ini -MultiprocessSaveConfig -forcepassthrough -messaging -SessionName="Play in Standalone Game" -windowed -ResX=1280 -ResY=720
LogInit: Base Directory: C:/Program Files/Epic Games/UE_4.27/Engine/Binaries/Win64/
LogInit: Allocator: TBB
LogInit: Installed Engine Build: 1
LogDevObjectVersion: Number of dev versions registered: 29
LogDevObjectVersion:   Dev-Blueprints (B0D832E4-1F89-4F0D-ACCF-7EB736FD4AA2): 10
LogDevObjectVersion:   Dev-Build (E1C64328-A22C-4D53-A36C-8E866417BD8C): 0
LogDevObjectVersion:   Dev-Core (375EC13C-06E4-48FB-B500-84F0262A717E): 4
LogDevObjectVersion:   Dev-Editor (E4B068ED-F494-42E9-A231-DA0B2E46BB41): 40
LogDevObjectVersion:   Dev-Framework (CFFC743F-43B0-4480-9391-14DF171D2073): 37
LogDevObjectVersion:   Dev-Mobile (B02B49B5-BB20-44E9-A304-32B752E40360): 3
LogDevObjectVersion:   Dev-Networking (A4E4105C-59A1-49B5-A7C5-40C4547EDFEE): 0
LogDevObjectVersion:   Dev-Online (39C831C9-5AE6-47DC-9A44-9C173E1C8E7C): 0
LogDevObjectVersion:   Dev-Physics (78F01B33-EBEA-4F98-B9B4-84EACCB95AA2): 14
LogDevObjectVersion:   Dev-Platform (6631380F-2D4D-43E0-8009-CF276956A95A): 0
LogDevObjectVersion:   Dev-Rendering (12F88B9F-8875-4AFC-A67C-D90C383ABD29): 45
LogDevObjectVersion:   Dev-Sequencer (7B5AE74C-D270-4C10-A958-57980B212A5A): 13
LogDevObjectVersion:   Dev-VR (D7296918-1DD6-4BDD-9DE2-64A83CC13884): 3
LogDevObjectVersion:   Dev-LoadTimes (C2A15278-BFE7-4AFE-6C17-90FF531DF755): 1
LogDevObjectVersion:   Private-Geometry (6EACA3D4-40EC-4CC1-B786-8BED09428FC5): 3
LogDevObjectVersion:   Dev-AnimPhys (29E575DD-E0A3-4627-9D10-D276232CDCEA): 17
LogDevObjectVersion:   Dev-Anim (AF43A65D-7FD3-4947-9873-3E8ED9C1BB05): 15
LogDevObjectVersion:   Dev-ReflectionCapture (6B266CEC-1EC7-4B8F-A30B-E4D90942FC07): 1
LogDevObjectVersion:   Dev-Automation (0DF73D61-A23F-47EA-B727-89E90C41499A): 1
LogDevObjectVersion:   FortniteMain (601D1886-AC64-4F84-AA16-D3DE0DEAC7D6): 47
LogDevObjectVersion:   FortniteRelease (E7086368-6B23-4C58-8439-1B7016265E91): 1
LogDevObjectVersion:   Dev-Enterprise (9DFFBCD6-494F-0158-E221-12823C92A888): 10
LogDevObjectVersion:   Dev-Niagara (F2AED0AC-9AFE-416F-8664-AA7FFA26D6FC): 1
LogDevObjectVersion:   Dev-Destruction (174F1F0B-B4C6-45A5-B13F-2EE8D0FB917D): 10
LogDevObjectVersion:   Dev-Physics-Ext (35F94A83-E258-406C-A318-09F59610247C): 41
LogDevObjectVersion:   Dev-PhysicsMaterial-Chaos (B68FC16E-8B1B-42E2-B453-215C058844FE): 1
LogDevObjectVersion:   Dev-CineCamera (B2E18506-4273-CFC2-A54E-F4BB758BBA07): 1
LogDevObjectVersion:   Dev-VirtualProduction (64F58936-FD1B-42BA-BA96-7289D5D0FA4E): 1
LogDevObjectVersion:   Dev-MediaFramework (6F0ED827-A609-4895-9C91-998D90180EA4): 2
LogInit: Presizing for max 25165824 objects, including 0 objects not considered by GC, pre-allocating 0 bytes for permanent pool.
LogConfig: Applying CVar settings from Section [/Script/Engine.StreamingSettings] File [C:/PROJECTS/Unreal/Endless-Runner/EndlessRunner/Saved/Config/Windows/Engine.ini]
LogConfig: Setting CVar [[s.MinBulkDataSizeForAsyncLoading:131072]]
LogConfig: Setting CVar [[s.AsyncLoadingThreadEnabled:0]]
LogConfig: Setting CVar [[s.EventDrivenLoaderEnabled:1]]
LogConfig: Setting CVar [[s.WarnIfTimeLimitExceeded:0]]
LogConfig: Setting CVar [[s.TimeLimitExceededMultiplier:1.5]]
LogConfig: Setting CVar [[s.TimeLimitExceededMinTime:0.005]]
LogConfig: Setting CVar [[s.UseBackgroundLevelStreaming:1]]
LogConfig: Setting CVar [[s.PriorityAsyncLoadingExtraTime:15.0]]
LogConfig: Setting CVar [[s.LevelStreamingActorsUpdateTimeLimit:5.0]]
LogConfig: Setting CVar [[s.PriorityLevelStreamingActorsUpdateExtraTime:5.0]]
LogConfig: Setting CVar [[s.LevelStreamingComponentsRegistrationGranularity:10]]
LogConfig: Setting CVar [[s.UnregisterComponentsTimeLimit:1.0]]
LogConfig: Setting CVar [[s.LevelStreamingComponentsUnregistrationGranularity:5]]
LogConfig: Setting CVar [[s.FlushStreamingOnExit:1]]
LogInit: Object subsystem initialized
LogConfig: Setting CVar [[con.DebugEarlyDefault:1]]
LogConfig: Setting CVar [[r.setres:1280x720]]
[2022.03.02-10.26.14:347][  0]LogConfig: Setting CVar [[con.DebugEarlyDefault:1]]
[2022.03.02-10.26.14:347][  0]LogConfig: Setting CVar [[r.setres:1280x720]]
[2022.03.02-10.26.14:347][  0]LogConfig: Applying CVar settings from Section [/Script/Engine.RendererSettings] File [C:/PROJECTS/Unreal/Endless-Runner/EndlessRunner/Saved/Config/Windows/Engine.ini]
[2022.03.02-10.26.14:347][  0]LogConfig: Setting CVar [[r.GPUCrashDebugging:0]]
[2022.03.02-10.26.14:347][  0]LogConfig: Applying CVar settings from Section [/Script/Engine.RendererOverrideSettings] File [C:/PROJECTS/Unreal/Endless-Runner/EndlessRunner/Saved/Config/Windows/Engine.ini]
[2022.03.02-10.26.14:347][  0]LogConfig: Applying CVar settings from Section [/Script/Engine.StreamingSettings] File [C:/PROJECTS/Unreal/Endless-Runner/EndlessRunner/Saved/Config/Windows/Engine.ini]
[2022.03.02-10.26.14:347][  0]LogConfig: Setting CVar [[s.MinBulkDataSizeForAsyncLoading:131072]]
[2022.03.02-10.26.14:347][  0]LogConfig: Setting CVar [[s.AsyncLoadingThreadEnabled:0]]
[2022.03.02-10.26.14:347][  0]LogConfig: Setting CVar [[s.EventDrivenLoaderEnabled:1]]
[2022.03.02-10.26.14:347][  0]LogConfig: Setting CVar [[s.WarnIfTimeLimitExceeded:0]]
[2022.03.02-10.26.14:347][  0]LogConfig: Setting CVar [[s.TimeLimitExceededMultiplier:1.5]]
[2022.03.02-10.26.14:347][  0]LogConfig: Setting CVar [[s.TimeLimitExceededMinTime:0.005]]
[2022.03.02-10.26.14:347][  0]LogConfig: Setting CVar [[s.UseBackgroundLevelStreaming:1]]
[2022.03.02-10.26.14:348][  0]LogConfig: Setting CVar [[s.PriorityAsyncLoadingExtraTime:15.0]]
[2022.03.02-10.26.14:348][  0]LogConfig: Setting CVar [[s.LevelStreamingActorsUpdateTimeLimit:5.0]]
[2022.03.02-10.26.14:348][  0]LogConfig: Setting CVar [[s.PriorityLevelStreamingActorsUpdateExtraTime:5.0]]
[2022.03.02-10.26.14:348][  0]LogConfig: Setting CVar [[s.LevelStreamingComponentsRegistrationGranularity:10]]
[2022.03.02-10.26.14:348][  0]LogConfig: Setting CVar [[s.UnregisterComponentsTimeLimit:1.0]]
[2022.03.02-10.26.14:348][  0]LogConfig: Setting CVar [[s.LevelStreamingComponentsUnregistrationGranularity:5]]
[2022.03.02-10.26.14:348][  0]LogConfig: Setting CVar [[s.FlushStreamingOnExit:1]]
[2022.03.02-10.26.14:348][  0]LogConfig: Applying CVar settings from Section [/Script/Engine.GarbageCollectionSettings] File [C:/PROJECTS/Unreal/Endless-Runner/EndlessRunner/Saved/Config/Windows/Engine.ini]
[2022.03.02-10.26.14:348][  0]LogConfig: Setting CVar [[gc.MaxObjectsNotConsideredByGC:1]]
[2022.03.02-10.26.14:348][  0]LogConfig: Setting CVar [[gc.SizeOfPermanentObjectPool:0]]
[2022.03.02-10.26.14:348][  0]LogConfig: Setting CVar [[gc.FlushStreamingOnGC:0]]
[2022.03.02-10.26.14:348][  0]LogConfig: Setting CVar [[gc.NumRetriesBeforeForcingGC:10]]
[2022.03.02-10.26.14:348][  0]LogConfig: Setting CVar [[gc.AllowParallelGC:1]]
[2022.03.02-10.26.14:348][  0]LogConfig: Setting CVar [[gc.TimeBetweenPurgingPendingKillObjects:61.1]]
[2022.03.02-10.26.14:348][  0]LogConfig: Setting CVar [[gc.MaxObjectsInEditor:25165824]]
[2022.03.02-10.26.14:348][  0]LogConfig: Setting CVar [[gc.IncrementalBeginDestroyEnabled:1]]
[2022.03.02-10.26.14:348][  0]LogConfig: Setting CVar [[gc.CreateGCClusters:1]]
[2022.03.02-10.26.14:348][  0]LogConfig: Setting CVar [[gc.MinGCClusterSize:5]]
[2022.03.02-10.26.14:348][  0]LogConfig: Setting CVar [[gc.ActorClusteringEnabled:0]]
[2022.03.02-10.26.14:348][  0]LogConfig: Setting CVar [[gc.BlueprintClusteringEnabled:0]]
[2022.03.02-10.26.14:348][  0]LogConfig: Setting CVar [[gc.UseDisregardForGCOnDedicatedServers:0]]
[2022.03.02-10.26.14:348][  0]LogConfig: Setting CVar [[gc.MultithreadedDestructionEnabled:1]]
[2022.03.02-10.26.14:348][  0]LogConfig: Applying CVar settings from Section [/Script/Engine.NetworkSettings] File [C:/PROJECTS/Unreal/Endless-Runner/EndlessRunner/Saved/Config/Windows/Engine.ini]
[2022.03.02-10.26.14:348][  0]LogConfig: Applying CVar settings from Section [/Script/UnrealEd.CookerSettings] File [C:/PROJECTS/Unreal/Endless-Runner/EndlessRunner/Saved/Config/Windows/Engine.ini]
[2022.03.02-10.26.14:369][  0]LogConfig: Applying CVar settings from Section [ViewDistanceQuality@3] File [C:/PROJECTS/Unreal/Endless-Runner/EndlessRunner/Saved/Config/Windows/Scalability.ini]
[2022.03.02-10.26.14:369][  0]LogConfig: Setting CVar [[r.SkeletalMeshLODBias:0]]
[2022.03.02-10.26.14:369][  0]LogConfig: Setting CVar [[r.ViewDistanceScale:1.0]]
[2022.03.02-10.26.14:369][  0]LogConfig: Applying CVar settings from Section [AntiAliasingQuality@3] File [C:/PROJECTS/Unreal/Endless-Runner/EndlessRunner/Saved/Config/Windows/Scalability.ini]
[2022.03.02-10.26.14:369][  0]LogConfig: Setting CVar [[r.PostProcessAAQuality:4]]
[2022.03.02-10.26.14:369][  0]LogConfig: Applying CVar settings from Section [ShadowQuality@3] File [C:/PROJECTS/Unreal/Endless-Runner/EndlessRunner/Saved/Config/Windows/Scalability.ini]
[2022.03.02-10.26.14:369][  0]LogConfig: Setting CVar [[r.LightFunctionQuality:1]]
[2022.03.02-10.26.14:369][  0]LogConfig: Setting CVar [[r.ShadowQuality:5]]
[2022.03.02-10.26.14:369][  0]LogConfig: Setting CVar [[r.Shadow.CSM.MaxCascades:10]]
[2022.03.02-10.26.14:369][  0]LogConfig: Setting CVar [[r.Shadow.MaxResolution:2048]]
[2022.03.02-10.26.14:369][  0]LogConfig: Setting CVar [[r.Shadow.MaxCSMResolution:2048]]
[2022.03.02-10.26.14:369][  0]LogConfig: Setting CVar [[r.Shadow.RadiusThreshold:0.01]]
[2022.03.02-10.26.14:369][  0]LogConfig: Setting CVar [[r.Shadow.DistanceScale:1.0]]
[2022.03.02-10.26.14:369][  0]LogConfig: Setting CVar [[r.Shadow.CSM.TransitionScale:1.0]]
[2022.03.02-10.26.14:369][  0]LogConfig: Setting CVar [[r.Shadow.PreShadowResolutionFactor:1.0]]
[2022.03.02-10.26.14:369][  0]LogConfig: Setting CVar [[r.DistanceFieldShadowing:1]]
[2022.03.02-10.26.14:370][  0]LogConfig: Setting CVar [[r.DistanceFieldAO:1]]
[2022.03.02-10.26.14:370][  0]LogConfig: Setting CVar [[r.AOQuality:2]]
[2022.03.02-10.26.14:370][  0]LogConfig: Setting CVar [[r.VolumetricFog:1]]
[2022.03.02-10.26.14:370][  0]LogConfig: Setting CVar [[r.VolumetricFog.GridPixelSize:8]]
[2022.03.02-10.26.14:370][  0]LogConfig: Setting CVar [[r.VolumetricFog.GridSizeZ:128]]
[2022.03.02-10.26.14:370][  0]LogConfig: Setting CVar [[r.VolumetricFog.HistoryMissSupersampleCount:4]]
[2022.03.02-10.26.14:370][  0]LogConfig: Setting CVar [[r.LightMaxDrawDistanceScale:1]]
[2022.03.02-10.26.14:370][  0]LogConfig: Setting CVar [[r.CapsuleShadows:1]]
[2022.03.02-10.26.14:370][  0]LogConfig: Applying CVar settings from Section [PostProcessQuality@3] File [C:/PROJECTS/Unreal/Endless-Runner/EndlessRunner/Saved/Config/Windows/Scalability.ini]
[2022.03.02-10.26.14:370][  0]LogConfig: Setting CVar [[r.MotionBlurQuality:4]]
[2022.03.02-10.26.14:370][  0]LogConfig: Setting CVar [[r.AmbientOcclusionMipLevelFactor:0.4]]
[2022.03.02-10.26.14:370][  0]LogConfig: Setting CVar [[r.AmbientOcclusionMaxQuality:100]]
[2022.03.02-10.26.14:370][  0]LogConfig: Setting CVar [[r.AmbientOcclusionLevels:-1]]
[2022.03.02-10.26.14:370][  0]LogConfig: Setting CVar [[r.AmbientOcclusionRadiusScale:1.0]]
[2022.03.02-10.26.14:370][  0]LogConfig: Setting CVar [[r.DepthOfFieldQuality:2]]
[2022.03.02-10.26.14:370][  0]LogConfig: Setting CVar [[r.RenderTargetPoolMin:400]]
[2022.03.02-10.26.14:370][  0]LogConfig: Setting CVar [[r.LensFlareQuality:2]]
[2022.03.02-10.26.14:370][  0]LogConfig: Setting CVar [[r.SceneColorFringeQuality:1]]
[2022.03.02-10.26.14:370][  0]LogConfig: Setting CVar [[r.EyeAdaptationQuality:2]]
[2022.03.02-10.26.14:370][  0]LogConfig: Setting CVar [[r.BloomQuality:5]]
[2022.03.02-10.26.14:370][  0]LogConfig: Setting CVar [[r.FastBlurThreshold:100]]
[2022.03.02-10.26.14:370][  0]LogConfig: Setting CVar [[r.Upscale.Quality:3]]
[2022.03.02-10.26.14:370][  0]LogConfig: Setting CVar [[r.Tonemapper.GrainQuantization:1]]
[2022.03.02-10.26.14:370][  0]LogConfig: Setting CVar [[r.LightShaftQuality:1]]
[2022.03.02-10.26.14:370][  0]LogConfig: Setting CVar [[r.Filter.SizeScale:1]]
[2022.03.02-10.26.14:370][  0]LogConfig: Setting CVar [[r.Tonemapper.Quality:5]]
[2022.03.02-10.26.14:370][  0]LogConfig: Setting CVar [[r.DOF.Gather.AccumulatorQuality:1        ; higher gathering accumulator quality]]
[2022.03.02-10.26.14:370][  0]LogConfig: Setting CVar [[r.DOF.Gather.PostfilterMethod:1          ; Median3x3 postfilering method]]
[2022.03.02-10.26.14:370][  0]LogConfig: Setting CVar [[r.DOF.Gather.EnableBokehSettings:0       ; no bokeh simulation when gathering]]
[2022.03.02-10.26.14:370][  0]LogConfig: Setting CVar [[r.DOF.Gather.RingCount:4                 ; medium number of samples when gathering]]
[2022.03.02-10.26.14:370][  0]LogConfig: Setting CVar [[r.DOF.Scatter.ForegroundCompositing:1    ; additive foreground scattering]]
[2022.03.02-10.26.14:370][  0]LogConfig: Setting CVar [[r.DOF.Scatter.BackgroundCompositing:2    ; additive background scattering]]
[2022.03.02-10.26.14:370][  0]LogConfig: Setting CVar [[r.DOF.Scatter.EnableBokehSettings:1      ; bokeh simulation when scattering]]
[2022.03.02-10.26.14:370][  0]LogConfig: Setting CVar [[r.DOF.Scatter.MaxSpriteRatio:0.1         ; only a maximum of 10% of scattered bokeh]]
[2022.03.02-10.26.14:370][  0]LogConfig: Setting CVar [[r.DOF.Recombine.Quality:1                ; cheap slight out of focus]]
[2022.03.02-10.26.14:370][  0]LogConfig: Setting CVar [[r.DOF.Recombine.EnableBokehSettings:0    ; no bokeh simulation on slight out of focus]]
[2022.03.02-10.26.14:370][  0]LogConfig: Setting CVar [[r.DOF.TemporalAAQuality:1                ; more stable temporal accumulation]]
[2022.03.02-10.26.14:370][  0]LogConfig: Setting CVar [[r.DOF.Kernel.MaxForegroundRadius:0.025]]
[2022.03.02-10.26.14:370][  0]LogConfig: Setting CVar [[r.DOF.Kernel.MaxBackgroundRadius:0.025]]
[2022.03.02-10.26.14:370][  0]LogConfig: Applying CVar settings from Section [TextureQuality@3] File [C:/PROJECTS/Unreal/Endless-Runner/EndlessRunner/Saved/Config/Windows/Scalability.ini]
[2022.03.02-10.26.14:370][  0]LogConfig: Setting CVar [[r.Streaming.MipBias:0]]
[2022.03.02-10.26.14:370][  0]LogConfig: Setting CVar [[r.Streaming.AmortizeCPUToGPUCopy:0]]
[2022.03.02-10.26.14:370][  0]LogConfig: Setting CVar [[r.Streaming.MaxNumTexturesToStreamPerFrame:0]]
[2022.03.02-10.26.14:370][  0]LogConfig: Setting CVar [[r.Streaming.Boost:1]]
[2022.03.02-10.26.14:370][  0]LogConfig: Setting CVar [[r.MaxAnisotropy:8]]
[2022.03.02-10.26.14:371][  0]LogConfig: Setting CVar [[r.VT.MaxAnisotropy:8]]
[2022.03.02-10.26.14:371][  0]LogConfig: Setting CVar [[r.Streaming.LimitPoolSizeToVRAM:0]]
[2022.03.02-10.26.14:371][  0]LogConfig: Setting CVar [[r.Streaming.PoolSize:1000]]
[2022.03.02-10.26.14:371][  0]LogConfig: Setting CVar [[r.Streaming.MaxEffectiveScreenSize:0]]
[2022.03.02-10.26.14:371][  0]LogConfig: Applying CVar settings from Section [EffectsQuality@3] File [C:/PROJECTS/Unreal/Endless-Runner/EndlessRunner/Saved/Config/Windows/Scalability.ini]
[2022.03.02-10.26.14:371][  0]LogConfig: Setting CVar [[r.TranslucencyLightingVolumeDim:64]]
[2022.03.02-10.26.14:371][  0]LogConfig: Setting CVar [[r.RefractionQuality:2]]
[2022.03.02-10.26.14:371][  0]LogConfig: Setting CVar [[r.SSR.Quality:3]]
[2022.03.02-10.26.14:371][  0]LogConfig: Setting CVar [[r.SSR.HalfResSceneColor:0]]
[2022.03.02-10.26.14:371][  0]LogConfig: Setting CVar [[r.SceneColorFormat:4]]
[2022.03.02-10.26.14:371][  0]LogConfig: Setting CVar [[r.DetailMode:2]]
[2022.03.02-10.26.14:371][  0]LogConfig: Setting CVar [[r.TranslucencyVolumeBlur:1]]
[2022.03.02-10.26.14:371][  0]LogConfig: Setting CVar [[r.MaterialQualityLevel:1 ; High quality]]
[2022.03.02-10.26.14:371][  0]LogConfig: Setting CVar [[r.AnisotropicMaterials:1]]
[2022.03.02-10.26.14:371][  0]LogConfig: Setting CVar [[r.SSS.Scale:1]]
[2022.03.02-10.26.14:371][  0]LogConfig: Setting CVar [[r.SSS.SampleSet:2]]
[2022.03.02-10.26.14:371][  0]LogConfig: Setting CVar [[r.SSS.Quality:1]]
[2022.03.02-10.26.14:371][  0]LogConfig: Setting CVar [[r.SSS.HalfRes:0]]
[2022.03.02-10.26.14:371][  0]LogConfig: Setting CVar [[r.SSGI.Quality:3]]
[2022.03.02-10.26.14:371][  0]LogConfig: Setting CVar [[r.EmitterSpawnRateScale:1.0]]
[2022.03.02-10.26.14:371][  0]LogConfig: Setting CVar [[r.ParticleLightQuality:2]]
[2022.03.02-10.26.14:371][  0]LogConfig: Setting CVar [[r.SkyAtmosphere.AerialPerspectiveLUT.FastApplyOnOpaque:1 ; Always have FastSkyLUT 1 in this case to avoid wrong sky]]
[2022.03.02-10.26.14:371][  0]LogConfig: Setting CVar [[r.SkyAtmosphere.AerialPerspectiveLUT.SampleCountMaxPerSlice:4]]
[2022.03.02-10.26.14:371][  0]LogConfig: Setting CVar [[r.SkyAtmosphere.AerialPerspectiveLUT.DepthResolution:16.0]]
[2022.03.02-10.26.14:371][  0]LogConfig: Setting CVar [[r.SkyAtmosphere.FastSkyLUT:1]]
[2022.03.02-10.26.14:371][  0]LogConfig: Setting CVar [[r.SkyAtmosphere.FastSkyLUT.SampleCountMin:4.0]]
[2022.03.02-10.26.14:371][  0]LogConfig: Setting CVar [[r.SkyAtmosphere.FastSkyLUT.SampleCountMax:128.0]]
[2022.03.02-10.26.14:371][  0]LogConfig: Setting CVar [[r.SkyAtmosphere.SampleCountMin:4.0]]
[2022.03.02-10.26.14:371][  0]LogConfig: Setting CVar [[r.SkyAtmosphere.SampleCountMax:128.0]]
[2022.03.02-10.26.14:371][  0]LogConfig: Setting CVar [[r.SkyAtmosphere.TransmittanceLUT.UseSmallFormat:0]]
[2022.03.02-10.26.14:371][  0]LogConfig: Setting CVar [[r.SkyAtmosphere.TransmittanceLUT.SampleCount:10.0]]
[2022.03.02-10.26.14:371][  0]LogConfig: Setting CVar [[r.SkyAtmosphere.MultiScatteringLUT.SampleCount:15.0]]
[2022.03.02-10.26.14:371][  0]LogConfig: Setting CVar [[r.SkyLight.RealTimeReflectionCapture:1]]
[2022.03.02-10.26.14:371][  0]LogConfig: Applying CVar settings from Section [FoliageQuality@3] File [C:/PROJECTS/Unreal/Endless-Runner/EndlessRunner/Saved/Config/Windows/Scalability.ini]
[2022.03.02-10.26.14:371][  0]LogConfig: Setting CVar [[foliage.DensityScale:1.0]]
[2022.03.02-10.26.14:371][  0]LogConfig: Setting CVar [[grass.DensityScale:1.0]]
[2022.03.02-10.26.14:371][  0]LogConfig: Applying CVar settings from Section [ShadingQuality@3] File [C:/PROJECTS/Unreal/Endless-Runner/EndlessRunner/Saved/Config/Windows/Scalability.ini]
[2022.03.02-10.26.14:371][  0]LogConfig: Setting CVar [[r.HairStrands.SkyLighting.IntegrationType:2]]
[2022.03.02-10.26.14:371][  0]LogConfig: Setting CVar [[r.HairStrands.SkyAO.SampleCount:4]]
[2022.03.02-10.26.14:371][  0]LogConfig: Setting CVar [[r.HairStrands.Visibility.MSAA.SamplePerPixel:4]]
[2022.03.02-10.26.14:372][  0]LogInit: Selected Device Profile: [Windows]
[2022.03.02-10.26.14:372][  0]LogInit: Applying CVar settings loaded from the selected device profile: [Windows]
[2022.03.02-10.26.14:372][  0]LogHAL: Display: Platform has ~ 8 GB [8412778496 / 8589934592 / 8], which maps to Default [LargestMinGB=32, LargerMinGB=12, DefaultMinGB=8, SmallerMinGB=6, SmallestMinGB=0)
[2022.03.02-10.26.14:372][  0]LogInit: Going up to parent DeviceProfile []
[2022.03.02-10.26.14:372][  0]LogConfig: Applying CVar settings from Section [ViewDistanceQuality@3] File [C:/PROJECTS/Unreal/Endless-Runner/EndlessRunner/Saved/Config/Windows/Scalability.ini]
[2022.03.02-10.26.14:372][  0]LogConfig: Setting CVar [[r.SkeletalMeshLODBias:0]]
[2022.03.02-10.26.14:372][  0]LogConfig: Setting CVar [[r.ViewDistanceScale:1.0]]
[2022.03.02-10.26.14:372][  0]LogConfig: Applying CVar settings from Section [AntiAliasingQuality@3] File [C:/PROJECTS/Unreal/Endless-Runner/EndlessRunner/Saved/Config/Windows/Scalability.ini]
[2022.03.02-10.26.14:372][  0]LogConfig: Setting CVar [[r.PostProcessAAQuality:4]]
[2022.03.02-10.26.14:372][  0]LogConfig: Applying CVar settings from Section [ShadowQuality@3] File [C:/PROJECTS/Unreal/Endless-Runner/EndlessRunner/Saved/Config/Windows/Scalability.ini]
[2022.03.02-10.26.14:372][  0]LogConfig: Setting CVar [[r.LightFunctionQuality:1]]
[2022.03.02-10.26.14:372][  0]LogConfig: Setting CVar [[r.ShadowQuality:5]]
[2022.03.02-10.26.14:372][  0]LogConfig: Setting CVar [[r.Shadow.CSM.MaxCascades:10]]
[2022.03.02-10.26.14:372][  0]LogConfig: Setting CVar [[r.Shadow.MaxResolution:2048]]
[2022.03.02-10.26.14:372][  0]LogConfig: Setting CVar [[r.Shadow.MaxCSMResolution:2048]]
[2022.03.02-10.26.14:372][  0]LogConfig: Setting CVar [[r.Shadow.RadiusThreshold:0.01]]
[2022.03.02-10.26.14:372][  0]LogConfig: Setting CVar [[r.Shadow.DistanceScale:1.0]]
[2022.03.02-10.26.14:373][  0]LogConfig: Setting CVar [[r.Shadow.CSM.TransitionScale:1.0]]
[2022.03.02-10.26.14:373][  0]LogConfig: Setting CVar [[r.Shadow.PreShadowResolutionFactor:1.0]]
[2022.03.02-10.26.14:373][  0]LogConfig: Setting CVar [[r.DistanceFieldShadowing:1]]
[2022.03.02-10.26.14:373][  0]LogConfig: Setting CVar [[r.DistanceFieldAO:1]]
[2022.03.02-10.26.14:373][  0]LogConfig: Setting CVar [[r.AOQuality:2]]
[2022.03.02-10.26.14:373][  0]LogConfig: Setting CVar [[r.VolumetricFog:1]]
[2022.03.02-10.26.14:373][  0]LogConfig: Setting CVar [[r.VolumetricFog.GridPixelSize:8]]
[2022.03.02-10.26.14:373][  0]LogConfig: Setting CVar [[r.VolumetricFog.GridSizeZ:128]]
[2022.03.02-10.26.14:373][  0]LogConfig: Setting CVar [[r.VolumetricFog.HistoryMissSupersampleCount:4]]
[2022.03.02-10.26.14:373][  0]LogConfig: Setting CVar [[r.LightMaxDrawDistanceScale:1]]
[2022.03.02-10.26.14:373][  0]LogConfig: Setting CVar [[r.CapsuleShadows:1]]
[2022.03.02-10.26.14:373][  0]LogConfig: Applying CVar settings from Section [PostProcessQuality@3] File [C:/PROJECTS/Unreal/Endless-Runner/EndlessRunner/Saved/Config/Windows/Scalability.ini]
[2022.03.02-10.26.14:373][  0]LogConfig: Setting CVar [[r.MotionBlurQuality:4]]
[2022.03.02-10.26.14:373][  0]LogConfig: Setting CVar [[r.AmbientOcclusionMipLevelFactor:0.4]]
[2022.03.02-10.26.14:373][  0]LogConfig: Setting CVar [[r.AmbientOcclusionMaxQuality:100]]
[2022.03.02-10.26.14:373][  0]LogConfig: Setting CVar [[r.AmbientOcclusionLevels:-1]]
[2022.03.02-10.26.14:373][  0]LogConfig: Setting CVar [[r.AmbientOcclusionRadiusScale:1.0]]
[2022.03.02-10.26.14:373][  0]LogConfig: Setting CVar [[r.DepthOfFieldQuality:2]]
[2022.03.02-10.26.14:373][  0]LogConfig: Setting CVar [[r.RenderTargetPoolMin:400]]
[2022.03.02-10.26.14:373][  0]LogConfig: Setting CVar [[r.LensFlareQuality:2]]
[2022.03.02-10.26.14:373][  0]LogConfig: Setting CVar [[r.SceneColorFringeQuality:1]]
[2022.03.02-10.26.14:373][  0]LogConfig: Setting CVar [[r.EyeAdaptationQuality:2]]
[2022.03.02-10.26.14:373][  0]LogConfig: Setting CVar [[r.BloomQuality:5]]
[2022.03.02-10.26.14:373][  0]LogConfig: Setting CVar [[r.FastBlurThreshold:100]]
[2022.03.02-10.26.14:373][  0]LogConfig: Setting CVar [[r.Upscale.Quality:3]]
[2022.03.02-10.26.14:373][  0]LogConfig: Setting CVar [[r.Tonemapper.GrainQuantization:1]]
[2022.03.02-10.26.14:373][  0]LogConfig: Setting CVar [[r.LightShaftQuality:1]]
[2022.03.02-10.26.14:373][  0]LogConfig: Setting CVar [[r.Filter.SizeScale:1]]
[2022.03.02-10.26.14:373][  0]LogConfig: Setting CVar [[r.Tonemapper.Quality:5]]
[2022.03.02-10.26.14:373][  0]LogConfig: Setting CVar [[r.DOF.Gather.AccumulatorQuality:1        ; higher gathering accumulator quality]]
[2022.03.02-10.26.14:373][  0]LogConfig: Setting CVar [[r.DOF.Gather.PostfilterMethod:1          ; Median3x3 postfilering method]]
[2022.03.02-10.26.14:373][  0]LogConfig: Setting CVar [[r.DOF.Gather.EnableBokehSettings:0       ; no bokeh simulation when gathering]]
[2022.03.02-10.26.14:373][  0]LogConfig: Setting CVar [[r.DOF.Gather.RingCount:4                 ; medium number of samples when gathering]]
[2022.03.02-10.26.14:373][  0]LogConfig: Setting CVar [[r.DOF.Scatter.ForegroundCompositing:1    ; additive foreground scattering]]
[2022.03.02-10.26.14:373][  0]LogConfig: Setting CVar [[r.DOF.Scatter.BackgroundCompositing:2    ; additive background scattering]]
[2022.03.02-10.26.14:373][  0]LogConfig: Setting CVar [[r.DOF.Scatter.EnableBokehSettings:1      ; bokeh simulation when scattering]]
[2022.03.02-10.26.14:373][  0]LogConfig: Setting CVar [[r.DOF.Scatter.MaxSpriteRatio:0.1         ; only a maximum of 10% of scattered bokeh]]
[2022.03.02-10.26.14:373][  0]LogConfig: Setting CVar [[r.DOF.Recombine.Quality:1                ; cheap slight out of focus]]
[2022.03.02-10.26.14:373][  0]LogConfig: Setting CVar [[r.DOF.Recombine.EnableBokehSettings:0    ; no bokeh simulation on slight out of focus]]
[2022.03.02-10.26.14:373][  0]LogConfig: Setting CVar [[r.DOF.TemporalAAQuality:1                ; more stable temporal accumulation]]
[2022.03.02-10.26.14:373][  0]LogConfig: Setting CVar [[r.DOF.Kernel.MaxForegroundRadius:0.025]]
[2022.03.02-10.26.14:373][  0]LogConfig: Setting CVar [[r.DOF.Kernel.MaxBackgroundRadius:0.025]]
[2022.03.02-10.26.14:373][  0]LogConfig: Applying CVar settings from Section [TextureQuality@3] File [C:/PROJECTS/Unreal/Endless-Runner/EndlessRunner/Saved/Config/Windows/Scalability.ini]
[2022.03.02-10.26.14:373][  0]LogConfig: Setting CVar [[r.Streaming.MipBias:0]]
[2022.03.02-10.26.14:373][  0]LogConfig: Setting CVar [[r.Streaming.AmortizeCPUToGPUCopy:0]]
[2022.03.02-10.26.14:373][  0]LogConfig: Setting CVar [[r.Streaming.MaxNumTexturesToStreamPerFrame:0]]
[2022.03.02-10.26.14:373][  0]LogConfig: Setting CVar [[r.Streaming.Boost:1]]
[2022.03.02-10.26.14:373][  0]LogConfig: Setting CVar [[r.MaxAnisotropy:8]]
[2022.03.02-10.26.14:373][  0]LogConfig: Setting CVar [[r.VT.MaxAnisotropy:8]]
[2022.03.02-10.26.14:373][  0]LogConfig: Setting CVar [[r.Streaming.LimitPoolSizeToVRAM:0]]
[2022.03.02-10.26.14:374][  0]LogConfig: Setting CVar [[r.Streaming.PoolSize:1000]]
[2022.03.02-10.26.14:374][  0]LogConfig: Setting CVar [[r.Streaming.MaxEffectiveScreenSize:0]]
[2022.03.02-10.26.14:374][  0]LogConfig: Applying CVar settings from Section [EffectsQuality@3] File [C:/PROJECTS/Unreal/Endless-Runner/EndlessRunner/Saved/Config/Windows/Scalability.ini]
[2022.03.02-10.26.14:374][  0]LogConfig: Setting CVar [[r.TranslucencyLightingVolumeDim:64]]
[2022.03.02-10.26.14:374][  0]LogConfig: Setting CVar [[r.RefractionQuality:2]]
[2022.03.02-10.26.14:374][  0]LogConfig: Setting CVar [[r.SSR.Quality:3]]
[2022.03.02-10.26.14:374][  0]LogConfig: Setting CVar [[r.SSR.HalfResSceneColor:0]]
[2022.03.02-10.26.14:374][  0]LogConfig: Setting CVar [[r.SceneColorFormat:4]]
[2022.03.02-10.26.14:374][  0]LogConfig: Setting CVar [[r.DetailMode:2]]
[2022.03.02-10.26.14:374][  0]LogConfig: Setting CVar [[r.TranslucencyVolumeBlur:1]]
[2022.03.02-10.26.14:374][  0]LogConfig: Setting CVar [[r.MaterialQualityLevel:1 ; High quality]]
[2022.03.02-10.26.14:374][  0]LogConfig: Setting CVar [[r.AnisotropicMaterials:1]]
[2022.03.02-10.26.14:374][  0]LogConfig: Setting CVar [[r.SSS.Scale:1]]
[2022.03.02-10.26.14:374][  0]LogConfig: Setting CVar [[r.SSS.SampleSet:2]]
[2022.03.02-10.26.14:374][  0]LogConfig: Setting CVar [[r.SSS.Quality:1]]
[2022.03.02-10.26.14:374][  0]LogConfig: Setting CVar [[r.SSS.HalfRes:0]]
[2022.03.02-10.26.14:374][  0]LogConfig: Setting CVar [[r.SSGI.Quality:3]]
[2022.03.02-10.26.14:374][  0]LogConfig: Setting CVar [[r.EmitterSpawnRateScale:1.0]]
[2022.03.02-10.26.14:374][  0]LogConfig: Setting CVar [[r.ParticleLightQuality:2]]
[2022.03.02-10.26.14:374][  0]LogConfig: Setting CVar [[r.SkyAtmosphere.AerialPerspectiveLUT.FastApplyOnOpaque:1 ; Always have FastSkyLUT 1 in this case to avoid wrong sky]]
[2022.03.02-10.26.14:374][  0]LogConfig: Setting CVar [[r.SkyAtmosphere.AerialPerspectiveLUT.SampleCountMaxPerSlice:4]]
[2022.03.02-10.26.14:374][  0]LogConfig: Setting CVar [[r.SkyAtmosphere.AerialPerspectiveLUT.DepthResolution:16.0]]
[2022.03.02-10.26.14:374][  0]LogConfig: Setting CVar [[r.SkyAtmosphere.FastSkyLUT:1]]
[2022.03.02-10.26.14:374][  0]LogConfig: Setting CVar [[r.SkyAtmosphere.FastSkyLUT.SampleCountMin:4.0]]
[2022.03.02-10.26.14:374][  0]LogConfig: Setting CVar [[r.SkyAtmosphere.FastSkyLUT.SampleCountMax:128.0]]
[2022.03.02-10.26.14:374][  0]LogConfig: Setting CVar [[r.SkyAtmosphere.SampleCountMin:4.0]]
[2022.03.02-10.26.14:374][  0]LogConfig: Setting CVar [[r.SkyAtmosphere.SampleCountMax:128.0]]
[2022.03.02-10.26.14:374][  0]LogConfig: Setting CVar [[r.SkyAtmosphere.TransmittanceLUT.UseSmallFormat:0]]
[2022.03.02-10.26.14:374][  0]LogConfig: Setting CVar [[r.SkyAtmosphere.TransmittanceLUT.SampleCount:10.0]]
[2022.03.02-10.26.14:374][  0]LogConfig: Setting CVar [[r.SkyAtmosphere.MultiScatteringLUT.SampleCount:15.0]]
[2022.03.02-10.26.14:375][  0]LogConfig: Setting CVar [[r.SkyLight.RealTimeReflectionCapture:1]]
[2022.03.02-10.26.14:375][  0]LogConfig: Applying CVar settings from Section [FoliageQuality@3] File [C:/PROJECTS/Unreal/Endless-Runner/EndlessRunner/Saved/Config/Windows/Scalability.ini]
[2022.03.02-10.26.14:375][  0]LogConfig: Setting CVar [[foliage.DensityScale:1.0]]
[2022.03.02-10.26.14:375][  0]LogConfig: Setting CVar [[grass.DensityScale:1.0]]
[2022.03.02-10.26.14:375][  0]LogConfig: Applying CVar settings from Section [ShadingQuality@3] File [C:/PROJECTS/Unreal/Endless-Runner/EndlessRunner/Saved/Config/Windows/Scalability.ini]
[2022.03.02-10.26.14:375][  0]LogConfig: Setting CVar [[r.HairStrands.SkyLighting.IntegrationType:2]]
[2022.03.02-10.26.14:375][  0]LogConfig: Setting CVar [[r.HairStrands.SkyAO.SampleCount:4]]
[2022.03.02-10.26.14:375][  0]LogConfig: Setting CVar [[r.HairStrands.Visibility.MSAA.SamplePerPixel:4]]
[2022.03.02-10.26.14:375][  0]LogConfig: Applying CVar settings from Section [Startup] File [../../../Engine/Config/ConsoleVariables.ini]
[2022.03.02-10.26.14:377][  0]LogConfig: Setting CVar [[net.UseAdaptiveNetUpdateFrequency:0]]
[2022.03.02-10.26.14:377][  0]LogConfig: Setting CVar [[p.chaos.AllowCreatePhysxBodies:1]]
[2022.03.02-10.26.14:377][  0]LogConfig: Setting CVar [[fx.SkipVectorVMBackendOptimizations:1]]
[2022.03.02-10.26.14:377][  0]LogConfig: Applying CVar settings from Section [ConsoleVariables] File [C:/PROJECTS/Unreal/Endless-Runner/EndlessRunner/Saved/Config/Windows/Engine.ini]
[2022.03.02-10.26.14:377][  0]LogConfig: Applying CVar settings from Section [ConsoleVariables] File [C:/PROJECTS/Unreal/Endless-Runner/EndlessRunner/Saved/Config/Windows/Editor.ini]
[2022.03.02-10.26.14:379][  0]LogInit: Computer: LAPTOP-BL73FRTF
[2022.03.02-10.26.14:379][  0]LogInit: User: teodo
[2022.03.02-10.26.14:379][  0]LogInit: CPU Page size=4096, Cores=6
[2022.03.02-10.26.14:379][  0]LogInit: High frequency timer resolution =10.000000 MHz
[2022.03.02-10.26.14:379][  0]LogMemory: Memory total: Physical=7.8GB (8GB approx)
[2022.03.02-10.26.14:380][  0]LogMemory: Platform Memory Stats for Windows
[2022.03.02-10.26.14:380][  0]LogMemory: Process Physical Memory: 146.92 MB used, 146.92 MB peak
[2022.03.02-10.26.14:380][  0]LogMemory: Process Virtual Memory: 123.60 MB used, 123.60 MB peak
[2022.03.02-10.26.14:380][  0]LogMemory: Physical Memory: 7497.27 MB used,  525.79 MB free, 8023.05 MB total
[2022.03.02-10.26.14:380][  0]LogMemory: Virtual Memory: 134210888.00 MB used,  6841.02 MB free, 134217728.00 MB total
[2022.03.02-10.26.14:395][  0]LogWindows: WindowsPlatformFeatures enabled
[2022.03.02-10.26.14:598][  0]LogInit: Physics initialised using underlying interface: PhysX
[2022.03.02-10.26.14:598][  0]LogInit: Using OS detected language (en-GB).
[2022.03.02-10.26.14:598][  0]LogInit: Using OS detected locale (en-US).
[2022.03.02-10.26.14:625][  0]LogTextLocalizationManager: No specific localization for 'en-GB' exists, so the 'en' localization will be used.
[2022.03.02-10.26.15:315][  0]LogWindowsTextInputMethodSystem: Display: IME system deactivated.
[2022.03.02-10.26.15:386][  0]LogSlate: New Slate User Created.  User Index 0, Is Virtual User: 0
[2022.03.02-10.26.15:386][  0]LogSlate: Slate User Registered.  User Index 0, Is Virtual User: 0
[2022.03.02-10.26.15:421][  0]LogD3D11RHI: Loaded GFSDK_Aftermath_Lib.x64.dll
[2022.03.02-10.26.15:496][  0]LogHMD: Failed to initialize OpenVR with code 101
[2022.03.02-10.26.15:496][  0]LogD3D11RHI: D3D11 min allowed feature level: 11_0
[2022.03.02-10.26.15:496][  0]LogD3D11RHI: D3D11 max allowed feature level: 11_0
[2022.03.02-10.26.15:496][  0]LogD3D11RHI: D3D11 adapters:
[2022.03.02-10.26.15:678][  0]LogD3D11RHI:    0. 'NVIDIA GeForce GTX 1660 Ti' (Feature Level 11_0)
[2022.03.02-10.26.15:678][  0]LogD3D11RHI:       5991/0/4011 MB DedicatedVideo/DedicatedSystem/SharedSystem, Outputs:1, VendorId:0x10de
[2022.03.02-10.26.15:762][  0]LogD3D11RHI:    1. 'Intel(R) UHD Graphics' (Feature Level 11_0)
[2022.03.02-10.26.15:762][  0]LogD3D11RHI:       128/0/4011 MB DedicatedVideo/DedicatedSystem/SharedSystem, Outputs:0, VendorId:0x8086
[2022.03.02-10.26.15:767][  0]LogD3D11RHI:    2. 'Microsoft Basic Render Driver' (Feature Level 11_0)
[2022.03.02-10.26.15:767][  0]LogD3D11RHI:       0/0/4011 MB DedicatedVideo/DedicatedSystem/SharedSystem, Outputs:0, VendorId:0x1414
[2022.03.02-10.26.15:767][  0]LogD3D11RHI: Chosen D3D11 Adapter:
[2022.03.02-10.26.15:767][  0]LogD3D11RHI:     Description : NVIDIA GeForce GTX 1660 Ti
[2022.03.02-10.26.15:767][  0]LogD3D11RHI:     VendorId    : 10de
[2022.03.02-10.26.15:767][  0]LogD3D11RHI:     DeviceId    : 2191
[2022.03.02-10.26.15:767][  0]LogD3D11RHI:     SubSysId    : 14421025
[2022.03.02-10.26.15:767][  0]LogD3D11RHI:     Revision    : 00a1
[2022.03.02-10.26.15:767][  0]LogD3D11RHI:     DedicatedVideoMemory : 6282018816 bytes
[2022.03.02-10.26.15:767][  0]LogD3D11RHI:     DedicatedSystemMemory : 0 bytes
[2022.03.02-10.26.15:767][  0]LogD3D11RHI:     SharedSystemMemory : 4206389248 bytes
[2022.03.02-10.26.15:767][  0]LogD3D11RHI:     AdapterLuid : 0 68996
[2022.03.02-10.26.15:776][  0]LogD3D11RHI: Creating new Direct3DDevice
[2022.03.02-10.26.15:776][  0]LogD3D11RHI:     GPU DeviceId: 0x2191 (for the marketing name, search the web for "GPU Device Id")
[2022.03.02-10.26.15:776][  0]LogWindows: EnumDisplayDevices:
[2022.03.02-10.26.15:776][  0]LogWindows:    0. 'Intel(R) UHD Graphics' (P:1 D:1)
[2022.03.02-10.26.15:776][  0]LogWindows:    1. 'Intel(R) UHD Graphics' (P:0 D:0)
[2022.03.02-10.26.15:777][  0]LogWindows:    2. 'Intel(R) UHD Graphics' (P:0 D:0)
[2022.03.02-10.26.15:777][  0]LogWindows:    3. 'NVIDIA GeForce GTX 1660 Ti' (P:0 D:0)
[2022.03.02-10.26.15:778][  0]LogWindows:    4. 'NVIDIA GeForce GTX 1660 Ti' (P:0 D:0)
[2022.03.02-10.26.15:778][  0]LogWindows:    5. 'NVIDIA GeForce GTX 1660 Ti' (P:0 D:0)
[2022.03.02-10.26.15:778][  0]LogWindows:    6. 'NVIDIA GeForce GTX 1660 Ti' (P:0 D:0)
[2022.03.02-10.26.15:778][  0]LogWindows: DebugString: PrimaryIsNotTheChoosenAdapter PrimaryIsNotTheChoosenAdapter PrimaryIsNotTheChoosenAdapter FoundDriverCount:4 
[2022.03.02-10.26.15:778][  0]LogD3D11RHI:     Adapter Name: NVIDIA GeForce GTX 1660 Ti
[2022.03.02-10.26.15:778][  0]LogD3D11RHI:   Driver Version: 497.09 (internal:30.0.14.9709, unified:497.09)
[2022.03.02-10.26.15:779][  0]LogD3D11RHI:      Driver Date: 11-26-2021
[2022.03.02-10.26.15:779][  0]LogRHI: Texture pool is 4193 MB (70% of 5991 MB)
[2022.03.02-10.26.15:779][  0]LogD3D11RHI: Creating D3DDevice using adapter:
[2022.03.02-10.26.15:779][  0]LogD3D11RHI:     Description : NVIDIA GeForce GTX 1660 Ti
[2022.03.02-10.26.15:779][  0]LogD3D11RHI:     VendorId    : 10de
[2022.03.02-10.26.15:779][  0]LogD3D11RHI:     DeviceId    : 2191
[2022.03.02-10.26.15:779][  0]LogD3D11RHI:     SubSysId    : 14421025
[2022.03.02-10.26.15:779][  0]LogD3D11RHI:     Revision    : 00a1
[2022.03.02-10.26.15:779][  0]LogD3D11RHI:     DedicatedVideoMemory : 6282018816 bytes
[2022.03.02-10.26.15:779][  0]LogD3D11RHI:     DedicatedSystemMemory : 0 bytes
[2022.03.02-10.26.15:779][  0]LogD3D11RHI:     SharedSystemMemory : 4206389248 bytes
[2022.03.02-10.26.15:779][  0]LogD3D11RHI:     AdapterLuid : 0 68996
[2022.03.02-10.26.15:891][  0]LogD3D11RHI: RHI has support for 64 bit atomics
[2022.03.02-10.26.15:892][  0]LogD3D11RHI: Async texture creation enabled
[2022.03.02-10.26.15:892][  0]LogD3D11RHI: Array index from any shader is supported
[2022.03.02-10.26.15:981][  0]LogD3D11RHI: GPU Timing Frequency: 1000.000000 (Debug: 2 2)
[2022.03.02-10.26.16:026][  0]LogRHI: GeForceNow SDK initialized: 1
[2022.03.02-10.26.16:544][  0]LogTargetPlatformManager: Display: Loaded TargetPlatform 'WindowsNoEditor'
[2022.03.02-10.26.16:554][  0]LogTargetPlatformManager: Display: Loaded TargetPlatform 'Windows'
[2022.03.02-10.26.16:567][  0]LogTargetPlatformManager: Display: Loaded TargetPlatform 'WindowsClient'
[2022.03.02-10.26.16:587][  0]LogTargetPlatformManager: Display: Loaded TargetPlatform 'WindowsServer'
[2022.03.02-10.26.16:588][  0]LogTargetPlatformManager: Display: Building Assets For Windows
[2022.03.02-10.26.16:621][  0]LogAudioDebug: Display: Lib vorbis DLL was dynamically loaded.
[2022.03.02-10.26.16:712][  0]LogTextureFormatOodle: Display: Oodle Texture 2.9.0 init RDO Off
[2022.03.02-10.26.16:819][  0]LogRendererCore: Ray tracing is disabled. Reason: r.RayTracing=0.
[2022.03.02-10.26.16:820][  0]LogShaderCompilers: Guid format shader working directory is -17 characters bigger than the processId version (../../../../../../PROJECTS/Unreal/Endless-Runner/EndlessRunner/Intermediate/Shaders/WorkingDirectory/18268/).
[2022.03.02-10.26.16:820][  0]LogShaderCompilers: Cleaned the shader compiler working directory 'C:/Users/teodo/AppData/Local/Temp/UnrealShaderWorkingDir/F8D20C1D4678F8E495140F92AAAE6872/'.
[2022.03.02-10.26.16:821][  0]LogXGEController: Cannot use XGE Controller as Incredibuild is not installed on this machine.
[2022.03.02-10.26.16:822][  0]LogShaderCompilers: Cannot use XGE Shader Compiler as Incredibuild is not installed on this machine.
[2022.03.02-10.26.16:822][  0]LogShaderCompilers: Display: Using Local Shader Compiler.
[2022.03.02-10.26.18:806][  0]LogDerivedDataCache: Display: Max Cache Size: 512 MB
[2022.03.02-10.26.18:966][  0]LogDerivedDataCache: Loaded boot cache 0.16s 94MB C:/Users/teodo/AppData/Local/UnrealEngine/4.27/DerivedDataCache/Boot.ddc.
[2022.03.02-10.26.18:966][  0]LogDerivedDataCache: Display: Loaded Boot cache: C:/Users/teodo/AppData/Local/UnrealEngine/4.27/DerivedDataCache/Boot.ddc
[2022.03.02-10.26.18:967][  0]LogDerivedDataCache: FDerivedDataBackendGraph:  Pak pak cache file ../../../../../../PROJECTS/Unreal/Endless-Runner/EndlessRunner/DerivedDataCache/DDC.ddp not found, will not use a pak cache.
[2022.03.02-10.26.18:967][  0]LogDerivedDataCache: Unable to find inner node Pak for hierarchical cache Hierarchy.
[2022.03.02-10.26.18:967][  0]LogDerivedDataCache: FDerivedDataBackendGraph:  CompressedPak pak cache file ../../../../../../PROJECTS/Unreal/Endless-Runner/EndlessRunner/DerivedDataCache/Compressed.ddp not found, will not use a pak cache.
[2022.03.02-10.26.18:967][  0]LogDerivedDataCache: Unable to find inner node CompressedPak for hierarchical cache Hierarchy.
[2022.03.02-10.26.19:000][  0]LogDerivedDataCache: Display: Pak cache opened for reading ../../../Engine/DerivedDataCache/Compressed.ddp.
[2022.03.02-10.26.19:000][  0]LogDerivedDataCache: FDerivedDataBackendGraph:  EnterprisePak pak cache file ../../../Enterprise/DerivedDataCache/Compressed.ddp not found, will not use a pak cache.
[2022.03.02-10.26.19:000][  0]LogDerivedDataCache: Unable to find inner node EnterprisePak for hierarchical cache Hierarchy.
[2022.03.02-10.26.19:025][  0]LogDerivedDataCache: Speed tests for C:/Users/teodo/AppData/Local/UnrealEngine/Common/DerivedDataCache took 0.02 seconds
[2022.03.02-10.26.19:025][  0]LogDerivedDataCache: Display: Performance to C:/Users/teodo/AppData/Local/UnrealEngine/Common/DerivedDataCache: Latency=0.21ms. RandomReadSpeed=117.45MBs, RandomWriteSpeed=64.84MBs. Assigned SpeedClass 'Local'
[2022.03.02-10.26.19:028][  0]LogDerivedDataCache: Using Local data cache path C:/Users/teodo/AppData/Local/UnrealEngine/Common/DerivedDataCache: Writable
[2022.03.02-10.26.19:028][  0]LogDerivedDataCache: Shared data cache path not found in *engine.ini, will not use an Shared cache.
[2022.03.02-10.26.19:028][  0]LogDerivedDataCache: Unable to find inner node Shared for hierarchical cache Hierarchy.
[2022.03.02-10.26.19:103][  0]LogSlate: Using FreeType 2.10.0
[2022.03.02-10.26.19:106][  0]LogSlate: SlateFontServices - WITH_FREETYPE: 1, WITH_HARFBUZZ: 1
[2022.03.02-10.26.19:320][  0]LogInit: Using OS detected language (en-GB).
[2022.03.02-10.26.19:320][  0]LogInit: Using OS detected locale (en-US).
[2022.03.02-10.26.19:320][  0]LogTextLocalizationManager: No localization for 'en-GB' exists, so 'en' will be used for the language.
[2022.03.02-10.26.19:320][  0]LogTextLocalizationManager: No localization for 'en-US' exists, so 'en' will be used for the locale.
[2022.03.02-10.26.19:320][  0]LogSlate: FontCache flush requested. Reason: Culture for localization was changed
[2022.03.02-10.26.19:320][  0]LogSlate: FontCache flush requested. Reason: Culture for localization was changed
[2022.03.02-10.26.19:330][  0]LogTextLocalizationManager: Compacting localization data took   0.28ms
[2022.03.02-10.26.19:330][  0]LogAssetRegistry: FAssetRegistry took 0.0047 seconds to start up
[2022.03.02-10.26.19:880][  0]LogPackageLocalizationCache: Processed 27 localized package path(s) for 1 prioritized culture(s) in 0.001415 seconds
[2022.03.02-10.26.19:980][  0]LogInit: Selected Device Profile: [Windows]
[2022.03.02-10.26.19:980][  0]LogInit: Active device profile: [000001D0EF748700][000001D0E89A2D80 49] Windows
[2022.03.02-10.26.19:980][  0]LogInit: Profiles: [000001D0EF748700][000001D0E89A2D80 49] Windows, [000001D0EF707700][000001D0E8B44F00 49] WindowsNoEditor, [000001D0EF74B300][000001D0E8B49080 49] WindowsServer, [000001D0EF704F00][000001D0E8B4D200 49] WindowsClient, [000001D0EF74B500][000001D0E86DF380 49] IOS, [000001D0EF6FBF00][000001D0E86E3500 49] iPadAir, [000001D0EF707B00][000001D0E86E7680 49] iPadAir2, [000001D0EF6AC500][000001D0E86EB8C0 49] IPadPro, [000001D0EF6AC600][000001D0E8B41900 49] iPadAir3, [000001D0EF6F8100][000001D0E86EFA40 49] iPadAir4, [000001D0EF6AEC00][000001D0E86F7BC0 49] iPadMini2, [000001D0EF6FA500][000001D0E86FA1C0 49] iPadMini3, [000001D0EF6AF400][000001D0E86FE340 49] iPadMini4, [000001D0EF6F8F00][000001D0E87024C0 49] iPadMini5, [000001D0EF69FE00][000001D0E870A780 49] iPhone6, [000001D0EF69FF00][000001D0E87067C0 49] iPodTouch6, [000001D0EF74B900][000001D0E8712A80 49] iPhone7, [000001D0EF74A100][000001D0E870EAC0 49] iPodTouch7, [000001D0EF69C400][000001D0E8716C40 49] iPhone5S, [000001D0EF6AFD00][000001D0E871ADC0 49] iPhone6Plus, [000001D0EF74B400][000001D0E871EF40 49] iPhone6S, [000001D0EF6AE000][000001D0E87230C0 49] iPhone6SPlus, [000001D0EF748900][000001D0E8727240 49] iPhone7Plus, [000001D0EF6ACE00][000001D0E872B3C0 49] iPhoneSE, [000001D0EF748200][000001D0E872F540 49] iPhone8, [000001D0EF6AE400][000001D0E87336C0 49] iPhone8Plus, [000001D0EF749E00][000001D0E8737840 49] iPhoneX, [000001D0EF6AFE00][000001D0E86F3980 49] iPhoneXS, [000001D0EF749600][000001D0E873BAC0 49] iPhoneXSMax, [000001D0EF6AE500][000001D0E873FC00 49] iPhoneXR, [000001D0EF74AA00][000001D0E87421C0 49] iPhone11, [000001D0EF6AFA00][000001D0E874A340 49] iPhone11Pro, [000001D0EF748F00][000001D0E874E4C0 49] iPhone11ProMax, [000001D0EF6AE300][000001D0E8752640 49] iPhoneSE2, [000001D0EF74A700][000001D0E87567C0 49] iPhone12Mini, [000001D0EF6AC700][000001D0E875A940 49] iPhone12, [000001D0EF74B100][000001D0E875EAC0 49] iPhone12Pro, [000001D0EF6AF500][000001D0E8762C40 49] iPhone12ProMax, [000001D0EF748800][000001D0E8766DC0 49] iPadPro105, [000001D0EF6ADC00][000001D0E876AF40 49] iPadPro129, [000001D0EF748300][000001D0E876F0C0 49] iPadPro97, [000001D0EF6ADD00][000001D0E8773240 49] iPadPro2_129, [000001D0EF748C00][000001D0E87773C0 49] iPad5, [000001D0EF6AF000][000001D0E877B540 49] iPad6, [000001D0EF74AC00][000001D0E877F6C0 49] iPad7, [000001D0EF6AEE00][000001D0E8783840 49] iPad8, [000001D0EF74BE00][000001D0E87879C0 49] iPadPro11, [000001D0EF6AD900][000001D0E8747B00 49] iPadPro2_11, [000001D0EF749800][000001D0E878A0C0 49] iPadPro3_129, [000001D0EF6ACC00][000001D0E878E200 49] iPadPro4_129, [000001D0EF74A400][000001D0E8792340 49] AppleTV, [000001D0EF6AF700][000001D0E879A4C0 49] AppleTV4K, [000001D0EF749B00][000001D0E879E640 49] TVOS, [000001D0EF6AD000][000001D0E87A27C0 49] Mac, [000001D0EF749F00][000001D0E87A6940 49] MacClient, [000001D0EF6AEB00][000001D0E87AAAC0 49] MacNoEditor, [000001D0EF748D00][000001D0E87AEC40 49] MacServer, [000001D0EF6AF300][000001D0E87B2DC0 49] Linux, [000001D0EF748B00][000001D0E87B6F40 49] LinuxAArch64, [000001D0EF6AE100][000001D0E87BB0C0 49] LinuxNoEditor, [000001D0EF749700][000001D0E87BF240 49] LinuxAArch64NoEditor, [000001D0EF6ADA00][000001D0E87C33C0 49] LinuxClient, [000001D0EF749000][000001D0E87C7540 49] LinuxAArch64Client, [000001D0EF6AD400][000001D0E87CB6C0 49] LinuxServer, [000001D0EF74B000][000001D0E8CFD840 49] LinuxAArch64Server, [000001D0EF6AD600][000001D0E8D019C0 49] Android, [000001D0EF6FB900][000001D0E8D05B40 49] Android_Low, [000001D0EF69DB00][000001D0E8D08140 49] Android_Mid, [000001D0EF6FB000][000001D0E8796280 49] Android_High, [000001D0EF69F900][000001D0E8D0C3C0 49] Android_Default, [000001D0EF6FA000][000001D0E8D10500 49] Android_Adreno4xx, [000001D0EF69FB00][000001D0E8D18680 49] Android_Adreno5xx_Low, [000001D0EF6F8B00][000001D0E8D1C800 49] Android_Adreno5xx, [000001D0EF69D800][000001D0E8D20980 49] Android_Adreno6xx, [000001D0EF6F9100][000001D0E8D24B00 49] Android_Adreno6xx_Vulkan, [000001D0EF69C800][000001D0E8D28C80 49] Android_Mali_T6xx, [000001D0EF6FB600][000001D0E8D2CE00 49] Android_Mali_T7xx, [000001D0EF69CD00][000001D0E8D30F80 49] Android_Mali_T8xx, [000001D0EF6FBC00][000001D0E8D35100 49] Android_Mali_G71, [000001D0EF69C900][000001D0E8D39280 49] Android_Mali_G72, [000001D0EF6FBE00][000001D0E8D3D400 49] Android_Mali_G72_Vulkan, [000001D0EF69D900][000001D0E8D41580 49] Android_Mali_G76, [000001D0EF6FBA00][000001D0E8D45700 49] Android_Mali_G76_Vulkan, [000001D0EF69F600][000001D0E8D49880 49] Android_Mali_G77, [000001D0EF6FA200][000001D0E8D4DA00 49] Android_Mali_G77_Vulkan, [000001D0EF69D200][000001D0E8D51B80 49] Android_Mali_G78, [000001D0EF6F8A00][000001D0E8D54180 49] Android_Mali_G78_Vulkan, [000001D0EF69F000][000001D0E8D58300 49] Android_Mali_G710, [000001D0EF6F9400][000001D0E8D14440 49] Android_Mali_G710_Vulkan, [000001D0EF69C600][000001D0E8D5C580 49] Android_Vulkan_SM5, [000001D0EF6F9800][000001D0E8D606C0 49] Android_PowerVR_G6xxx, [000001D0EF69CE00][000001D0E8D68840 49] Android_PowerVR_GT7xxx, [000001D0EF6F8200][000001D0E8D6C9C0 49] Android_PowerVR_GE8xxx, [000001D0EF69C100][000001D0E8D70B40 49] Android_PowerVR_GM9xxx, [000001D0EF6FA600][000001D0E8D74CC0 49] Android_PowerVR_GM9xxx_Vulkan, [000001D0EF6AF800][000001D0E8D78E40 49] Android_TegraK1, [000001D0EF6FAA00][000001D0E8D7CFC0 49] Android_Unknown_Vulkan, [000001D0EF6ACF00][000001D0E8D81140 49] Lumin, [000001D0EF6F9200][000001D0E8D852C0 49] Lumin_Desktop, [000001D0EF6AC400][000001D0E8D89440 49] HoloLens, 
[2022.03.02-10.26.20:085][  0]LogMeshReduction: Using QuadricMeshReduction for automatic static mesh reduction
[2022.03.02-10.26.20:085][  0]LogMeshReduction: Using SimplygonMeshReduction for automatic skeletal mesh reduction
[2022.03.02-10.26.20:085][  0]LogMeshReduction: Using ProxyLODMeshReduction for automatic mesh merging
[2022.03.02-10.26.20:085][  0]LogMeshReduction: No distributed automatic mesh merging module available
[2022.03.02-10.26.20:087][  0]LogMeshMerging: No distributed automatic mesh merging module available
[2022.03.02-10.26.20:285][  0]LogNetVersion: EndlessRunner 1.0.0, NetCL: 17155196, EngineNetVer: 17, GameNetVer: 0 (Checksum: 1331125288)
[2022.03.02-10.26.20:797][  0]LogTexture: Default maximum texture size for cubemaps generated from long-lat sources has been changed from 512 to unlimited. In order to preserve old behaiour for '/Engine/MapTemplates/Sky/DaylightAmbientCubemap.DaylightAmbientCubemap', its maximum texture size has been explicitly set to 512.
[2022.03.02-10.26.20:912][  0]LogHMD: PokeAHoleMaterial loaded successfully
[2022.03.02-10.26.21:187][  0]LogMoviePlayer: Initializing movie player
[2022.03.02-10.26.21:358][  0]LogNiagaraDebuggerClient: Niagara Debugger Client Initialized | Session: E434AC184C1B0C4EEE144F8EAF24CB0D | Instance: C9FC7204470E7A846AF800BBAE51A780 (LAPTOP-BL73FRTF-18268).
[2022.03.02-10.26.21:410][  0]LogCollectionManager: Loaded 0 collections in 0.002122 seconds
[2022.03.02-10.26.21:414][  0]LogFileCache: Scanning file cache for directory 'C:/PROJECTS/Unreal/Endless-Runner/EndlessRunner/Saved/Collections/' took 0.00s
[2022.03.02-10.26.21:414][  0]LogFileCache: Scanning file cache for directory 'C:/PROJECTS/Unreal/Endless-Runner/EndlessRunner/Content/Developers/teodo/Collections/' took 0.00s
[2022.03.02-10.26.21:414][  0]LogFileCache: Scanning file cache for directory 'C:/PROJECTS/Unreal/Endless-Runner/EndlessRunner/Content/Collections/' took 0.00s
[2022.03.02-10.26.21:414][  0]LogCollectionManager: Fixed up redirectors for 0 collections in 0.000002 seconds (updated 0 objects)
[2022.03.02-10.26.21:734][  0]LogUdpMessaging: Initializing bridge on interface 0.0.0.0:0 to multicast group 230.0.0.1:6666.
[2022.03.02-10.26.21:752][  0]LogTcpMessaging: Initializing TcpMessaging bridge
[2022.03.02-10.26.21:814][  0]LogPython: Using Python 3.7.7
[2022.03.02-10.26.23:373][  0]SourceControl: Source control is disabled
[2022.03.02-10.26.23:373][  0]SourceControl: Source control is disabled
[2022.03.02-10.26.23:378][  0]SourceControl: Source control is disabled
[2022.03.02-10.26.23:383][  0]LogUProjectInfo: Found projects:
[2022.03.02-10.26.23:661][  0]LogAndroidPermission: UAndroidPermissionCallbackProxy::GetInstance
[2022.03.02-10.26.23:732][  0]LogAudioCaptureCore: Display: No Audio Capture implementations found. Audio input will be silent.
[2022.03.02-10.26.23:732][  0]LogAudioCaptureCore: Display: No Audio Capture implementations found. Audio input will be silent.
[2022.03.02-10.26.23:864][  0]LogOpenImageDenoise: OIDN starting up
[2022.03.02-10.26.24:024][  0]LogOcInput: OculusInput pre-init called
[2022.03.02-10.26.24:049][  0]LogUObjectArray: 22121 objects as part of root set at end of initial load.
[2022.03.02-10.26.24:049][  0]LogUObjectAllocator: 5975632 out of 0 bytes used by permanent object pool.
[2022.03.02-10.26.24:049][  0]LogUObjectArray: CloseDisregardForGC: 0/0 objects in disregard for GC pool
[2022.03.02-10.26.24:226][  0]LogEngine: Initializing Engine...
[2022.03.02-10.26.24:334][  0]LogHMD: Optional extension XR_VARJO_quad_views is not available
[2022.03.02-10.26.24:335][  0]LogHMD: Warning: Required extension XR_EXT_eye_gaze_interaction is not available
[2022.03.02-10.26.24:335][  0]LogHMD: Could not enable all required OpenXR extensions for OpenXREyeTracker on current system. This plugin will be loaded but ignored, but will be enabled on a target platform that supports the required extension.
[2022.03.02-10.26.24:840][  0]LogHMD: Failed to get an OpenXR system, result is XR_ERROR_FORM_FACTOR_UNAVAILABLE. Please check that your runtime supports VR headsets.
[2022.03.02-10.26.24:841][  0]LogHMD: Failed to initialize OpenVR with code 101
[2022.03.02-10.26.24:841][  0]LogMagicLeap: Warning: VR disabled because ZI is not enabled.  To enable, in the editor, Edit -> Project Settings -> Plugins -> Magic Leap Plugin -> Enable Zero Iteration
[2022.03.02-10.26.24:845][  0]LogStats: UGameplayTagsManager::InitializeManager -  0.000 s
[2022.03.02-10.26.25:070][  0]LogInit: Initializing FReadOnlyCVARCache
[2022.03.02-10.26.25:070][  0]LogAudio: Display: Initializing Audio Device Manager...
[2022.03.02-10.26.25:079][  0]LogAudio: Display: Loading Default Audio Settings Objects...
[2022.03.02-10.26.25:081][  0]LogAudio: Display: No default SoundConcurrencyObject specified (or failed to load).
[2022.03.02-10.26.25:085][  0]LogAudio: Display: Audio Device Manager Initialized
[2022.03.02-10.26.25:085][  0]LogAudio: Display: Creating Audio Device:                 Id: 1, Scope: Shared, Realtime: True
[2022.03.02-10.26.25:085][  0]LogAudioMixer: Display: Audio Mixer Platform Settings:
[2022.03.02-10.26.25:085][  0]LogAudioMixer: Display: 	Sample Rate:						  48000
[2022.03.02-10.26.25:085][  0]LogAudioMixer: Display: 	Callback Buffer Frame Size Requested: 1024
[2022.03.02-10.26.25:085][  0]LogAudioMixer: Display: 	Callback Buffer Frame Size To Use:	  1024
[2022.03.02-10.26.25:085][  0]LogAudioMixer: Display: 	Number of buffers to queue:			  2
[2022.03.02-10.26.25:085][  0]LogAudioMixer: Display: 	Max Channels (voices):				  32
[2022.03.02-10.26.25:085][  0]LogAudioMixer: Display: 	Number of Async Source Workers:		  0
[2022.03.02-10.26.25:085][  0]LogAudio: Display: AudioDevice MaxSources: 32
[2022.03.02-10.26.25:086][  0]LogAudio: Display: Audio Spatialization Plugin: None (built-in).
[2022.03.02-10.26.25:086][  0]LogAudio: Display: Audio Reverb Plugin: None (built-in).
[2022.03.02-10.26.25:086][  0]LogAudio: Display: Audio Occlusion Plugin: None (built-in).
[2022.03.02-10.26.25:086][  0]LogAudioMixer: Display: Initializing audio mixer.
[2022.03.02-10.26.25:129][  0]LogAudioMixer: Display: 0: FrontLeft
[2022.03.02-10.26.25:129][  0]LogAudioMixer: Display: 1: FrontRight
[2022.03.02-10.26.25:336][  0]LogAudioMixer: Display: Using Audio Device Speakers (Realtek(R) Audio)
[2022.03.02-10.26.25:346][  0]LogAudioMixer: Display: Initializing Sound Submixes...
[2022.03.02-10.26.25:351][  0]LogAudioMixer: Display: Creating Master Submix 'MasterSubmixDefault'
[2022.03.02-10.26.25:351][  0]LogAudioMixer: Display: Creating Master Submix 'MasterReverbSubmixDefault'
[2022.03.02-10.26.25:352][  0]LogAudioMixer: Display: Creating Master Submix 'MasterEQSubmixDefault'
[2022.03.02-10.26.25:352][  0]LogAudioMixer: FMixerPlatformXAudio2::StartAudioStream() called
[2022.03.02-10.26.25:352][  0]LogAudioMixer: Display: Output buffers initialized: Frames=1024, Channels=2, Samples=2048
[2022.03.02-10.26.25:354][  0]LogAudioMixer: Display: Starting AudioMixerPlatformInterface::RunInternal()
[2022.03.02-10.26.25:354][  0]LogAudioMixer: Display: FMixerPlatformXAudio2::SubmitBuffer() called for the first time
[2022.03.02-10.26.25:354][  0]LogInit: FAudioDevice initialized.
[2022.03.02-10.26.25:356][  0]LogNetVersion: Set ProjectVersion to 1.0.0.0. Version Checksum will be recalculated on next use.
[2022.03.02-10.26.25:357][  0]LogInit: Texture streaming: Enabled
[2022.03.02-10.26.25:508][  0]LogAudio: Display: Audio Device (ID: 1) registered with world 'Untitled'.
[2022.03.02-10.26.25:510][  0]LogSlate: Updating window title bar state: overlay mode, drag disabled, window buttons hidden, title bar hidden
[2022.03.02-10.26.25:511][  0]LogInit: Display: Game Engine Initialized.
[2022.03.02-10.26.25:513][  0]LogNiagaraEditor: GEditor isn't valid! Particle reset commands will not work for Niagara components!
[2022.03.02-10.26.25:805][  0]LogInit: Display: Starting Game.
[2022.03.02-10.26.25:806][  0]LogNet: Browse: /Game/--NEW--/Maps/Menu?Name=Player
[2022.03.02-10.26.25:807][  0]LogLoad: LoadMap: /Game/--NEW--/Maps/Menu?Name=Player
[2022.03.02-10.26.25:807][  0]LogWorld: BeginTearingDown for /Temp/Untitled_0
[2022.03.02-10.26.25:812][  0]LogWorld: UWorld::CleanupWorld for Untitled, bSessionEnded=true, bCleanupResources=true
[2022.03.02-10.26.25:812][  0]LogSlate: InvalidateAllWidgets triggered.  All widgets were invalidated
[2022.03.02-10.26.25:825][  0]LogAudio: Display: Audio Device unregistered from world 'None'.
[2022.03.02-10.26.25:833][  0]LogUObjectHash: Compacting FUObjectHashTables data took   2.56ms
[2022.03.02-10.26.25:895][  0]LogAudio: Display: Audio Device (ID: 1) registered with world 'Menu'.
[2022.03.02-10.26.25:920][  0]LogAIModule: Creating AISystem for world Menu
[2022.03.02-10.26.25:998][  0]LogLoad: Game class is 'ThirdPersonGameMode_C'
[2022.03.02-10.26.26:000][  0]LogWorld: Bringing World /Game/--NEW--/Maps/Menu.Menu up for play (max tick rate 0) at 2022.03.02-10.26.26
[2022.03.02-10.26.26:001][  0]LogWorld: Bringing up level for play took: 0.001974
[2022.03.02-10.26.26:002][  0]LogGameMode: FindPlayerStart: PATHS NOT DEFINED or NO PLAYERSTART with positive rating
[2022.03.02-10.26.26:010][  0]LogLoad: Took 0.202806 seconds to LoadMap(/Game/--NEW--/Maps/Menu)
[2022.03.02-10.26.26:078][  0]LogSlate: Took 0.000890 seconds to synchronously load lazily loaded font '../../../Engine/Content/Slate/Fonts/Roboto-Regular.ttf' (155K)
[2022.03.02-10.26.26:134][  0]LogRenderer: Reallocating scene render targets to support 1280x720 Format 10 NumSamples 1 (Frame:1).
[2022.03.02-10.26.26:134][  0]LogInit: Display: Engine is initialized. Leaving FEngineLoop::Init()
[2022.03.02-10.26.26:134][  0]LogLoad: (Engine Initialization) Total time: 16.11 seconds
[2022.03.02-10.26.26:134][  0]LogLoad: (Engine Initialization) Total Blueprint compile time: 0.00 seconds
[2022.03.02-10.26.26:143][  0]LogContentStreaming: Texture pool size now 1000 MB
[2022.03.02-10.26.26:147][  0]LogSlate: InvalidateAllWidgets triggered.  All widgets were invalidated
[2022.03.02-10.26.26:322][  1]LogSlate: Took 0.000158 seconds to synchronously load lazily loaded font '../../../Engine/Content/Slate/Fonts/Roboto-Regular.ttf' (155K)
[2022.03.02-10.26.46:898][490]LogPackageName: SearchForPackageOnDisk took   0.515s to resolve ThirdPersonExampleMap.umap.
[2022.03.02-10.26.47:081][490]LogPackageName: SearchForPackageOnDisk took   0.182s to resolve ThirdPersonExampleMap.umap.
[2022.03.02-10.26.47:081][490]LogNet: Browse: /Game/--NEW--/Maps/ThirdPersonExampleMap
[2022.03.02-10.26.47:082][490]LogLoad: LoadMap: /Game/--NEW--/Maps/ThirdPersonExampleMap
[2022.03.02-10.26.47:082][490]LogWorld: BeginTearingDown for /Game/--NEW--/Maps/Menu
[2022.03.02-10.26.47:089][490]LogWorld: UWorld::CleanupWorld for Menu, bSessionEnded=true, bCleanupResources=true
[2022.03.02-10.26.47:090][490]LogSlate: InvalidateAllWidgets triggered.  All widgets were invalidated
[2022.03.02-10.26.47:126][490]LogAudio: Display: Waited 35.537998 ms for audio thread.
[2022.03.02-10.26.47:136][490]LogAudio: Display: Waited 45.993298 ms for audio thread.
[2022.03.02-10.26.47:146][490]LogAudio: Display: Audio Device unregistered from world 'None'.
[2022.03.02-10.26.47:170][490]LogUObjectHash: Compacting FUObjectHashTables data took   1.69ms
[2022.03.02-10.26.48:339][490]LogBlueprint: Warning: USimpleConstructionScript::FixupRootNodeParentReferences() - Couldn't find inherited parent component 'DefaultSceneRoot' for 'Sphere' in BlueprintGeneratedClass 'BootBoost_C' (it may have been removed)
[2022.03.02-10.26.48:349][490]LogAudio: Display: Audio Device (ID: 1) registered with world 'ThirdPersonExampleMap'.
[2022.03.02-10.26.48:350][490]LogAIModule: Creating AISystem for world ThirdPersonExampleMap
[2022.03.02-10.26.48:356][490]LogLoad: Game class is 'ThirdPersonGameMode_C'
[2022.03.02-10.26.49:779][490]LogWorld: Bringing World /Game/--NEW--/Maps/ThirdPersonExampleMap.ThirdPersonExampleMap up for play (max tick rate 0) at 2022.03.02-10.26.49
[2022.03.02-10.26.49:782][490]LogWorld: Bringing up level for play took: 1.425795
[2022.03.02-10.26.49:783][490]LogGameMode: FindPlayerStart: PATHS NOT DEFINED or NO PLAYERSTART with positive rating
[2022.03.02-10.26.49:812][490]LogLoad: Took 2.730904 seconds to LoadMap(/Game/--NEW--/Maps/ThirdPersonExampleMap)
[2022.03.02-10.27.35:963][ 41]LogBlueprintUserMessages: [ThirdPersonCharacter_167] GAME OVER
[2022.03.02-10.27.35:976][ 42]LogBlueprintUserMessages: [ThirdPersonCharacter_167] GAME OVER
[2022.03.02-10.28.06:012][ 84]LogBlueprintUserMessages: [ThirdPersonCharacter_167] GAME OVER
[2022.03.02-10.28.06:023][ 85]LogBlueprintUserMessages: [ThirdPersonCharacter_167] GAME OVER
[2022.03.02-10.28.06:052][ 86]LogBlueprintUserMessages: [ThirdPersonCharacter_167] GAME OVER
[2022.03.02-10.28.12:117][297]LogBlueprintUserMessages: [ThirdPersonCharacter_167] GAME OVER
[2022.03.02-10.28.12:129][298]LogBlueprintUserMessages: [ThirdPersonCharacter_167] GAME OVER
[2022.03.02-10.28.12:155][299]LogBlueprintUserMessages: [ThirdPersonCharacter_167] GAME OVER
[2022.03.02-10.28.36:002][124]LogBlueprintUserMessages: [ThirdPersonCharacter_167] GAME OVER
[2022.03.02-10.28.36:013][125]LogBlueprintUserMessages: [ThirdPersonCharacter_167] GAME OVER
[2022.03.02-10.30.43:021][283]LogSlate: Window 'EndlessRunner (64-bit Development PCD3D_SM5) ' being destroyed
[2022.03.02-10.30.43:024][283]LogWindowsTextInputMethodSystem: Display: IME system deactivated.
[2022.03.02-10.30.43:032][283]LogSlate: Updating window title bar state: overlay mode, drag disabled, window buttons hidden, title bar hidden
[2022.03.02-10.30.43:032][283]LogEngine: All Windows Closed
[2022.03.02-10.30.43:033][283]LogWindows: FPlatformMisc::RequestExit(0)
[2022.03.02-10.30.43:033][283]LogWindows: FPlatformMisc::RequestExitWithStatus(0, 0)
[2022.03.02-10.30.43:033][283]LogCore: Engine exit requested (reason: Win RequestExit)
[2022.03.02-10.30.43:034][284]LogCore: Engine exit requested (reason: EngineExit() was called; note: exit was already requested)
[2022.03.02-10.30.43:034][284]LogInit: Display: PreExit Game.
[2022.03.02-10.30.43:101][284]LogWorld: BeginTearingDown for /Game/--NEW--/Maps/ThirdPersonExampleMap
[2022.03.02-10.30.43:108][284]LogWorld: UWorld::CleanupWorld for ThirdPersonExampleMap, bSessionEnded=true, bCleanupResources=true
[2022.03.02-10.30.43:222][284]LogSlate: InvalidateAllWidgets triggered.  All widgets were invalidated
[2022.03.02-10.30.43:991][284]LogAudio: Display: Beginning Audio Device Manager Shutdown (Module: AudioMixerXAudio2)...
[2022.03.02-10.30.43:991][284]LogAudio: Display: Destroying 1 Remaining Audio Device(s)...
[2022.03.02-10.30.43:992][284]LogAudio: Display: Audio Device unregistered from world 'ThirdPersonExampleMap'.
[2022.03.02-10.30.43:998][284]LogAudioMixer: FMixerPlatformXAudio2::StopAudioStream() called
[2022.03.02-10.30.44:001][284]LogAudioMixer: FMixerPlatformXAudio2::StopAudioStream() called
[2022.03.02-10.30.44:023][284]LogAudio: Display: Audio Device Manager Shutdown
[2022.03.02-10.30.44:037][284]LogExit: Preparing to exit.
[2022.03.02-10.30.44:052][284]LogSlate: Updating window title bar state: overlay mode, drag disabled, window buttons hidden, title bar hidden
[2022.03.02-10.30.44:058][284]LogUObjectHash: Compacting FUObjectHashTables data took   2.38ms
[2022.03.02-10.30.44:909][284]LogMoviePlayer: Shutting down movie player
[2022.03.02-10.30.45:111][284]LogExit: Game engine shut down
[2022.03.02-10.30.45:122][284]LogDemo: Cleaned up 0 splitscreen connections with owner deletion
[2022.03.02-10.30.45:364][284]LogExit: Object subsystem successfully closed.
[2022.03.02-10.30.45:400][284]LogShaderCompilers: Display: === FShaderJobCache stats ===
[2022.03.02-10.30.45:400][284]LogShaderCompilers: Display: Total job queries 0, among them cache hits 0 (0.00%)
[2022.03.02-10.30.45:400][284]LogShaderCompilers: Display: Tracking 0 distinct input hashes that result in 0 distinct outputs (0.00%)
[2022.03.02-10.30.45:400][284]LogShaderCompilers: Display: RAM used: 0.00 MB (0.00 GB) of 409.60 MB (0.40 GB) budget. Usage: 0.00%
[2022.03.02-10.30.45:400][284]LogShaderCompilers: Display: ================================================
[2022.03.02-10.30.45:437][284]LogShaderCompilers: Display: Shaders left to compile 0
[2022.03.02-10.30.45:547][284]LogModuleManager: Shutting down and abandoning module SequenceRecorderSections (558)
[2022.03.02-10.30.45:547][284]LogModuleManager: Shutting down and abandoning module SequenceRecorder (556)
[2022.03.02-10.30.45:547][284]LogModuleManager: Shutting down and abandoning module AutomationController (554)
[2022.03.02-10.30.45:548][284]LogModuleManager: Shutting down and abandoning module AutomationWorker (552)
[2022.03.02-10.30.45:549][284]LogModuleManager: Shutting down and abandoning module Voice (550)
[2022.03.02-10.30.45:549][284]LogModuleManager: Shutting down and abandoning module AIModule (548)
[2022.03.02-10.30.45:549][284]LogModuleManager: Shutting down and abandoning module GameplayDebugger (547)
[2022.03.02-10.30.45:550][284]LogModuleManager: Shutting down and abandoning module AITestSuite (545)
[2022.03.02-10.30.45:550][284]LogModuleManager: Shutting down and abandoning module NavigationSystem (543)
[2022.03.02-10.30.45:550][284]LogModuleManager: Shutting down and abandoning module SteamVREditor (540)
[2022.03.02-10.30.45:550][284]LogModuleManager: Shutting down and abandoning module ToolMenus (539)
[2022.03.02-10.30.45:550][284]LogModuleManager: Shutting down and abandoning module OculusMR (536)
[2022.03.02-10.30.45:550][284]LogModuleManager: Shutting down and abandoning module OpenXRInput (534)
[2022.03.02-10.30.45:550][284]LogModuleManager: Shutting down and abandoning module PlanarCut (532)
[2022.03.02-10.30.45:551][284]LogModuleManager: Shutting down and abandoning module TakeRecorderSources (530)
[2022.03.02-10.30.45:553][284]LogModuleManager: Shutting down and abandoning module TakeRecorder (529)
[2022.03.02-10.30.45:554][284]LogModuleManager: Shutting down and abandoning module TakeTrackRecorders (526)
[2022.03.02-10.30.45:554][284]LogModuleManager: Shutting down and abandoning module TakesCore (524)
[2022.03.02-10.30.45:554][284]LogModuleManager: Shutting down and abandoning module CharacterAI (522)
[2022.03.02-10.30.45:554][284]LogModuleManager: Shutting down and abandoning module MagicLeapMediaCodecFactory (520)
[2022.03.02-10.30.45:554][284]LogModuleManager: Shutting down and abandoning module MagicLeapMediaFactory (518)
[2022.03.02-10.30.45:554][284]LogModuleManager: Shutting down and abandoning module WebMMediaFactory (516)
[2022.03.02-10.30.45:554][284]LogModuleManager: Shutting down and abandoning module WebMMedia (514)
[2022.03.02-10.30.45:554][284]LogModuleManager: Shutting down and abandoning module WmfMediaFactory (512)
[2022.03.02-10.30.45:554][284]LogModuleManager: Shutting down and abandoning module OpenExrWrapper (510)
[2022.03.02-10.30.45:554][284]LogModuleManager: Shutting down and abandoning module ImgMediaFactory (508)
[2022.03.02-10.30.45:554][284]LogModuleManager: Shutting down and abandoning module AvfMediaFactory (506)
[2022.03.02-10.30.45:554][284]LogModuleManager: Shutting down and abandoning module SessionServices (504)
[2022.03.02-10.30.45:554][284]LogModuleManager: Shutting down and abandoning module MovieSceneCapture (502)
[2022.03.02-10.30.45:554][284]LogModuleManager: Shutting down and abandoning module LiveCoding (500)
[2022.03.02-10.30.45:555][284]LogModuleManager: Shutting down and abandoning module LevelSequence (498)
[2022.03.02-10.30.45:555][284]LogModuleManager: Shutting down and abandoning module MovieSceneTracks (496)
[2022.03.02-10.30.45:555][284]LogModuleManager: Shutting down and abandoning module MovieScene (494)
[2022.03.02-10.30.45:556][284]LogModuleManager: Shutting down and abandoning module StreamingPauseRendering (492)
[2022.03.02-10.30.45:557][284]LogModuleManager: Shutting down and abandoning module PortalServices (490)
[2022.03.02-10.30.45:557][284]LogModuleManager: Shutting down and abandoning module PortalRpc (488)
[2022.03.02-10.30.45:557][284]LogModuleManager: Shutting down and abandoning module MessagingRpc (486)
[2022.03.02-10.30.45:557][284]LogModuleManager: Shutting down and abandoning module AudioMixerXAudio2 (484)
[2022.03.02-10.30.45:557][284]LogModuleManager: Shutting down and abandoning module AudioMixerCore (483)
[2022.03.02-10.30.45:557][284]LogModuleManager: Shutting down and abandoning module ImageWriteQueue (480)
[2022.03.02-10.30.45:567][284]LogModuleManager: Shutting down and abandoning module ProfilerService (478)
[2022.03.02-10.30.45:756][284]LogModuleManager: Shutting down and abandoning module TaskGraph (476)
[2022.03.02-10.30.45:758][284]LogModuleManager: Shutting down and abandoning module OculusInput (474)
[2022.03.02-10.30.45:758][284]LogModuleManager: Shutting down and abandoning module Synthesis (472)
[2022.03.02-10.30.45:759][284]LogModuleManager: Shutting down and abandoning module ProceduralMeshComponent (470)
[2022.03.02-10.30.45:759][284]LogModuleManager: Shutting down and abandoning module MobilePatchingUtils (468)
[2022.03.02-10.30.45:759][284]LogModuleManager: Shutting down and abandoning module MotoSynth (466)
[2022.03.02-10.30.45:759][284]LogModuleManager: Shutting down and abandoning module OpenImageDenoise (464)
[2022.03.02-10.30.45:759][284]LogOpenImageDenoise: OIDN shutting down
[2022.03.02-10.30.45:759][284]LogModuleManager: Shutting down and abandoning module TakeMovieScene (462)
[2022.03.02-10.30.45:759][284]LogModuleManager: Shutting down and abandoning module MeshConversion (460)
[2022.03.02-10.30.45:759][284]LogModuleManager: Shutting down and abandoning module DynamicMesh (458)
[2022.03.02-10.30.45:760][284]LogModuleManager: Shutting down and abandoning module GeometryAlgorithms (456)
[2022.03.02-10.30.45:760][284]LogModuleManager: Shutting down and abandoning module GeometricObjects (454)
[2022.03.02-10.30.45:761][284]LogModuleManager: Shutting down and abandoning module CustomMeshComponent (452)
[2022.03.02-10.30.45:761][284]LogModuleManager: Shutting down and abandoning module EditableMesh (450)
[2022.03.02-10.30.45:761][284]LogModuleManager: Shutting down and abandoning module GooglePAD (448)
[2022.03.02-10.30.45:761][284]LogModuleManager: Shutting down and abandoning module AssetTags (446)
[2022.03.02-10.30.45:761][284]LogModuleManager: Shutting down and abandoning module ArchVisCharacter (444)
[2022.03.02-10.30.45:761][284]LogModuleManager: Shutting down and abandoning module AudioCapture (442)
[2022.03.02-10.30.45:761][284]LogModuleManager: Shutting down and abandoning module AudioCaptureRtAudio (441)
[2022.03.02-10.30.45:762][284]LogModuleManager: Shutting down and abandoning module CableComponent (438)
[2022.03.02-10.30.45:762][284]LogModuleManager: Shutting down and abandoning module AppleImageUtilsBlueprintSupport (436)
[2022.03.02-10.30.45:762][284]LogModuleManager: Shutting down and abandoning module AppleImageUtils (434)
[2022.03.02-10.30.45:762][284]LogModuleManager: Shutting down and abandoning module AndroidPermission (432)
[2022.03.02-10.30.45:762][284]LogModuleManager: Shutting down and abandoning module GeometryCollectionTracks (430)
[2022.03.02-10.30.45:762][284]LogModuleManager: Shutting down and abandoning module GeometryCollectionSequencer (429)
[2022.03.02-10.30.45:762][284]LogModuleManager: Shutting down and abandoning module GeometryCacheTracks (426)
[2022.03.02-10.30.45:762][284]LogModuleManager: Shutting down and abandoning module GeometryCacheSequencer (425)
[2022.03.02-10.30.45:762][284]LogModuleManager: Shutting down and abandoning module GeometryCache (422)
[2022.03.02-10.30.45:762][284]LogModuleManager: Shutting down and abandoning module GeometryCacheEd (421)
[2022.03.02-10.30.45:762][284]LogModuleManager: Shutting down and abandoning module ActorLayerUtilities (418)
[2022.03.02-10.30.45:762][284]LogModuleManager: Shutting down and abandoning module ChaosNiagara (416)
[2022.03.02-10.30.45:762][284]LogModuleManager: Shutting down and abandoning module FieldSystemEngine (415)
[2022.03.02-10.30.45:762][284]LogModuleManager: Shutting down and abandoning module BackChannel (412)
[2022.03.02-10.30.45:763][284]LogModuleManager: Shutting down and abandoning module AutomationUtils (410)
[2022.03.02-10.30.45:763][284]LogModuleManager: Shutting down and abandoning module TemplateSequence (408)
[2022.03.02-10.30.45:763][284]LogModuleManager: Shutting down and abandoning module MagicLeapLightEstimation (406)
[2022.03.02-10.30.45:763][284]LogModuleManager: Shutting down and abandoning module MagicLeapSharedWorld (404)
[2022.03.02-10.30.45:763][284]LogModuleManager: Shutting down and abandoning module MagicLeapHelperVulkan (402)
[2022.03.02-10.30.45:763][284]LogModuleManager: Shutting down and abandoning module MagicLeapHelperOpenGL (400)
[2022.03.02-10.30.45:763][284]LogModuleManager: Shutting down and abandoning module MagicLeapAudio (398)
[2022.03.02-10.30.45:763][284]LogModuleManager: Shutting down and abandoning module MediaCompositing (396)
[2022.03.02-10.30.45:763][284]LogModuleManager: Shutting down and abandoning module ImgMedia (394)
[2022.03.02-10.30.45:764][284]LogModuleManager: Shutting down and abandoning module VisualStudioSourceCodeAccess (392)
[2022.03.02-10.30.45:764][284]LogModuleManager: Shutting down and abandoning module HotReload (391)
[2022.03.02-10.30.45:764][284]LogModuleManager: Shutting down and abandoning module UObjectPlugin (388)
[2022.03.02-10.30.45:764][284]LogModuleManager: Shutting down and abandoning module VisualStudioCodeSourceCodeAccess (386)
[2022.03.02-10.30.45:765][284]LogModuleManager: Shutting down and abandoning module SubversionSourceControl (384)
[2022.03.02-10.30.45:766][284]LogModuleManager: Shutting down and abandoning module PerforceSourceControl (382)
[2022.03.02-10.30.45:767][284]LogModuleManager: Shutting down and abandoning module SourceControl (381)
[2022.03.02-10.30.45:768][284]LogModuleManager: Shutting down and abandoning module CLionSourceCodeAccess (378)
[2022.03.02-10.30.45:768][284]LogModuleManager: Shutting down and abandoning module OodleNetworkHandlerComponent (376)
[2022.03.02-10.30.45:768][284]LogModuleManager: Shutting down and abandoning module LiveLinkSequencer (374)
[2022.03.02-10.30.45:768][284]LogModuleManager: Shutting down and abandoning module LiveLinkMovieScene (372)
[2022.03.02-10.30.45:768][284]LogModuleManager: Shutting down and abandoning module LiveLinkGraphNode (370)
[2022.03.02-10.30.45:768][284]LogModuleManager: Shutting down and abandoning module LiveLinkComponents (368)
[2022.03.02-10.30.45:768][284]LogModuleManager: Shutting down and abandoning module LiveLink (366)
[2022.03.02-10.30.46:409][284]LogModuleManager: Shutting down and abandoning module SoundFields (364)
[2022.03.02-10.30.46:409][284]LogModuleManager: Shutting down and abandoning module SignificanceManager (362)
[2022.03.02-10.30.46:409][284]LogModuleManager: Shutting down and abandoning module RuntimePhysXCooking (360)
[2022.03.02-10.30.46:409][284]LogModuleManager: Shutting down and abandoning module PropertyAccessEditor (358)
[2022.03.02-10.30.46:409][284]LogModuleManager: Shutting down and abandoning module PhysXVehiclesEditor (356)
[2022.03.02-10.30.46:409][284]LogModuleManager: Shutting down and abandoning module LocationServicesBPLibrary (352)
[2022.03.02-10.30.46:409][284]LogModuleManager: Shutting down and abandoning module PythonScriptPlugin (350)
[2022.03.02-10.30.46:409][284]LogModuleManager: Shutting down and abandoning module AudioSynesthesia (348)
[2022.03.02-10.30.46:409][284]LogModuleManager: Shutting down and abandoning module AudioSynesthesiaCore (346)
[2022.03.02-10.30.46:409][284]LogModuleManager: Shutting down and abandoning module TcpMessaging (344)
[2022.03.02-10.30.46:511][284]LogModuleManager: Shutting down and abandoning module UdpMessaging (342)
[2022.03.02-10.30.46:612][284]LogModuleManager: Shutting down and abandoning module GameplayTagsEditor (340)
[2022.03.02-10.30.46:613][284]LogModuleManager: Shutting down and abandoning module AssetManagerEditor (338)
[2022.03.02-10.30.46:613][284]LogModuleManager: Shutting down and abandoning module TreeMap (337)
[2022.03.02-10.30.46:614][284]LogModuleManager: Shutting down and abandoning module FacialAnimation (334)
[2022.03.02-10.30.46:614][284]LogModuleManager: Shutting down and abandoning module ActorSequence (332)
[2022.03.02-10.30.46:614][284]LogModuleManager: Shutting down and abandoning module MagicLeapARPin (330)
[2022.03.02-10.30.46:614][284]LogModuleManager: Shutting down and abandoning module MagicLeapHandMeshing (328)
[2022.03.02-10.30.46:614][284]LogModuleManager: Shutting down and abandoning module MagicLeapSecureStorage (326)
[2022.03.02-10.30.46:614][284]LogModuleManager: Shutting down and abandoning module MagicLeapPrivileges (324)
[2022.03.02-10.30.46:614][284]LogModuleManager: Shutting down and abandoning module MagicLeapPlanes (322)
[2022.03.02-10.30.46:615][284]LogMagicLeapPlanes: Planes tracker already destroyed.
[2022.03.02-10.30.46:615][284]LogModuleManager: Shutting down and abandoning module MagicLeapImageTracker (320)
[2022.03.02-10.30.46:615][284]LogModuleManager: Shutting down and abandoning module MagicLeapIdentity (318)
[2022.03.02-10.30.46:615][284]LogModuleManager: Shutting down and abandoning module MagicLeapHandTracking (316)
[2022.03.02-10.30.46:615][284]LogModuleManager: Shutting down and abandoning module MagicLeapEyeTracker (314)
[2022.03.02-10.30.46:615][284]LogModuleManager: Shutting down and abandoning module MagicLeapController (312)
[2022.03.02-10.30.46:615][284]LogModuleManager: Shutting down and abandoning module MagicLeapARPinImpl (310)
[2022.03.02-10.30.46:615][284]LogModuleManager: Shutting down and abandoning module MagicLeapAR (308)
[2022.03.02-10.30.46:615][284]LogModuleManager: Shutting down and abandoning module ImgMediaEngine (306)
[2022.03.02-10.30.46:615][284]LogModuleManager: Shutting down and abandoning module PropertyAccessNode (304)
[2022.03.02-10.30.46:616][284]LogModuleManager: Shutting down and abandoning module AnimationSharing (302)
[2022.03.02-10.30.46:616][284]LogModuleManager: Shutting down and abandoning module EnvironmentQueryEditor (300)
[2022.03.02-10.30.46:616][284]LogModuleManager: Shutting down and abandoning module NiagaraAnimNotifies (298)
[2022.03.02-10.30.46:616][284]LogModuleManager: Shutting down and abandoning module Niagara (296)
[2022.03.02-10.30.46:618][284]LogModuleManager: Shutting down and abandoning module SignalProcessing (295)
[2022.03.02-10.30.46:618][284]LogModuleManager: Shutting down and abandoning module NiagaraEditor (293)
[2022.03.02-10.30.46:619][284]LogModuleManager: Shutting down and abandoning module ContentBrowser (292)
[2022.03.02-10.30.46:621][284]LogModuleManager: Shutting down and abandoning module CollectionManager (291)
[2022.03.02-10.30.46:622][284]LogModuleManager: Shutting down and abandoning module DirectoryWatcher (290)
[2022.03.02-10.30.46:622][284]LogModuleManager: Shutting down and abandoning module ContentBrowserData (287)
[2022.03.02-10.30.46:622][284]LogModuleManager: Shutting down and abandoning module NiagaraCore (282)
[2022.03.02-10.30.46:622][284]LogModuleManager: Shutting down and abandoning module GameplayCameras (280)
[2022.03.02-10.30.46:622][284]LogModuleManager: Shutting down and abandoning module LightPropagationVolumeRuntime (278)
[2022.03.02-10.30.46:622][284]LogModuleManager: Shutting down and abandoning module Paper2D (276)
[2022.03.02-10.30.46:623][284]LogModuleManager: Shutting down and abandoning module WindowsMoviePlayer (274)
[2022.03.02-10.30.46:628][284]LogModuleManager: Shutting down and abandoning module WebMMoviePlayer (272)
[2022.03.02-10.30.46:628][284]LogModuleManager: Shutting down and abandoning module NetworkReplayStreaming (270)
[2022.03.02-10.30.46:628][284]LogModuleManager: Shutting down and abandoning module PacketHandler (268)
