Log file open, 03/03/22 19:44:11
LogWindows: Failed to load 'aqProf.dll' (GetLastError=126)
LogWindows: File 'aqProf.dll' does not exist
LogWindows: Failed to load 'VtuneApi.dll' (GetLastError=126)
LogWindows: File 'VtuneApi.dll' does not exist
LogWindows: Failed to load 'VtuneApi32e.dll' (GetLastError=126)
LogWindows: File 'VtuneApi32e.dll' does not exist
LogConsoleResponse: Display: Failed to find resolution value strings in scalability ini. Falling back to default.
LogConsoleResponse: Display: Failed to find resolution value strings in scalability ini. Falling back to default.
LogInit: Display: Running engine for game: EndlessRunner
LogPlatformFile: Not using cached read wrapper
LogTaskGraph: Started task graph with 5 named threads and 35 total threads with 3 sets of task threads.
LogStats: Stats thread started at 0.547220
LogICUInternationalization: ICU TimeZone Detection - Raw Offset: +0:00, Platform Override: ''
LogInit: Display: Loading text-based GConfig....
LogPluginManager: Mounting plugin MeshPainting
LogPluginManager: Mounting plugin XGEController
LogPluginManager: Mounting plugin LightPropagationVolume
LogPluginManager: Mounting plugin AISupport
LogPluginManager: Mounting plugin Paper2D
LogPluginManager: Mounting plugin EnvironmentQueryEditor
LogPluginManager: Mounting plugin LiveLink
LogPluginManager: Mounting plugin CameraShakePreviewer
LogPluginManager: Mounting plugin OodleData
LogPluginManager: Mounting plugin OodleNetwork
LogPluginManager: Mounting plugin Niagara
LogPluginManager: Mounting plugin GameplayCameras
LogPluginManager: Mounting plugin DatasmithContent
LogPluginManager: Mounting plugin LuminPlatformFeatures
LogPluginManager: Mounting plugin VariantManagerContent
LogPluginManager: Mounting plugin MagicLeapLightEstimation
LogPluginManager: Mounting plugin MagicLeap
LogPluginManager: Mounting plugin MagicLeapMedia
LogPluginManager: Mounting plugin MLSDK
LogPluginManager: Mounting plugin AssetManagerEditor
LogPluginManager: Mounting plugin MagicLeapPassableWorld
LogPluginManager: Mounting plugin CryptoKeys
LogPluginManager: Mounting plugin CurveEditorTools
LogPluginManager: Mounting plugin DataValidation
LogPluginManager: Mounting plugin GameplayTagsEditor
LogPluginManager: Mounting plugin MaterialAnalyzer
LogPluginManager: Mounting plugin MacGraphicsSwitching
LogPluginManager: Mounting plugin GeometryMode
LogPluginManager: Mounting plugin FacialAnimation
LogPluginManager: Mounting plugin PluginBrowser
LogPluginManager: Mounting plugin SpeedTreeImporter
LogPluginManager: Mounting plugin MobileLauncherProfileWizard
LogPluginManager: Mounting plugin OnlineSubsystem
LogPluginManager: Mounting plugin AnimationSharing
LogPluginManager: Mounting plugin OnlineSubsystemNull
LogPluginManager: Mounting plugin OnlineSubsystemUtils
LogPluginManager: Mounting plugin CodeLiteSourceCodeAccess
LogPluginManager: Mounting plugin CLionSourceCodeAccess
LogPluginManager: Mounting plugin KDevelopSourceCodeAccess
LogPluginManager: Mounting plugin GitSourceControl
LogPluginManager: Mounting plugin NullSourceCodeAccess
LogPluginManager: Mounting plugin PerforceSourceControl
LogPluginManager: Mounting plugin PixWinPlugin
LogPluginManager: Mounting plugin PlasticSourceControl
LogPluginManager: Mounting plugin PluginUtils
LogPluginManager: Mounting plugin PropertyAccessNode
LogPluginManager: Mounting plugin TextureFormatOodle
LogPluginManager: Mounting plugin RiderSourceCodeAccess
LogPluginManager: Mounting plugin SubversionSourceControl
LogPluginManager: Mounting plugin UObjectPlugin
LogPluginManager: Mounting plugin VisualStudioCodeSourceCodeAccess
LogPluginManager: Mounting plugin XCodeSourceCodeAccess
LogPluginManager: Mounting plugin VisualStudioSourceCodeAccess
LogPluginManager: Mounting plugin LauncherChunkInstaller
LogPluginManager: Mounting plugin TcpMessaging
LogPluginManager: Mounting plugin UdpMessaging
LogPluginManager: Mounting plugin AndroidMedia
LogPluginManager: Mounting plugin AvfMedia
LogPluginManager: Mounting plugin MediaCompositing
LogPluginManager: Mounting plugin ImgMedia
LogPluginManager: Mounting plugin MediaPlayerEditor
LogPluginManager: Mounting plugin ActorSequence
LogPluginManager: Mounting plugin WebMMedia
LogPluginManager: Mounting plugin WmfMedia
LogPluginManager: Mounting plugin LevelSequenceEditor
LogPluginManager: Mounting plugin MatineeToLevelSequence
LogPluginManager: Mounting plugin TemplateSequence
LogPluginManager: Mounting plugin AlembicImporter
LogPluginManager: Mounting plugin AutomationUtils
LogPluginManager: Mounting plugin BackChannel
LogPluginManager: Mounting plugin ChaosCloth
LogPluginManager: Mounting plugin ChaosClothEditor
LogPluginManager: Mounting plugin ChaosSolverPlugin
LogPluginManager: Mounting plugin ChaosEditor
LogPluginManager: Mounting plugin ChaosNiagara
LogPluginManager: Mounting plugin CharacterAI
LogPluginManager: Mounting plugin GeometryCache
LogPluginManager: Mounting plugin GeometryCollectionPlugin
LogPluginManager: Mounting plugin GeometryProcessing
LogPluginManager: Mounting plugin ScreenshotTools
LogPluginManager: Mounting plugin MotoSynth
LogPluginManager: Mounting plugin OpenImageDenoise
LogPluginManager: Mounting plugin PlanarCut
LogPluginManager: Mounting plugin PythonScriptPlugin
LogPluginManager: Mounting plugin ProxyLODPlugin
LogPluginManager: Mounting plugin PlatformCrypto
LogPluginManager: Mounting plugin SkeletalReduction
LogPluginManager: Mounting plugin ActorLayerUtilities
LogPluginManager: Mounting plugin AndroidDeviceProfileSelector
LogPluginManager: Mounting plugin AndroidPermission
LogPluginManager: Mounting plugin AndroidMoviePlayer
LogPluginManager: Mounting plugin AppleImageUtils
LogPluginManager: Mounting plugin ArchVisCharacter
LogPluginManager: Mounting plugin AssetTags
LogPluginManager: Mounting plugin AudioCapture
LogPluginManager: Mounting plugin AppleMoviePlayer
LogPluginManager: Mounting plugin AudioSynesthesia
LogPluginManager: Mounting plugin CustomMeshComponent
LogPluginManager: Mounting plugin ChunkDownloader
LogPluginManager: Mounting plugin CableComponent
LogPluginManager: Mounting plugin ExampleDeviceProfileSelector
LogPluginManager: Mounting plugin EditableMesh
LogPluginManager: Mounting plugin GoogleCloudMessaging
LogPluginManager: Mounting plugin GooglePAD
LogPluginManager: Mounting plugin Takes
LogPluginManager: Mounting plugin LinuxDeviceProfileSelector
LogPluginManager: Mounting plugin LocationServicesBPLibrary
LogPluginManager: Mounting plugin IOSDeviceProfileSelector
LogPluginManager: Mounting plugin OpenXR
LogPluginManager: Mounting plugin OpenXREyeTracker
LogPluginManager: Mounting plugin OpenXRHandTracking
LogPluginManager: Mounting plugin MobilePatchingUtils
LogPluginManager: Mounting plugin PostSplashScreen
LogPluginManager: Mounting plugin PhysXVehicles
LogPluginManager: Mounting plugin ProceduralMeshComponent
LogPluginManager: Mounting plugin PropertyAccessEditor
LogPluginManager: Mounting plugin SoundFields
LogPluginManager: Mounting plugin SignificanceManager
LogPluginManager: Mounting plugin RuntimePhysXCooking
LogPluginManager: Mounting plugin Synthesis
LogPluginManager: Mounting plugin WebMMoviePlayer
LogPluginManager: Mounting plugin WindowsMoviePlayer
LogPluginManager: Mounting plugin ContentBrowserAssetDataSource
LogPluginManager: Mounting plugin ContentBrowserClassDataSource
LogPluginManager: Mounting plugin ContentBrowserFileDataSource
LogPluginManager: Mounting plugin OnlineSubsystemIOS
LogPluginManager: Mounting plugin OnlineSubsystemGooglePlay
LogPluginManager: Mounting plugin OculusVR
LogPluginManager: Mounting plugin SteamVR
LogInit: Using libcurl 7.55.1-DEV
LogInit:  - built for x86_64-pc-win32
LogInit:  - supports SSL with OpenSSL/1.1.1
LogInit:  - supports HTTP deflate (compression) using libz 1.2.8
LogInit:  - other features:
LogInit:      CURL_VERSION_SSL
LogInit:      CURL_VERSION_LIBZ
LogInit:      CURL_VERSION_IPV6
LogInit:      CURL_VERSION_ASYNCHDNS
LogInit:      CURL_VERSION_LARGEFILE
LogInit:      CURL_VERSION_IDN
LogInit:  CurlRequestOptions (configurable via config and command line):
LogInit:  - bVerifyPeer = true  - Libcurl will verify peer certificate
LogInit:  - bUseHttpProxy = false  - Libcurl will NOT use HTTP proxy
LogInit:  - bDontReuseConnections = false  - Libcurl will reuse connections
LogInit:  - MaxHostConnections = 16  - Libcurl will limit the number of connections to a host
LogInit:  - LocalHostAddr = Default
LogInit:  - BufferSize = 65536
LogOnline: OSS: Creating online subsystem instance for: NULL
LogInit: WinSock: version 1.1 (2.2), MaxSocks=32767, MaxUdp=65467
LogOnline: OSS: TryLoadSubsystemAndSetDefault: Loaded subsystem for module [NULL]
PixWinPlugin: PIX capture plugin failed to initialize! Check that the process is launched from PIX.
LogOculusPluginWrapper: OculusPlugin initialized successfully
LogHMD: Failed initializing OVRPlugin 1.59.0
LogInit: Build: ++UE4+Release-4.27-CL-18319896
LogInit: Engine Version: 4.27.2-18319896+++UE4+Release-4.27
LogInit: Compatible Engine Version: 4.27.0-17155196+++UE4+Release-4.27
LogInit: Net CL: 17155196
LogInit: OS: Windows 10 (Release 2009) (), CPU: Intel(R) Core(TM) i7-10750H CPU @ 2.60GHz, GPU: Intel(R) UHD Graphics
LogInit: Compiled (64-bit): Nov 30 2021 07:12:08
LogInit: Compiled with Visual C++: 19.24.28315.00
LogInit: Build Configuration: Development
LogInit: Branch Name: ++UE4+Release-4.27
LogInit: Command Line:  /Game/--NEW--/Maps/ThirdPersonExampleMap -game -PIEVIACONSOLE -Multiprocess GameUserSettingsINI=C:/PROJECTS/Unreal/Endless-Runner/EndlessRunner/Saved/Config/Windows/PIEGameUserSettings0.ini -MultiprocessSaveConfig -forcepassthrough -messaging -SessionName="Play in Standalone Game" -windowed -ResX=1280 -ResY=720
LogInit: Base Directory: C:/Program Files/Epic Games/UE_4.27/Engine/Binaries/Win64/
LogInit: Allocator: TBB
LogInit: Installed Engine Build: 1
LogDevObjectVersion: Number of dev versions registered: 29
LogDevObjectVersion:   Dev-Blueprints (B0D832E4-1F89-4F0D-ACCF-7EB736FD4AA2): 10
LogDevObjectVersion:   Dev-Build (E1C64328-A22C-4D53-A36C-8E866417BD8C): 0
LogDevObjectVersion:   Dev-Core (375EC13C-06E4-48FB-B500-84F0262A717E): 4
LogDevObjectVersion:   Dev-Editor (E4B068ED-F494-42E9-A231-DA0B2E46BB41): 40
LogDevObjectVersion:   Dev-Framework (CFFC743F-43B0-4480-9391-14DF171D2073): 37
LogDevObjectVersion:   Dev-Mobile (B02B49B5-BB20-44E9-A304-32B752E40360): 3
LogDevObjectVersion:   Dev-Networking (A4E4105C-59A1-49B5-A7C5-40C4547EDFEE): 0
LogDevObjectVersion:   Dev-Online (39C831C9-5AE6-47DC-9A44-9C173E1C8E7C): 0
LogDevObjectVersion:   Dev-Physics (78F01B33-EBEA-4F98-B9B4-84EACCB95AA2): 14
LogDevObjectVersion:   Dev-Platform (6631380F-2D4D-43E0-8009-CF276956A95A): 0
LogDevObjectVersion:   Dev-Rendering (12F88B9F-8875-4AFC-A67C-D90C383ABD29): 45
LogDevObjectVersion:   Dev-Sequencer (7B5AE74C-D270-4C10-A958-57980B212A5A): 13
LogDevObjectVersion:   Dev-VR (D7296918-1DD6-4BDD-9DE2-64A83CC13884): 3
LogDevObjectVersion:   Dev-LoadTimes (C2A15278-BFE7-4AFE-6C17-90FF531DF755): 1
LogDevObjectVersion:   Private-Geometry (6EACA3D4-40EC-4CC1-B786-8BED09428FC5): 3
LogDevObjectVersion:   Dev-AnimPhys (29E575DD-E0A3-4627-9D10-D276232CDCEA): 17
LogDevObjectVersion:   Dev-Anim (AF43A65D-7FD3-4947-9873-3E8ED9C1BB05): 15
LogDevObjectVersion:   Dev-ReflectionCapture (6B266CEC-1EC7-4B8F-A30B-E4D90942FC07): 1
LogDevObjectVersion:   Dev-Automation (0DF73D61-A23F-47EA-B727-89E90C41499A): 1
LogDevObjectVersion:   FortniteMain (601D1886-AC64-4F84-AA16-D3DE0DEAC7D6): 47
LogDevObjectVersion:   FortniteRelease (E7086368-6B23-4C58-8439-1B7016265E91): 1
LogDevObjectVersion:   Dev-Enterprise (9DFFBCD6-494F-0158-E221-12823C92A888): 10
LogDevObjectVersion:   Dev-Niagara (F2AED0AC-9AFE-416F-8664-AA7FFA26D6FC): 1
LogDevObjectVersion:   Dev-Destruction (174F1F0B-B4C6-45A5-B13F-2EE8D0FB917D): 10
LogDevObjectVersion:   Dev-Physics-Ext (35F94A83-E258-406C-A318-09F59610247C): 41
LogDevObjectVersion:   Dev-PhysicsMaterial-Chaos (B68FC16E-8B1B-42E2-B453-215C058844FE): 1
LogDevObjectVersion:   Dev-CineCamera (B2E18506-4273-CFC2-A54E-F4BB758BBA07): 1
LogDevObjectVersion:   Dev-VirtualProduction (64F58936-FD1B-42BA-BA96-7289D5D0FA4E): 1
LogDevObjectVersion:   Dev-MediaFramework (6F0ED827-A609-4895-9C91-998D90180EA4): 2
LogInit: Presizing for max 25165824 objects, including 0 objects not considered by GC, pre-allocating 0 bytes for permanent pool.
LogConfig: Applying CVar settings from Section [/Script/Engine.StreamingSettings] File [C:/PROJECTS/Unreal/Endless-Runner/EndlessRunner/Saved/Config/Windows/Engine.ini]
LogConfig: Setting CVar [[s.MinBulkDataSizeForAsyncLoading:131072]]
LogConfig: Setting CVar [[s.AsyncLoadingThreadEnabled:0]]
LogConfig: Setting CVar [[s.EventDrivenLoaderEnabled:1]]
LogConfig: Setting CVar [[s.WarnIfTimeLimitExceeded:0]]
LogConfig: Setting CVar [[s.TimeLimitExceededMultiplier:1.5]]
LogConfig: Setting CVar [[s.TimeLimitExceededMinTime:0.005]]
LogConfig: Setting CVar [[s.UseBackgroundLevelStreaming:1]]
LogConfig: Setting CVar [[s.PriorityAsyncLoadingExtraTime:15.0]]
LogConfig: Setting CVar [[s.LevelStreamingActorsUpdateTimeLimit:5.0]]
LogConfig: Setting CVar [[s.PriorityLevelStreamingActorsUpdateExtraTime:5.0]]
LogConfig: Setting CVar [[s.LevelStreamingComponentsRegistrationGranularity:10]]
LogConfig: Setting CVar [[s.UnregisterComponentsTimeLimit:1.0]]
LogConfig: Setting CVar [[s.LevelStreamingComponentsUnregistrationGranularity:5]]
LogConfig: Setting CVar [[s.FlushStreamingOnExit:1]]
LogInit: Object subsystem initialized
LogConfig: Setting CVar [[con.DebugEarlyDefault:1]]
LogConfig: Setting CVar [[r.setres:1280x720]]
[2022.03.03-19.44.13:372][  0]LogConfig: Setting CVar [[con.DebugEarlyDefault:1]]
[2022.03.03-19.44.13:373][  0]LogConfig: Setting CVar [[r.setres:1280x720]]
[2022.03.03-19.44.13:373][  0]LogConfig: Applying CVar settings from Section [/Script/Engine.RendererSettings] File [C:/PROJECTS/Unreal/Endless-Runner/EndlessRunner/Saved/Config/Windows/Engine.ini]
[2022.03.03-19.44.13:373][  0]LogConfig: Setting CVar [[r.GPUCrashDebugging:0]]
[2022.03.03-19.44.13:373][  0]LogConfig: Applying CVar settings from Section [/Script/Engine.RendererOverrideSettings] File [C:/PROJECTS/Unreal/Endless-Runner/EndlessRunner/Saved/Config/Windows/Engine.ini]
[2022.03.03-19.44.13:373][  0]LogConfig: Applying CVar settings from Section [/Script/Engine.StreamingSettings] File [C:/PROJECTS/Unreal/Endless-Runner/EndlessRunner/Saved/Config/Windows/Engine.ini]
[2022.03.03-19.44.13:373][  0]LogConfig: Setting CVar [[s.MinBulkDataSizeForAsyncLoading:131072]]
[2022.03.03-19.44.13:373][  0]LogConfig: Setting CVar [[s.AsyncLoadingThreadEnabled:0]]
[2022.03.03-19.44.13:373][  0]LogConfig: Setting CVar [[s.EventDrivenLoaderEnabled:1]]
[2022.03.03-19.44.13:373][  0]LogConfig: Setting CVar [[s.WarnIfTimeLimitExceeded:0]]
[2022.03.03-19.44.13:373][  0]LogConfig: Setting CVar [[s.TimeLimitExceededMultiplier:1.5]]
[2022.03.03-19.44.13:373][  0]LogConfig: Setting CVar [[s.TimeLimitExceededMinTime:0.005]]
[2022.03.03-19.44.13:373][  0]LogConfig: Setting CVar [[s.UseBackgroundLevelStreaming:1]]
[2022.03.03-19.44.13:373][  0]LogConfig: Setting CVar [[s.PriorityAsyncLoadingExtraTime:15.0]]
[2022.03.03-19.44.13:373][  0]LogConfig: Setting CVar [[s.LevelStreamingActorsUpdateTimeLimit:5.0]]
[2022.03.03-19.44.13:373][  0]LogConfig: Setting CVar [[s.PriorityLevelStreamingActorsUpdateExtraTime:5.0]]
[2022.03.03-19.44.13:373][  0]LogConfig: Setting CVar [[s.LevelStreamingComponentsRegistrationGranularity:10]]
[2022.03.03-19.44.13:373][  0]LogConfig: Setting CVar [[s.UnregisterComponentsTimeLimit:1.0]]
[2022.03.03-19.44.13:373][  0]LogConfig: Setting CVar [[s.LevelStreamingComponentsUnregistrationGranularity:5]]
[2022.03.03-19.44.13:373][  0]LogConfig: Setting CVar [[s.FlushStreamingOnExit:1]]
[2022.03.03-19.44.13:373][  0]LogConfig: Applying CVar settings from Section [/Script/Engine.GarbageCollectionSettings] File [C:/PROJECTS/Unreal/Endless-Runner/EndlessRunner/Saved/Config/Windows/Engine.ini]
[2022.03.03-19.44.13:373][  0]LogConfig: Setting CVar [[gc.MaxObjectsNotConsideredByGC:1]]
[2022.03.03-19.44.13:373][  0]LogConfig: Setting CVar [[gc.SizeOfPermanentObjectPool:0]]
[2022.03.03-19.44.13:373][  0]LogConfig: Setting CVar [[gc.FlushStreamingOnGC:0]]
[2022.03.03-19.44.13:373][  0]LogConfig: Setting CVar [[gc.NumRetriesBeforeForcingGC:10]]
[2022.03.03-19.44.13:373][  0]LogConfig: Setting CVar [[gc.AllowParallelGC:1]]
[2022.03.03-19.44.13:373][  0]LogConfig: Setting CVar [[gc.TimeBetweenPurgingPendingKillObjects:61.1]]
[2022.03.03-19.44.13:373][  0]LogConfig: Setting CVar [[gc.MaxObjectsInEditor:25165824]]
[2022.03.03-19.44.13:373][  0]LogConfig: Setting CVar [[gc.IncrementalBeginDestroyEnabled:1]]
[2022.03.03-19.44.13:373][  0]LogConfig: Setting CVar [[gc.CreateGCClusters:1]]
[2022.03.03-19.44.13:373][  0]LogConfig: Setting CVar [[gc.MinGCClusterSize:5]]
[2022.03.03-19.44.13:373][  0]LogConfig: Setting CVar [[gc.ActorClusteringEnabled:0]]
[2022.03.03-19.44.13:373][  0]LogConfig: Setting CVar [[gc.BlueprintClusteringEnabled:0]]
[2022.03.03-19.44.13:373][  0]LogConfig: Setting CVar [[gc.UseDisregardForGCOnDedicatedServers:0]]
[2022.03.03-19.44.13:373][  0]LogConfig: Setting CVar [[gc.MultithreadedDestructionEnabled:1]]
[2022.03.03-19.44.13:373][  0]LogConfig: Applying CVar settings from Section [/Script/Engine.NetworkSettings] File [C:/PROJECTS/Unreal/Endless-Runner/EndlessRunner/Saved/Config/Windows/Engine.ini]
[2022.03.03-19.44.13:373][  0]LogConfig: Applying CVar settings from Section [/Script/UnrealEd.CookerSettings] File [C:/PROJECTS/Unreal/Endless-Runner/EndlessRunner/Saved/Config/Windows/Engine.ini]
[2022.03.03-19.44.13:388][  0]LogConfig: Applying CVar settings from Section [ViewDistanceQuality@3] File [C:/PROJECTS/Unreal/Endless-Runner/EndlessRunner/Saved/Config/Windows/Scalability.ini]
[2022.03.03-19.44.13:388][  0]LogConfig: Setting CVar [[r.SkeletalMeshLODBias:0]]
[2022.03.03-19.44.13:388][  0]LogConfig: Setting CVar [[r.ViewDistanceScale:1.0]]
[2022.03.03-19.44.13:388][  0]LogConfig: Applying CVar settings from Section [AntiAliasingQuality@3] File [C:/PROJECTS/Unreal/Endless-Runner/EndlessRunner/Saved/Config/Windows/Scalability.ini]
[2022.03.03-19.44.13:388][  0]LogConfig: Setting CVar [[r.PostProcessAAQuality:4]]
[2022.03.03-19.44.13:388][  0]LogConfig: Applying CVar settings from Section [ShadowQuality@3] File [C:/PROJECTS/Unreal/Endless-Runner/EndlessRunner/Saved/Config/Windows/Scalability.ini]
[2022.03.03-19.44.13:388][  0]LogConfig: Setting CVar [[r.LightFunctionQuality:1]]
[2022.03.03-19.44.13:388][  0]LogConfig: Setting CVar [[r.ShadowQuality:5]]
[2022.03.03-19.44.13:388][  0]LogConfig: Setting CVar [[r.Shadow.CSM.MaxCascades:10]]
[2022.03.03-19.44.13:388][  0]LogConfig: Setting CVar [[r.Shadow.MaxResolution:2048]]
[2022.03.03-19.44.13:388][  0]LogConfig: Setting CVar [[r.Shadow.MaxCSMResolution:2048]]
[2022.03.03-19.44.13:388][  0]LogConfig: Setting CVar [[r.Shadow.RadiusThreshold:0.01]]
[2022.03.03-19.44.13:388][  0]LogConfig: Setting CVar [[r.Shadow.DistanceScale:1.0]]
[2022.03.03-19.44.13:388][  0]LogConfig: Setting CVar [[r.Shadow.CSM.TransitionScale:1.0]]
[2022.03.03-19.44.13:388][  0]LogConfig: Setting CVar [[r.Shadow.PreShadowResolutionFactor:1.0]]
[2022.03.03-19.44.13:388][  0]LogConfig: Setting CVar [[r.DistanceFieldShadowing:1]]
[2022.03.03-19.44.13:388][  0]LogConfig: Setting CVar [[r.DistanceFieldAO:1]]
[2022.03.03-19.44.13:388][  0]LogConfig: Setting CVar [[r.AOQuality:2]]
[2022.03.03-19.44.13:388][  0]LogConfig: Setting CVar [[r.VolumetricFog:1]]
[2022.03.03-19.44.13:388][  0]LogConfig: Setting CVar [[r.VolumetricFog.GridPixelSize:8]]
[2022.03.03-19.44.13:388][  0]LogConfig: Setting CVar [[r.VolumetricFog.GridSizeZ:128]]
[2022.03.03-19.44.13:388][  0]LogConfig: Setting CVar [[r.VolumetricFog.HistoryMissSupersampleCount:4]]
[2022.03.03-19.44.13:388][  0]LogConfig: Setting CVar [[r.LightMaxDrawDistanceScale:1]]
[2022.03.03-19.44.13:388][  0]LogConfig: Setting CVar [[r.CapsuleShadows:1]]
[2022.03.03-19.44.13:388][  0]LogConfig: Applying CVar settings from Section [PostProcessQuality@3] File [C:/PROJECTS/Unreal/Endless-Runner/EndlessRunner/Saved/Config/Windows/Scalability.ini]
[2022.03.03-19.44.13:388][  0]LogConfig: Setting CVar [[r.MotionBlurQuality:4]]
[2022.03.03-19.44.13:388][  0]LogConfig: Setting CVar [[r.AmbientOcclusionMipLevelFactor:0.4]]
[2022.03.03-19.44.13:388][  0]LogConfig: Setting CVar [[r.AmbientOcclusionMaxQuality:100]]
[2022.03.03-19.44.13:388][  0]LogConfig: Setting CVar [[r.AmbientOcclusionLevels:-1]]
[2022.03.03-19.44.13:388][  0]LogConfig: Setting CVar [[r.AmbientOcclusionRadiusScale:1.0]]
[2022.03.03-19.44.13:388][  0]LogConfig: Setting CVar [[r.DepthOfFieldQuality:2]]
[2022.03.03-19.44.13:388][  0]LogConfig: Setting CVar [[r.RenderTargetPoolMin:400]]
[2022.03.03-19.44.13:388][  0]LogConfig: Setting CVar [[r.LensFlareQuality:2]]
[2022.03.03-19.44.13:388][  0]LogConfig: Setting CVar [[r.SceneColorFringeQuality:1]]
[2022.03.03-19.44.13:388][  0]LogConfig: Setting CVar [[r.EyeAdaptationQuality:2]]
[2022.03.03-19.44.13:388][  0]LogConfig: Setting CVar [[r.BloomQuality:5]]
[2022.03.03-19.44.13:388][  0]LogConfig: Setting CVar [[r.FastBlurThreshold:100]]
[2022.03.03-19.44.13:388][  0]LogConfig: Setting CVar [[r.Upscale.Quality:3]]
[2022.03.03-19.44.13:388][  0]LogConfig: Setting CVar [[r.Tonemapper.GrainQuantization:1]]
[2022.03.03-19.44.13:389][  0]LogConfig: Setting CVar [[r.LightShaftQuality:1]]
[2022.03.03-19.44.13:389][  0]LogConfig: Setting CVar [[r.Filter.SizeScale:1]]
[2022.03.03-19.44.13:389][  0]LogConfig: Setting CVar [[r.Tonemapper.Quality:5]]
[2022.03.03-19.44.13:389][  0]LogConfig: Setting CVar [[r.DOF.Gather.AccumulatorQuality:1        ; higher gathering accumulator quality]]
[2022.03.03-19.44.13:389][  0]LogConfig: Setting CVar [[r.DOF.Gather.PostfilterMethod:1          ; Median3x3 postfilering method]]
[2022.03.03-19.44.13:389][  0]LogConfig: Setting CVar [[r.DOF.Gather.EnableBokehSettings:0       ; no bokeh simulation when gathering]]
[2022.03.03-19.44.13:389][  0]LogConfig: Setting CVar [[r.DOF.Gather.RingCount:4                 ; medium number of samples when gathering]]
[2022.03.03-19.44.13:389][  0]LogConfig: Setting CVar [[r.DOF.Scatter.ForegroundCompositing:1    ; additive foreground scattering]]
[2022.03.03-19.44.13:389][  0]LogConfig: Setting CVar [[r.DOF.Scatter.BackgroundCompositing:2    ; additive background scattering]]
[2022.03.03-19.44.13:389][  0]LogConfig: Setting CVar [[r.DOF.Scatter.EnableBokehSettings:1      ; bokeh simulation when scattering]]
[2022.03.03-19.44.13:389][  0]LogConfig: Setting CVar [[r.DOF.Scatter.MaxSpriteRatio:0.1         ; only a maximum of 10% of scattered bokeh]]
[2022.03.03-19.44.13:389][  0]LogConfig: Setting CVar [[r.DOF.Recombine.Quality:1                ; cheap slight out of focus]]
[2022.03.03-19.44.13:389][  0]LogConfig: Setting CVar [[r.DOF.Recombine.EnableBokehSettings:0    ; no bokeh simulation on slight out of focus]]
[2022.03.03-19.44.13:389][  0]LogConfig: Setting CVar [[r.DOF.TemporalAAQuality:1                ; more stable temporal accumulation]]
[2022.03.03-19.44.13:389][  0]LogConfig: Setting CVar [[r.DOF.Kernel.MaxForegroundRadius:0.025]]
[2022.03.03-19.44.13:389][  0]LogConfig: Setting CVar [[r.DOF.Kernel.MaxBackgroundRadius:0.025]]
[2022.03.03-19.44.13:389][  0]LogConfig: Applying CVar settings from Section [TextureQuality@3] File [C:/PROJECTS/Unreal/Endless-Runner/EndlessRunner/Saved/Config/Windows/Scalability.ini]
[2022.03.03-19.44.13:389][  0]LogConfig: Setting CVar [[r.Streaming.MipBias:0]]
[2022.03.03-19.44.13:389][  0]LogConfig: Setting CVar [[r.Streaming.AmortizeCPUToGPUCopy:0]]
[2022.03.03-19.44.13:389][  0]LogConfig: Setting CVar [[r.Streaming.MaxNumTexturesToStreamPerFrame:0]]
[2022.03.03-19.44.13:389][  0]LogConfig: Setting CVar [[r.Streaming.Boost:1]]
[2022.03.03-19.44.13:389][  0]LogConfig: Setting CVar [[r.MaxAnisotropy:8]]
[2022.03.03-19.44.13:389][  0]LogConfig: Setting CVar [[r.VT.MaxAnisotropy:8]]
[2022.03.03-19.44.13:389][  0]LogConfig: Setting CVar [[r.Streaming.LimitPoolSizeToVRAM:0]]
[2022.03.03-19.44.13:389][  0]LogConfig: Setting CVar [[r.Streaming.PoolSize:1000]]
[2022.03.03-19.44.13:389][  0]LogConfig: Setting CVar [[r.Streaming.MaxEffectiveScreenSize:0]]
[2022.03.03-19.44.13:389][  0]LogConfig: Applying CVar settings from Section [EffectsQuality@3] File [C:/PROJECTS/Unreal/Endless-Runner/EndlessRunner/Saved/Config/Windows/Scalability.ini]
[2022.03.03-19.44.13:389][  0]LogConfig: Setting CVar [[r.TranslucencyLightingVolumeDim:64]]
[2022.03.03-19.44.13:389][  0]LogConfig: Setting CVar [[r.RefractionQuality:2]]
[2022.03.03-19.44.13:389][  0]LogConfig: Setting CVar [[r.SSR.Quality:3]]
[2022.03.03-19.44.13:389][  0]LogConfig: Setting CVar [[r.SSR.HalfResSceneColor:0]]
[2022.03.03-19.44.13:389][  0]LogConfig: Setting CVar [[r.SceneColorFormat:4]]
[2022.03.03-19.44.13:389][  0]LogConfig: Setting CVar [[r.DetailMode:2]]
[2022.03.03-19.44.13:389][  0]LogConfig: Setting CVar [[r.TranslucencyVolumeBlur:1]]
[2022.03.03-19.44.13:389][  0]LogConfig: Setting CVar [[r.MaterialQualityLevel:1 ; High quality]]
[2022.03.03-19.44.13:389][  0]LogConfig: Setting CVar [[r.AnisotropicMaterials:1]]
[2022.03.03-19.44.13:389][  0]LogConfig: Setting CVar [[r.SSS.Scale:1]]
[2022.03.03-19.44.13:389][  0]LogConfig: Setting CVar [[r.SSS.SampleSet:2]]
[2022.03.03-19.44.13:389][  0]LogConfig: Setting CVar [[r.SSS.Quality:1]]
[2022.03.03-19.44.13:389][  0]LogConfig: Setting CVar [[r.SSS.HalfRes:0]]
[2022.03.03-19.44.13:389][  0]LogConfig: Setting CVar [[r.SSGI.Quality:3]]
[2022.03.03-19.44.13:389][  0]LogConfig: Setting CVar [[r.EmitterSpawnRateScale:1.0]]
[2022.03.03-19.44.13:389][  0]LogConfig: Setting CVar [[r.ParticleLightQuality:2]]
[2022.03.03-19.44.13:389][  0]LogConfig: Setting CVar [[r.SkyAtmosphere.AerialPerspectiveLUT.FastApplyOnOpaque:1 ; Always have FastSkyLUT 1 in this case to avoid wrong sky]]
[2022.03.03-19.44.13:389][  0]LogConfig: Setting CVar [[r.SkyAtmosphere.AerialPerspectiveLUT.SampleCountMaxPerSlice:4]]
[2022.03.03-19.44.13:389][  0]LogConfig: Setting CVar [[r.SkyAtmosphere.AerialPerspectiveLUT.DepthResolution:16.0]]
[2022.03.03-19.44.13:389][  0]LogConfig: Setting CVar [[r.SkyAtmosphere.FastSkyLUT:1]]
[2022.03.03-19.44.13:389][  0]LogConfig: Setting CVar [[r.SkyAtmosphere.FastSkyLUT.SampleCountMin:4.0]]
[2022.03.03-19.44.13:389][  0]LogConfig: Setting CVar [[r.SkyAtmosphere.FastSkyLUT.SampleCountMax:128.0]]
[2022.03.03-19.44.13:389][  0]LogConfig: Setting CVar [[r.SkyAtmosphere.SampleCountMin:4.0]]
[2022.03.03-19.44.13:389][  0]LogConfig: Setting CVar [[r.SkyAtmosphere.SampleCountMax:128.0]]
[2022.03.03-19.44.13:389][  0]LogConfig: Setting CVar [[r.SkyAtmosphere.TransmittanceLUT.UseSmallFormat:0]]
[2022.03.03-19.44.13:389][  0]LogConfig: Setting CVar [[r.SkyAtmosphere.TransmittanceLUT.SampleCount:10.0]]
[2022.03.03-19.44.13:389][  0]LogConfig: Setting CVar [[r.SkyAtmosphere.MultiScatteringLUT.SampleCount:15.0]]
[2022.03.03-19.44.13:389][  0]LogConfig: Setting CVar [[r.SkyLight.RealTimeReflectionCapture:1]]
[2022.03.03-19.44.13:389][  0]LogConfig: Applying CVar settings from Section [FoliageQuality@3] File [C:/PROJECTS/Unreal/Endless-Runner/EndlessRunner/Saved/Config/Windows/Scalability.ini]
[2022.03.03-19.44.13:389][  0]LogConfig: Setting CVar [[foliage.DensityScale:1.0]]
[2022.03.03-19.44.13:389][  0]LogConfig: Setting CVar [[grass.DensityScale:1.0]]
[2022.03.03-19.44.13:389][  0]LogConfig: Applying CVar settings from Section [ShadingQuality@3] File [C:/PROJECTS/Unreal/Endless-Runner/EndlessRunner/Saved/Config/Windows/Scalability.ini]
[2022.03.03-19.44.13:390][  0]LogConfig: Setting CVar [[r.HairStrands.SkyLighting.IntegrationType:2]]
[2022.03.03-19.44.13:390][  0]LogConfig: Setting CVar [[r.HairStrands.SkyAO.SampleCount:4]]
[2022.03.03-19.44.13:390][  0]LogConfig: Setting CVar [[r.HairStrands.Visibility.MSAA.SamplePerPixel:4]]
[2022.03.03-19.44.13:390][  0]LogInit: Selected Device Profile: [Windows]
[2022.03.03-19.44.13:390][  0]LogInit: Applying CVar settings loaded from the selected device profile: [Windows]
[2022.03.03-19.44.13:390][  0]LogHAL: Display: Platform has ~ 8 GB [8412778496 / 8589934592 / 8], which maps to Default [LargestMinGB=32, LargerMinGB=12, DefaultMinGB=8, SmallerMinGB=6, SmallestMinGB=0)
[2022.03.03-19.44.13:390][  0]LogInit: Going up to parent DeviceProfile []
[2022.03.03-19.44.13:390][  0]LogConfig: Applying CVar settings from Section [ViewDistanceQuality@3] File [C:/PROJECTS/Unreal/Endless-Runner/EndlessRunner/Saved/Config/Windows/Scalability.ini]
[2022.03.03-19.44.13:390][  0]LogConfig: Setting CVar [[r.SkeletalMeshLODBias:0]]
[2022.03.03-19.44.13:390][  0]LogConfig: Setting CVar [[r.ViewDistanceScale:1.0]]
[2022.03.03-19.44.13:390][  0]LogConfig: Applying CVar settings from Section [AntiAliasingQuality@3] File [C:/PROJECTS/Unreal/Endless-Runner/EndlessRunner/Saved/Config/Windows/Scalability.ini]
[2022.03.03-19.44.13:390][  0]LogConfig: Setting CVar [[r.PostProcessAAQuality:4]]
[2022.03.03-19.44.13:390][  0]LogConfig: Applying CVar settings from Section [ShadowQuality@3] File [C:/PROJECTS/Unreal/Endless-Runner/EndlessRunner/Saved/Config/Windows/Scalability.ini]
[2022.03.03-19.44.13:390][  0]LogConfig: Setting CVar [[r.LightFunctionQuality:1]]
[2022.03.03-19.44.13:390][  0]LogConfig: Setting CVar [[r.ShadowQuality:5]]
[2022.03.03-19.44.13:390][  0]LogConfig: Setting CVar [[r.Shadow.CSM.MaxCascades:10]]
[2022.03.03-19.44.13:390][  0]LogConfig: Setting CVar [[r.Shadow.MaxResolution:2048]]
[2022.03.03-19.44.13:390][  0]LogConfig: Setting CVar [[r.Shadow.MaxCSMResolution:2048]]
[2022.03.03-19.44.13:391][  0]LogConfig: Setting CVar [[r.Shadow.RadiusThreshold:0.01]]
[2022.03.03-19.44.13:391][  0]LogConfig: Setting CVar [[r.Shadow.DistanceScale:1.0]]
[2022.03.03-19.44.13:391][  0]LogConfig: Setting CVar [[r.Shadow.CSM.TransitionScale:1.0]]
[2022.03.03-19.44.13:391][  0]LogConfig: Setting CVar [[r.Shadow.PreShadowResolutionFactor:1.0]]
[2022.03.03-19.44.13:391][  0]LogConfig: Setting CVar [[r.DistanceFieldShadowing:1]]
[2022.03.03-19.44.13:391][  0]LogConfig: Setting CVar [[r.DistanceFieldAO:1]]
[2022.03.03-19.44.13:391][  0]LogConfig: Setting CVar [[r.AOQuality:2]]
[2022.03.03-19.44.13:391][  0]LogConfig: Setting CVar [[r.VolumetricFog:1]]
[2022.03.03-19.44.13:391][  0]LogConfig: Setting CVar [[r.VolumetricFog.GridPixelSize:8]]
[2022.03.03-19.44.13:391][  0]LogConfig: Setting CVar [[r.VolumetricFog.GridSizeZ:128]]
[2022.03.03-19.44.13:391][  0]LogConfig: Setting CVar [[r.VolumetricFog.HistoryMissSupersampleCount:4]]
[2022.03.03-19.44.13:391][  0]LogConfig: Setting CVar [[r.LightMaxDrawDistanceScale:1]]
[2022.03.03-19.44.13:391][  0]LogConfig: Setting CVar [[r.CapsuleShadows:1]]
[2022.03.03-19.44.13:391][  0]LogConfig: Applying CVar settings from Section [PostProcessQuality@3] File [C:/PROJECTS/Unreal/Endless-Runner/EndlessRunner/Saved/Config/Windows/Scalability.ini]
[2022.03.03-19.44.13:391][  0]LogConfig: Setting CVar [[r.MotionBlurQuality:4]]
[2022.03.03-19.44.13:391][  0]LogConfig: Setting CVar [[r.AmbientOcclusionMipLevelFactor:0.4]]
[2022.03.03-19.44.13:391][  0]LogConfig: Setting CVar [[r.AmbientOcclusionMaxQuality:100]]
[2022.03.03-19.44.13:391][  0]LogConfig: Setting CVar [[r.AmbientOcclusionLevels:-1]]
[2022.03.03-19.44.13:391][  0]LogConfig: Setting CVar [[r.AmbientOcclusionRadiusScale:1.0]]
[2022.03.03-19.44.13:391][  0]LogConfig: Setting CVar [[r.DepthOfFieldQuality:2]]
[2022.03.03-19.44.13:391][  0]LogConfig: Setting CVar [[r.RenderTargetPoolMin:400]]
[2022.03.03-19.44.13:391][  0]LogConfig: Setting CVar [[r.LensFlareQuality:2]]
[2022.03.03-19.44.13:391][  0]LogConfig: Setting CVar [[r.SceneColorFringeQuality:1]]
[2022.03.03-19.44.13:391][  0]LogConfig: Setting CVar [[r.EyeAdaptationQuality:2]]
[2022.03.03-19.44.13:391][  0]LogConfig: Setting CVar [[r.BloomQuality:5]]
[2022.03.03-19.44.13:391][  0]LogConfig: Setting CVar [[r.FastBlurThreshold:100]]
[2022.03.03-19.44.13:391][  0]LogConfig: Setting CVar [[r.Upscale.Quality:3]]
[2022.03.03-19.44.13:391][  0]LogConfig: Setting CVar [[r.Tonemapper.GrainQuantization:1]]
[2022.03.03-19.44.13:391][  0]LogConfig: Setting CVar [[r.LightShaftQuality:1]]
[2022.03.03-19.44.13:391][  0]LogConfig: Setting CVar [[r.Filter.SizeScale:1]]
[2022.03.03-19.44.13:391][  0]LogConfig: Setting CVar [[r.Tonemapper.Quality:5]]
[2022.03.03-19.44.13:391][  0]LogConfig: Setting CVar [[r.DOF.Gather.AccumulatorQuality:1        ; higher gathering accumulator quality]]
[2022.03.03-19.44.13:391][  0]LogConfig: Setting CVar [[r.DOF.Gather.PostfilterMethod:1          ; Median3x3 postfilering method]]
[2022.03.03-19.44.13:391][  0]LogConfig: Setting CVar [[r.DOF.Gather.EnableBokehSettings:0       ; no bokeh simulation when gathering]]
[2022.03.03-19.44.13:391][  0]LogConfig: Setting CVar [[r.DOF.Gather.RingCount:4                 ; medium number of samples when gathering]]
[2022.03.03-19.44.13:391][  0]LogConfig: Setting CVar [[r.DOF.Scatter.ForegroundCompositing:1    ; additive foreground scattering]]
[2022.03.03-19.44.13:391][  0]LogConfig: Setting CVar [[r.DOF.Scatter.BackgroundCompositing:2    ; additive background scattering]]
[2022.03.03-19.44.13:391][  0]LogConfig: Setting CVar [[r.DOF.Scatter.EnableBokehSettings:1      ; bokeh simulation when scattering]]
[2022.03.03-19.44.13:391][  0]LogConfig: Setting CVar [[r.DOF.Scatter.MaxSpriteRatio:0.1         ; only a maximum of 10% of scattered bokeh]]
[2022.03.03-19.44.13:391][  0]LogConfig: Setting CVar [[r.DOF.Recombine.Quality:1                ; cheap slight out of focus]]
[2022.03.03-19.44.13:391][  0]LogConfig: Setting CVar [[r.DOF.Recombine.EnableBokehSettings:0    ; no bokeh simulation on slight out of focus]]
[2022.03.03-19.44.13:391][  0]LogConfig: Setting CVar [[r.DOF.TemporalAAQuality:1                ; more stable temporal accumulation]]
[2022.03.03-19.44.13:391][  0]LogConfig: Setting CVar [[r.DOF.Kernel.MaxForegroundRadius:0.025]]
[2022.03.03-19.44.13:391][  0]LogConfig: Setting CVar [[r.DOF.Kernel.MaxBackgroundRadius:0.025]]
[2022.03.03-19.44.13:391][  0]LogConfig: Applying CVar settings from Section [TextureQuality@3] File [C:/PROJECTS/Unreal/Endless-Runner/EndlessRunner/Saved/Config/Windows/Scalability.ini]
[2022.03.03-19.44.13:391][  0]LogConfig: Setting CVar [[r.Streaming.MipBias:0]]
[2022.03.03-19.44.13:391][  0]LogConfig: Setting CVar [[r.Streaming.AmortizeCPUToGPUCopy:0]]
[2022.03.03-19.44.13:391][  0]LogConfig: Setting CVar [[r.Streaming.MaxNumTexturesToStreamPerFrame:0]]
[2022.03.03-19.44.13:391][  0]LogConfig: Setting CVar [[r.Streaming.Boost:1]]
[2022.03.03-19.44.13:391][  0]LogConfig: Setting CVar [[r.MaxAnisotropy:8]]
[2022.03.03-19.44.13:391][  0]LogConfig: Setting CVar [[r.VT.MaxAnisotropy:8]]
[2022.03.03-19.44.13:391][  0]LogConfig: Setting CVar [[r.Streaming.LimitPoolSizeToVRAM:0]]
[2022.03.03-19.44.13:391][  0]LogConfig: Setting CVar [[r.Streaming.PoolSize:1000]]
[2022.03.03-19.44.13:391][  0]LogConfig: Setting CVar [[r.Streaming.MaxEffectiveScreenSize:0]]
[2022.03.03-19.44.13:391][  0]LogConfig: Applying CVar settings from Section [EffectsQuality@3] File [C:/PROJECTS/Unreal/Endless-Runner/EndlessRunner/Saved/Config/Windows/Scalability.ini]
[2022.03.03-19.44.13:391][  0]LogConfig: Setting CVar [[r.TranslucencyLightingVolumeDim:64]]
[2022.03.03-19.44.13:391][  0]LogConfig: Setting CVar [[r.RefractionQuality:2]]
[2022.03.03-19.44.13:391][  0]LogConfig: Setting CVar [[r.SSR.Quality:3]]
[2022.03.03-19.44.13:391][  0]LogConfig: Setting CVar [[r.SSR.HalfResSceneColor:0]]
[2022.03.03-19.44.13:391][  0]LogConfig: Setting CVar [[r.SceneColorFormat:4]]
[2022.03.03-19.44.13:391][  0]LogConfig: Setting CVar [[r.DetailMode:2]]
[2022.03.03-19.44.13:391][  0]LogConfig: Setting CVar [[r.TranslucencyVolumeBlur:1]]
[2022.03.03-19.44.13:391][  0]LogConfig: Setting CVar [[r.MaterialQualityLevel:1 ; High quality]]
[2022.03.03-19.44.13:392][  0]LogConfig: Setting CVar [[r.AnisotropicMaterials:1]]
[2022.03.03-19.44.13:392][  0]LogConfig: Setting CVar [[r.SSS.Scale:1]]
[2022.03.03-19.44.13:392][  0]LogConfig: Setting CVar [[r.SSS.SampleSet:2]]
[2022.03.03-19.44.13:392][  0]LogConfig: Setting CVar [[r.SSS.Quality:1]]
[2022.03.03-19.44.13:392][  0]LogConfig: Setting CVar [[r.SSS.HalfRes:0]]
[2022.03.03-19.44.13:392][  0]LogConfig: Setting CVar [[r.SSGI.Quality:3]]
[2022.03.03-19.44.13:392][  0]LogConfig: Setting CVar [[r.EmitterSpawnRateScale:1.0]]
[2022.03.03-19.44.13:392][  0]LogConfig: Setting CVar [[r.ParticleLightQuality:2]]
[2022.03.03-19.44.13:392][  0]LogConfig: Setting CVar [[r.SkyAtmosphere.AerialPerspectiveLUT.FastApplyOnOpaque:1 ; Always have FastSkyLUT 1 in this case to avoid wrong sky]]
[2022.03.03-19.44.13:392][  0]LogConfig: Setting CVar [[r.SkyAtmosphere.AerialPerspectiveLUT.SampleCountMaxPerSlice:4]]
[2022.03.03-19.44.13:392][  0]LogConfig: Setting CVar [[r.SkyAtmosphere.AerialPerspectiveLUT.DepthResolution:16.0]]
[2022.03.03-19.44.13:392][  0]LogConfig: Setting CVar [[r.SkyAtmosphere.FastSkyLUT:1]]
[2022.03.03-19.44.13:392][  0]LogConfig: Setting CVar [[r.SkyAtmosphere.FastSkyLUT.SampleCountMin:4.0]]
[2022.03.03-19.44.13:392][  0]LogConfig: Setting CVar [[r.SkyAtmosphere.FastSkyLUT.SampleCountMax:128.0]]
[2022.03.03-19.44.13:392][  0]LogConfig: Setting CVar [[r.SkyAtmosphere.SampleCountMin:4.0]]
[2022.03.03-19.44.13:392][  0]LogConfig: Setting CVar [[r.SkyAtmosphere.SampleCountMax:128.0]]
[2022.03.03-19.44.13:392][  0]LogConfig: Setting CVar [[r.SkyAtmosphere.TransmittanceLUT.UseSmallFormat:0]]
[2022.03.03-19.44.13:392][  0]LogConfig: Setting CVar [[r.SkyAtmosphere.TransmittanceLUT.SampleCount:10.0]]
[2022.03.03-19.44.13:392][  0]LogConfig: Setting CVar [[r.SkyAtmosphere.MultiScatteringLUT.SampleCount:15.0]]
[2022.03.03-19.44.13:392][  0]LogConfig: Setting CVar [[r.SkyLight.RealTimeReflectionCapture:1]]
[2022.03.03-19.44.13:392][  0]LogConfig: Applying CVar settings from Section [FoliageQuality@3] File [C:/PROJECTS/Unreal/Endless-Runner/EndlessRunner/Saved/Config/Windows/Scalability.ini]
[2022.03.03-19.44.13:392][  0]LogConfig: Setting CVar [[foliage.DensityScale:1.0]]
[2022.03.03-19.44.13:392][  0]LogConfig: Setting CVar [[grass.DensityScale:1.0]]
[2022.03.03-19.44.13:392][  0]LogConfig: Applying CVar settings from Section [ShadingQuality@3] File [C:/PROJECTS/Unreal/Endless-Runner/EndlessRunner/Saved/Config/Windows/Scalability.ini]
[2022.03.03-19.44.13:392][  0]LogConfig: Setting CVar [[r.HairStrands.SkyLighting.IntegrationType:2]]
[2022.03.03-19.44.13:392][  0]LogConfig: Setting CVar [[r.HairStrands.SkyAO.SampleCount:4]]
[2022.03.03-19.44.13:392][  0]LogConfig: Setting CVar [[r.HairStrands.Visibility.MSAA.SamplePerPixel:4]]
[2022.03.03-19.44.13:392][  0]LogConfig: Applying CVar settings from Section [Startup] File [../../../Engine/Config/ConsoleVariables.ini]
[2022.03.03-19.44.13:393][  0]LogConfig: Setting CVar [[net.UseAdaptiveNetUpdateFrequency:0]]
[2022.03.03-19.44.13:393][  0]LogConfig: Setting CVar [[p.chaos.AllowCreatePhysxBodies:1]]
[2022.03.03-19.44.13:393][  0]LogConfig: Setting CVar [[fx.SkipVectorVMBackendOptimizations:1]]
[2022.03.03-19.44.13:393][  0]LogConfig: Applying CVar settings from Section [ConsoleVariables] File [C:/PROJECTS/Unreal/Endless-Runner/EndlessRunner/Saved/Config/Windows/Engine.ini]
[2022.03.03-19.44.13:393][  0]LogConfig: Applying CVar settings from Section [ConsoleVariables] File [C:/PROJECTS/Unreal/Endless-Runner/EndlessRunner/Saved/Config/Windows/Editor.ini]
[2022.03.03-19.44.13:394][  0]LogInit: Computer: LAPTOP-BL73FRTF
[2022.03.03-19.44.13:394][  0]LogInit: User: teodo
[2022.03.03-19.44.13:394][  0]LogInit: CPU Page size=4096, Cores=6
[2022.03.03-19.44.13:394][  0]LogInit: High frequency timer resolution =10.000000 MHz
[2022.03.03-19.44.13:394][  0]LogMemory: Memory total: Physical=7.8GB (8GB approx)
[2022.03.03-19.44.13:394][  0]LogMemory: Platform Memory Stats for Windows
[2022.03.03-19.44.13:394][  0]LogMemory: Process Physical Memory: 147.59 MB used, 147.79 MB peak
[2022.03.03-19.44.13:394][  0]LogMemory: Process Virtual Memory: 121.12 MB used, 121.12 MB peak
[2022.03.03-19.44.13:394][  0]LogMemory: Physical Memory: 7252.73 MB used,  770.32 MB free, 8023.05 MB total
[2022.03.03-19.44.13:394][  0]LogMemory: Virtual Memory: 134215096.00 MB used,  2630.90 MB free, 134217728.00 MB total
[2022.03.03-19.44.13:404][  0]LogWindows: WindowsPlatformFeatures enabled
[2022.03.03-19.44.13:539][  0]LogInit: Physics initialised using underlying interface: PhysX
[2022.03.03-19.44.13:540][  0]LogInit: Using OS detected language (en-GB).
[2022.03.03-19.44.13:540][  0]LogInit: Using OS detected locale (en-US).
[2022.03.03-19.44.13:570][  0]LogTextLocalizationManager: No specific localization for 'en-GB' exists, so the 'en' localization will be used.
[2022.03.03-19.44.14:093][  0]LogWindowsTextInputMethodSystem: Display: IME system deactivated.
[2022.03.03-19.44.14:147][  0]LogSlate: New Slate User Created.  User Index 0, Is Virtual User: 0
[2022.03.03-19.44.14:147][  0]LogSlate: Slate User Registered.  User Index 0, Is Virtual User: 0
[2022.03.03-19.44.14:186][  0]LogD3D11RHI: Loaded GFSDK_Aftermath_Lib.x64.dll
[2022.03.03-19.44.14:267][  0]LogHMD: Failed to initialize OpenVR with code 101
[2022.03.03-19.44.14:267][  0]LogD3D11RHI: D3D11 min allowed feature level: 11_0
[2022.03.03-19.44.14:267][  0]LogD3D11RHI: D3D11 max allowed feature level: 11_0
[2022.03.03-19.44.14:267][  0]LogD3D11RHI: D3D11 adapters:
[2022.03.03-19.44.14:446][  0]LogD3D11RHI:    0. 'NVIDIA GeForce GTX 1660 Ti' (Feature Level 11_0)
[2022.03.03-19.44.14:446][  0]LogD3D11RHI:       5991/0/4011 MB DedicatedVideo/DedicatedSystem/SharedSystem, Outputs:1, VendorId:0x10de
[2022.03.03-19.44.14:559][  0]LogD3D11RHI:    1. 'Intel(R) UHD Graphics' (Feature Level 11_0)
[2022.03.03-19.44.14:559][  0]LogD3D11RHI:       128/0/4011 MB DedicatedVideo/DedicatedSystem/SharedSystem, Outputs:0, VendorId:0x8086
[2022.03.03-19.44.14:564][  0]LogD3D11RHI:    2. 'Microsoft Basic Render Driver' (Feature Level 11_0)
[2022.03.03-19.44.14:564][  0]LogD3D11RHI:       0/0/4011 MB DedicatedVideo/DedicatedSystem/SharedSystem, Outputs:0, VendorId:0x1414
[2022.03.03-19.44.14:564][  0]LogD3D11RHI: Chosen D3D11 Adapter:
[2022.03.03-19.44.14:564][  0]LogD3D11RHI:     Description : NVIDIA GeForce GTX 1660 Ti
[2022.03.03-19.44.14:564][  0]LogD3D11RHI:     VendorId    : 10de
[2022.03.03-19.44.14:564][  0]LogD3D11RHI:     DeviceId    : 2191
[2022.03.03-19.44.14:564][  0]LogD3D11RHI:     SubSysId    : 14421025
[2022.03.03-19.44.14:564][  0]LogD3D11RHI:     Revision    : 00a1
[2022.03.03-19.44.14:564][  0]LogD3D11RHI:     DedicatedVideoMemory : 6282018816 bytes
[2022.03.03-19.44.14:564][  0]LogD3D11RHI:     DedicatedSystemMemory : 0 bytes
[2022.03.03-19.44.14:565][  0]LogD3D11RHI:     SharedSystemMemory : 4206389248 bytes
[2022.03.03-19.44.14:565][  0]LogD3D11RHI:     AdapterLuid : 0 68996
[2022.03.03-19.44.14:576][  0]LogD3D11RHI: Creating new Direct3DDevice
[2022.03.03-19.44.14:576][  0]LogD3D11RHI:     GPU DeviceId: 0x2191 (for the marketing name, search the web for "GPU Device Id")
[2022.03.03-19.44.14:576][  0]LogWindows: EnumDisplayDevices:
[2022.03.03-19.44.14:577][  0]LogWindows:    0. 'Intel(R) UHD Graphics' (P:1 D:1)
[2022.03.03-19.44.14:577][  0]LogWindows:    1. 'Intel(R) UHD Graphics' (P:0 D:0)
[2022.03.03-19.44.14:578][  0]LogWindows:    2. 'Intel(R) UHD Graphics' (P:0 D:0)
[2022.03.03-19.44.14:579][  0]LogWindows:    3. 'NVIDIA GeForce GTX 1660 Ti' (P:0 D:0)
[2022.03.03-19.44.14:579][  0]LogWindows:    4. 'NVIDIA GeForce GTX 1660 Ti' (P:0 D:0)
[2022.03.03-19.44.14:579][  0]LogWindows:    5. 'NVIDIA GeForce GTX 1660 Ti' (P:0 D:0)
[2022.03.03-19.44.14:579][  0]LogWindows:    6. 'NVIDIA GeForce GTX 1660 Ti' (P:0 D:0)
[2022.03.03-19.44.14:580][  0]LogWindows: DebugString: PrimaryIsNotTheChoosenAdapter PrimaryIsNotTheChoosenAdapter PrimaryIsNotTheChoosenAdapter FoundDriverCount:4 
[2022.03.03-19.44.14:580][  0]LogD3D11RHI:     Adapter Name: NVIDIA GeForce GTX 1660 Ti
[2022.03.03-19.44.14:580][  0]LogD3D11RHI:   Driver Version: 497.09 (internal:30.0.14.9709, unified:497.09)
[2022.03.03-19.44.14:580][  0]LogD3D11RHI:      Driver Date: 11-26-2021
[2022.03.03-19.44.14:580][  0]LogRHI: Texture pool is 4193 MB (70% of 5991 MB)
[2022.03.03-19.44.14:580][  0]LogD3D11RHI: Creating D3DDevice using adapter:
[2022.03.03-19.44.14:580][  0]LogD3D11RHI:     Description : NVIDIA GeForce GTX 1660 Ti
[2022.03.03-19.44.14:580][  0]LogD3D11RHI:     VendorId    : 10de
[2022.03.03-19.44.14:580][  0]LogD3D11RHI:     DeviceId    : 2191
[2022.03.03-19.44.14:580][  0]LogD3D11RHI:     SubSysId    : 14421025
[2022.03.03-19.44.14:580][  0]LogD3D11RHI:     Revision    : 00a1
[2022.03.03-19.44.14:580][  0]LogD3D11RHI:     DedicatedVideoMemory : 6282018816 bytes
[2022.03.03-19.44.14:580][  0]LogD3D11RHI:     DedicatedSystemMemory : 0 bytes
[2022.03.03-19.44.14:580][  0]LogD3D11RHI:     SharedSystemMemory : 4206389248 bytes
[2022.03.03-19.44.14:580][  0]LogD3D11RHI:     AdapterLuid : 0 68996
[2022.03.03-19.44.14:677][  0]LogD3D11RHI: RHI has support for 64 bit atomics
[2022.03.03-19.44.14:678][  0]LogD3D11RHI: Async texture creation enabled
[2022.03.03-19.44.14:678][  0]LogD3D11RHI: Array index from any shader is supported
[2022.03.03-19.44.14:744][  0]LogD3D11RHI: GPU Timing Frequency: 1000.000000 (Debug: 2 1)
[2022.03.03-19.44.14:796][  0]LogRHI: GeForceNow SDK initialized: 1
[2022.03.03-19.44.15:338][  0]LogTargetPlatformManager: Display: Loaded TargetPlatform 'WindowsNoEditor'
[2022.03.03-19.44.15:348][  0]LogTargetPlatformManager: Display: Loaded TargetPlatform 'Windows'
[2022.03.03-19.44.15:357][  0]LogTargetPlatformManager: Display: Loaded TargetPlatform 'WindowsClient'
[2022.03.03-19.44.15:367][  0]LogTargetPlatformManager: Display: Loaded TargetPlatform 'WindowsServer'
[2022.03.03-19.44.15:367][  0]LogTargetPlatformManager: Display: Building Assets For Windows
[2022.03.03-19.44.15:385][  0]LogAudioDebug: Display: Lib vorbis DLL was dynamically loaded.
[2022.03.03-19.44.15:461][  0]LogTextureFormatOodle: Display: Oodle Texture 2.9.0 init RDO Off
[2022.03.03-19.44.15:583][  0]LogRendererCore: Ray tracing is disabled. Reason: r.RayTracing=0.
[2022.03.03-19.44.15:584][  0]LogShaderCompilers: Guid format shader working directory is -17 characters bigger than the processId version (../../../../../../PROJECTS/Unreal/Endless-Runner/EndlessRunner/Intermediate/Shaders/WorkingDirectory/10056/).
[2022.03.03-19.44.15:584][  0]LogShaderCompilers: Cleaned the shader compiler working directory 'C:/Users/teodo/AppData/Local/Temp/UnrealShaderWorkingDir/BE6A55D047ED49DC5BA393ACDEB416EA/'.
[2022.03.03-19.44.15:585][  0]LogXGEController: Cannot use XGE Controller as Incredibuild is not installed on this machine.
[2022.03.03-19.44.15:585][  0]LogShaderCompilers: Cannot use XGE Shader Compiler as Incredibuild is not installed on this machine.
[2022.03.03-19.44.15:585][  0]LogShaderCompilers: Display: Using Local Shader Compiler.
[2022.03.03-19.44.17:145][  0]LogDerivedDataCache: Display: Max Cache Size: 512 MB
[2022.03.03-19.44.17:322][  0]LogDerivedDataCache: Loaded boot cache 0.18s 94MB C:/Users/teodo/AppData/Local/UnrealEngine/4.27/DerivedDataCache/Boot.ddc.
[2022.03.03-19.44.17:322][  0]LogDerivedDataCache: Display: Loaded Boot cache: C:/Users/teodo/AppData/Local/UnrealEngine/4.27/DerivedDataCache/Boot.ddc
[2022.03.03-19.44.17:322][  0]LogDerivedDataCache: FDerivedDataBackendGraph:  Pak pak cache file ../../../../../../PROJECTS/Unreal/Endless-Runner/EndlessRunner/DerivedDataCache/DDC.ddp not found, will not use a pak cache.
[2022.03.03-19.44.17:323][  0]LogDerivedDataCache: Unable to find inner node Pak for hierarchical cache Hierarchy.
[2022.03.03-19.44.17:323][  0]LogDerivedDataCache: FDerivedDataBackendGraph:  CompressedPak pak cache file ../../../../../../PROJECTS/Unreal/Endless-Runner/EndlessRunner/DerivedDataCache/Compressed.ddp not found, will not use a pak cache.
[2022.03.03-19.44.17:323][  0]LogDerivedDataCache: Unable to find inner node CompressedPak for hierarchical cache Hierarchy.
[2022.03.03-19.44.17:356][  0]LogDerivedDataCache: Display: Pak cache opened for reading ../../../Engine/DerivedDataCache/Compressed.ddp.
[2022.03.03-19.44.17:357][  0]LogDerivedDataCache: FDerivedDataBackendGraph:  EnterprisePak pak cache file ../../../Enterprise/DerivedDataCache/Compressed.ddp not found, will not use a pak cache.
[2022.03.03-19.44.17:357][  0]LogDerivedDataCache: Unable to find inner node EnterprisePak for hierarchical cache Hierarchy.
[2022.03.03-19.44.17:379][  0]LogDerivedDataCache: Speed tests for C:/Users/teodo/AppData/Local/UnrealEngine/Common/DerivedDataCache took 0.02 seconds
[2022.03.03-19.44.17:379][  0]LogDerivedDataCache: Display: Performance to C:/Users/teodo/AppData/Local/UnrealEngine/Common/DerivedDataCache: Latency=0.19ms. RandomReadSpeed=114.73MBs, RandomWriteSpeed=82.46MBs. Assigned SpeedClass 'Local'
[2022.03.03-19.44.17:380][  0]LogDerivedDataCache: Using Local data cache path C:/Users/teodo/AppData/Local/UnrealEngine/Common/DerivedDataCache: Writable
[2022.03.03-19.44.17:380][  0]LogDerivedDataCache: Shared data cache path not found in *engine.ini, will not use an Shared cache.
[2022.03.03-19.44.17:380][  0]LogDerivedDataCache: Unable to find inner node Shared for hierarchical cache Hierarchy.
[2022.03.03-19.44.17:456][  0]LogSlate: Using FreeType 2.10.0
[2022.03.03-19.44.17:459][  0]LogSlate: SlateFontServices - WITH_FREETYPE: 1, WITH_HARFBUZZ: 1
[2022.03.03-19.44.17:685][  0]LogInit: Using OS detected language (en-GB).
[2022.03.03-19.44.17:685][  0]LogInit: Using OS detected locale (en-US).
[2022.03.03-19.44.17:685][  0]LogTextLocalizationManager: No localization for 'en-GB' exists, so 'en' will be used for the language.
[2022.03.03-19.44.17:685][  0]LogTextLocalizationManager: No localization for 'en-US' exists, so 'en' will be used for the locale.
[2022.03.03-19.44.17:686][  0]LogSlate: FontCache flush requested. Reason: Culture for localization was changed
[2022.03.03-19.44.17:686][  0]LogSlate: FontCache flush requested. Reason: Culture for localization was changed
[2022.03.03-19.44.17:693][  0]LogTextLocalizationManager: Compacting localization data took   0.21ms
[2022.03.03-19.44.17:693][  0]LogAssetRegistry: FAssetRegistry took 0.0040 seconds to start up
[2022.03.03-19.44.18:197][  0]LogPackageLocalizationCache: Processed 27 localized package path(s) for 1 prioritized culture(s) in 0.001745 seconds
[2022.03.03-19.44.18:324][  0]LogInit: Selected Device Profile: [Windows]
[2022.03.03-19.44.18:324][  0]LogInit: Active device profile: [000001A6116F0700][000001A60A8034C0 49] Windows
[2022.03.03-19.44.18:324][  0]LogInit: Profiles: [000001A6116F0700][000001A60A8034C0 49] Windows, [000001A6116AF700][000001A60A80B640 49] WindowsNoEditor, [000001A6116F3300][000001A60A807780 49] WindowsServer, [000001A6116ACF00][000001A60A80F8C0 49] WindowsClient, [000001A6116F3500][000001A60B667A00 49] IOS, [000001A6116A3F00][000001A60B66BB40 49] iPadAir, [000001A6116AFB00][000001A60B672140 49] iPadAir2, [000001A611660500][000001A60B67A400 49] IPadPro, [000001A611660600][000001A60B676440 49] iPadAir3, [000001A6116A0100][000001A60A8A45C0 49] iPadAir4, [000001A611662C00][000001A60A8A8740 49] iPadMini2, [000001A6116A2500][000001A60A8AC8C0 49] iPadMini3, [000001A611663400][000001A60A8B0A40 49] iPadMini4, [000001A6116A0F00][000001A60A8B4BC0 49] iPadMini5, [000001A61164BE00][000001A60A8BCE80 49] iPhone6, [000001A61164BF00][000001A60A8B8EC0 49] iPodTouch6, [000001A6116F3900][000001A60A8C5180 49] iPhone7, [000001A6116F2100][000001A60A8C11C0 49] iPodTouch7, [000001A611648400][000001A60A8C9340 49] iPhone5S, [000001A611663D00][000001A60A8CD4C0 49] iPhone6Plus, [000001A6116F3400][000001A60A8D1640 49] iPhone6S, [000001A611662000][000001A60A8D57C0 49] iPhone6SPlus, [000001A6116F0900][000001A60B66F900 49] iPhone7Plus, [000001A611660E00][000001A60A8D9A40 49] iPhoneSE, [000001A6116F0200][000001A60A8DDB80 49] iPhone8, [000001A611662400][000001A60A8E0140 49] iPhone8Plus, [000001A6116F1E00][000001A60A8E82C0 49] iPhoneX, [000001A611663E00][000001A60A8EC440 49] iPhoneXS, [000001A6116F1600][000001A6121D05C0 49] iPhoneXSMax, [000001A611662500][000001A6121D4740 49] iPhoneXR, [000001A6116F2A00][000001A6121D88C0 49] iPhone11, [000001A611663A00][000001A6121DCA40 49] iPhone11Pro, [000001A6116F0F00][000001A6121E0BC0 49] iPhone11ProMax, [000001A611662300][000001A6121E4D40 49] iPhoneSE2, [000001A6116F2700][000001A6121E8EC0 49] iPhone12Mini, [000001A611660700][000001A6121ED040 49] iPhone12, [000001A6116F3100][000001A6121F11C0 49] iPhone12Pro, [000001A611663500][000001A6121F5340 49] iPhone12ProMax, [000001A6116F0800][000001A6121F94C0 49] iPadPro105, [000001A611661C00][000001A6121FD640 49] iPadPro129, [000001A6116F0300][000001A6122017C0 49] iPadPro97, [000001A611661D00][000001A612205940 49] iPadPro2_129, [000001A6116F0C00][000001A612209AC0 49] iPad5, [000001A611663000][000001A60A8E5C00 49] iPad6, [000001A6116F2C00][000001A61220C1C0 49] iPad7, [000001A611662E00][000001A612210300 49] iPad8, [000001A6116F3E00][000001A612218480 49] iPadPro11, [000001A611661900][000001A61221C600 49] iPadPro2_11, [000001A6116F1800][000001A612220780 49] iPadPro3_129, [000001A611660C00][000001A612224900 49] iPadPro4_129, [000001A6116F2400][000001A612228A80 49] AppleTV, [000001A611663700][000001A61222CC00 49] AppleTV4K, [000001A6116F1B00][000001A612230D80 49] TVOS, [000001A611661000][000001A612234F00 49] Mac, [000001A6116F1F00][000001A612239080 49] MacClient, [000001A611662B00][000001A61223D200 49] MacNoEditor, [000001A6116F0D00][000001A612241380 49] MacServer, [000001A611663300][000001A612245500 49] Linux, [000001A6116F0B00][000001A612249680 49] LinuxAArch64, [000001A611662100][000001A61224D800 49] LinuxNoEditor, [000001A6116F1700][000001A612251980 49] LinuxAArch64NoEditor, [000001A611661A00][000001A612255B00 49] LinuxClient, [000001A6116F1000][000001A612258100 49] LinuxAArch64Client, [000001A611661400][000001A612214240 49] LinuxServer, [000001A6116F3000][000001A61225C380 49] LinuxAArch64Server, [000001A611661600][000001A6122604C0 49] Android, [000001A6116A3900][000001A612268640 49] Android_Low, [000001A611649B00][000001A61226C7C0 49] Android_Mid, [000001A6116A3000][000001A612270940 49] Android_High, [000001A61164B900][000001A612274AC0 49] Android_Default, [000001A6116A2000][000001A612278C40 49] Android_Adreno4xx, [000001A61164BB00][000001A61227CDC0 49] Android_Adreno5xx_Low, [000001A6116A0B00][000001A612280F40 49] Android_Adreno5xx, [000001A611649800][000001A6122850C0 49] Android_Adreno6xx, [000001A6116A1100][000001A612289240 49] Android_Adreno6xx_Vulkan, [000001A611648800][000001A61228D3C0 49] Android_Mali_T6xx, [000001A6116A3600][000001A612291540 49] Android_Mali_T7xx, [000001A611648D00][000001A6122956C0 49] Android_Mali_T8xx, [000001A6116A3C00][000001A612299840 49] Android_Mali_G71, [000001A611648900][000001A61229D9C0 49] Android_Mali_G72, [000001A6116A3E00][000001A6122A1B40 49] Android_Mali_G72_Vulkan, [000001A611649900][000001A6122A4140 49] Android_Mali_G76, [000001A6116A3A00][000001A6122A82C0 49] Android_Mali_G76_Vulkan, [000001A61164B600][000001A612264400 49] Android_Mali_G77, [000001A6116A2200][000001A6122AC540 49] Android_Mali_G77_Vulkan, [000001A611649200][000001A6122B0680 49] Android_Mali_G78, [000001A6116A0A00][000001A6122B47C0 49] Android_Mali_G78_Vulkan, [000001A61164B000][000001A6122BC940 49] Android_Mali_G710, [000001A6116A1400][000001A6122C0AC0 49] Android_Mali_G710_Vulkan, [000001A611648600][000001A6122C4C40 49] Android_Vulkan_SM5, [000001A6116A1800][000001A6122C8DC0 49] Android_PowerVR_G6xxx, [000001A611648E00][000001A6122CCF40 49] Android_PowerVR_GT7xxx, [000001A6116A0200][000001A6122D10C0 49] Android_PowerVR_GE8xxx, [000001A611648100][000001A6122D5240 49] Android_PowerVR_GM9xxx, [000001A6116A2600][000001A6122D93C0 49] Android_PowerVR_GM9xxx_Vulkan, [000001A611663800][000001A6122DD540 49] Android_TegraK1, [000001A6116A2A00][000001A6122E16C0 49] Android_Unknown_Vulkan, [000001A611660F00][000001A6122E5840 49] Lumin, [000001A6116A1200][000001A6122E99C0 49] Lumin_Desktop, [000001A611660400][000001A6122EDB40 49] HoloLens, 
[2022.03.03-19.44.18:629][  0]LogMeshReduction: Using QuadricMeshReduction for automatic static mesh reduction
[2022.03.03-19.44.18:629][  0]LogMeshReduction: Using SimplygonMeshReduction for automatic skeletal mesh reduction
[2022.03.03-19.44.18:629][  0]LogMeshReduction: Using ProxyLODMeshReduction for automatic mesh merging
[2022.03.03-19.44.18:629][  0]LogMeshReduction: No distributed automatic mesh merging module available
[2022.03.03-19.44.18:629][  0]LogMeshMerging: No distributed automatic mesh merging module available
[2022.03.03-19.44.18:682][  0]LogNetVersion: EndlessRunner 1.0.0, NetCL: 17155196, EngineNetVer: 17, GameNetVer: 0 (Checksum: 1331125288)
[2022.03.03-19.44.19:256][  0]LogTexture: Default maximum texture size for cubemaps generated from long-lat sources has been changed from 512 to unlimited. In order to preserve old behaiour for '/Engine/MapTemplates/Sky/DaylightAmbientCubemap.DaylightAmbientCubemap', its maximum texture size has been explicitly set to 512.
[2022.03.03-19.44.19:395][  0]LogHMD: PokeAHoleMaterial loaded successfully
[2022.03.03-19.44.19:705][  0]LogMoviePlayer: Initializing movie player
[2022.03.03-19.44.19:890][  0]LogNiagaraDebuggerClient: Niagara Debugger Client Initialized | Session: 571D838C4B1B50F11763818B170FAABC | Instance: 7DEB82F041D70C56B39898B84B4FDAED (LAPTOP-BL73FRTF-10056).
[2022.03.03-19.44.19:967][  0]LogCollectionManager: Loaded 0 collections in 0.002835 seconds
[2022.03.03-19.44.19:971][  0]LogFileCache: Scanning file cache for directory 'C:/PROJECTS/Unreal/Endless-Runner/EndlessRunner/Saved/Collections/' took 0.00s
[2022.03.03-19.44.19:971][  0]LogFileCache: Scanning file cache for directory 'C:/PROJECTS/Unreal/Endless-Runner/EndlessRunner/Content/Developers/teodo/Collections/' took 0.00s
[2022.03.03-19.44.19:971][  0]LogFileCache: Scanning file cache for directory 'C:/PROJECTS/Unreal/Endless-Runner/EndlessRunner/Content/Collections/' took 0.00s
[2022.03.03-19.44.19:971][  0]LogCollectionManager: Fixed up redirectors for 0 collections in 0.000003 seconds (updated 0 objects)
[2022.03.03-19.44.20:303][  0]LogTcpMessaging: Initializing TcpMessaging bridge
[2022.03.03-19.44.20:316][  0]LogUdpMessaging: Initializing bridge on interface 0.0.0.0:0 to multicast group 230.0.0.1:6666.
[2022.03.03-19.44.20:362][  0]LogPython: Using Python 3.7.7
[2022.03.03-19.44.21:492][  0]SourceControl: Source control is disabled
[2022.03.03-19.44.21:493][  0]SourceControl: Source control is disabled
[2022.03.03-19.44.21:501][  0]SourceControl: Source control is disabled
[2022.03.03-19.44.21:515][  0]LogUProjectInfo: Found projects:
[2022.03.03-19.44.21:770][  0]LogOpenImageDenoise: OIDN starting up
[2022.03.03-19.44.21:784][  0]LogAndroidPermission: UAndroidPermissionCallbackProxy::GetInstance
[2022.03.03-19.44.21:832][  0]LogAudioCaptureCore: Display: No Audio Capture implementations found. Audio input will be silent.
[2022.03.03-19.44.21:832][  0]LogAudioCaptureCore: Display: No Audio Capture implementations found. Audio input will be silent.
[2022.03.03-19.44.21:993][  0]LogOcInput: OculusInput pre-init called
[2022.03.03-19.44.22:015][  0]LogUObjectArray: 22121 objects as part of root set at end of initial load.
[2022.03.03-19.44.22:015][  0]LogUObjectAllocator: 5975632 out of 0 bytes used by permanent object pool.
[2022.03.03-19.44.22:015][  0]LogUObjectArray: CloseDisregardForGC: 0/0 objects in disregard for GC pool
[2022.03.03-19.44.22:177][  0]LogEngine: Initializing Engine...
[2022.03.03-19.44.22:299][  0]LogHMD: Optional extension XR_VARJO_quad_views is not available
[2022.03.03-19.44.22:299][  0]LogHMD: Warning: Required extension XR_EXT_eye_gaze_interaction is not available
[2022.03.03-19.44.22:299][  0]LogHMD: Could not enable all required OpenXR extensions for OpenXREyeTracker on current system. This plugin will be loaded but ignored, but will be enabled on a target platform that supports the required extension.
[2022.03.03-19.44.22:808][  0]LogHMD: Failed to get an OpenXR system, result is XR_ERROR_FORM_FACTOR_UNAVAILABLE. Please check that your runtime supports VR headsets.
[2022.03.03-19.44.22:808][  0]LogHMD: Failed to initialize OpenVR with code 101
[2022.03.03-19.44.22:809][  0]LogMagicLeap: Warning: VR disabled because ZI is not enabled.  To enable, in the editor, Edit -> Project Settings -> Plugins -> Magic Leap Plugin -> Enable Zero Iteration
[2022.03.03-19.44.22:817][  0]LogStats: UGameplayTagsManager::InitializeManager -  0.004 s
[2022.03.03-19.44.23:109][  0]LogInit: Initializing FReadOnlyCVARCache
[2022.03.03-19.44.23:109][  0]LogAudio: Display: Initializing Audio Device Manager...
[2022.03.03-19.44.23:121][  0]LogAudio: Display: Loading Default Audio Settings Objects...
[2022.03.03-19.44.23:124][  0]LogAudio: Display: No default SoundConcurrencyObject specified (or failed to load).
[2022.03.03-19.44.23:127][  0]LogAudio: Display: Audio Device Manager Initialized
[2022.03.03-19.44.23:127][  0]LogAudio: Display: Creating Audio Device:                 Id: 1, Scope: Shared, Realtime: True
[2022.03.03-19.44.23:128][  0]LogAudioMixer: Display: Audio Mixer Platform Settings:
[2022.03.03-19.44.23:128][  0]LogAudioMixer: Display: 	Sample Rate:						  48000
[2022.03.03-19.44.23:128][  0]LogAudioMixer: Display: 	Callback Buffer Frame Size Requested: 1024
[2022.03.03-19.44.23:128][  0]LogAudioMixer: Display: 	Callback Buffer Frame Size To Use:	  1024
[2022.03.03-19.44.23:128][  0]LogAudioMixer: Display: 	Number of buffers to queue:			  2
[2022.03.03-19.44.23:128][  0]LogAudioMixer: Display: 	Max Channels (voices):				  32
[2022.03.03-19.44.23:128][  0]LogAudioMixer: Display: 	Number of Async Source Workers:		  0
[2022.03.03-19.44.23:128][  0]LogAudio: Display: AudioDevice MaxSources: 32
[2022.03.03-19.44.23:129][  0]LogAudio: Display: Audio Spatialization Plugin: None (built-in).
[2022.03.03-19.44.23:129][  0]LogAudio: Display: Audio Reverb Plugin: None (built-in).
[2022.03.03-19.44.23:129][  0]LogAudio: Display: Audio Occlusion Plugin: None (built-in).
[2022.03.03-19.44.23:129][  0]LogAudioMixer: Display: Initializing audio mixer.
[2022.03.03-19.44.23:191][  0]LogAudioMixer: Display: 0: FrontLeft
[2022.03.03-19.44.23:191][  0]LogAudioMixer: Display: 1: FrontRight
[2022.03.03-19.44.23:452][  0]LogAudioMixer: Display: Using Audio Device Speakers (Realtek(R) Audio)
[2022.03.03-19.44.23:468][  0]LogAudioMixer: Display: Initializing Sound Submixes...
[2022.03.03-19.44.23:474][  0]LogAudioMixer: Display: Creating Master Submix 'MasterSubmixDefault'
[2022.03.03-19.44.23:474][  0]LogAudioMixer: Display: Creating Master Submix 'MasterReverbSubmixDefault'
[2022.03.03-19.44.23:477][  0]LogAudioMixer: Display: Creating Master Submix 'MasterEQSubmixDefault'
[2022.03.03-19.44.23:477][  0]LogAudioMixer: FMixerPlatformXAudio2::StartAudioStream() called
[2022.03.03-19.44.23:477][  0]LogAudioMixer: Display: Output buffers initialized: Frames=1024, Channels=2, Samples=2048
[2022.03.03-19.44.23:479][  0]LogAudioMixer: Display: Starting AudioMixerPlatformInterface::RunInternal()
[2022.03.03-19.44.23:479][  0]LogAudioMixer: Display: FMixerPlatformXAudio2::SubmitBuffer() called for the first time
[2022.03.03-19.44.23:479][  0]LogInit: FAudioDevice initialized.
[2022.03.03-19.44.23:483][  0]LogNetVersion: Set ProjectVersion to 1.0.0.0. Version Checksum will be recalculated on next use.
[2022.03.03-19.44.23:485][  0]LogInit: Texture streaming: Enabled
[2022.03.03-19.44.23:692][  0]LogAudio: Display: Audio Device (ID: 1) registered with world 'Untitled'.
[2022.03.03-19.44.23:695][  0]LogSlate: Updating window title bar state: overlay mode, drag disabled, window buttons hidden, title bar hidden
[2022.03.03-19.44.23:696][  0]LogInit: Display: Game Engine Initialized.
[2022.03.03-19.44.23:699][  0]LogNiagaraEditor: GEditor isn't valid! Particle reset commands will not work for Niagara components!
[2022.03.03-19.44.24:002][  0]LogInit: Display: Starting Game.
[2022.03.03-19.44.24:002][  0]LogNet: Browse: /Game/--NEW--/Maps/ThirdPersonExampleMap?Name=Player
[2022.03.03-19.44.24:003][  0]LogLoad: LoadMap: /Game/--NEW--/Maps/ThirdPersonExampleMap?Name=Player
[2022.03.03-19.44.24:003][  0]LogWorld: BeginTearingDown for /Temp/Untitled_0
[2022.03.03-19.44.24:006][  0]LogWorld: UWorld::CleanupWorld for Untitled, bSessionEnded=true, bCleanupResources=true
[2022.03.03-19.44.24:006][  0]LogSlate: InvalidateAllWidgets triggered.  All widgets were invalidated
[2022.03.03-19.44.24:014][  0]LogAudio: Display: Audio Device unregistered from world 'None'.
[2022.03.03-19.44.24:021][  0]LogUObjectHash: Compacting FUObjectHashTables data took   2.83ms
[2022.03.03-19.44.26:173][  0]LogAudio: Display: Audio Device (ID: 1) registered with world 'ThirdPersonExampleMap'.
[2022.03.03-19.44.26:199][  0]LogAIModule: Creating AISystem for world ThirdPersonExampleMap
[2022.03.03-19.44.26:203][  0]LogLoad: Game class is 'ThirdPersonGameMode_C'
[2022.03.03-19.44.27:923][  0]LogWorld: Bringing World /Game/--NEW--/Maps/ThirdPersonExampleMap.ThirdPersonExampleMap up for play (max tick rate 0) at 2022.03.03-19.44.27
[2022.03.03-19.44.27:926][  0]LogWorld: Bringing up level for play took: 1.720899
[2022.03.03-19.44.27:929][  0]LogGameMode: FindPlayerStart: PATHS NOT DEFINED or NO PLAYERSTART with positive rating
[2022.03.03-19.44.27:970][  0]LogLoad: Took 3.966036 seconds to LoadMap(/Game/--NEW--/Maps/ThirdPersonExampleMap)
[2022.03.03-19.44.28:039][  0]LogSlate: Took 0.001037 seconds to synchronously load lazily loaded font '../../../Engine/Content/Slate/Fonts/Roboto-Regular.ttf' (155K)
[2022.03.03-19.44.28:092][  0]LogInit: Display: Engine is initialized. Leaving FEngineLoop::Init()
[2022.03.03-19.44.28:093][  0]LogLoad: (Engine Initialization) Total time: 18.39 seconds
[2022.03.03-19.44.28:093][  0]LogLoad: (Engine Initialization) Total Blueprint compile time: 0.00 seconds
[2022.03.03-19.44.28:095][  0]LogRenderer: Reallocating scene render targets to support 1280x720 Format 10 NumSamples 1 (Frame:1).
[2022.03.03-19.44.28:247][  0]LogContentStreaming: Texture pool size now 1000 MB
[2022.03.03-19.44.28:259][  0]LogSlate: InvalidateAllWidgets triggered.  All widgets were invalidated
[2022.03.03-19.44.28:273][  0]LogRenderer: Reallocating scene render targets to support 128x128 Format 10 NumSamples 1 (Frame:1).
[2022.03.03-19.44.28:338][  0]LogRenderer: Reallocating scene render targets to support 1280x720 Format 10 NumSamples 1 (Frame:2).
[2022.03.03-19.44.28:428][  1]LogSlate: Took 0.000316 seconds to synchronously load lazily loaded font '../../../Engine/Content/Slate/Fonts/Roboto-Regular.ttf' (155K)
[2022.03.03-19.44.48:462][414]LogSlate: Window 'EndlessRunner (64-bit Development PCD3D_SM5) ' being destroyed
[2022.03.03-19.44.48:464][414]LogWindowsTextInputMethodSystem: Display: IME system deactivated.
[2022.03.03-19.44.48:472][414]LogWindowsTextInputMethodSystem: Display: IME system deactivated.
[2022.03.03-19.44.48:479][414]LogSlate: Updating window title bar state: overlay mode, drag disabled, window buttons hidden, title bar hidden
[2022.03.03-19.44.48:479][414]LogEngine: All Windows Closed
[2022.03.03-19.44.48:479][414]LogWindows: FPlatformMisc::RequestExit(0)
[2022.03.03-19.44.48:479][414]LogWindows: FPlatformMisc::RequestExitWithStatus(0, 0)
[2022.03.03-19.44.48:479][414]LogCore: Engine exit requested (reason: Win RequestExit)
[2022.03.03-19.44.48:480][415]LogCore: Engine exit requested (reason: EngineExit() was called; note: exit was already requested)
[2022.03.03-19.44.48:480][415]LogInit: Display: PreExit Game.
[2022.03.03-19.44.48:519][415]LogWorld: BeginTearingDown for /Game/--NEW--/Maps/ThirdPersonExampleMap
[2022.03.03-19.44.48:525][415]LogWorld: UWorld::CleanupWorld for ThirdPersonExampleMap, bSessionEnded=true, bCleanupResources=true
[2022.03.03-19.44.48:614][415]LogSlate: InvalidateAllWidgets triggered.  All widgets were invalidated
[2022.03.03-19.44.48:827][415]LogAudio: Display: Beginning Audio Device Manager Shutdown (Module: AudioMixerXAudio2)...
[2022.03.03-19.44.48:827][415]LogAudio: Display: Destroying 1 Remaining Audio Device(s)...
[2022.03.03-19.44.48:827][415]LogAudio: Display: Audio Device unregistered from world 'ThirdPersonExampleMap'.
[2022.03.03-19.44.48:867][415]LogAudioMixer: FMixerPlatformXAudio2::StopAudioStream() called
[2022.03.03-19.44.48:869][415]LogAudioMixer: FMixerPlatformXAudio2::StopAudioStream() called
[2022.03.03-19.44.48:877][415]LogAudio: Display: Audio Device Manager Shutdown
[2022.03.03-19.44.48:887][415]LogExit: Preparing to exit.
[2022.03.03-19.44.48:906][415]LogSlate: Updating window title bar state: overlay mode, drag disabled, window buttons hidden, title bar hidden
[2022.03.03-19.44.48:939][415]LogUObjectHash: Compacting FUObjectHashTables data took   2.91ms
[2022.03.03-19.44.49:344][415]LogMoviePlayer: Shutting down movie player
[2022.03.03-19.44.49:580][415]LogExit: Game engine shut down
[2022.03.03-19.44.49:595][415]LogDemo: Cleaned up 0 splitscreen connections with owner deletion
[2022.03.03-19.44.49:797][415]LogExit: Object subsystem successfully closed.
[2022.03.03-19.44.49:831][415]LogShaderCompilers: Display: === FShaderJobCache stats ===
[2022.03.03-19.44.49:831][415]LogShaderCompilers: Display: Total job queries 0, among them cache hits 0 (0.00%)
[2022.03.03-19.44.49:831][415]LogShaderCompilers: Display: Tracking 0 distinct input hashes that result in 0 distinct outputs (0.00%)
[2022.03.03-19.44.49:832][415]LogShaderCompilers: Display: RAM used: 0.00 MB (0.00 GB) of 409.60 MB (0.40 GB) budget. Usage: 0.00%
[2022.03.03-19.44.49:832][415]LogShaderCompilers: Display: ================================================
[2022.03.03-19.44.49:865][415]LogShaderCompilers: Display: Shaders left to compile 0
[2022.03.03-19.44.49:939][415]LogModuleManager: Shutting down and abandoning module SequenceRecorderSections (560)
[2022.03.03-19.44.49:939][415]LogModuleManager: Shutting down and abandoning module SequenceRecorder (558)
[2022.03.03-19.44.49:939][415]LogModuleManager: Shutting down and abandoning module AutomationController (556)
[2022.03.03-19.44.49:940][415]LogModuleManager: Shutting down and abandoning module AutomationWorker (554)
[2022.03.03-19.44.49:940][415]LogModuleManager: Shutting down and abandoning module Voice (552)
[2022.03.03-19.44.49:941][415]LogModuleManager: Shutting down and abandoning module AIModule (550)
[2022.03.03-19.44.49:941][415]LogModuleManager: Shutting down and abandoning module GameplayDebugger (549)
[2022.03.03-19.44.49:941][415]LogModuleManager: Shutting down and abandoning module AITestSuite (547)
[2022.03.03-19.44.49:941][415]LogModuleManager: Shutting down and abandoning module NavigationSystem (545)
[2022.03.03-19.44.49:942][415]LogModuleManager: Shutting down and abandoning module AnimGraph (542)
[2022.03.03-19.44.49:942][415]LogModuleManager: Shutting down and abandoning module SteamVREditor (540)
[2022.03.03-19.44.49:942][415]LogModuleManager: Shutting down and abandoning module ToolMenus (539)
[2022.03.03-19.44.49:942][415]LogModuleManager: Shutting down and abandoning module OculusMR (536)
[2022.03.03-19.44.49:942][415]LogModuleManager: Shutting down and abandoning module OpenXRInput (534)
[2022.03.03-19.44.49:942][415]LogModuleManager: Shutting down and abandoning module TakeRecorderSources (532)
[2022.03.03-19.44.49:944][415]LogModuleManager: Shutting down and abandoning module TakeRecorder (531)
[2022.03.03-19.44.49:945][415]LogModuleManager: Shutting down and abandoning module TakeTrackRecorders (528)
[2022.03.03-19.44.49:945][415]LogModuleManager: Shutting down and abandoning module TakesCore (526)
[2022.03.03-19.44.49:945][415]LogModuleManager: Shutting down and abandoning module PlanarCut (524)
[2022.03.03-19.44.49:946][415]LogModuleManager: Shutting down and abandoning module CharacterAI (522)
[2022.03.03-19.44.49:946][415]LogModuleManager: Shutting down and abandoning module WmfMediaFactory (520)
[2022.03.03-19.44.49:946][415]LogModuleManager: Shutting down and abandoning module WebMMediaFactory (518)
[2022.03.03-19.44.49:946][415]LogModuleManager: Shutting down and abandoning module WebMMedia (516)
[2022.03.03-19.44.49:946][415]LogModuleManager: Shutting down and abandoning module OpenExrWrapper (514)
[2022.03.03-19.44.49:946][415]LogModuleManager: Shutting down and abandoning module ImgMediaFactory (512)
[2022.03.03-19.44.49:946][415]LogModuleManager: Shutting down and abandoning module AvfMediaFactory (510)
[2022.03.03-19.44.49:946][415]LogModuleManager: Shutting down and abandoning module MagicLeapMediaCodecFactory (508)
[2022.03.03-19.44.49:946][415]LogModuleManager: Shutting down and abandoning module MagicLeapMediaFactory (506)
[2022.03.03-19.44.49:946][415]LogModuleManager: Shutting down and abandoning module SessionServices (504)
[2022.03.03-19.44.49:946][415]LogModuleManager: Shutting down and abandoning module MovieSceneCapture (502)
[2022.03.03-19.44.49:946][415]LogModuleManager: Shutting down and abandoning module LiveCoding (500)
[2022.03.03-19.44.49:947][415]LogModuleManager: Shutting down and abandoning module LevelSequence (498)
[2022.03.03-19.44.49:947][415]LogModuleManager: Shutting down and abandoning module MovieSceneTracks (496)
[2022.03.03-19.44.49:947][415]LogModuleManager: Shutting down and abandoning module MovieScene (494)
[2022.03.03-19.44.49:948][415]LogModuleManager: Shutting down and abandoning module StreamingPauseRendering (492)
[2022.03.03-19.44.49:948][415]LogModuleManager: Shutting down and abandoning module PortalServices (490)
[2022.03.03-19.44.49:948][415]LogModuleManager: Shutting down and abandoning module PortalRpc (488)
[2022.03.03-19.44.49:948][415]LogModuleManager: Shutting down and abandoning module MessagingRpc (486)
[2022.03.03-19.44.49:948][415]LogModuleManager: Shutting down and abandoning module AudioMixerXAudio2 (484)
[2022.03.03-19.44.49:948][415]LogModuleManager: Shutting down and abandoning module AudioMixerCore (483)
[2022.03.03-19.44.49:948][415]LogModuleManager: Shutting down and abandoning module ImageWriteQueue (480)
[2022.03.03-19.44.49:954][415]LogModuleManager: Shutting down and abandoning module ProfilerService (478)
[2022.03.03-19.44.50:093][415]LogModuleManager: Shutting down and abandoning module TaskGraph (476)
[2022.03.03-19.44.50:094][415]LogModuleManager: Shutting down and abandoning module OculusInput (474)
[2022.03.03-19.44.50:094][415]LogModuleManager: Shutting down and abandoning module Synthesis (472)
[2022.03.03-19.44.50:095][415]LogModuleManager: Shutting down and abandoning module ProceduralMeshComponent (470)
[2022.03.03-19.44.50:095][415]LogModuleManager: Shutting down and abandoning module MobilePatchingUtils (468)
[2022.03.03-19.44.50:095][415]LogModuleManager: Shutting down and abandoning module TakeMovieScene (466)
[2022.03.03-19.44.50:095][415]LogModuleManager: Shutting down and abandoning module GooglePAD (464)
[2022.03.03-19.44.50:095][415]LogModuleManager: Shutting down and abandoning module EditableMesh (462)
[2022.03.03-19.44.50:095][415]LogModuleManager: Shutting down and abandoning module CableComponent (460)
[2022.03.03-19.44.50:095][415]LogModuleManager: Shutting down and abandoning module CustomMeshComponent (458)
[2022.03.03-19.44.50:095][415]LogModuleManager: Shutting down and abandoning module AudioCapture (456)
[2022.03.03-19.44.50:095][415]LogModuleManager: Shutting down and abandoning module AudioCaptureRtAudio (455)
[2022.03.03-19.44.50:096][415]LogModuleManager: Shutting down and abandoning module AssetTags (452)
[2022.03.03-19.44.50:096][415]LogModuleManager: Shutting down and abandoning module ArchVisCharacter (450)
[2022.03.03-19.44.50:096][415]LogModuleManager: Shutting down and abandoning module AppleImageUtilsBlueprintSupport (448)
[2022.03.03-19.44.50:096][415]LogModuleManager: Shutting down and abandoning module AppleImageUtils (446)
[2022.03.03-19.44.50:096][415]LogModuleManager: Shutting down and abandoning module AndroidPermission (444)
[2022.03.03-19.44.50:096][415]LogModuleManager: Shutting down and abandoning module ActorLayerUtilities (442)
[2022.03.03-19.44.50:096][415]LogModuleManager: Shutting down and abandoning module OpenImageDenoise (440)
[2022.03.03-19.44.50:096][415]LogOpenImageDenoise: OIDN shutting down
[2022.03.03-19.44.50:096][415]LogModuleManager: Shutting down and abandoning module MotoSynth (438)
[2022.03.03-19.44.50:096][415]LogModuleManager: Shutting down and abandoning module MeshConversion (436)
[2022.03.03-19.44.50:096][415]LogModuleManager: Shutting down and abandoning module DynamicMesh (434)
[2022.03.03-19.44.50:097][415]LogModuleManager: Shutting down and abandoning module GeometryAlgorithms (432)
[2022.03.03-19.44.50:097][415]LogModuleManager: Shutting down and abandoning module GeometricObjects (430)
[2022.03.03-19.44.50:098][415]LogModuleManager: Shutting down and abandoning module GeometryCollectionTracks (428)
[2022.03.03-19.44.50:098][415]LogModuleManager: Shutting down and abandoning module GeometryCollectionSequencer (427)
[2022.03.03-19.44.50:098][415]LogModuleManager: Shutting down and abandoning module GeometryCacheTracks (424)
[2022.03.03-19.44.50:098][415]LogModuleManager: Shutting down and abandoning module GeometryCacheSequencer (423)
[2022.03.03-19.44.50:098][415]LogModuleManager: Shutting down and abandoning module GeometryCache (420)
[2022.03.03-19.44.50:098][415]LogModuleManager: Shutting down and abandoning module GeometryCacheEd (419)
[2022.03.03-19.44.50:098][415]LogModuleManager: Shutting down and abandoning module ChaosNiagara (416)
[2022.03.03-19.44.50:098][415]LogModuleManager: Shutting down and abandoning module FieldSystemEngine (415)
[2022.03.03-19.44.50:098][415]LogModuleManager: Shutting down and abandoning module BackChannel (412)
[2022.03.03-19.44.50:098][415]LogModuleManager: Shutting down and abandoning module AutomationUtils (410)
[2022.03.03-19.44.50:098][415]LogModuleManager: Shutting down and abandoning module TemplateSequence (408)
[2022.03.03-19.44.50:099][415]LogModuleManager: Shutting down and abandoning module ImgMedia (406)
[2022.03.03-19.44.50:099][415]LogModuleManager: Shutting down and abandoning module MediaCompositing (404)
[2022.03.03-19.44.50:099][415]LogModuleManager: Shutting down and abandoning module VisualStudioSourceCodeAccess (402)
[2022.03.03-19.44.50:099][415]LogModuleManager: Shutting down and abandoning module HotReload (401)
[2022.03.03-19.44.50:099][415]LogModuleManager: Shutting down and abandoning module VisualStudioCodeSourceCodeAccess (398)
[2022.03.03-19.44.50:099][415]LogModuleManager: Shutting down and abandoning module UObjectPlugin (396)
[2022.03.03-19.44.50:099][415]LogModuleManager: Shutting down and abandoning module SubversionSourceControl (394)
[2022.03.03-19.44.50:100][415]LogModuleManager: Shutting down and abandoning module PerforceSourceControl (392)
[2022.03.03-19.44.50:102][415]LogModuleManager: Shutting down and abandoning module SourceControl (391)
[2022.03.03-19.44.50:102][415]LogModuleManager: Shutting down and abandoning module CLionSourceCodeAccess (388)
[2022.03.03-19.44.50:102][415]LogModuleManager: Shutting down and abandoning module MagicLeapSharedWorld (386)
[2022.03.03-19.44.50:102][415]LogModuleManager: Shutting down and abandoning module MagicLeapHelperVulkan (384)
[2022.03.03-19.44.50:102][415]LogModuleManager: Shutting down and abandoning module MagicLeapHelperOpenGL (382)
[2022.03.03-19.44.50:102][415]LogModuleManager: Shutting down and abandoning module MagicLeapAudio (380)
[2022.03.03-19.44.50:102][415]LogModuleManager: Shutting down and abandoning module MagicLeapLightEstimation (378)
[2022.03.03-19.44.50:102][415]LogModuleManager: Shutting down and abandoning module OodleNetworkHandlerComponent (376)
[2022.03.03-19.44.50:102][415]LogModuleManager: Shutting down and abandoning module LiveLinkSequencer (374)
[2022.03.03-19.44.50:102][415]LogModuleManager: Shutting down and abandoning module LiveLinkMovieScene (372)
[2022.03.03-19.44.50:102][415]LogModuleManager: Shutting down and abandoning module LiveLinkGraphNode (370)
[2022.03.03-19.44.50:102][415]LogModuleManager: Shutting down and abandoning module LiveLinkComponents (368)
[2022.03.03-19.44.50:102][415]LogModuleManager: Shutting down and abandoning module LiveLink (366)
[2022.03.03-19.44.50:365][415]LogModuleManager: Shutting down and abandoning module RuntimePhysXCooking (364)
[2022.03.03-19.44.50:365][415]LogModuleManager: Shutting down and abandoning module SignificanceManager (362)
[2022.03.03-19.44.50:365][415]LogModuleManager: Shutting down and abandoning module SoundFields (360)
[2022.03.03-19.44.50:365][415]LogModuleManager: Shutting down and abandoning module PropertyAccessEditor (358)
[2022.03.03-19.44.50:366][415]LogModuleManager: Shutting down and abandoning module PhysXVehiclesEditor (356)
[2022.03.03-19.44.50:366][415]LogModuleManager: Shutting down and abandoning module LocationServicesBPLibrary (352)
[2022.03.03-19.44.50:366][415]LogModuleManager: Shutting down and abandoning module AudioSynesthesia (350)
[2022.03.03-19.44.50:366][415]LogModuleManager: Shutting down and abandoning module AudioSynesthesiaCore (348)
[2022.03.03-19.44.50:366][415]LogModuleManager: Shutting down and abandoning module PythonScriptPlugin (346)
[2022.03.03-19.44.50:367][415]LogModuleManager: Shutting down and abandoning module ActorSequence (344)
[2022.03.03-19.44.50:367][415]LogModuleManager: Shutting down and abandoning module ImgMediaEngine (342)
[2022.03.03-19.44.50:367][415]LogModuleManager: Shutting down and abandoning module UdpMessaging (340)
[2022.03.03-19.44.50:468][415]LogModuleManager: Shutting down and abandoning module TcpMessaging (338)
[2022.03.03-19.44.50:569][415]LogModuleManager: Shutting down and abandoning module PropertyAccessNode (336)
[2022.03.03-19.44.50:569][415]LogModuleManager: Shutting down and abandoning module AnimationSharing (334)
[2022.03.03-19.44.50:569][415]LogModuleManager: Shutting down and abandoning module FacialAnimation (332)
[2022.03.03-19.44.50:569][415]LogModuleManager: Shutting down and abandoning module GameplayTagsEditor (330)
[2022.03.03-19.44.50:570][415]LogModuleManager: Shutting down and abandoning module MagicLeapARPin (328)
[2022.03.03-19.44.50:570][415]LogModuleManager: Shutting down and abandoning module AssetManagerEditor (326)
[2022.03.03-19.44.50:570][415]LogModuleManager: Shutting down and abandoning module TreeMap (325)
[2022.03.03-19.44.50:570][415]LogModuleManager: Shutting down and abandoning module MagicLeapHandMeshing (322)
[2022.03.03-19.44.50:570][415]LogModuleManager: Shutting down and abandoning module MagicLeapSecureStorage (320)
[2022.03.03-19.44.50:570][415]LogModuleManager: Shutting down and abandoning module MagicLeapPrivileges (318)
[2022.03.03-19.44.50:571][415]LogModuleManager: Shutting down and abandoning module MagicLeapPlanes (316)
[2022.03.03-19.44.50:571][415]LogMagicLeapPlanes: Planes tracker already destroyed.
[2022.03.03-19.44.50:571][415]LogModuleManager: Shutting down and abandoning module MagicLeapImageTracker (314)
[2022.03.03-19.44.50:571][415]LogModuleManager: Shutting down and abandoning module MagicLeapIdentity (312)
[2022.03.03-19.44.50:571][415]LogModuleManager: Shutting down and abandoning module MagicLeapHandTracking (310)
[2022.03.03-19.44.50:572][415]LogModuleManager: Shutting down and abandoning module MagicLeapEyeTracker (308)
[2022.03.03-19.44.50:572][415]LogModuleManager: Shutting down and abandoning module MagicLeapController (306)
[2022.03.03-19.44.50:572][415]LogModuleManager: Shutting down and abandoning module MagicLeapARPinImpl (304)
[2022.03.03-19.44.50:572][415]LogModuleManager: Shutting down and abandoning module MagicLeapAR (302)
[2022.03.03-19.44.50:572][415]LogModuleManager: Shutting down and abandoning module GameplayCameras (300)
[2022.03.03-19.44.50:572][415]LogModuleManager: Shutting down and abandoning module NiagaraAnimNotifies (298)
[2022.03.03-19.44.50:572][415]LogModuleManager: Shutting down and abandoning module Niagara (296)
[2022.03.03-19.44.50:573][415]LogModuleManager: Shutting down and abandoning module SignalProcessing (295)
[2022.03.03-19.44.50:573][415]LogModuleManager: Shutting down and abandoning module NiagaraEditor (293)
[2022.03.03-19.44.50:574][415]LogModuleManager: Shutting down and abandoning module ContentBrowser (292)
[2022.03.03-19.44.50:575][415]LogModuleManager: Shutting down and abandoning module CollectionManager (291)
[2022.03.03-19.44.50:576][415]LogModuleManager: Shutting down and abandoning module DirectoryWatcher (290)
[2022.03.03-19.44.50:576][415]LogModuleManager: Shutting down and abandoning module ContentBrowserData (287)
[2022.03.03-19.44.50:576][415]LogModuleManager: Shutting down and abandoning module NiagaraCore (282)
[2022.03.03-19.44.50:576][415]LogModuleManager: Shutting down and abandoning module EnvironmentQueryEditor (280)
[2022.03.03-19.44.50:577][415]LogModuleManager: Shutting down and abandoning module Paper2D (278)
[2022.03.03-19.44.50:577][415]LogModuleManager: Shutting down and abandoning module LightPropagationVolumeRuntime (276)
[2022.03.03-19.44.50:577][415]LogModuleManager: Shutting down and abandoning module WindowsMoviePlayer (274)
[2022.03.03-19.44.50:578][415]LogModuleManager: Shutting down and abandoning module WebMMoviePlayer (272)
[2022.03.03-19.44.50:578][415]LogModuleManager: Shutting down and abandoning module NetworkReplayStreaming (270)
[2022.03.03-19.44.50:578][415]LogModuleManager: Shutting down and abandoning module PacketHandler (268)
[2022.03.03-19.44.50:578][415]LogModuleManager: Shutting down and abandoning module ClothingSystemEditor (266)
[2022.03.03-19.44.50:578][415]LogModuleManager: Shutting down and abandoning module ClothingSystemRuntimeNv (264)
[2022.03.03-19.44.50:579][415]LogModuleManager: Shutting down and abandoning module MediaAssets (262)
[2022.03.03-19.44.50:579][415]LogModuleManager: Shutting down and abandoning module Overlay (260)
[2022.03.03-19.44.50:579][415]LogModuleManager: Shutting down and abandoning module OverlayEditor (259)
[2022.03.03-19.44.50:579][415]LogModuleManager: Shutting down and abandoning module VREditor (256)
[2022.03.03-19.44.50:580][415]LogModuleManager: Shutting down and abandoning module StringTableEditor (254)
[2022.03.03-19.44.50:580][415]LogModuleManager: Shutting down and abandoning module GameplayTasksEditor (252)
[2022.03.03-19.44.50:580][415]LogModuleManager: Shutting down and abandoning module BehaviorTreeEditor (250)
[2022.03.03-19.44.50:581][415]LogModuleManager: Shutting down and abandoning module FunctionalTesting (248)
[2022.03.03-19.44.50:581][415]LogModuleManager: Shutting down and abandoning module CollisionAnalyzer (246)
[2022.03.03-19.44.50:582][415]LogModuleManager: Shutting down and abandoning module WorkspaceMenuStructure (245)
[2022.03.03-19.44.50:582][415]LogModuleManager: Shutting down and abandoning module UMG (242)
[2022.03.03-19.44.50:582][415]LogModuleManager: Shutting down and abandoning module UMGEditor (241)
[2022.03.03-19.44.50:583][415]LogModuleManager: Shutting down and abandoning module Sequencer (240)
[2022.03.03-19.44.50:584][415]LogModuleManager: Shutting down and abandoning module MessageLog (237)
[2022.03.03-19.44.50:584][415]LogModuleManager: Shutting down and abandoning module SlateReflector (232)
[2022.03.03-19.44.50:587][415]LogModuleManager: Shutting down and abandoning module Slate (230)
[2022.03.03-19.44.50:587][415]LogModuleManager: Shutting down and abandoning module SlateCore (228)
[2022.03.03-19.44.50:589][415]LogModuleManager: Shutting down and abandoning module LandscapeEditorUtilities (226)
[2022.03.03-19.44.50:589][415]LogModuleManager: Shutting down and abandoning module UnrealEd (224)
[2022.03.03-19.44.50:590][415]LogModuleManager: Shutting down and abandoning module MRMesh (222)
[2022.03.03-19.44.50:590][415]LogModuleManager: Shutting down and abandoning module Messaging (220)
[2022.03.03-19.44.50:590][415]LogModuleManager: Shutting down and abandoning module SourceCodeAccess (218)
[2022.03.03-19.44.50:590][415]LogModuleManager: Shutting down and abandoning module HeadMountedDisplay (216)
[2022.03.03-19.44.50:590][415]LogModuleManager: Shutting down and abandoning module XAudio2 (214)
[2022.03.03-19.44.50:590][415]LogModuleManager: Shutting down and abandoning module Networking (212)
[2022.03.03-19.44.50:590][415]LogModuleManager: Shutting down and abandoning module Core (210)
[2022.03.03-19.44.50:590][415]LogModuleManager: Shutting down and abandoning module MaterialEditor (208)
[2022.03.03-19.44.50:591][415]LogModuleManager: Shutting down and abandoning module MovieSceneTools (206)
[2022.03.03-19.44.50:591][415]LogModuleManager: Shutting down and abandoning module EditorStyle (205)
[2022.03.03-19.44.50:592][415]LogModuleManager: Shutting down and abandoning module KismetCompiler (202)
[2022.03.03-19.44.50:592][415]LogModuleManager: Shutting down and abandoning module MeshBuilder (200)
[2022.03.03-19.44.50:593][415]LogModuleManager: Shutting down and abandoning module MeshUtilities (198)
[2022.03.03-19.44.50:593][415]LogModuleManager: Shutting down and abandoning module MeshMergeUtilities (197)
[2022.03.03-19.44.50:594][415]LogModuleManager: Shutting down and abandoning module MeshReductionInterface (196)
[2022.03.03-19.44.50:594][415]LogModuleManager: Shutting down and abandoning module MeshBoneReduction (195)
[2022.03.03-19.44.50:595][415]LogModuleManager: Shutting down and abandoning module SkeletalMeshReduction (193)
[2022.03.03-19.44.50:595][415]LogModuleManager: Shutting down and abandoning module ProxyLODMeshReduction (191)
[2022.03.03-19.44.50:597][415]LogModuleManager: Shutting down and abandoning module QuadricMeshReduction (189)
[2022.03.03-19.44.50:597][415]LogModuleManager: Shutting down and abandoning module MaterialBaking (185)
[2022.03.03-19.44.50:597][415]LogModuleManager: Shutting down and abandoning module NullInstallBundleManager (180)
[2022.03.03-19.44.50:597][415]LogModuleManager: Shutting down and abandoning module PIEPreviewDeviceProfileSelector (178)
[2022.03.03-19.44.50:598][415]LogModuleManager: Shutting down and abandoning module DerivedDataCache (176)
[2022.03.03-19.44.50:598][415]LogModuleManager: Shutting down and abandoning module TargetPlatform (174)
[2022.03.03-19.44.50:598][415]LogModuleManager: Shutting down and abandoning module VulkanShaderFormat (173)
[2022.03.03-19.44.50:601][415]LogModuleManager: Shutting down and abandoning module ShaderFormatVectorVM (171)
[2022.03.03-19.44.50:601][415]LogModuleManager: Shutting down and abandoning module ShaderFormatOpenGL (169)
[2022.03.03-19.44.50:601][415]LogModuleManager: Shutting down and abandoning module ShaderFormatD3D (167)
[2022.03.03-19.44.50:602][415]LogModuleManager: Shutting down and abandoning module MetalShaderFormat (165)
[2022.03.03-19.44.50:602][415]LogModuleManager: Shutting down and abandoning module TextureFormatOodle (163)
[2022.03.03-19.44.50:602][415]LogModuleManager: Shutting down and abandoning module TextureFormatUncompressed (161)
[2022.03.03-19.44.50:603][415]LogModuleManager: Shutting down and abandoning module TextureFormatPVR (159)
[2022.03.03-19.44.50:603][415]LogModuleManager: Shutting down and abandoning module TextureFormatETC2 (157)
[2022.03.03-19.44.50:603][415]LogModuleManager: Shutting down and abandoning module TextureFormatDXT (155)
[2022.03.03-19.44.50:603][415]LogModuleManager: Shutting down and abandoning module TextureFormatIntelISPCTexComp (153)
[2022.03.03-19.44.50:605][415]LogModuleManager: Shutting down and abandoning module TextureFormatASTC (151)
[2022.03.03-19.44.50:605][415]LogModuleManager: Shutting down and abandoning module ImageWrapper (150)
[2022.03.03-19.44.50:605][415]LogModuleManager: Shutting down and abandoning module AudioFormatOpus (147)
[2022.03.03-19.44.50:605][415]LogModuleManager: Shutting down and abandoning module AudioFormatOgg (145)
[2022.03.03-19.44.50:605][415]LogModuleManager: Shutting down and abandoning module AudioFormatADPCM (143)
[2022.03.03-19.44.50:606][415]LogModuleManager: Shutting down and abandoning module WindowsServerTargetPlatform (141)
[2022.03.03-19.44.50:606][415]LogModuleManager: Shutting down and abandoning module WindowsClientTargetPlatform (139)
[2022.03.03-19.44.50:606][415]LogModuleManager: Shutting down and abandoning module WindowsTargetPlatform (137)
[2022.03.03-19.44.50:606][415]LogModuleManager: Shutting down and abandoning module WindowsNoEditorTargetPlatform (135)
[2022.03.03-19.44.50:606][415]LogModuleManager: Shutting down and abandoning module D3D11RHI (132)
[2022.03.03-19.44.50:606][415]LogModuleManager: Shutting down and abandoning module InputCore (130)
[2022.03.03-19.44.50:606][415]LogModuleManager: Shutting down and abandoning module Settings (128)
[2022.03.03-19.44.50:606][415]LogModuleManager: Shutting down and abandoning module PhysXCooking (126)
[2022.03.03-19.44.50:606][415]LogModuleManager: Shutting down and abandoning module Chaos (124)
[2022.03.03-19.44.50:606][415]LogModuleManager: Shutting down and abandoning module WindowsPlatformFeatures (122)
[2022.03.03-19.44.50:606][415]LogModuleManager: Shutting down and abandoning module GameplayMediaEncoder (121)
[2022.03.03-19.44.50:606][415]LogModuleManager: Shutting down and abandoning module AVEncoder (120)
[2022.03.03-19.44.50:607][415]LogModuleManager: Shutting down and abandoning module SteamVRInputDevice (116)
[2022.03.03-19.44.50:607][415]LogModuleManager: Shutting down and abandoning module SteamVRInput (114)
[2022.03.03-19.44.50:607][415]LogModuleManager: Shutting down and abandoning module SteamVR (112)
[2022.03.03-19.44.50:607][415]LogHMD: Freeing OpenVRDLLHandle.
[2022.03.03-19.44.50:607][415]LogModuleManager: Shutting down and abandoning module OculusHMD (110)
[2022.03.03-19.44.50:608][415]LogModuleManager: Shutting down and abandoning module OpenXRHandTracking (108)
[2022.03.03-19.44.50:608][415]LogSlate: Slate User Destroyed.  User Index 0, Is Virtual User: 0
[2022.03.03-19.44.50:608][415]LogModuleManager: Shutting down and abandoning module OpenXREyeTracker (106)
[2022.03.03-19.44.50:608][415]LogModuleManager: Shutting down and abandoning module OpenXRAR (104)
[2022.03.03-19.44.50:608][415]LogModuleManager: Shutting down and abandoning module AugmentedReality (103)
[2022.03.03-19.44.50:608][415]LogModuleManager: Shutting down and abandoning module OpenXRHMD (100)
[2022.03.03-19.44.50:616][415]LogModuleManager: Shutting down and abandoning module ExampleDeviceProfileSelector (98)
[2022.03.03-19.44.50:616][415]LogModuleManager: Shutting down and abandoning module ChunkDownloader (96)
[2022.03.03-19.44.50:616][415]LogModuleManager: Shutting down and abandoning module ChaosCloth (94)
[2022.03.03-19.44.50:616][415]LogModuleManager: Shutting down and abandoning module WmfMedia (92)
[2022.03.03-19.44.50:619][415]LogModuleManager: Shutting down and abandoning module Media (91)
[2022.03.03-19.44.50:620][415]LogModuleManager: Shutting down and abandoning module MediaInfo (90)
[2022.03.03-19.44.50:620][415]LogModuleManager: Shutting down and abandoning module ExrReaderGpu (86)
[2022.03.03-19.44.50:621][415]LogModuleManager: Shutting down and abandoning module LauncherChunkInstaller (84)
[2022.03.03-19.44.50:621][415]LogModuleManager: Shutting down and abandoning module PixWinPlugin (82)
[2022.03.03-19.44.50:621][415]LogModuleManager: Shutting down and abandoning module OnlineBlueprintSupport (80)
[2022.03.03-19.44.50:621][415]LogModuleManager: Shutting down and abandoning module OnlineSubsystem (76)
[2022.03.03-19.44.50:624][415]LogModuleManager: Shutting down and abandoning module XMPP (71)
[2022.03.03-19.44.50:624][415]LogModuleManager: Shutting down and abandoning module WebSockets (70)
[2022.03.03-19.44.50:653][415]LogModuleManager: Shutting down and abandoning module HTTP (67)
[2022.03.03-19.44.50:653][415]LogHttp: Display: cleaning up 0 outstanding Http requests.
[2022.03.03-19.44.50:682][415]LogModuleManager: Shutting down and abandoning module SSL (66)
[2022.03.03-19.44.50:683][415]LogModuleManager: Shutting down and abandoning module MLSDK (62)
[2022.03.03-19.44.50:684][415]LogModuleManager: Shutting down and abandoning module MagicLeap (60)
[2022.03.03-19.44.50:684][415]LogModuleManager: Shutting down and abandoning module VariantManagerContent (58)
[2022.03.03-19.44.50:684][415]LogModuleManager: Shutting down and abandoning module DatasmithContent (56)
[2022.03.03-19.44.50:684][415]LogModuleManager: Shutting down and abandoning module NiagaraVertexFactories (54)
[2022.03.03-19.44.50:684][415]LogModuleManager: Shutting down and abandoning module NiagaraShader (52)
[2022.03.03-19.44.50:684][415]LogModuleManager: Shutting down and abandoning module AISupportModule (50)
[2022.03.03-19.44.50:684][415]LogModuleManager: Shutting down and abandoning module DesktopPlatform (48)
[2022.03.03-19.44.50:684][415]LogModuleManager: Shutting down and abandoning module PlatformCryptoOpenSSL (46)
[2022.03.03-19.44.50:685][415]LogModuleManager: Shutting down and abandoning module PlatformCryptoTypes (44)
[2022.03.03-19.44.50:685][415]LogModuleManager: Shutting down and abandoning module PlatformCrypto (42)
[2022.03.03-19.44.50:685][415]LogModuleManager: Shutting down and abandoning module PythonScriptPluginPreload (40)
[2022.03.03-19.44.50:685][415]LogModuleManager: Shutting down and abandoning module OodleDataCompressionFormat (38)
[2022.03.03-19.44.50:685][415]LogModuleManager: Shutting down and abandoning module XGEController (36)
[2022.03.03-19.44.50:686][415]LogModuleManager: Shutting down and abandoning module AnimationModifiers (34)
[2022.03.03-19.44.50:686][415]LogModuleManager: Shutting down and abandoning module AudioEditor (32)
[2022.03.03-19.44.50:687][415]LogModuleManager: Shutting down and abandoning module PropertyEditor (31)
[2022.03.03-19.44.50:687][415]LogModuleManager: Shutting down and abandoning module TextureCompressor (28)
[2022.03.03-19.44.50:687][415]LogModuleManager: Shutting down and abandoning module RenderCore (26)
[2022.03.03-19.44.50:687][415]LogModuleManager: Shutting down and abandoning module Landscape (24)
[2022.03.03-19.44.50:687][415]LogModuleManager: Shutting down and abandoning module SlateRHIRenderer (22)
[2022.03.03-19.44.50:688][415]LogModuleManager: Shutting down and abandoning module AnimGraphRuntime (20)
[2022.03.03-19.44.50:688][415]LogModuleManager: Shutting down and abandoning module Renderer (18)
[2022.03.03-19.44.50:688][415]LogModuleManager: Shutting down and abandoning module Engine (16)
[2022.03.03-19.44.50:688][415]LogModuleManager: Shutting down and abandoning module CoreUObject (14)
[2022.03.03-19.44.50:688][415]LogModuleManager: Shutting down and abandoning module NetworkFile (12)
[2022.03.03-19.44.50:688][415]LogModuleManager: Shutting down and abandoning module CookedIterativeFile (10)
[2022.03.03-19.44.50:688][415]LogModuleManager: Shutting down and abandoning module StreamingFile (8)
[2022.03.03-19.44.50:688][415]LogModuleManager: Shutting down and abandoning module SandboxFile (6)
[2022.03.03-19.44.50:688][415]LogModuleManager: Shutting down and abandoning module PakFile (4)
[2022.03.03-19.44.50:689][415]LogModuleManager: Shutting down and abandoning module RSA (3)
[2022.03.03-19.44.50:872][415]LogContentStreaming: Display: There are 1 unreleased StreamingManagers
[2022.03.03-19.44.50:889][415]LogD3D11RHI: Shutdown
[2022.03.03-19.44.50:889][415]LogD3D11RHI: CleanupD3DDevice
[2022.03.03-19.44.50:926][415]LogExit: Exiting.
[2022.03.03-19.44.50:937][415]Log file closed, 03/03/22 19:44:50
