Log file open, 03/02/22 22:33:57
LogWindows: Failed to load 'aqProf.dll' (GetLastError=126)
LogWindows: File 'aqProf.dll' does not exist
LogWindows: Failed to load 'VtuneApi.dll' (GetLastError=126)
LogWindows: File 'VtuneApi.dll' does not exist
LogWindows: Failed to load 'VtuneApi32e.dll' (GetLastError=126)
LogWindows: File 'VtuneApi32e.dll' does not exist
LogConsoleResponse: Display: Failed to find resolution value strings in scalability ini. Falling back to default.
LogConsoleResponse: Display: Failed to find resolution value strings in scalability ini. Falling back to default.
LogInit: Display: Running engine for game: EndlessRunner
LogPlatformFile: Not using cached read wrapper
LogTaskGraph: Started task graph with 5 named threads and 35 total threads with 3 sets of task threads.
LogStats: Stats thread started at 0.345070
LogICUInternationalization: ICU TimeZone Detection - Raw Offset: +0:00, Platform Override: ''
LogInit: Display: Loading text-based GConfig....
LogPluginManager: Mounting plugin MeshPainting
LogPluginManager: Mounting plugin XGEController
LogPluginManager: Mounting plugin Paper2D
LogPluginManager: Mounting plugin AISupport
LogPluginManager: Mounting plugin EnvironmentQueryEditor
LogPluginManager: Mounting plugin LightPropagationVolume
LogPluginManager: Mounting plugin LiveLink
LogPluginManager: Mounting plugin CameraShakePreviewer
LogPluginManager: Mounting plugin GameplayCameras
LogPluginManager: Mounting plugin AssetManagerEditor
LogPluginManager: Mounting plugin CurveEditorTools
LogPluginManager: Mounting plugin DataValidation
LogPluginManager: Mounting plugin CryptoKeys
LogPluginManager: Mounting plugin FacialAnimation
LogPluginManager: Mounting plugin GameplayTagsEditor
LogPluginManager: Mounting plugin GeometryMode
LogPluginManager: Mounting plugin MacGraphicsSwitching
LogPluginManager: Mounting plugin MaterialAnalyzer
LogPluginManager: Mounting plugin MobileLauncherProfileWizard
LogPluginManager: Mounting plugin PluginBrowser
LogPluginManager: Mounting plugin SpeedTreeImporter
LogPluginManager: Mounting plugin AnimationSharing
LogPluginManager: Mounting plugin CLionSourceCodeAccess
LogPluginManager: Mounting plugin CodeLiteSourceCodeAccess
LogPluginManager: Mounting plugin PerforceSourceControl
LogPluginManager: Mounting plugin PixWinPlugin
LogPluginManager: Mounting plugin PlasticSourceControl
LogPluginManager: Mounting plugin GitSourceControl
LogPluginManager: Mounting plugin NullSourceCodeAccess
LogPluginManager: Mounting plugin PluginUtils
LogPluginManager: Mounting plugin PropertyAccessNode
LogPluginManager: Mounting plugin RiderSourceCodeAccess
LogPluginManager: Mounting plugin KDevelopSourceCodeAccess
LogPluginManager: Mounting plugin TextureFormatOodle
LogPluginManager: Mounting plugin SubversionSourceControl
LogPluginManager: Mounting plugin UObjectPlugin
LogPluginManager: Mounting plugin VisualStudioSourceCodeAccess
LogPluginManager: Mounting plugin VisualStudioCodeSourceCodeAccess
LogPluginManager: Mounting plugin XCodeSourceCodeAccess
LogPluginManager: Mounting plugin OodleData
LogPluginManager: Mounting plugin OodleNetwork
LogPluginManager: Mounting plugin Niagara
LogPluginManager: Mounting plugin LuminPlatformFeatures
LogPluginManager: Mounting plugin MagicLeap
LogPluginManager: Mounting plugin MagicLeapMedia
LogPluginManager: Mounting plugin MagicLeapLightEstimation
LogPluginManager: Mounting plugin MagicLeapPassableWorld
LogPluginManager: Mounting plugin MLSDK
LogPluginManager: Mounting plugin AlembicImporter
LogPluginManager: Mounting plugin AutomationUtils
LogPluginManager: Mounting plugin AndroidMedia
LogPluginManager: Mounting plugin AvfMedia
LogPluginManager: Mounting plugin ChaosCloth
LogPluginManager: Mounting plugin TcpMessaging
LogPluginManager: Mounting plugin UdpMessaging
LogPluginManager: Mounting plugin ChaosClothEditor
LogPluginManager: Mounting plugin ChaosEditor
LogPluginManager: Mounting plugin ChaosNiagara
LogPluginManager: Mounting plugin ChaosSolverPlugin
LogPluginManager: Mounting plugin CharacterAI
LogPluginManager: Mounting plugin ImgMedia
LogPluginManager: Mounting plugin MediaCompositing
LogPluginManager: Mounting plugin MediaPlayerEditor
LogPluginManager: Mounting plugin GeometryCache
LogPluginManager: Mounting plugin WebMMedia
LogPluginManager: Mounting plugin GeometryCollectionPlugin
LogPluginManager: Mounting plugin WmfMedia
LogPluginManager: Mounting plugin GeometryProcessing
LogPluginManager: Mounting plugin LauncherChunkInstaller
LogPluginManager: Mounting plugin OpenImageDenoise
LogPluginManager: Mounting plugin PlanarCut
LogPluginManager: Mounting plugin PlatformCrypto
LogPluginManager: Mounting plugin ProxyLODPlugin
LogPluginManager: Mounting plugin PythonScriptPlugin
LogPluginManager: Mounting plugin MotoSynth
LogPluginManager: Mounting plugin SkeletalReduction
LogPluginManager: Mounting plugin OnlineSubsystem
LogPluginManager: Mounting plugin ActorSequence
LogPluginManager: Mounting plugin OnlineSubsystemNull
LogPluginManager: Mounting plugin LevelSequenceEditor
LogPluginManager: Mounting plugin MatineeToLevelSequence
LogPluginManager: Mounting plugin ActorLayerUtilities
LogPluginManager: Mounting plugin OnlineSubsystemUtils
LogPluginManager: Mounting plugin AndroidDeviceProfileSelector
LogPluginManager: Mounting plugin AndroidMoviePlayer
LogPluginManager: Mounting plugin AndroidPermission
LogPluginManager: Mounting plugin AppleImageUtils
LogPluginManager: Mounting plugin AppleMoviePlayer
LogPluginManager: Mounting plugin TemplateSequence
LogPluginManager: Mounting plugin ArchVisCharacter
LogPluginManager: Mounting plugin AssetTags
LogPluginManager: Mounting plugin ScreenshotTools
LogPluginManager: Mounting plugin AudioCapture
LogPluginManager: Mounting plugin ChunkDownloader
LogPluginManager: Mounting plugin AudioSynesthesia
LogPluginManager: Mounting plugin CableComponent
LogPluginManager: Mounting plugin CustomMeshComponent
LogPluginManager: Mounting plugin EditableMesh
LogPluginManager: Mounting plugin ExampleDeviceProfileSelector
LogPluginManager: Mounting plugin GoogleCloudMessaging
LogPluginManager: Mounting plugin GooglePAD
LogPluginManager: Mounting plugin IOSDeviceProfileSelector
LogPluginManager: Mounting plugin LinuxDeviceProfileSelector
LogPluginManager: Mounting plugin LocationServicesBPLibrary
LogPluginManager: Mounting plugin MobilePatchingUtils
LogPluginManager: Mounting plugin OpenXR
LogPluginManager: Mounting plugin OpenXREyeTracker
LogPluginManager: Mounting plugin OpenXRHandTracking
LogPluginManager: Mounting plugin PhysXVehicles
LogPluginManager: Mounting plugin Takes
LogPluginManager: Mounting plugin PostSplashScreen
LogPluginManager: Mounting plugin ProceduralMeshComponent
LogPluginManager: Mounting plugin PropertyAccessEditor
LogPluginManager: Mounting plugin RuntimePhysXCooking
LogPluginManager: Mounting plugin SoundFields
LogPluginManager: Mounting plugin SignificanceManager
LogPluginManager: Mounting plugin Synthesis
LogPluginManager: Mounting plugin WebMMoviePlayer
LogPluginManager: Mounting plugin WindowsMoviePlayer
LogPluginManager: Mounting plugin DatasmithContent
LogPluginManager: Mounting plugin BackChannel
LogPluginManager: Mounting plugin VariantManagerContent
LogPluginManager: Mounting plugin ContentBrowserAssetDataSource
LogPluginManager: Mounting plugin ContentBrowserClassDataSource
LogPluginManager: Mounting plugin ContentBrowserFileDataSource
LogPluginManager: Mounting plugin OnlineSubsystemGooglePlay
LogPluginManager: Mounting plugin OnlineSubsystemIOS
LogPluginManager: Mounting plugin OculusVR
LogPluginManager: Mounting plugin SteamVR
PixWinPlugin: PIX capture plugin failed to initialize! Check that the process is launched from PIX.
LogInit: Using libcurl 7.55.1-DEV
LogInit:  - built for x86_64-pc-win32
LogInit:  - supports SSL with OpenSSL/1.1.1
LogInit:  - supports HTTP deflate (compression) using libz 1.2.8
LogInit:  - other features:
LogInit:      CURL_VERSION_SSL
LogInit:      CURL_VERSION_LIBZ
LogInit:      CURL_VERSION_IPV6
LogInit:      CURL_VERSION_ASYNCHDNS
LogInit:      CURL_VERSION_LARGEFILE
LogInit:      CURL_VERSION_IDN
LogInit:  CurlRequestOptions (configurable via config and command line):
LogInit:  - bVerifyPeer = true  - Libcurl will verify peer certificate
LogInit:  - bUseHttpProxy = false  - Libcurl will NOT use HTTP proxy
LogInit:  - bDontReuseConnections = false  - Libcurl will reuse connections
LogInit:  - MaxHostConnections = 16  - Libcurl will limit the number of connections to a host
LogInit:  - LocalHostAddr = Default
LogInit:  - BufferSize = 65536
LogOnline: OSS: Creating online subsystem instance for: NULL
LogInit: WinSock: version 1.1 (2.2), MaxSocks=32767, MaxUdp=65467
LogOnline: OSS: TryLoadSubsystemAndSetDefault: Loaded subsystem for module [NULL]
LogOculusPluginWrapper: OculusPlugin initialized successfully
LogHMD: Failed initializing OVRPlugin 1.59.0
LogInit: Build: ++UE4+Release-4.27-CL-18319896
LogInit: Engine Version: 4.27.2-18319896+++UE4+Release-4.27
LogInit: Compatible Engine Version: 4.27.0-17155196+++UE4+Release-4.27
LogInit: Net CL: 17155196
LogInit: OS: Windows 10 (Release 2009) (), CPU: Intel(R) Core(TM) i7-10750H CPU @ 2.60GHz, GPU: NVIDIA GeForce GTX 1660 Ti
LogInit: Compiled (64-bit): Nov 30 2021 07:12:08
LogInit: Compiled with Visual C++: 19.24.28315.00
LogInit: Build Configuration: Development
LogInit: Branch Name: ++UE4+Release-4.27
LogInit: Command Line:  /Game/--NEW--/Maps/ThirdPersonExampleMap -game -PIEVIACONSOLE -Multiprocess GameUserSettingsINI=C:/PROJECTS/Unreal/Endless-Runner/EndlessRunner/Saved/Config/Windows/PIEGameUserSettings0.ini -MultiprocessSaveConfig -forcepassthrough -messaging -SessionName="Play in Standalone Game" -windowed -ResX=1280 -ResY=720
LogInit: Base Directory: C:/Program Files/Epic Games/UE_4.27/Engine/Binaries/Win64/
LogInit: Allocator: TBB
LogInit: Installed Engine Build: 1
LogDevObjectVersion: Number of dev versions registered: 29
LogDevObjectVersion:   Dev-Blueprints (B0D832E4-1F89-4F0D-ACCF-7EB736FD4AA2): 10
LogDevObjectVersion:   Dev-Build (E1C64328-A22C-4D53-A36C-8E866417BD8C): 0
LogDevObjectVersion:   Dev-Core (375EC13C-06E4-48FB-B500-84F0262A717E): 4
LogDevObjectVersion:   Dev-Editor (E4B068ED-F494-42E9-A231-DA0B2E46BB41): 40
LogDevObjectVersion:   Dev-Framework (CFFC743F-43B0-4480-9391-14DF171D2073): 37
LogDevObjectVersion:   Dev-Mobile (B02B49B5-BB20-44E9-A304-32B752E40360): 3
LogDevObjectVersion:   Dev-Networking (A4E4105C-59A1-49B5-A7C5-40C4547EDFEE): 0
LogDevObjectVersion:   Dev-Online (39C831C9-5AE6-47DC-9A44-9C173E1C8E7C): 0
LogDevObjectVersion:   Dev-Physics (78F01B33-EBEA-4F98-B9B4-84EACCB95AA2): 14
LogDevObjectVersion:   Dev-Platform (6631380F-2D4D-43E0-8009-CF276956A95A): 0
LogDevObjectVersion:   Dev-Rendering (12F88B9F-8875-4AFC-A67C-D90C383ABD29): 45
LogDevObjectVersion:   Dev-Sequencer (7B5AE74C-D270-4C10-A958-57980B212A5A): 13
LogDevObjectVersion:   Dev-VR (D7296918-1DD6-4BDD-9DE2-64A83CC13884): 3
LogDevObjectVersion:   Dev-LoadTimes (C2A15278-BFE7-4AFE-6C17-90FF531DF755): 1
LogDevObjectVersion:   Private-Geometry (6EACA3D4-40EC-4CC1-B786-8BED09428FC5): 3
LogDevObjectVersion:   Dev-AnimPhys (29E575DD-E0A3-4627-9D10-D276232CDCEA): 17
LogDevObjectVersion:   Dev-Anim (AF43A65D-7FD3-4947-9873-3E8ED9C1BB05): 15
LogDevObjectVersion:   Dev-ReflectionCapture (6B266CEC-1EC7-4B8F-A30B-E4D90942FC07): 1
LogDevObjectVersion:   Dev-Automation (0DF73D61-A23F-47EA-B727-89E90C41499A): 1
LogDevObjectVersion:   FortniteMain (601D1886-AC64-4F84-AA16-D3DE0DEAC7D6): 47
LogDevObjectVersion:   FortniteRelease (E7086368-6B23-4C58-8439-1B7016265E91): 1
LogDevObjectVersion:   Dev-Enterprise (9DFFBCD6-494F-0158-E221-12823C92A888): 10
LogDevObjectVersion:   Dev-Niagara (F2AED0AC-9AFE-416F-8664-AA7FFA26D6FC): 1
LogDevObjectVersion:   Dev-Destruction (174F1F0B-B4C6-45A5-B13F-2EE8D0FB917D): 10
LogDevObjectVersion:   Dev-Physics-Ext (35F94A83-E258-406C-A318-09F59610247C): 41
LogDevObjectVersion:   Dev-PhysicsMaterial-Chaos (B68FC16E-8B1B-42E2-B453-215C058844FE): 1
LogDevObjectVersion:   Dev-CineCamera (B2E18506-4273-CFC2-A54E-F4BB758BBA07): 1
LogDevObjectVersion:   Dev-VirtualProduction (64F58936-FD1B-42BA-BA96-7289D5D0FA4E): 1
LogDevObjectVersion:   Dev-MediaFramework (6F0ED827-A609-4895-9C91-998D90180EA4): 2
LogInit: Presizing for max 25165824 objects, including 0 objects not considered by GC, pre-allocating 0 bytes for permanent pool.
LogConfig: Applying CVar settings from Section [/Script/Engine.StreamingSettings] File [C:/PROJECTS/Unreal/Endless-Runner/EndlessRunner/Saved/Config/Windows/Engine.ini]
LogConfig: Setting CVar [[s.MinBulkDataSizeForAsyncLoading:131072]]
LogConfig: Setting CVar [[s.AsyncLoadingThreadEnabled:0]]
LogConfig: Setting CVar [[s.EventDrivenLoaderEnabled:1]]
LogConfig: Setting CVar [[s.WarnIfTimeLimitExceeded:0]]
LogConfig: Setting CVar [[s.TimeLimitExceededMultiplier:1.5]]
LogConfig: Setting CVar [[s.TimeLimitExceededMinTime:0.005]]
LogConfig: Setting CVar [[s.UseBackgroundLevelStreaming:1]]
LogConfig: Setting CVar [[s.PriorityAsyncLoadingExtraTime:15.0]]
LogConfig: Setting CVar [[s.LevelStreamingActorsUpdateTimeLimit:5.0]]
LogConfig: Setting CVar [[s.PriorityLevelStreamingActorsUpdateExtraTime:5.0]]
LogConfig: Setting CVar [[s.LevelStreamingComponentsRegistrationGranularity:10]]
LogConfig: Setting CVar [[s.UnregisterComponentsTimeLimit:1.0]]
LogConfig: Setting CVar [[s.LevelStreamingComponentsUnregistrationGranularity:5]]
LogConfig: Setting CVar [[s.FlushStreamingOnExit:1]]
LogInit: Object subsystem initialized
LogConfig: Setting CVar [[con.DebugEarlyDefault:1]]
LogConfig: Setting CVar [[r.setres:1280x720]]
[2022.03.02-22.33.59:314][  0]LogConfig: Setting CVar [[con.DebugEarlyDefault:1]]
[2022.03.02-22.33.59:314][  0]LogConfig: Setting CVar [[r.setres:1280x720]]
[2022.03.02-22.33.59:314][  0]LogConfig: Applying CVar settings from Section [/Script/Engine.RendererSettings] File [C:/PROJECTS/Unreal/Endless-Runner/EndlessRunner/Saved/Config/Windows/Engine.ini]
[2022.03.02-22.33.59:314][  0]LogConfig: Setting CVar [[r.GPUCrashDebugging:0]]
[2022.03.02-22.33.59:314][  0]LogConfig: Applying CVar settings from Section [/Script/Engine.RendererOverrideSettings] File [C:/PROJECTS/Unreal/Endless-Runner/EndlessRunner/Saved/Config/Windows/Engine.ini]
[2022.03.02-22.33.59:314][  0]LogConfig: Applying CVar settings from Section [/Script/Engine.StreamingSettings] File [C:/PROJECTS/Unreal/Endless-Runner/EndlessRunner/Saved/Config/Windows/Engine.ini]
[2022.03.02-22.33.59:314][  0]LogConfig: Setting CVar [[s.MinBulkDataSizeForAsyncLoading:131072]]
[2022.03.02-22.33.59:314][  0]LogConfig: Setting CVar [[s.AsyncLoadingThreadEnabled:0]]
[2022.03.02-22.33.59:314][  0]LogConfig: Setting CVar [[s.EventDrivenLoaderEnabled:1]]
[2022.03.02-22.33.59:314][  0]LogConfig: Setting CVar [[s.WarnIfTimeLimitExceeded:0]]
[2022.03.02-22.33.59:314][  0]LogConfig: Setting CVar [[s.TimeLimitExceededMultiplier:1.5]]
[2022.03.02-22.33.59:314][  0]LogConfig: Setting CVar [[s.TimeLimitExceededMinTime:0.005]]
[2022.03.02-22.33.59:314][  0]LogConfig: Setting CVar [[s.UseBackgroundLevelStreaming:1]]
[2022.03.02-22.33.59:314][  0]LogConfig: Setting CVar [[s.PriorityAsyncLoadingExtraTime:15.0]]
[2022.03.02-22.33.59:314][  0]LogConfig: Setting CVar [[s.LevelStreamingActorsUpdateTimeLimit:5.0]]
[2022.03.02-22.33.59:314][  0]LogConfig: Setting CVar [[s.PriorityLevelStreamingActorsUpdateExtraTime:5.0]]
[2022.03.02-22.33.59:314][  0]LogConfig: Setting CVar [[s.LevelStreamingComponentsRegistrationGranularity:10]]
[2022.03.02-22.33.59:314][  0]LogConfig: Setting CVar [[s.UnregisterComponentsTimeLimit:1.0]]
[2022.03.02-22.33.59:314][  0]LogConfig: Setting CVar [[s.LevelStreamingComponentsUnregistrationGranularity:5]]
[2022.03.02-22.33.59:314][  0]LogConfig: Setting CVar [[s.FlushStreamingOnExit:1]]
[2022.03.02-22.33.59:314][  0]LogConfig: Applying CVar settings from Section [/Script/Engine.GarbageCollectionSettings] File [C:/PROJECTS/Unreal/Endless-Runner/EndlessRunner/Saved/Config/Windows/Engine.ini]
[2022.03.02-22.33.59:315][  0]LogConfig: Setting CVar [[gc.MaxObjectsNotConsideredByGC:1]]
[2022.03.02-22.33.59:315][  0]LogConfig: Setting CVar [[gc.SizeOfPermanentObjectPool:0]]
[2022.03.02-22.33.59:315][  0]LogConfig: Setting CVar [[gc.FlushStreamingOnGC:0]]
[2022.03.02-22.33.59:315][  0]LogConfig: Setting CVar [[gc.NumRetriesBeforeForcingGC:10]]
[2022.03.02-22.33.59:315][  0]LogConfig: Setting CVar [[gc.AllowParallelGC:1]]
[2022.03.02-22.33.59:315][  0]LogConfig: Setting CVar [[gc.TimeBetweenPurgingPendingKillObjects:61.1]]
[2022.03.02-22.33.59:315][  0]LogConfig: Setting CVar [[gc.MaxObjectsInEditor:25165824]]
[2022.03.02-22.33.59:315][  0]LogConfig: Setting CVar [[gc.IncrementalBeginDestroyEnabled:1]]
[2022.03.02-22.33.59:315][  0]LogConfig: Setting CVar [[gc.CreateGCClusters:1]]
[2022.03.02-22.33.59:315][  0]LogConfig: Setting CVar [[gc.MinGCClusterSize:5]]
[2022.03.02-22.33.59:315][  0]LogConfig: Setting CVar [[gc.ActorClusteringEnabled:0]]
[2022.03.02-22.33.59:315][  0]LogConfig: Setting CVar [[gc.BlueprintClusteringEnabled:0]]
[2022.03.02-22.33.59:315][  0]LogConfig: Setting CVar [[gc.UseDisregardForGCOnDedicatedServers:0]]
[2022.03.02-22.33.59:315][  0]LogConfig: Setting CVar [[gc.MultithreadedDestructionEnabled:1]]
[2022.03.02-22.33.59:315][  0]LogConfig: Applying CVar settings from Section [/Script/Engine.NetworkSettings] File [C:/PROJECTS/Unreal/Endless-Runner/EndlessRunner/Saved/Config/Windows/Engine.ini]
[2022.03.02-22.33.59:315][  0]LogConfig: Applying CVar settings from Section [/Script/UnrealEd.CookerSettings] File [C:/PROJECTS/Unreal/Endless-Runner/EndlessRunner/Saved/Config/Windows/Engine.ini]
[2022.03.02-22.33.59:342][  0]LogConfig: Applying CVar settings from Section [ViewDistanceQuality@3] File [C:/PROJECTS/Unreal/Endless-Runner/EndlessRunner/Saved/Config/Windows/Scalability.ini]
[2022.03.02-22.33.59:342][  0]LogConfig: Setting CVar [[r.SkeletalMeshLODBias:0]]
[2022.03.02-22.33.59:342][  0]LogConfig: Setting CVar [[r.ViewDistanceScale:1.0]]
[2022.03.02-22.33.59:342][  0]LogConfig: Applying CVar settings from Section [AntiAliasingQuality@3] File [C:/PROJECTS/Unreal/Endless-Runner/EndlessRunner/Saved/Config/Windows/Scalability.ini]
[2022.03.02-22.33.59:342][  0]LogConfig: Setting CVar [[r.PostProcessAAQuality:4]]
[2022.03.02-22.33.59:342][  0]LogConfig: Applying CVar settings from Section [ShadowQuality@3] File [C:/PROJECTS/Unreal/Endless-Runner/EndlessRunner/Saved/Config/Windows/Scalability.ini]
[2022.03.02-22.33.59:342][  0]LogConfig: Setting CVar [[r.LightFunctionQuality:1]]
[2022.03.02-22.33.59:343][  0]LogConfig: Setting CVar [[r.ShadowQuality:5]]
[2022.03.02-22.33.59:343][  0]LogConfig: Setting CVar [[r.Shadow.CSM.MaxCascades:10]]
[2022.03.02-22.33.59:343][  0]LogConfig: Setting CVar [[r.Shadow.MaxResolution:2048]]
[2022.03.02-22.33.59:343][  0]LogConfig: Setting CVar [[r.Shadow.MaxCSMResolution:2048]]
[2022.03.02-22.33.59:343][  0]LogConfig: Setting CVar [[r.Shadow.RadiusThreshold:0.01]]
[2022.03.02-22.33.59:343][  0]LogConfig: Setting CVar [[r.Shadow.DistanceScale:1.0]]
[2022.03.02-22.33.59:343][  0]LogConfig: Setting CVar [[r.Shadow.CSM.TransitionScale:1.0]]
[2022.03.02-22.33.59:343][  0]LogConfig: Setting CVar [[r.Shadow.PreShadowResolutionFactor:1.0]]
[2022.03.02-22.33.59:343][  0]LogConfig: Setting CVar [[r.DistanceFieldShadowing:1]]
[2022.03.02-22.33.59:343][  0]LogConfig: Setting CVar [[r.DistanceFieldAO:1]]
[2022.03.02-22.33.59:343][  0]LogConfig: Setting CVar [[r.AOQuality:2]]
[2022.03.02-22.33.59:343][  0]LogConfig: Setting CVar [[r.VolumetricFog:1]]
[2022.03.02-22.33.59:343][  0]LogConfig: Setting CVar [[r.VolumetricFog.GridPixelSize:8]]
[2022.03.02-22.33.59:343][  0]LogConfig: Setting CVar [[r.VolumetricFog.GridSizeZ:128]]
[2022.03.02-22.33.59:343][  0]LogConfig: Setting CVar [[r.VolumetricFog.HistoryMissSupersampleCount:4]]
[2022.03.02-22.33.59:343][  0]LogConfig: Setting CVar [[r.LightMaxDrawDistanceScale:1]]
[2022.03.02-22.33.59:343][  0]LogConfig: Setting CVar [[r.CapsuleShadows:1]]
[2022.03.02-22.33.59:343][  0]LogConfig: Applying CVar settings from Section [PostProcessQuality@3] File [C:/PROJECTS/Unreal/Endless-Runner/EndlessRunner/Saved/Config/Windows/Scalability.ini]
[2022.03.02-22.33.59:343][  0]LogConfig: Setting CVar [[r.MotionBlurQuality:4]]
[2022.03.02-22.33.59:343][  0]LogConfig: Setting CVar [[r.AmbientOcclusionMipLevelFactor:0.4]]
[2022.03.02-22.33.59:343][  0]LogConfig: Setting CVar [[r.AmbientOcclusionMaxQuality:100]]
[2022.03.02-22.33.59:343][  0]LogConfig: Setting CVar [[r.AmbientOcclusionLevels:-1]]
[2022.03.02-22.33.59:343][  0]LogConfig: Setting CVar [[r.AmbientOcclusionRadiusScale:1.0]]
[2022.03.02-22.33.59:343][  0]LogConfig: Setting CVar [[r.DepthOfFieldQuality:2]]
[2022.03.02-22.33.59:343][  0]LogConfig: Setting CVar [[r.RenderTargetPoolMin:400]]
[2022.03.02-22.33.59:343][  0]LogConfig: Setting CVar [[r.LensFlareQuality:2]]
[2022.03.02-22.33.59:343][  0]LogConfig: Setting CVar [[r.SceneColorFringeQuality:1]]
[2022.03.02-22.33.59:343][  0]LogConfig: Setting CVar [[r.EyeAdaptationQuality:2]]
[2022.03.02-22.33.59:343][  0]LogConfig: Setting CVar [[r.BloomQuality:5]]
[2022.03.02-22.33.59:343][  0]LogConfig: Setting CVar [[r.FastBlurThreshold:100]]
[2022.03.02-22.33.59:343][  0]LogConfig: Setting CVar [[r.Upscale.Quality:3]]
[2022.03.02-22.33.59:343][  0]LogConfig: Setting CVar [[r.Tonemapper.GrainQuantization:1]]
[2022.03.02-22.33.59:343][  0]LogConfig: Setting CVar [[r.LightShaftQuality:1]]
[2022.03.02-22.33.59:343][  0]LogConfig: Setting CVar [[r.Filter.SizeScale:1]]
[2022.03.02-22.33.59:343][  0]LogConfig: Setting CVar [[r.Tonemapper.Quality:5]]
[2022.03.02-22.33.59:343][  0]LogConfig: Setting CVar [[r.DOF.Gather.AccumulatorQuality:1        ; higher gathering accumulator quality]]
[2022.03.02-22.33.59:343][  0]LogConfig: Setting CVar [[r.DOF.Gather.PostfilterMethod:1          ; Median3x3 postfilering method]]
[2022.03.02-22.33.59:343][  0]LogConfig: Setting CVar [[r.DOF.Gather.EnableBokehSettings:0       ; no bokeh simulation when gathering]]
[2022.03.02-22.33.59:343][  0]LogConfig: Setting CVar [[r.DOF.Gather.RingCount:4                 ; medium number of samples when gathering]]
[2022.03.02-22.33.59:343][  0]LogConfig: Setting CVar [[r.DOF.Scatter.ForegroundCompositing:1    ; additive foreground scattering]]
[2022.03.02-22.33.59:343][  0]LogConfig: Setting CVar [[r.DOF.Scatter.BackgroundCompositing:2    ; additive background scattering]]
[2022.03.02-22.33.59:343][  0]LogConfig: Setting CVar [[r.DOF.Scatter.EnableBokehSettings:1      ; bokeh simulation when scattering]]
[2022.03.02-22.33.59:343][  0]LogConfig: Setting CVar [[r.DOF.Scatter.MaxSpriteRatio:0.1         ; only a maximum of 10% of scattered bokeh]]
[2022.03.02-22.33.59:343][  0]LogConfig: Setting CVar [[r.DOF.Recombine.Quality:1                ; cheap slight out of focus]]
[2022.03.02-22.33.59:343][  0]LogConfig: Setting CVar [[r.DOF.Recombine.EnableBokehSettings:0    ; no bokeh simulation on slight out of focus]]
[2022.03.02-22.33.59:343][  0]LogConfig: Setting CVar [[r.DOF.TemporalAAQuality:1                ; more stable temporal accumulation]]
[2022.03.02-22.33.59:343][  0]LogConfig: Setting CVar [[r.DOF.Kernel.MaxForegroundRadius:0.025]]
[2022.03.02-22.33.59:343][  0]LogConfig: Setting CVar [[r.DOF.Kernel.MaxBackgroundRadius:0.025]]
[2022.03.02-22.33.59:343][  0]LogConfig: Applying CVar settings from Section [TextureQuality@3] File [C:/PROJECTS/Unreal/Endless-Runner/EndlessRunner/Saved/Config/Windows/Scalability.ini]
[2022.03.02-22.33.59:343][  0]LogConfig: Setting CVar [[r.Streaming.MipBias:0]]
[2022.03.02-22.33.59:343][  0]LogConfig: Setting CVar [[r.Streaming.AmortizeCPUToGPUCopy:0]]
[2022.03.02-22.33.59:343][  0]LogConfig: Setting CVar [[r.Streaming.MaxNumTexturesToStreamPerFrame:0]]
[2022.03.02-22.33.59:343][  0]LogConfig: Setting CVar [[r.Streaming.Boost:1]]
[2022.03.02-22.33.59:343][  0]LogConfig: Setting CVar [[r.MaxAnisotropy:8]]
[2022.03.02-22.33.59:343][  0]LogConfig: Setting CVar [[r.VT.MaxAnisotropy:8]]
[2022.03.02-22.33.59:343][  0]LogConfig: Setting CVar [[r.Streaming.LimitPoolSizeToVRAM:0]]
[2022.03.02-22.33.59:343][  0]LogConfig: Setting CVar [[r.Streaming.PoolSize:1000]]
[2022.03.02-22.33.59:343][  0]LogConfig: Setting CVar [[r.Streaming.MaxEffectiveScreenSize:0]]
[2022.03.02-22.33.59:343][  0]LogConfig: Applying CVar settings from Section [EffectsQuality@3] File [C:/PROJECTS/Unreal/Endless-Runner/EndlessRunner/Saved/Config/Windows/Scalability.ini]
[2022.03.02-22.33.59:343][  0]LogConfig: Setting CVar [[r.TranslucencyLightingVolumeDim:64]]
[2022.03.02-22.33.59:344][  0]LogConfig: Setting CVar [[r.RefractionQuality:2]]
[2022.03.02-22.33.59:344][  0]LogConfig: Setting CVar [[r.SSR.Quality:3]]
[2022.03.02-22.33.59:344][  0]LogConfig: Setting CVar [[r.SSR.HalfResSceneColor:0]]
[2022.03.02-22.33.59:344][  0]LogConfig: Setting CVar [[r.SceneColorFormat:4]]
[2022.03.02-22.33.59:344][  0]LogConfig: Setting CVar [[r.DetailMode:2]]
[2022.03.02-22.33.59:344][  0]LogConfig: Setting CVar [[r.TranslucencyVolumeBlur:1]]
[2022.03.02-22.33.59:344][  0]LogConfig: Setting CVar [[r.MaterialQualityLevel:1 ; High quality]]
[2022.03.02-22.33.59:344][  0]LogConfig: Setting CVar [[r.AnisotropicMaterials:1]]
[2022.03.02-22.33.59:344][  0]LogConfig: Setting CVar [[r.SSS.Scale:1]]
[2022.03.02-22.33.59:344][  0]LogConfig: Setting CVar [[r.SSS.SampleSet:2]]
[2022.03.02-22.33.59:344][  0]LogConfig: Setting CVar [[r.SSS.Quality:1]]
[2022.03.02-22.33.59:344][  0]LogConfig: Setting CVar [[r.SSS.HalfRes:0]]
[2022.03.02-22.33.59:344][  0]LogConfig: Setting CVar [[r.SSGI.Quality:3]]
[2022.03.02-22.33.59:344][  0]LogConfig: Setting CVar [[r.EmitterSpawnRateScale:1.0]]
[2022.03.02-22.33.59:344][  0]LogConfig: Setting CVar [[r.ParticleLightQuality:2]]
[2022.03.02-22.33.59:344][  0]LogConfig: Setting CVar [[r.SkyAtmosphere.AerialPerspectiveLUT.FastApplyOnOpaque:1 ; Always have FastSkyLUT 1 in this case to avoid wrong sky]]
[2022.03.02-22.33.59:344][  0]LogConfig: Setting CVar [[r.SkyAtmosphere.AerialPerspectiveLUT.SampleCountMaxPerSlice:4]]
[2022.03.02-22.33.59:344][  0]LogConfig: Setting CVar [[r.SkyAtmosphere.AerialPerspectiveLUT.DepthResolution:16.0]]
[2022.03.02-22.33.59:344][  0]LogConfig: Setting CVar [[r.SkyAtmosphere.FastSkyLUT:1]]
[2022.03.02-22.33.59:344][  0]LogConfig: Setting CVar [[r.SkyAtmosphere.FastSkyLUT.SampleCountMin:4.0]]
[2022.03.02-22.33.59:344][  0]LogConfig: Setting CVar [[r.SkyAtmosphere.FastSkyLUT.SampleCountMax:128.0]]
[2022.03.02-22.33.59:344][  0]LogConfig: Setting CVar [[r.SkyAtmosphere.SampleCountMin:4.0]]
[2022.03.02-22.33.59:344][  0]LogConfig: Setting CVar [[r.SkyAtmosphere.SampleCountMax:128.0]]
[2022.03.02-22.33.59:344][  0]LogConfig: Setting CVar [[r.SkyAtmosphere.TransmittanceLUT.UseSmallFormat:0]]
[2022.03.02-22.33.59:344][  0]LogConfig: Setting CVar [[r.SkyAtmosphere.TransmittanceLUT.SampleCount:10.0]]
[2022.03.02-22.33.59:344][  0]LogConfig: Setting CVar [[r.SkyAtmosphere.MultiScatteringLUT.SampleCount:15.0]]
[2022.03.02-22.33.59:344][  0]LogConfig: Setting CVar [[r.SkyLight.RealTimeReflectionCapture:1]]
[2022.03.02-22.33.59:344][  0]LogConfig: Applying CVar settings from Section [FoliageQuality@3] File [C:/PROJECTS/Unreal/Endless-Runner/EndlessRunner/Saved/Config/Windows/Scalability.ini]
[2022.03.02-22.33.59:344][  0]LogConfig: Setting CVar [[foliage.DensityScale:1.0]]
[2022.03.02-22.33.59:344][  0]LogConfig: Setting CVar [[grass.DensityScale:1.0]]
[2022.03.02-22.33.59:344][  0]LogConfig: Applying CVar settings from Section [ShadingQuality@3] File [C:/PROJECTS/Unreal/Endless-Runner/EndlessRunner/Saved/Config/Windows/Scalability.ini]
[2022.03.02-22.33.59:344][  0]LogConfig: Setting CVar [[r.HairStrands.SkyLighting.IntegrationType:2]]
[2022.03.02-22.33.59:344][  0]LogConfig: Setting CVar [[r.HairStrands.SkyAO.SampleCount:4]]
[2022.03.02-22.33.59:344][  0]LogConfig: Setting CVar [[r.HairStrands.Visibility.MSAA.SamplePerPixel:4]]
[2022.03.02-22.33.59:344][  0]LogInit: Selected Device Profile: [Windows]
[2022.03.02-22.33.59:344][  0]LogInit: Applying CVar settings loaded from the selected device profile: [Windows]
[2022.03.02-22.33.59:344][  0]LogHAL: Display: Platform has ~ 8 GB [8412778496 / 8589934592 / 8], which maps to Default [LargestMinGB=32, LargerMinGB=12, DefaultMinGB=8, SmallerMinGB=6, SmallestMinGB=0)
[2022.03.02-22.33.59:344][  0]LogInit: Going up to parent DeviceProfile []
[2022.03.02-22.33.59:344][  0]LogConfig: Applying CVar settings from Section [ViewDistanceQuality@3] File [C:/PROJECTS/Unreal/Endless-Runner/EndlessRunner/Saved/Config/Windows/Scalability.ini]
[2022.03.02-22.33.59:344][  0]LogConfig: Setting CVar [[r.SkeletalMeshLODBias:0]]
[2022.03.02-22.33.59:344][  0]LogConfig: Setting CVar [[r.ViewDistanceScale:1.0]]
[2022.03.02-22.33.59:344][  0]LogConfig: Applying CVar settings from Section [AntiAliasingQuality@3] File [C:/PROJECTS/Unreal/Endless-Runner/EndlessRunner/Saved/Config/Windows/Scalability.ini]
[2022.03.02-22.33.59:344][  0]LogConfig: Setting CVar [[r.PostProcessAAQuality:4]]
[2022.03.02-22.33.59:344][  0]LogConfig: Applying CVar settings from Section [ShadowQuality@3] File [C:/PROJECTS/Unreal/Endless-Runner/EndlessRunner/Saved/Config/Windows/Scalability.ini]
[2022.03.02-22.33.59:344][  0]LogConfig: Setting CVar [[r.LightFunctionQuality:1]]
[2022.03.02-22.33.59:344][  0]LogConfig: Setting CVar [[r.ShadowQuality:5]]
[2022.03.02-22.33.59:344][  0]LogConfig: Setting CVar [[r.Shadow.CSM.MaxCascades:10]]
[2022.03.02-22.33.59:344][  0]LogConfig: Setting CVar [[r.Shadow.MaxResolution:2048]]
[2022.03.02-22.33.59:344][  0]LogConfig: Setting CVar [[r.Shadow.MaxCSMResolution:2048]]
[2022.03.02-22.33.59:344][  0]LogConfig: Setting CVar [[r.Shadow.RadiusThreshold:0.01]]
[2022.03.02-22.33.59:345][  0]LogConfig: Setting CVar [[r.Shadow.DistanceScale:1.0]]
[2022.03.02-22.33.59:345][  0]LogConfig: Setting CVar [[r.Shadow.CSM.TransitionScale:1.0]]
[2022.03.02-22.33.59:345][  0]LogConfig: Setting CVar [[r.Shadow.PreShadowResolutionFactor:1.0]]
[2022.03.02-22.33.59:345][  0]LogConfig: Setting CVar [[r.DistanceFieldShadowing:1]]
[2022.03.02-22.33.59:345][  0]LogConfig: Setting CVar [[r.DistanceFieldAO:1]]
[2022.03.02-22.33.59:345][  0]LogConfig: Setting CVar [[r.AOQuality:2]]
[2022.03.02-22.33.59:345][  0]LogConfig: Setting CVar [[r.VolumetricFog:1]]
[2022.03.02-22.33.59:345][  0]LogConfig: Setting CVar [[r.VolumetricFog.GridPixelSize:8]]
[2022.03.02-22.33.59:345][  0]LogConfig: Setting CVar [[r.VolumetricFog.GridSizeZ:128]]
[2022.03.02-22.33.59:345][  0]LogConfig: Setting CVar [[r.VolumetricFog.HistoryMissSupersampleCount:4]]
[2022.03.02-22.33.59:345][  0]LogConfig: Setting CVar [[r.LightMaxDrawDistanceScale:1]]
[2022.03.02-22.33.59:345][  0]LogConfig: Setting CVar [[r.CapsuleShadows:1]]
[2022.03.02-22.33.59:345][  0]LogConfig: Applying CVar settings from Section [PostProcessQuality@3] File [C:/PROJECTS/Unreal/Endless-Runner/EndlessRunner/Saved/Config/Windows/Scalability.ini]
[2022.03.02-22.33.59:345][  0]LogConfig: Setting CVar [[r.MotionBlurQuality:4]]
[2022.03.02-22.33.59:345][  0]LogConfig: Setting CVar [[r.AmbientOcclusionMipLevelFactor:0.4]]
[2022.03.02-22.33.59:345][  0]LogConfig: Setting CVar [[r.AmbientOcclusionMaxQuality:100]]
[2022.03.02-22.33.59:345][  0]LogConfig: Setting CVar [[r.AmbientOcclusionLevels:-1]]
[2022.03.02-22.33.59:345][  0]LogConfig: Setting CVar [[r.AmbientOcclusionRadiusScale:1.0]]
[2022.03.02-22.33.59:345][  0]LogConfig: Setting CVar [[r.DepthOfFieldQuality:2]]
[2022.03.02-22.33.59:345][  0]LogConfig: Setting CVar [[r.RenderTargetPoolMin:400]]
[2022.03.02-22.33.59:345][  0]LogConfig: Setting CVar [[r.LensFlareQuality:2]]
[2022.03.02-22.33.59:345][  0]LogConfig: Setting CVar [[r.SceneColorFringeQuality:1]]
[2022.03.02-22.33.59:345][  0]LogConfig: Setting CVar [[r.EyeAdaptationQuality:2]]
[2022.03.02-22.33.59:345][  0]LogConfig: Setting CVar [[r.BloomQuality:5]]
[2022.03.02-22.33.59:345][  0]LogConfig: Setting CVar [[r.FastBlurThreshold:100]]
[2022.03.02-22.33.59:345][  0]LogConfig: Setting CVar [[r.Upscale.Quality:3]]
[2022.03.02-22.33.59:345][  0]LogConfig: Setting CVar [[r.Tonemapper.GrainQuantization:1]]
[2022.03.02-22.33.59:345][  0]LogConfig: Setting CVar [[r.LightShaftQuality:1]]
[2022.03.02-22.33.59:345][  0]LogConfig: Setting CVar [[r.Filter.SizeScale:1]]
[2022.03.02-22.33.59:345][  0]LogConfig: Setting CVar [[r.Tonemapper.Quality:5]]
[2022.03.02-22.33.59:345][  0]LogConfig: Setting CVar [[r.DOF.Gather.AccumulatorQuality:1        ; higher gathering accumulator quality]]
[2022.03.02-22.33.59:345][  0]LogConfig: Setting CVar [[r.DOF.Gather.PostfilterMethod:1          ; Median3x3 postfilering method]]
[2022.03.02-22.33.59:345][  0]LogConfig: Setting CVar [[r.DOF.Gather.EnableBokehSettings:0       ; no bokeh simulation when gathering]]
[2022.03.02-22.33.59:345][  0]LogConfig: Setting CVar [[r.DOF.Gather.RingCount:4                 ; medium number of samples when gathering]]
[2022.03.02-22.33.59:345][  0]LogConfig: Setting CVar [[r.DOF.Scatter.ForegroundCompositing:1    ; additive foreground scattering]]
[2022.03.02-22.33.59:345][  0]LogConfig: Setting CVar [[r.DOF.Scatter.BackgroundCompositing:2    ; additive background scattering]]
[2022.03.02-22.33.59:345][  0]LogConfig: Setting CVar [[r.DOF.Scatter.EnableBokehSettings:1      ; bokeh simulation when scattering]]
[2022.03.02-22.33.59:345][  0]LogConfig: Setting CVar [[r.DOF.Scatter.MaxSpriteRatio:0.1         ; only a maximum of 10% of scattered bokeh]]
[2022.03.02-22.33.59:345][  0]LogConfig: Setting CVar [[r.DOF.Recombine.Quality:1                ; cheap slight out of focus]]
[2022.03.02-22.33.59:345][  0]LogConfig: Setting CVar [[r.DOF.Recombine.EnableBokehSettings:0    ; no bokeh simulation on slight out of focus]]
[2022.03.02-22.33.59:345][  0]LogConfig: Setting CVar [[r.DOF.TemporalAAQuality:1                ; more stable temporal accumulation]]
[2022.03.02-22.33.59:345][  0]LogConfig: Setting CVar [[r.DOF.Kernel.MaxForegroundRadius:0.025]]
[2022.03.02-22.33.59:345][  0]LogConfig: Setting CVar [[r.DOF.Kernel.MaxBackgroundRadius:0.025]]
[2022.03.02-22.33.59:345][  0]LogConfig: Applying CVar settings from Section [TextureQuality@3] File [C:/PROJECTS/Unreal/Endless-Runner/EndlessRunner/Saved/Config/Windows/Scalability.ini]
[2022.03.02-22.33.59:345][  0]LogConfig: Setting CVar [[r.Streaming.MipBias:0]]
[2022.03.02-22.33.59:345][  0]LogConfig: Setting CVar [[r.Streaming.AmortizeCPUToGPUCopy:0]]
[2022.03.02-22.33.59:345][  0]LogConfig: Setting CVar [[r.Streaming.MaxNumTexturesToStreamPerFrame:0]]
[2022.03.02-22.33.59:345][  0]LogConfig: Setting CVar [[r.Streaming.Boost:1]]
[2022.03.02-22.33.59:345][  0]LogConfig: Setting CVar [[r.MaxAnisotropy:8]]
[2022.03.02-22.33.59:345][  0]LogConfig: Setting CVar [[r.VT.MaxAnisotropy:8]]
[2022.03.02-22.33.59:345][  0]LogConfig: Setting CVar [[r.Streaming.LimitPoolSizeToVRAM:0]]
[2022.03.02-22.33.59:345][  0]LogConfig: Setting CVar [[r.Streaming.PoolSize:1000]]
[2022.03.02-22.33.59:345][  0]LogConfig: Setting CVar [[r.Streaming.MaxEffectiveScreenSize:0]]
[2022.03.02-22.33.59:345][  0]LogConfig: Applying CVar settings from Section [EffectsQuality@3] File [C:/PROJECTS/Unreal/Endless-Runner/EndlessRunner/Saved/Config/Windows/Scalability.ini]
[2022.03.02-22.33.59:345][  0]LogConfig: Setting CVar [[r.TranslucencyLightingVolumeDim:64]]
[2022.03.02-22.33.59:345][  0]LogConfig: Setting CVar [[r.RefractionQuality:2]]
[2022.03.02-22.33.59:345][  0]LogConfig: Setting CVar [[r.SSR.Quality:3]]
[2022.03.02-22.33.59:345][  0]LogConfig: Setting CVar [[r.SSR.HalfResSceneColor:0]]
[2022.03.02-22.33.59:345][  0]LogConfig: Setting CVar [[r.SceneColorFormat:4]]
[2022.03.02-22.33.59:345][  0]LogConfig: Setting CVar [[r.DetailMode:2]]
[2022.03.02-22.33.59:345][  0]LogConfig: Setting CVar [[r.TranslucencyVolumeBlur:1]]
[2022.03.02-22.33.59:345][  0]LogConfig: Setting CVar [[r.MaterialQualityLevel:1 ; High quality]]
[2022.03.02-22.33.59:346][  0]LogConfig: Setting CVar [[r.AnisotropicMaterials:1]]
[2022.03.02-22.33.59:346][  0]LogConfig: Setting CVar [[r.SSS.Scale:1]]
[2022.03.02-22.33.59:346][  0]LogConfig: Setting CVar [[r.SSS.SampleSet:2]]
[2022.03.02-22.33.59:346][  0]LogConfig: Setting CVar [[r.SSS.Quality:1]]
[2022.03.02-22.33.59:346][  0]LogConfig: Setting CVar [[r.SSS.HalfRes:0]]
[2022.03.02-22.33.59:346][  0]LogConfig: Setting CVar [[r.SSGI.Quality:3]]
[2022.03.02-22.33.59:346][  0]LogConfig: Setting CVar [[r.EmitterSpawnRateScale:1.0]]
[2022.03.02-22.33.59:346][  0]LogConfig: Setting CVar [[r.ParticleLightQuality:2]]
[2022.03.02-22.33.59:346][  0]LogConfig: Setting CVar [[r.SkyAtmosphere.AerialPerspectiveLUT.FastApplyOnOpaque:1 ; Always have FastSkyLUT 1 in this case to avoid wrong sky]]
[2022.03.02-22.33.59:346][  0]LogConfig: Setting CVar [[r.SkyAtmosphere.AerialPerspectiveLUT.SampleCountMaxPerSlice:4]]
[2022.03.02-22.33.59:346][  0]LogConfig: Setting CVar [[r.SkyAtmosphere.AerialPerspectiveLUT.DepthResolution:16.0]]
[2022.03.02-22.33.59:346][  0]LogConfig: Setting CVar [[r.SkyAtmosphere.FastSkyLUT:1]]
[2022.03.02-22.33.59:346][  0]LogConfig: Setting CVar [[r.SkyAtmosphere.FastSkyLUT.SampleCountMin:4.0]]
[2022.03.02-22.33.59:346][  0]LogConfig: Setting CVar [[r.SkyAtmosphere.FastSkyLUT.SampleCountMax:128.0]]
[2022.03.02-22.33.59:346][  0]LogConfig: Setting CVar [[r.SkyAtmosphere.SampleCountMin:4.0]]
[2022.03.02-22.33.59:346][  0]LogConfig: Setting CVar [[r.SkyAtmosphere.SampleCountMax:128.0]]
[2022.03.02-22.33.59:346][  0]LogConfig: Setting CVar [[r.SkyAtmosphere.TransmittanceLUT.UseSmallFormat:0]]
[2022.03.02-22.33.59:346][  0]LogConfig: Setting CVar [[r.SkyAtmosphere.TransmittanceLUT.SampleCount:10.0]]
[2022.03.02-22.33.59:346][  0]LogConfig: Setting CVar [[r.SkyAtmosphere.MultiScatteringLUT.SampleCount:15.0]]
[2022.03.02-22.33.59:346][  0]LogConfig: Setting CVar [[r.SkyLight.RealTimeReflectionCapture:1]]
[2022.03.02-22.33.59:346][  0]LogConfig: Applying CVar settings from Section [FoliageQuality@3] File [C:/PROJECTS/Unreal/Endless-Runner/EndlessRunner/Saved/Config/Windows/Scalability.ini]
[2022.03.02-22.33.59:346][  0]LogConfig: Setting CVar [[foliage.DensityScale:1.0]]
[2022.03.02-22.33.59:346][  0]LogConfig: Setting CVar [[grass.DensityScale:1.0]]
[2022.03.02-22.33.59:346][  0]LogConfig: Applying CVar settings from Section [ShadingQuality@3] File [C:/PROJECTS/Unreal/Endless-Runner/EndlessRunner/Saved/Config/Windows/Scalability.ini]
[2022.03.02-22.33.59:346][  0]LogConfig: Setting CVar [[r.HairStrands.SkyLighting.IntegrationType:2]]
[2022.03.02-22.33.59:346][  0]LogConfig: Setting CVar [[r.HairStrands.SkyAO.SampleCount:4]]
[2022.03.02-22.33.59:346][  0]LogConfig: Setting CVar [[r.HairStrands.Visibility.MSAA.SamplePerPixel:4]]
[2022.03.02-22.33.59:346][  0]LogConfig: Applying CVar settings from Section [Startup] File [../../../Engine/Config/ConsoleVariables.ini]
[2022.03.02-22.33.59:347][  0]LogConfig: Setting CVar [[net.UseAdaptiveNetUpdateFrequency:0]]
[2022.03.02-22.33.59:347][  0]LogConfig: Setting CVar [[p.chaos.AllowCreatePhysxBodies:1]]
[2022.03.02-22.33.59:347][  0]LogConfig: Setting CVar [[fx.SkipVectorVMBackendOptimizations:1]]
[2022.03.02-22.33.59:347][  0]LogConfig: Applying CVar settings from Section [ConsoleVariables] File [C:/PROJECTS/Unreal/Endless-Runner/EndlessRunner/Saved/Config/Windows/Engine.ini]
[2022.03.02-22.33.59:347][  0]LogConfig: Applying CVar settings from Section [ConsoleVariables] File [C:/PROJECTS/Unreal/Endless-Runner/EndlessRunner/Saved/Config/Windows/Editor.ini]
[2022.03.02-22.33.59:347][  0]LogInit: Computer: LAPTOP-BL73FRTF
[2022.03.02-22.33.59:347][  0]LogInit: User: teodo
[2022.03.02-22.33.59:347][  0]LogInit: CPU Page size=4096, Cores=6
[2022.03.02-22.33.59:347][  0]LogInit: High frequency timer resolution =10.000000 MHz
[2022.03.02-22.33.59:347][  0]LogMemory: Memory total: Physical=7.8GB (8GB approx)
[2022.03.02-22.33.59:347][  0]LogMemory: Platform Memory Stats for Windows
[2022.03.02-22.33.59:347][  0]LogMemory: Process Physical Memory: 149.04 MB used, 149.04 MB peak
[2022.03.02-22.33.59:347][  0]LogMemory: Process Virtual Memory: 129.80 MB used, 129.80 MB peak
[2022.03.02-22.33.59:347][  0]LogMemory: Physical Memory: 6843.75 MB used,  1179.30 MB free, 8023.05 MB total
[2022.03.02-22.33.59:347][  0]LogMemory: Virtual Memory: 134211816.00 MB used,  5912.01 MB free, 134217728.00 MB total
[2022.03.02-22.33.59:355][  0]LogWindows: WindowsPlatformFeatures enabled
[2022.03.02-22.33.59:425][  0]LogInit: Physics initialised using underlying interface: PhysX
[2022.03.02-22.33.59:425][  0]LogInit: Using OS detected language (en-GB).
[2022.03.02-22.33.59:426][  0]LogInit: Using OS detected locale (en-US).
[2022.03.02-22.33.59:429][  0]LogTextLocalizationManager: No specific localization for 'en-GB' exists, so the 'en' localization will be used.
[2022.03.02-22.33.59:870][  0]LogWindowsTextInputMethodSystem: Display: IME system deactivated.
[2022.03.02-22.33.59:925][  0]LogSlate: New Slate User Created.  User Index 0, Is Virtual User: 0
[2022.03.02-22.33.59:925][  0]LogSlate: Slate User Registered.  User Index 0, Is Virtual User: 0
[2022.03.02-22.33.59:958][  0]LogD3D11RHI: Loaded GFSDK_Aftermath_Lib.x64.dll
[2022.03.02-22.33.59:963][  0]LogHMD: Failed to initialize OpenVR with code 101
[2022.03.02-22.33.59:963][  0]LogD3D11RHI: D3D11 min allowed feature level: 11_0
[2022.03.02-22.33.59:963][  0]LogD3D11RHI: D3D11 max allowed feature level: 11_0
[2022.03.02-22.33.59:963][  0]LogD3D11RHI: D3D11 adapters:
[2022.03.02-22.34.00:113][  0]LogD3D11RHI:    0. 'NVIDIA GeForce GTX 1660 Ti' (Feature Level 11_0)
[2022.03.02-22.34.00:113][  0]LogD3D11RHI:       5991/0/4011 MB DedicatedVideo/DedicatedSystem/SharedSystem, Outputs:1, VendorId:0x10de
[2022.03.02-22.34.00:164][  0]LogD3D11RHI:    1. 'Intel(R) UHD Graphics' (Feature Level 11_0)
[2022.03.02-22.34.00:164][  0]LogD3D11RHI:       128/0/4011 MB DedicatedVideo/DedicatedSystem/SharedSystem, Outputs:0, VendorId:0x8086
[2022.03.02-22.34.00:168][  0]LogD3D11RHI:    2. 'Microsoft Basic Render Driver' (Feature Level 11_0)
[2022.03.02-22.34.00:168][  0]LogD3D11RHI:       0/0/4011 MB DedicatedVideo/DedicatedSystem/SharedSystem, Outputs:0, VendorId:0x1414
[2022.03.02-22.34.00:168][  0]LogD3D11RHI: Chosen D3D11 Adapter:
[2022.03.02-22.34.00:168][  0]LogD3D11RHI:     Description : NVIDIA GeForce GTX 1660 Ti
[2022.03.02-22.34.00:168][  0]LogD3D11RHI:     VendorId    : 10de
[2022.03.02-22.34.00:168][  0]LogD3D11RHI:     DeviceId    : 2191
[2022.03.02-22.34.00:168][  0]LogD3D11RHI:     SubSysId    : 14421025
[2022.03.02-22.34.00:168][  0]LogD3D11RHI:     Revision    : 00a1
[2022.03.02-22.34.00:168][  0]LogD3D11RHI:     DedicatedVideoMemory : 6282018816 bytes
[2022.03.02-22.34.00:168][  0]LogD3D11RHI:     DedicatedSystemMemory : 0 bytes
[2022.03.02-22.34.00:168][  0]LogD3D11RHI:     SharedSystemMemory : 4206389248 bytes
[2022.03.02-22.34.00:168][  0]LogD3D11RHI:     AdapterLuid : 0 68996
[2022.03.02-22.34.00:179][  0]LogD3D11RHI: Creating new Direct3DDevice
[2022.03.02-22.34.00:179][  0]LogD3D11RHI:     GPU DeviceId: 0x2191 (for the marketing name, search the web for "GPU Device Id")
[2022.03.02-22.34.00:179][  0]LogWindows: EnumDisplayDevices:
[2022.03.02-22.34.00:179][  0]LogWindows:    0. 'Intel(R) UHD Graphics' (P:0 D:0)
[2022.03.02-22.34.00:180][  0]LogWindows:    1. 'Intel(R) UHD Graphics' (P:0 D:0)
[2022.03.02-22.34.00:180][  0]LogWindows:    2. 'Intel(R) UHD Graphics' (P:0 D:0)
[2022.03.02-22.34.00:181][  0]LogWindows:    3. 'NVIDIA GeForce GTX 1660 Ti' (P:1 D:1)
[2022.03.02-22.34.00:181][  0]LogWindows:    4. 'NVIDIA GeForce GTX 1660 Ti' (P:0 D:0)
[2022.03.02-22.34.00:181][  0]LogWindows:    5. 'NVIDIA GeForce GTX 1660 Ti' (P:0 D:0)
[2022.03.02-22.34.00:181][  0]LogWindows:    6. 'NVIDIA GeForce GTX 1660 Ti' (P:0 D:0)
[2022.03.02-22.34.00:182][  0]LogWindows: DebugString: PrimaryIsNotTheChoosenAdapter PrimaryIsNotTheChoosenAdapter PrimaryIsNotTheChoosenAdapter FoundDriverCount:4 
[2022.03.02-22.34.00:182][  0]LogD3D11RHI:     Adapter Name: NVIDIA GeForce GTX 1660 Ti
[2022.03.02-22.34.00:182][  0]LogD3D11RHI:   Driver Version: 497.09 (internal:30.0.14.9709, unified:497.09)
[2022.03.02-22.34.00:182][  0]LogD3D11RHI:      Driver Date: 11-26-2021
[2022.03.02-22.34.00:182][  0]LogRHI: Texture pool is 4193 MB (70% of 5991 MB)
[2022.03.02-22.34.00:182][  0]LogD3D11RHI: Creating D3DDevice using adapter:
[2022.03.02-22.34.00:182][  0]LogD3D11RHI:     Description : NVIDIA GeForce GTX 1660 Ti
[2022.03.02-22.34.00:182][  0]LogD3D11RHI:     VendorId    : 10de
[2022.03.02-22.34.00:182][  0]LogD3D11RHI:     DeviceId    : 2191
[2022.03.02-22.34.00:182][  0]LogD3D11RHI:     SubSysId    : 14421025
[2022.03.02-22.34.00:182][  0]LogD3D11RHI:     Revision    : 00a1
[2022.03.02-22.34.00:182][  0]LogD3D11RHI:     DedicatedVideoMemory : 6282018816 bytes
[2022.03.02-22.34.00:182][  0]LogD3D11RHI:     DedicatedSystemMemory : 0 bytes
[2022.03.02-22.34.00:182][  0]LogD3D11RHI:     SharedSystemMemory : 4206389248 bytes
[2022.03.02-22.34.00:182][  0]LogD3D11RHI:     AdapterLuid : 0 68996
[2022.03.02-22.34.00:268][  0]LogD3D11RHI: RHI has support for 64 bit atomics
[2022.03.02-22.34.00:268][  0]LogD3D11RHI: Async texture creation enabled
[2022.03.02-22.34.00:268][  0]LogD3D11RHI: Array index from any shader is supported
[2022.03.02-22.34.00:271][  0]LogD3D11RHI: HDR output is supported on display 0 (NvId: 0x80061081).
[2022.03.02-22.34.00:303][  0]LogD3D11RHI: GPU Timing Frequency: 1000.000000 (Debug: 2 1)
[2022.03.02-22.34.00:351][  0]LogRHI: GeForceNow SDK initialized: 1
[2022.03.02-22.34.00:855][  0]LogTargetPlatformManager: Display: Loaded TargetPlatform 'WindowsNoEditor'
[2022.03.02-22.34.00:864][  0]LogTargetPlatformManager: Display: Loaded TargetPlatform 'Windows'
[2022.03.02-22.34.00:871][  0]LogTargetPlatformManager: Display: Loaded TargetPlatform 'WindowsClient'
[2022.03.02-22.34.00:879][  0]LogTargetPlatformManager: Display: Loaded TargetPlatform 'WindowsServer'
[2022.03.02-22.34.00:879][  0]LogTargetPlatformManager: Display: Building Assets For Windows
[2022.03.02-22.34.00:894][  0]LogAudioDebug: Display: Lib vorbis DLL was dynamically loaded.
[2022.03.02-22.34.00:949][  0]LogTextureFormatOodle: Display: Oodle Texture 2.9.0 init RDO Off
[2022.03.02-22.34.01:008][  0]LogRendererCore: Ray tracing is disabled. Reason: r.RayTracing=0.
[2022.03.02-22.34.01:008][  0]LogShaderCompilers: Guid format shader working directory is -17 characters bigger than the processId version (../../../../../../PROJECTS/Unreal/Endless-Runner/EndlessRunner/Intermediate/Shaders/WorkingDirectory/12132/).
[2022.03.02-22.34.01:009][  0]LogShaderCompilers: Cleaned the shader compiler working directory 'C:/Users/teodo/AppData/Local/Temp/UnrealShaderWorkingDir/30A46BD34ECB72A489369B94ABFD69DD/'.
[2022.03.02-22.34.01:009][  0]LogXGEController: Cannot use XGE Controller as Incredibuild is not installed on this machine.
[2022.03.02-22.34.01:009][  0]LogShaderCompilers: Cannot use XGE Shader Compiler as Incredibuild is not installed on this machine.
[2022.03.02-22.34.01:009][  0]LogShaderCompilers: Display: Using Local Shader Compiler.
[2022.03.02-22.34.02:417][  0]LogDerivedDataCache: Display: Max Cache Size: 512 MB
[2022.03.02-22.34.02:543][  0]LogDerivedDataCache: Loaded boot cache 0.13s 94MB C:/Users/teodo/AppData/Local/UnrealEngine/4.27/DerivedDataCache/Boot.ddc.
[2022.03.02-22.34.02:543][  0]LogDerivedDataCache: Display: Loaded Boot cache: C:/Users/teodo/AppData/Local/UnrealEngine/4.27/DerivedDataCache/Boot.ddc
[2022.03.02-22.34.02:543][  0]LogDerivedDataCache: FDerivedDataBackendGraph:  Pak pak cache file ../../../../../../PROJECTS/Unreal/Endless-Runner/EndlessRunner/DerivedDataCache/DDC.ddp not found, will not use a pak cache.
[2022.03.02-22.34.02:543][  0]LogDerivedDataCache: Unable to find inner node Pak for hierarchical cache Hierarchy.
[2022.03.02-22.34.02:544][  0]LogDerivedDataCache: FDerivedDataBackendGraph:  CompressedPak pak cache file ../../../../../../PROJECTS/Unreal/Endless-Runner/EndlessRunner/DerivedDataCache/Compressed.ddp not found, will not use a pak cache.
[2022.03.02-22.34.02:544][  0]LogDerivedDataCache: Unable to find inner node CompressedPak for hierarchical cache Hierarchy.
[2022.03.02-22.34.02:574][  0]LogDerivedDataCache: Display: Pak cache opened for reading ../../../Engine/DerivedDataCache/Compressed.ddp.
[2022.03.02-22.34.02:574][  0]LogDerivedDataCache: FDerivedDataBackendGraph:  EnterprisePak pak cache file ../../../Enterprise/DerivedDataCache/Compressed.ddp not found, will not use a pak cache.
[2022.03.02-22.34.02:574][  0]LogDerivedDataCache: Unable to find inner node EnterprisePak for hierarchical cache Hierarchy.
[2022.03.02-22.34.02:586][  0]LogDerivedDataCache: Speed tests for C:/Users/teodo/AppData/Local/UnrealEngine/Common/DerivedDataCache took 0.01 seconds
[2022.03.02-22.34.02:586][  0]LogDerivedDataCache: Display: Performance to C:/Users/teodo/AppData/Local/UnrealEngine/Common/DerivedDataCache: Latency=0.05ms. RandomReadSpeed=203.89MBs, RandomWriteSpeed=142.94MBs. Assigned SpeedClass 'Local'
[2022.03.02-22.34.02:587][  0]LogDerivedDataCache: Using Local data cache path C:/Users/teodo/AppData/Local/UnrealEngine/Common/DerivedDataCache: Writable
[2022.03.02-22.34.02:587][  0]LogDerivedDataCache: Shared data cache path not found in *engine.ini, will not use an Shared cache.
[2022.03.02-22.34.02:587][  0]LogDerivedDataCache: Unable to find inner node Shared for hierarchical cache Hierarchy.
[2022.03.02-22.34.02:655][  0]LogSlate: Using FreeType 2.10.0
[2022.03.02-22.34.02:656][  0]LogSlate: SlateFontServices - WITH_FREETYPE: 1, WITH_HARFBUZZ: 1
[2022.03.02-22.34.02:776][  0]LogInit: Using OS detected language (en-GB).
[2022.03.02-22.34.02:776][  0]LogInit: Using OS detected locale (en-US).
[2022.03.02-22.34.02:776][  0]LogTextLocalizationManager: No localization for 'en-GB' exists, so 'en' will be used for the language.
[2022.03.02-22.34.02:776][  0]LogTextLocalizationManager: No localization for 'en-US' exists, so 'en' will be used for the locale.
[2022.03.02-22.34.02:776][  0]LogSlate: FontCache flush requested. Reason: Culture for localization was changed
[2022.03.02-22.34.02:776][  0]LogSlate: FontCache flush requested. Reason: Culture for localization was changed
[2022.03.02-22.34.02:780][  0]LogTextLocalizationManager: Compacting localization data took   0.01ms
[2022.03.02-22.34.02:780][  0]LogAssetRegistry: FAssetRegistry took 0.0025 seconds to start up
[2022.03.02-22.34.03:043][  0]LogPackageLocalizationCache: Processed 27 localized package path(s) for 1 prioritized culture(s) in 0.001556 seconds
[2022.03.02-22.34.03:149][  0]LogInit: Selected Device Profile: [Windows]
[2022.03.02-22.34.03:149][  0]LogInit: Active device profile: [0000021788957700][0000021781674D80 49] Windows
[2022.03.02-22.34.03:149][  0]LogInit: Profiles: [0000021788957700][0000021781674D80 49] Windows, [0000021788968A00][00000217817ECF00 49] WindowsNoEditor, [0000021788954A00][00000217817F1080 49] WindowsServer, [000002178896AC00][00000217817F5200 49] WindowsClient, [0000021788956B00][0000021784BE5380 49] IOS, [000002178896B200][0000021784BE9500 49] iPadAir, [0000021788957100][0000021784BED680 49] iPadAir2, [000002178890B600][0000021784BF18C0 49] IPadPro, [000002178890B700][00000217817E9900 49] iPadAir3, [0000021788954E00][0000021784BF5A40 49] iPadAir4, [0000021788908F00][0000021784BFDBC0 49] iPadMini2, [0000021788954B00][0000021784C001C0 49] iPadMini3, [0000021788908600][0000021784C04340 49] iPadMini4, [0000021788954900][0000021784C084C0 49] iPadMini5, [000002178894E700][0000021784C10780 49] iPhone6, [000002178894E800][0000021784C0C7C0 49] iPodTouch6, [000002178890A000][0000021784C18A80 49] iPhone7, [000002178890A100][0000021784C14AC0 49] iPodTouch7, [000002178894CE00][0000021784C1CC40 49] iPhone5S, [000002178890BC00][000002178159CDC0 49] iPhone6Plus, [000002178894FF00][00000217815A0F40 49] iPhone6S, [000002178890AB00][00000217815A50C0 49] iPhone6SPlus, [000002178894D400][00000217815A9240 49] iPhone7Plus, [0000021788908D00][00000217815AD3C0 49] iPhoneSE, [000002178894E200][00000217815B1540 49] iPhone8, [000002178890AC00][00000217815B56C0 49] iPhone8Plus, [000002178894EB00][00000217815B9840 49] iPhoneX, [000002178890B100][0000021784BF9980 49] iPhoneXS, [000002178894CA00][00000217815BDAC0 49] iPhoneXSMax, [000002178890A900][00000217815C1C00 49] iPhoneXR, [000002178894D600][00000217815C41C0 49] iPhone11, [000002178890A800][00000217815CC340 49] iPhone11Pro, [000002178894D100][00000217815D04C0 49] iPhone11ProMax, [0000021788909300][00000217815D4640 49] iPhoneSE2, [000002178894F400][00000217815D87C0 49] iPhone12Mini, [000002178890BB00][00000217815DC940 49] iPhone12, [000002178894F300][00000217815E0AC0 49] iPhone12Pro, [000002178890AA00][00000217815E4C40 49] iPhone12ProMax, [000002178894C900][0000021781D32DC0 49] iPadPro105, [0000021788908300][0000021781D36F40 49] iPadPro129, [000002178894F700][0000021781D3B0C0 49] iPadPro97, [000002178890BE00][0000021781D3F240 49] iPadPro2_129, [000002178894EA00][0000021781D433C0 49] iPad5, [0000021788908E00][0000021781D47540 49] iPad6, [000002178894F100][0000021781D4B6C0 49] iPad7, [0000021788909E00][0000021781D4F840 49] iPad8, [000002178894FA00][0000021781D539C0 49] iPadPro11, [000002178890A600][00000217815C9B00 49] iPadPro2_11, [000002178894C300][0000021781D560C0 49] iPadPro3_129, [0000021788909C00][0000021781D5A200 49] iPadPro4_129, [000002178894D200][0000021781D5E340 49] AppleTV, [0000021788909000][0000021781D664C0 49] AppleTV4K, [000002178894FD00][0000021781D6A640 49] TVOS, [000002178890B800][0000021781D6E7C0 49] Mac, [0000021788968E00][0000021781D72940 49] MacClient, [00000217889E8700][0000021781D76AC0 49] MacNoEditor, [0000021788969500][0000021781D7AC40 49] MacServer, [00000217889E8E00][0000021781D7EDC0 49] Linux, [000002178896A900][0000021781D82F40 49] LinuxAArch64, [00000217889E8900][0000021781D870C0 49] LinuxNoEditor, [0000021788968100][0000021781D8B240 49] LinuxAArch64NoEditor, [00000217889E9B00][0000021781D8F3C0 49] LinuxClient, [000002178896B700][0000021781D93540 49] LinuxAArch64Client, [00000217889EAD00][0000021781D976C0 49] LinuxServer, [0000021788969600][0000021781D9B840 49] LinuxAArch64Server, [00000217889E8F00][0000021781D9F9C0 49] Android, [0000021788969900][0000021781DA3B40 49] Android_Low, [00000217889E8B00][0000021781DA6140 49] Android_Mid, [0000021788969200][0000021781D62280 49] Android_High, [00000217889E8C00][0000021781DAA3C0 49] Android_Default, [000002178896A400][0000021781DAE500 49] Android_Adreno4xx, [00000217889E9600][0000021781DB6680 49] Android_Adreno5xx_Low, [0000021788968400][0000021781DBA800 49] Android_Adreno5xx, [00000217889E9400][0000021781DBE980 49] Android_Adreno6xx, [000002178896A500][0000021781DC2B00 49] Android_Adreno6xx_Vulkan, [00000217889EAB00][0000021781DC6C80 49] Android_Mali_T6xx, [000002178896BD00][0000021781DCAE00 49] Android_Mali_T7xx, [00000217889EA500][0000021781DCEF80 49] Android_Mali_T8xx, [0000021788908A00][0000021781DD3100 49] Android_Mali_G71, [00000217889EA200][0000021781DD7280 49] Android_Mali_G72, [0000021788909A00][0000021781DDB400 49] Android_Mali_G72_Vulkan, [00000217889EA000][0000021781DDF580 49] Android_Mali_G76, [000002178890BD00][0000021781DE3700 49] Android_Mali_G76_Vulkan, [00000217889E8100][0000021781DE7880 49] Android_Mali_G77, [000002178890A200][0000021781DEBA00 49] Android_Mali_G77_Vulkan, [00000217889EA300][0000021781DEFB80 49] Android_Mali_G78, [000002178890B300][0000021781DF2180 49] Android_Mali_G78_Vulkan, [00000217889E9800][0000021781DF6300 49] Android_Mali_G710, [000002178890B000][0000021781DB2440 49] Android_Mali_G710_Vulkan, [00000217889E9E00][0000021781DFA580 49] Android_Vulkan_SM5, [0000021788909D00][0000021781DFE6C0 49] Android_PowerVR_G6xxx, [00000217889E8800][0000021781E06840 49] Android_PowerVR_GT7xxx, [0000021788909700][0000021781E0A9C0 49] Android_PowerVR_GE8xxx, [00000217889EAA00][0000021781E0EB40 49] Android_PowerVR_GM9xxx, [000002178890A300][0000021781E12CC0 49] Android_PowerVR_GM9xxx_Vulkan, [00000217889E9700][0000021781E16E40 49] Android_TegraK1, [000002178890A400][0000021781E1AFC0 49] Android_Unknown_Vulkan, [00000217889E9A00][0000021781E1F140 49] Lumin, [0000021788908700][0000021781E232C0 49] Lumin_Desktop, [00000217889EA600][0000021781E27440 49] HoloLens, 
[2022.03.02-22.34.03:219][  0]LogMeshReduction: Using QuadricMeshReduction for automatic static mesh reduction
[2022.03.02-22.34.03:219][  0]LogMeshReduction: Using SimplygonMeshReduction for automatic skeletal mesh reduction
[2022.03.02-22.34.03:219][  0]LogMeshReduction: Using ProxyLODMeshReduction for automatic mesh merging
[2022.03.02-22.34.03:219][  0]LogMeshReduction: No distributed automatic mesh merging module available
[2022.03.02-22.34.03:219][  0]LogMeshMerging: No distributed automatic mesh merging module available
[2022.03.02-22.34.03:405][  0]LogNetVersion: EndlessRunner 1.0.0, NetCL: 17155196, EngineNetVer: 17, GameNetVer: 0 (Checksum: 1331125288)
[2022.03.02-22.34.03:750][  0]LogTexture: Default maximum texture size for cubemaps generated from long-lat sources has been changed from 512 to unlimited. In order to preserve old behaiour for '/Engine/MapTemplates/Sky/DaylightAmbientCubemap.DaylightAmbientCubemap', its maximum texture size has been explicitly set to 512.
[2022.03.02-22.34.03:839][  0]LogHMD: PokeAHoleMaterial loaded successfully
[2022.03.02-22.34.04:009][  0]LogMoviePlayer: Initializing movie player
[2022.03.02-22.34.04:170][  0]LogNiagaraDebuggerClient: Niagara Debugger Client Initialized | Session: 3B66DE414401D44A3E15E2B0D85C0A8B | Instance: 124B9AC74B9F4B39FE315B9CAD3ED6D2 (LAPTOP-BL73FRTF-12132).
[2022.03.02-22.34.04:200][  0]LogCollectionManager: Loaded 0 collections in 0.002855 seconds
[2022.03.02-22.34.04:204][  0]LogFileCache: Scanning file cache for directory 'C:/PROJECTS/Unreal/Endless-Runner/EndlessRunner/Saved/Collections/' took 0.00s
[2022.03.02-22.34.04:204][  0]LogFileCache: Scanning file cache for directory 'C:/PROJECTS/Unreal/Endless-Runner/EndlessRunner/Content/Developers/teodo/Collections/' took 0.00s
[2022.03.02-22.34.04:204][  0]LogFileCache: Scanning file cache for directory 'C:/PROJECTS/Unreal/Endless-Runner/EndlessRunner/Content/Collections/' took 0.00s
[2022.03.02-22.34.04:204][  0]LogCollectionManager: Fixed up redirectors for 0 collections in 0.000003 seconds (updated 0 objects)
[2022.03.02-22.34.04:358][  0]LogTcpMessaging: Initializing TcpMessaging bridge
[2022.03.02-22.34.04:363][  0]LogUdpMessaging: Initializing bridge on interface 0.0.0.0:0 to multicast group 230.0.0.1:6666.
[2022.03.02-22.34.04:384][  0]LogPython: Using Python 3.7.7
[2022.03.02-22.34.05:243][  0]SourceControl: Source control is disabled
[2022.03.02-22.34.05:243][  0]SourceControl: Source control is disabled
[2022.03.02-22.34.05:249][  0]SourceControl: Source control is disabled
[2022.03.02-22.34.05:266][  0]LogUProjectInfo: Found projects:
[2022.03.02-22.34.05:455][  0]LogOpenImageDenoise: OIDN starting up
[2022.03.02-22.34.05:473][  0]LogAndroidPermission: UAndroidPermissionCallbackProxy::GetInstance
[2022.03.02-22.34.05:512][  0]LogAudioCaptureCore: Display: No Audio Capture implementations found. Audio input will be silent.
[2022.03.02-22.34.05:512][  0]LogAudioCaptureCore: Display: No Audio Capture implementations found. Audio input will be silent.
[2022.03.02-22.34.05:633][  0]LogOcInput: OculusInput pre-init called
[2022.03.02-22.34.05:650][  0]LogUObjectArray: 22121 objects as part of root set at end of initial load.
[2022.03.02-22.34.05:650][  0]LogUObjectAllocator: 5975632 out of 0 bytes used by permanent object pool.
[2022.03.02-22.34.05:650][  0]LogUObjectArray: CloseDisregardForGC: 0/0 objects in disregard for GC pool
[2022.03.02-22.34.05:728][  0]LogEngine: Initializing Engine...
[2022.03.02-22.34.05:802][  0]LogHMD: Optional extension XR_VARJO_quad_views is not available
[2022.03.02-22.34.05:802][  0]LogHMD: Warning: Required extension XR_EXT_eye_gaze_interaction is not available
[2022.03.02-22.34.05:802][  0]LogHMD: Could not enable all required OpenXR extensions for OpenXREyeTracker on current system. This plugin will be loaded but ignored, but will be enabled on a target platform that supports the required extension.
[2022.03.02-22.34.06:305][  0]LogHMD: Failed to get an OpenXR system, result is XR_ERROR_FORM_FACTOR_UNAVAILABLE. Please check that your runtime supports VR headsets.
[2022.03.02-22.34.06:305][  0]LogHMD: Failed to initialize OpenVR with code 101
[2022.03.02-22.34.06:305][  0]LogMagicLeap: Warning: VR disabled because ZI is not enabled.  To enable, in the editor, Edit -> Project Settings -> Plugins -> Magic Leap Plugin -> Enable Zero Iteration
[2022.03.02-22.34.06:307][  0]LogStats: UGameplayTagsManager::InitializeManager -  0.000 s
[2022.03.02-22.34.06:497][  0]LogInit: Initializing FReadOnlyCVARCache
[2022.03.02-22.34.06:497][  0]LogAudio: Display: Initializing Audio Device Manager...
[2022.03.02-22.34.06:507][  0]LogAudio: Display: Loading Default Audio Settings Objects...
[2022.03.02-22.34.06:508][  0]LogAudio: Display: No default SoundConcurrencyObject specified (or failed to load).
[2022.03.02-22.34.06:509][  0]LogAudio: Display: Audio Device Manager Initialized
[2022.03.02-22.34.06:509][  0]LogAudio: Display: Creating Audio Device:                 Id: 1, Scope: Shared, Realtime: True
[2022.03.02-22.34.06:509][  0]LogAudioMixer: Display: Audio Mixer Platform Settings:
[2022.03.02-22.34.06:509][  0]LogAudioMixer: Display: 	Sample Rate:						  48000
[2022.03.02-22.34.06:509][  0]LogAudioMixer: Display: 	Callback Buffer Frame Size Requested: 1024
[2022.03.02-22.34.06:509][  0]LogAudioMixer: Display: 	Callback Buffer Frame Size To Use:	  1024
[2022.03.02-22.34.06:509][  0]LogAudioMixer: Display: 	Number of buffers to queue:			  2
[2022.03.02-22.34.06:509][  0]LogAudioMixer: Display: 	Max Channels (voices):				  32
[2022.03.02-22.34.06:510][  0]LogAudioMixer: Display: 	Number of Async Source Workers:		  0
[2022.03.02-22.34.06:510][  0]LogAudio: Display: AudioDevice MaxSources: 32
[2022.03.02-22.34.06:510][  0]LogAudio: Display: Audio Spatialization Plugin: None (built-in).
[2022.03.02-22.34.06:510][  0]LogAudio: Display: Audio Reverb Plugin: None (built-in).
[2022.03.02-22.34.06:510][  0]LogAudio: Display: Audio Occlusion Plugin: None (built-in).
[2022.03.02-22.34.06:510][  0]LogAudioMixer: Display: Initializing audio mixer.
[2022.03.02-22.34.06:549][  0]LogAudioMixer: Display: 0: FrontLeft
[2022.03.02-22.34.06:549][  0]LogAudioMixer: Display: 1: FrontRight
[2022.03.02-22.34.06:767][  0]LogAudioMixer: Display: Using Audio Device Speakers (Realtek(R) Audio)
[2022.03.02-22.34.06:775][  0]LogAudioMixer: Display: Initializing Sound Submixes...
[2022.03.02-22.34.06:778][  0]LogAudioMixer: Display: Creating Master Submix 'MasterSubmixDefault'
[2022.03.02-22.34.06:779][  0]LogAudioMixer: Display: Creating Master Submix 'MasterReverbSubmixDefault'
[2022.03.02-22.34.06:781][  0]LogAudioMixer: Display: Creating Master Submix 'MasterEQSubmixDefault'
[2022.03.02-22.34.06:781][  0]LogAudioMixer: FMixerPlatformXAudio2::StartAudioStream() called
[2022.03.02-22.34.06:781][  0]LogAudioMixer: Display: Output buffers initialized: Frames=1024, Channels=2, Samples=2048
[2022.03.02-22.34.06:782][  0]LogAudioMixer: Display: Starting AudioMixerPlatformInterface::RunInternal()
[2022.03.02-22.34.06:782][  0]LogAudioMixer: Display: FMixerPlatformXAudio2::SubmitBuffer() called for the first time
[2022.03.02-22.34.06:782][  0]LogInit: FAudioDevice initialized.
[2022.03.02-22.34.06:785][  0]LogNetVersion: Set ProjectVersion to 1.0.0.0. Version Checksum will be recalculated on next use.
[2022.03.02-22.34.06:785][  0]LogInit: Texture streaming: Enabled
[2022.03.02-22.34.06:931][  0]LogAudio: Display: Audio Device (ID: 1) registered with world 'Untitled'.
[2022.03.02-22.34.06:932][  0]LogSlate: Updating window title bar state: overlay mode, drag disabled, window buttons hidden, title bar hidden
[2022.03.02-22.34.06:933][  0]LogInit: Display: Game Engine Initialized.
[2022.03.02-22.34.06:934][  0]LogNiagaraEditor: GEditor isn't valid! Particle reset commands will not work for Niagara components!
[2022.03.02-22.34.07:119][  0]LogInit: Display: Starting Game.
[2022.03.02-22.34.07:120][  0]LogNet: Browse: /Game/--NEW--/Maps/ThirdPersonExampleMap?Name=Player
[2022.03.02-22.34.07:121][  0]LogLoad: LoadMap: /Game/--NEW--/Maps/ThirdPersonExampleMap?Name=Player
[2022.03.02-22.34.07:121][  0]LogWorld: BeginTearingDown for /Temp/Untitled_0
[2022.03.02-22.34.07:128][  0]LogWorld: UWorld::CleanupWorld for Untitled, bSessionEnded=true, bCleanupResources=true
[2022.03.02-22.34.07:128][  0]LogSlate: InvalidateAllWidgets triggered.  All widgets were invalidated
[2022.03.02-22.34.07:135][  0]LogAudio: Display: Audio Device unregistered from world 'None'.
[2022.03.02-22.34.07:141][  0]LogUObjectHash: Compacting FUObjectHashTables data took   1.74ms
[2022.03.02-22.34.08:044][  0]LogAudio: Display: Audio Device (ID: 1) registered with world 'ThirdPersonExampleMap'.
[2022.03.02-22.34.08:067][  0]LogAIModule: Creating AISystem for world ThirdPersonExampleMap
[2022.03.02-22.34.08:076][  0]LogLoad: Game class is 'ThirdPersonGameMode_C'
[2022.03.02-22.34.08:479][  0]LogWorld: Bringing World /Game/--NEW--/Maps/ThirdPersonExampleMap.ThirdPersonExampleMap up for play (max tick rate 0) at 2022.03.02-22.34.08
[2022.03.02-22.34.08:483][  0]LogWorld: Bringing up level for play took: 0.404456
[2022.03.02-22.34.08:486][  0]LogGameMode: FindPlayerStart: PATHS NOT DEFINED or NO PLAYERSTART with positive rating
[2022.03.02-22.34.08:510][  0]LogLoad: Took 1.388794 seconds to LoadMap(/Game/--NEW--/Maps/ThirdPersonExampleMap)
[2022.03.02-22.34.08:642][  0]LogSlate: Took 0.000913 seconds to synchronously load lazily loaded font '../../../Engine/Content/Slate/Fonts/Roboto-Regular.ttf' (155K)
[2022.03.02-22.34.08:722][  0]LogRenderer: Reallocating scene render targets to support 1280x720 Format 10 NumSamples 1 (Frame:1).
[2022.03.02-22.34.08:722][  0]LogInit: Display: Engine is initialized. Leaving FEngineLoop::Init()
[2022.03.02-22.34.08:722][  0]LogLoad: (Engine Initialization) Total time: 11.81 seconds
[2022.03.02-22.34.08:722][  0]LogLoad: (Engine Initialization) Total Blueprint compile time: 0.00 seconds
[2022.03.02-22.34.08:807][  0]LogContentStreaming: Texture pool size now 1000 MB
[2022.03.02-22.34.08:817][  0]LogSlate: InvalidateAllWidgets triggered.  All widgets were invalidated
[2022.03.02-22.34.08:840][  0]LogRenderer: Reallocating scene render targets to support 128x128 Format 10 NumSamples 1 (Frame:1).
[2022.03.02-22.34.08:895][  0]LogRenderer: Reallocating scene render targets to support 1280x720 Format 10 NumSamples 1 (Frame:2).
[2022.03.02-22.34.08:936][  1]LogSlate: Took 0.000364 seconds to synchronously load lazily loaded font '../../../Engine/Content/Slate/Fonts/Roboto-Regular.ttf' (155K)
[2022.03.02-22.34.09:798][ 47]LogSlate: Window 'EndlessRunner (64-bit Development PCD3D_SM5) ' being destroyed
[2022.03.02-22.34.09:801][ 47]LogWindowsTextInputMethodSystem: Display: IME system deactivated.
[2022.03.02-22.34.09:809][ 47]LogSlate: Updating window title bar state: overlay mode, drag disabled, window buttons hidden, title bar hidden
[2022.03.02-22.34.09:809][ 47]LogEngine: All Windows Closed
[2022.03.02-22.34.09:809][ 47]LogWindows: FPlatformMisc::RequestExit(0)
[2022.03.02-22.34.09:809][ 47]LogWindows: FPlatformMisc::RequestExitWithStatus(0, 0)
[2022.03.02-22.34.09:809][ 47]LogCore: Engine exit requested (reason: Win RequestExit)
[2022.03.02-22.34.09:810][ 48]LogCore: Engine exit requested (reason: EngineExit() was called; note: exit was already requested)
[2022.03.02-22.34.09:810][ 48]LogInit: Display: PreExit Game.
[2022.03.02-22.34.09:832][ 48]LogWorld: BeginTearingDown for /Game/--NEW--/Maps/ThirdPersonExampleMap
[2022.03.02-22.34.09:836][ 48]LogWorld: UWorld::CleanupWorld for ThirdPersonExampleMap, bSessionEnded=true, bCleanupResources=true
[2022.03.02-22.34.09:852][ 48]LogSlate: InvalidateAllWidgets triggered.  All widgets were invalidated
[2022.03.02-22.34.10:313][ 48]LogAudio: Display: Beginning Audio Device Manager Shutdown (Module: AudioMixerXAudio2)...
[2022.03.02-22.34.10:313][ 48]LogAudio: Display: Destroying 1 Remaining Audio Device(s)...
[2022.03.02-22.34.10:313][ 48]LogAudio: Display: Audio Device unregistered from world 'ThirdPersonExampleMap'.
[2022.03.02-22.34.10:318][ 48]LogAudioMixer: FMixerPlatformXAudio2::StopAudioStream() called
[2022.03.02-22.34.10:319][ 48]LogAudioMixer: FMixerPlatformXAudio2::StopAudioStream() called
[2022.03.02-22.34.10:327][ 48]LogAudio: Display: Audio Device Manager Shutdown
[2022.03.02-22.34.10:332][ 48]LogExit: Preparing to exit.
[2022.03.02-22.34.10:343][ 48]LogSlate: Updating window title bar state: overlay mode, drag disabled, window buttons hidden, title bar hidden
[2022.03.02-22.34.10:353][ 48]LogUObjectHash: Compacting FUObjectHashTables data took   1.69ms
[2022.03.02-22.34.11:373][ 48]LogMoviePlayer: Shutting down movie player
[2022.03.02-22.34.11:550][ 48]LogDemo: Cleaned up 0 splitscreen connections with owner deletion
[2022.03.02-22.34.11:560][ 48]LogExit: Game engine shut down
[2022.03.02-22.34.11:695][ 48]LogExit: Object subsystem successfully closed.
[2022.03.02-22.34.11:714][ 48]LogShaderCompilers: Display: === FShaderJobCache stats ===
[2022.03.02-22.34.11:714][ 48]LogShaderCompilers: Display: Total job queries 0, among them cache hits 0 (0.00%)
[2022.03.02-22.34.11:714][ 48]LogShaderCompilers: Display: Tracking 0 distinct input hashes that result in 0 distinct outputs (0.00%)
[2022.03.02-22.34.11:714][ 48]LogShaderCompilers: Display: RAM used: 0.00 MB (0.00 GB) of 409.60 MB (0.40 GB) budget. Usage: 0.00%
[2022.03.02-22.34.11:714][ 48]LogShaderCompilers: Display: ================================================
[2022.03.02-22.34.11:730][ 48]LogShaderCompilers: Display: Shaders left to compile 0
[2022.03.02-22.34.11:784][ 48]LogModuleManager: Shutting down and abandoning module SequenceRecorderSections (560)
[2022.03.02-22.34.11:784][ 48]LogModuleManager: Shutting down and abandoning module SequenceRecorder (558)
[2022.03.02-22.34.11:784][ 48]LogModuleManager: Shutting down and abandoning module AutomationController (556)
[2022.03.02-22.34.11:785][ 48]LogModuleManager: Shutting down and abandoning module AutomationWorker (554)
[2022.03.02-22.34.11:786][ 48]LogModuleManager: Shutting down and abandoning module Voice (552)
[2022.03.02-22.34.11:786][ 48]LogModuleManager: Shutting down and abandoning module AIModule (550)
[2022.03.02-22.34.11:786][ 48]LogModuleManager: Shutting down and abandoning module GameplayDebugger (549)
[2022.03.02-22.34.11:787][ 48]LogModuleManager: Shutting down and abandoning module AITestSuite (547)
[2022.03.02-22.34.11:787][ 48]LogModuleManager: Shutting down and abandoning module NavigationSystem (545)
[2022.03.02-22.34.11:787][ 48]LogModuleManager: Shutting down and abandoning module AnimGraph (542)
[2022.03.02-22.34.11:787][ 48]LogModuleManager: Shutting down and abandoning module SteamVREditor (540)
[2022.03.02-22.34.11:787][ 48]LogModuleManager: Shutting down and abandoning module ToolMenus (539)
[2022.03.02-22.34.11:787][ 48]LogModuleManager: Shutting down and abandoning module OculusMR (536)
[2022.03.02-22.34.11:787][ 48]LogModuleManager: Shutting down and abandoning module TakeRecorderSources (534)
[2022.03.02-22.34.11:788][ 48]LogModuleManager: Shutting down and abandoning module TakeRecorder (533)
[2022.03.02-22.34.11:789][ 48]LogModuleManager: Shutting down and abandoning module TakeTrackRecorders (530)
[2022.03.02-22.34.11:789][ 48]LogModuleManager: Shutting down and abandoning module TakesCore (528)
[2022.03.02-22.34.11:789][ 48]LogModuleManager: Shutting down and abandoning module OpenXRInput (526)
[2022.03.02-22.34.11:790][ 48]LogModuleManager: Shutting down and abandoning module PlanarCut (524)
[2022.03.02-22.34.11:790][ 48]LogModuleManager: Shutting down and abandoning module WmfMediaFactory (522)
[2022.03.02-22.34.11:790][ 48]LogModuleManager: Shutting down and abandoning module WebMMediaFactory (520)
[2022.03.02-22.34.11:790][ 48]LogModuleManager: Shutting down and abandoning module WebMMedia (518)
[2022.03.02-22.34.11:790][ 48]LogModuleManager: Shutting down and abandoning module OpenExrWrapper (516)
[2022.03.02-22.34.11:790][ 48]LogModuleManager: Shutting down and abandoning module ImgMediaFactory (514)
[2022.03.02-22.34.11:790][ 48]LogModuleManager: Shutting down and abandoning module CharacterAI (512)
[2022.03.02-22.34.11:790][ 48]LogModuleManager: Shutting down and abandoning module AvfMediaFactory (510)
[2022.03.02-22.34.11:790][ 48]LogModuleManager: Shutting down and abandoning module MagicLeapMediaCodecFactory (508)
[2022.03.02-22.34.11:790][ 48]LogModuleManager: Shutting down and abandoning module MagicLeapMediaFactory (506)
[2022.03.02-22.34.11:790][ 48]LogModuleManager: Shutting down and abandoning module SessionServices (504)
[2022.03.02-22.34.11:790][ 48]LogModuleManager: Shutting down and abandoning module MovieSceneCapture (502)
[2022.03.02-22.34.11:791][ 48]LogModuleManager: Shutting down and abandoning module LiveCoding (500)
[2022.03.02-22.34.11:791][ 48]LogModuleManager: Shutting down and abandoning module LevelSequence (498)
[2022.03.02-22.34.11:791][ 48]LogModuleManager: Shutting down and abandoning module MovieSceneTracks (496)
[2022.03.02-22.34.11:791][ 48]LogModuleManager: Shutting down and abandoning module MovieScene (494)
[2022.03.02-22.34.11:792][ 48]LogModuleManager: Shutting down and abandoning module StreamingPauseRendering (492)
[2022.03.02-22.34.11:793][ 48]LogModuleManager: Shutting down and abandoning module PortalServices (490)
[2022.03.02-22.34.11:793][ 48]LogModuleManager: Shutting down and abandoning module PortalRpc (488)
[2022.03.02-22.34.11:793][ 48]LogModuleManager: Shutting down and abandoning module MessagingRpc (486)
[2022.03.02-22.34.11:793][ 48]LogModuleManager: Shutting down and abandoning module AudioMixerXAudio2 (484)
[2022.03.02-22.34.11:793][ 48]LogModuleManager: Shutting down and abandoning module AudioMixerCore (483)
[2022.03.02-22.34.11:793][ 48]LogModuleManager: Shutting down and abandoning module ImageWriteQueue (480)
[2022.03.02-22.34.11:797][ 48]LogModuleManager: Shutting down and abandoning module ProfilerService (478)
[2022.03.02-22.34.11:929][ 48]LogModuleManager: Shutting down and abandoning module TaskGraph (476)
[2022.03.02-22.34.11:930][ 48]LogModuleManager: Shutting down and abandoning module OculusInput (474)
[2022.03.02-22.34.11:930][ 48]LogModuleManager: Shutting down and abandoning module BackChannel (472)
[2022.03.02-22.34.11:931][ 48]LogModuleManager: Shutting down and abandoning module Synthesis (470)
[2022.03.02-22.34.11:931][ 48]LogModuleManager: Shutting down and abandoning module ProceduralMeshComponent (468)
[2022.03.02-22.34.11:931][ 48]LogModuleManager: Shutting down and abandoning module TakeMovieScene (466)
[2022.03.02-22.34.11:931][ 48]LogModuleManager: Shutting down and abandoning module MobilePatchingUtils (464)
[2022.03.02-22.34.11:931][ 48]LogModuleManager: Shutting down and abandoning module GooglePAD (462)
[2022.03.02-22.34.11:931][ 48]LogModuleManager: Shutting down and abandoning module EditableMesh (460)
[2022.03.02-22.34.11:932][ 48]LogModuleManager: Shutting down and abandoning module CustomMeshComponent (458)
[2022.03.02-22.34.11:932][ 48]LogModuleManager: Shutting down and abandoning module CableComponent (456)
[2022.03.02-22.34.11:932][ 48]LogModuleManager: Shutting down and abandoning module AudioCapture (454)
[2022.03.02-22.34.11:932][ 48]LogModuleManager: Shutting down and abandoning module AudioCaptureRtAudio (453)
[2022.03.02-22.34.11:932][ 48]LogModuleManager: Shutting down and abandoning module AssetTags (450)
[2022.03.02-22.34.11:932][ 48]LogModuleManager: Shutting down and abandoning module ArchVisCharacter (448)
[2022.03.02-22.34.11:932][ 48]LogModuleManager: Shutting down and abandoning module TemplateSequence (446)
[2022.03.02-22.34.11:932][ 48]LogModuleManager: Shutting down and abandoning module AppleImageUtilsBlueprintSupport (444)
[2022.03.02-22.34.11:932][ 48]LogModuleManager: Shutting down and abandoning module AppleImageUtils (442)
[2022.03.02-22.34.11:932][ 48]LogModuleManager: Shutting down and abandoning module AndroidPermission (440)
[2022.03.02-22.34.11:932][ 48]LogModuleManager: Shutting down and abandoning module ActorLayerUtilities (438)
[2022.03.02-22.34.11:932][ 48]LogModuleManager: Shutting down and abandoning module MotoSynth (436)
[2022.03.02-22.34.11:932][ 48]LogModuleManager: Shutting down and abandoning module OpenImageDenoise (434)
[2022.03.02-22.34.11:932][ 48]LogOpenImageDenoise: OIDN shutting down
[2022.03.02-22.34.11:932][ 48]LogModuleManager: Shutting down and abandoning module MeshConversion (432)
[2022.03.02-22.34.11:933][ 48]LogModuleManager: Shutting down and abandoning module DynamicMesh (430)
[2022.03.02-22.34.11:933][ 48]LogModuleManager: Shutting down and abandoning module GeometryAlgorithms (428)
[2022.03.02-22.34.11:934][ 48]LogModuleManager: Shutting down and abandoning module GeometricObjects (426)
[2022.03.02-22.34.11:934][ 48]LogModuleManager: Shutting down and abandoning module GeometryCollectionTracks (424)
[2022.03.02-22.34.11:934][ 48]LogModuleManager: Shutting down and abandoning module GeometryCollectionSequencer (423)
[2022.03.02-22.34.11:934][ 48]LogModuleManager: Shutting down and abandoning module GeometryCacheTracks (420)
[2022.03.02-22.34.11:934][ 48]LogModuleManager: Shutting down and abandoning module GeometryCacheSequencer (419)
[2022.03.02-22.34.11:935][ 48]LogModuleManager: Shutting down and abandoning module GeometryCache (416)
[2022.03.02-22.34.11:935][ 48]LogModuleManager: Shutting down and abandoning module GeometryCacheEd (415)
[2022.03.02-22.34.11:935][ 48]LogModuleManager: Shutting down and abandoning module MediaCompositing (412)
[2022.03.02-22.34.11:935][ 48]LogModuleManager: Shutting down and abandoning module ImgMedia (410)
[2022.03.02-22.34.11:935][ 48]LogModuleManager: Shutting down and abandoning module ChaosNiagara (408)
[2022.03.02-22.34.11:935][ 48]LogModuleManager: Shutting down and abandoning module FieldSystemEngine (407)
[2022.03.02-22.34.11:935][ 48]LogModuleManager: Shutting down and abandoning module AutomationUtils (404)
[2022.03.02-22.34.11:935][ 48]LogModuleManager: Shutting down and abandoning module MagicLeapSharedWorld (402)
[2022.03.02-22.34.11:935][ 48]LogModuleManager: Shutting down and abandoning module MagicLeapLightEstimation (400)
[2022.03.02-22.34.11:935][ 48]LogModuleManager: Shutting down and abandoning module MagicLeapHelperVulkan (398)
[2022.03.02-22.34.11:935][ 48]LogModuleManager: Shutting down and abandoning module MagicLeapHelperOpenGL (396)
[2022.03.02-22.34.11:935][ 48]LogModuleManager: Shutting down and abandoning module MagicLeapAudio (394)
[2022.03.02-22.34.11:935][ 48]LogModuleManager: Shutting down and abandoning module OodleNetworkHandlerComponent (392)
[2022.03.02-22.34.11:935][ 48]LogModuleManager: Shutting down and abandoning module VisualStudioCodeSourceCodeAccess (390)
[2022.03.02-22.34.11:935][ 48]LogModuleManager: Shutting down and abandoning module VisualStudioSourceCodeAccess (388)
[2022.03.02-22.34.11:935][ 48]LogModuleManager: Shutting down and abandoning module HotReload (387)
[2022.03.02-22.34.11:936][ 48]LogModuleManager: Shutting down and abandoning module UObjectPlugin (384)
[2022.03.02-22.34.11:936][ 48]LogModuleManager: Shutting down and abandoning module SubversionSourceControl (382)
[2022.03.02-22.34.11:937][ 48]LogModuleManager: Shutting down and abandoning module PerforceSourceControl (380)
[2022.03.02-22.34.11:938][ 48]LogModuleManager: Shutting down and abandoning module SourceControl (379)
[2022.03.02-22.34.11:938][ 48]LogModuleManager: Shutting down and abandoning module CLionSourceCodeAccess (376)
[2022.03.02-22.34.11:938][ 48]LogModuleManager: Shutting down and abandoning module LiveLinkSequencer (374)
[2022.03.02-22.34.11:938][ 48]LogModuleManager: Shutting down and abandoning module LiveLinkMovieScene (372)
[2022.03.02-22.34.11:938][ 48]LogModuleManager: Shutting down and abandoning module LiveLinkGraphNode (370)
[2022.03.02-22.34.11:938][ 48]LogModuleManager: Shutting down and abandoning module LiveLinkComponents (368)
[2022.03.02-22.34.11:938][ 48]LogModuleManager: Shutting down and abandoning module LiveLink (366)
[2022.03.02-22.34.12:181][ 48]LogModuleManager: Shutting down and abandoning module SignificanceManager (364)
[2022.03.02-22.34.12:181][ 48]LogModuleManager: Shutting down and abandoning module SoundFields (362)
[2022.03.02-22.34.12:181][ 48]LogModuleManager: Shutting down and abandoning module RuntimePhysXCooking (360)
[2022.03.02-22.34.12:181][ 48]LogModuleManager: Shutting down and abandoning module PropertyAccessEditor (358)
[2022.03.02-22.34.12:182][ 48]LogModuleManager: Shutting down and abandoning module PhysXVehiclesEditor (356)
[2022.03.02-22.34.12:182][ 48]LogModuleManager: Shutting down and abandoning module LocationServicesBPLibrary (352)
[2022.03.02-22.34.12:182][ 48]LogModuleManager: Shutting down and abandoning module AudioSynesthesia (350)
[2022.03.02-22.34.12:182][ 48]LogModuleManager: Shutting down and abandoning module AudioSynesthesiaCore (348)
[2022.03.02-22.34.12:182][ 48]LogModuleManager: Shutting down and abandoning module ActorSequence (346)
[2022.03.02-22.34.12:182][ 48]LogModuleManager: Shutting down and abandoning module PythonScriptPlugin (344)
[2022.03.02-22.34.12:182][ 48]LogModuleManager: Shutting down and abandoning module ImgMediaEngine (342)
[2022.03.02-22.34.12:182][ 48]LogModuleManager: Shutting down and abandoning module UdpMessaging (340)
[2022.03.02-22.34.12:283][ 48]LogModuleManager: Shutting down and abandoning module TcpMessaging (338)
[2022.03.02-22.34.12:384][ 48]LogModuleManager: Shutting down and abandoning module MagicLeapARPin (336)
[2022.03.02-22.34.12:384][ 48]LogModuleManager: Shutting down and abandoning module MagicLeapHandMeshing (334)
[2022.03.02-22.34.12:384][ 48]LogModuleManager: Shutting down and abandoning module MagicLeapSecureStorage (332)
[2022.03.02-22.34.12:384][ 48]LogModuleManager: Shutting down and abandoning module MagicLeapPrivileges (330)
[2022.03.02-22.34.12:385][ 48]LogModuleManager: Shutting down and abandoning module MagicLeapPlanes (328)
[2022.03.02-22.34.12:385][ 48]LogMagicLeapPlanes: Planes tracker already destroyed.
[2022.03.02-22.34.12:385][ 48]LogModuleManager: Shutting down and abandoning module MagicLeapImageTracker (326)
[2022.03.02-22.34.12:385][ 48]LogModuleManager: Shutting down and abandoning module MagicLeapIdentity (324)
[2022.03.02-22.34.12:385][ 48]LogModuleManager: Shutting down and abandoning module MagicLeapHandTracking (322)
[2022.03.02-22.34.12:386][ 48]LogModuleManager: Shutting down and abandoning module MagicLeapEyeTracker (320)
[2022.03.02-22.34.12:386][ 48]LogModuleManager: Shutting down and abandoning module MagicLeapController (318)
[2022.03.02-22.34.12:386][ 48]LogModuleManager: Shutting down and abandoning module MagicLeapARPinImpl (316)
[2022.03.02-22.34.12:386][ 48]LogModuleManager: Shutting down and abandoning module MagicLeapAR (314)
[2022.03.02-22.34.12:386][ 48]LogModuleManager: Shutting down and abandoning module NiagaraAnimNotifies (312)
[2022.03.02-22.34.12:386][ 48]LogModuleManager: Shutting down and abandoning module Niagara (310)
[2022.03.02-22.34.12:387][ 48]LogModuleManager: Shutting down and abandoning module SignalProcessing (309)
[2022.03.02-22.34.12:387][ 48]LogModuleManager: Shutting down and abandoning module NiagaraEditor (307)
[2022.03.02-22.34.12:388][ 48]LogModuleManager: Shutting down and abandoning module ContentBrowser (306)
[2022.03.02-22.34.12:388][ 48]LogModuleManager: Shutting down and abandoning module CollectionManager (305)
[2022.03.02-22.34.12:389][ 48]LogModuleManager: Shutting down and abandoning module DirectoryWatcher (304)
[2022.03.02-22.34.12:389][ 48]LogModuleManager: Shutting down and abandoning module ContentBrowserData (301)
[2022.03.02-22.34.12:389][ 48]LogModuleManager: Shutting down and abandoning module NiagaraCore (296)
[2022.03.02-22.34.12:389][ 48]LogModuleManager: Shutting down and abandoning module PropertyAccessNode (294)
[2022.03.02-22.34.12:389][ 48]LogModuleManager: Shutting down and abandoning module AnimationSharing (292)
[2022.03.02-22.34.12:389][ 48]LogModuleManager: Shutting down and abandoning module GameplayTagsEditor (290)
[2022.03.02-22.34.12:390][ 48]LogModuleManager: Shutting down and abandoning module FacialAnimation (288)
[2022.03.02-22.34.12:390][ 48]LogModuleManager: Shutting down and abandoning module AssetManagerEditor (286)
[2022.03.02-22.34.12:390][ 48]LogModuleManager: Shutting down and abandoning module TreeMap (285)
[2022.03.02-22.34.12:391][ 48]LogModuleManager: Shutting down and abandoning module GameplayCameras (282)
[2022.03.02-22.34.12:391][ 48]LogModuleManager: Shutting down and abandoning module LightPropagationVolumeRuntime (280)
[2022.03.02-22.34.12:391][ 48]LogModuleManager: Shutting down and abandoning module EnvironmentQueryEditor (278)
[2022.03.02-22.34.12:391][ 48]LogModuleManager: Shutting down and abandoning module Paper2D (276)
[2022.03.02-22.34.12:392][ 48]LogModuleManager: Shutting down and abandoning module WindowsMoviePlayer (274)
[2022.03.02-22.34.12:393][ 48]LogModuleManager: Shutting down and abandoning module WebMMoviePlayer (272)
[2022.03.02-22.34.12:394][ 48]LogModuleManager: Shutting down and abandoning module NetworkReplayStreaming (270)
[2022.03.02-22.34.12:394][ 48]LogModuleManager: Shutting down and abandoning module PacketHandler (268)
[2022.03.02-22.34.12:394][ 48]LogModuleManager: Shutting down and abandoning module ClothingSystemEditor (266)
[2022.03.02-22.34.12:394][ 48]LogModuleManager: Shutting down and abandoning module ClothingSystemRuntimeNv (264)
[2022.03.02-22.34.12:394][ 48]LogModuleManager: Shutting down and abandoning module MediaAssets (262)
[2022.03.02-22.34.12:394][ 48]LogModuleManager: Shutting down and abandoning module Overlay (260)
[2022.03.02-22.34.12:394][ 48]LogModuleManager: Shutting down and abandoning module OverlayEditor (259)
[2022.03.02-22.34.12:394][ 48]LogModuleManager: Shutting down and abandoning module VREditor (256)
[2022.03.02-22.34.12:395][ 48]LogModuleManager: Shutting down and abandoning module StringTableEditor (254)
[2022.03.02-22.34.12:395][ 48]LogModuleManager: Shutting down and abandoning module GameplayTasksEditor (252)
[2022.03.02-22.34.12:395][ 48]LogModuleManager: Shutting down and abandoning module BehaviorTreeEditor (250)
[2022.03.02-22.34.12:396][ 48]LogModuleManager: Shutting down and abandoning module FunctionalTesting (248)
[2022.03.02-22.34.12:396][ 48]LogModuleManager: Shutting down and abandoning module CollisionAnalyzer (246)
[2022.03.02-22.34.12:397][ 48]LogModuleManager: Shutting down and abandoning module WorkspaceMenuStructure (245)
[2022.03.02-22.34.12:397][ 48]LogModuleManager: Shutting down and abandoning module UMG (242)
[2022.03.02-22.34.12:397][ 48]LogModuleManager: Shutting down and abandoning module UMGEditor (241)
[2022.03.02-22.34.12:398][ 48]LogModuleManager: Shutting down and abandoning module Sequencer (240)
[2022.03.02-22.34.12:400][ 48]LogModuleManager: Shutting down and abandoning module MessageLog (237)
[2022.03.02-22.34.12:400][ 48]LogModuleManager: Shutting down and abandoning module SlateReflector (232)
[2022.03.02-22.34.12:402][ 48]LogModuleManager: Shutting down and abandoning module Slate (230)
[2022.03.02-22.34.12:402][ 48]LogModuleManager: Shutting down and abandoning module SlateCore (228)
[2022.03.02-22.34.12:403][ 48]LogModuleManager: Shutting down and abandoning module LandscapeEditorUtilities (226)
[2022.03.02-22.34.12:403][ 48]LogModuleManager: Shutting down and abandoning module UnrealEd (224)
[2022.03.02-22.34.12:404][ 48]LogModuleManager: Shutting down and abandoning module MRMesh (222)
[2022.03.02-22.34.12:404][ 48]LogModuleManager: Shutting down and abandoning module Messaging (220)
[2022.03.02-22.34.12:404][ 48]LogModuleManager: Shutting down and abandoning module SourceCodeAccess (218)
[2022.03.02-22.34.12:404][ 48]LogModuleManager: Shutting down and abandoning module HeadMountedDisplay (216)
[2022.03.02-22.34.12:404][ 48]LogModuleManager: Shutting down and abandoning module XAudio2 (214)
[2022.03.02-22.34.12:404][ 48]LogModuleManager: Shutting down and abandoning module Networking (212)
[2022.03.02-22.34.12:404][ 48]LogModuleManager: Shutting down and abandoning module Core (210)
[2022.03.02-22.34.12:404][ 48]LogModuleManager: Shutting down and abandoning module MaterialEditor (208)
[2022.03.02-22.34.12:405][ 48]LogModuleManager: Shutting down and abandoning module MovieSceneTools (206)
[2022.03.02-22.34.12:405][ 48]LogModuleManager: Shutting down and abandoning module EditorStyle (205)
[2022.03.02-22.34.12:406][ 48]LogModuleManager: Shutting down and abandoning module KismetCompiler (202)
[2022.03.02-22.34.12:406][ 48]LogModuleManager: Shutting down and abandoning module MeshBuilder (200)
[2022.03.02-22.34.12:407][ 48]LogModuleManager: Shutting down and abandoning module MeshUtilities (198)
[2022.03.02-22.34.12:407][ 48]LogModuleManager: Shutting down and abandoning module MeshMergeUtilities (197)
[2022.03.02-22.34.12:407][ 48]LogModuleManager: Shutting down and abandoning module MeshReductionInterface (196)
[2022.03.02-22.34.12:407][ 48]LogModuleManager: Shutting down and abandoning module MeshBoneReduction (195)
[2022.03.02-22.34.12:407][ 48]LogModuleManager: Shutting down and abandoning module SkeletalMeshReduction (193)
[2022.03.02-22.34.12:408][ 48]LogModuleManager: Shutting down and abandoning module ProxyLODMeshReduction (191)
[2022.03.02-22.34.12:408][ 48]LogModuleManager: Shutting down and abandoning module QuadricMeshReduction (189)
[2022.03.02-22.34.12:409][ 48]LogModuleManager: Shutting down and abandoning module MaterialBaking (185)
[2022.03.02-22.34.12:409][ 48]LogModuleManager: Shutting down and abandoning module NullInstallBundleManager (180)
[2022.03.02-22.34.12:409][ 48]LogModuleManager: Shutting down and abandoning module PIEPreviewDeviceProfileSelector (178)
[2022.03.02-22.34.12:409][ 48]LogModuleManager: Shutting down and abandoning module DerivedDataCache (176)
[2022.03.02-22.34.12:410][ 48]LogModuleManager: Shutting down and abandoning module TargetPlatform (174)
[2022.03.02-22.34.12:410][ 48]LogModuleManager: Shutting down and abandoning module VulkanShaderFormat (173)
[2022.03.02-22.34.12:412][ 48]LogModuleManager: Shutting down and abandoning module ShaderFormatVectorVM (171)
[2022.03.02-22.34.12:412][ 48]LogModuleManager: Shutting down and abandoning module ShaderFormatOpenGL (169)
[2022.03.02-22.34.12:412][ 48]LogModuleManager: Shutting down and abandoning module ShaderFormatD3D (167)
[2022.03.02-22.34.12:413][ 48]LogModuleManager: Shutting down and abandoning module MetalShaderFormat (165)
[2022.03.02-22.34.12:413][ 48]LogModuleManager: Shutting down and abandoning module TextureFormatOodle (163)
[2022.03.02-22.34.12:414][ 48]LogModuleManager: Shutting down and abandoning module TextureFormatUncompressed (161)
[2022.03.02-22.34.12:414][ 48]LogModuleManager: Shutting down and abandoning module TextureFormatPVR (159)
[2022.03.02-22.34.12:414][ 48]LogModuleManager: Shutting down and abandoning module TextureFormatETC2 (157)
[2022.03.02-22.34.12:414][ 48]LogModuleManager: Shutting down and abandoning module TextureFormatDXT (155)
[2022.03.02-22.34.12:414][ 48]LogModuleManager: Shutting down and abandoning module TextureFormatIntelISPCTexComp (153)
[2022.03.02-22.34.12:415][ 48]LogModuleManager: Shutting down and abandoning module TextureFormatASTC (151)
[2022.03.02-22.34.12:415][ 48]LogModuleManager: Shutting down and abandoning module ImageWrapper (150)
[2022.03.02-22.34.12:415][ 48]LogModuleManager: Shutting down and abandoning module AudioFormatOpus (147)
[2022.03.02-22.34.12:415][ 48]LogModuleManager: Shutting down and abandoning module AudioFormatOgg (145)
[2022.03.02-22.34.12:415][ 48]LogModuleManager: Shutting down and abandoning module AudioFormatADPCM (143)
[2022.03.02-22.34.12:415][ 48]LogModuleManager: Shutting down and abandoning module WindowsServerTargetPlatform (141)
[2022.03.02-22.34.12:415][ 48]LogModuleManager: Shutting down and abandoning module WindowsClientTargetPlatform (139)
[2022.03.02-22.34.12:415][ 48]LogModuleManager: Shutting down and abandoning module WindowsTargetPlatform (137)
[2022.03.02-22.34.12:415][ 48]LogModuleManager: Shutting down and abandoning module WindowsNoEditorTargetPlatform (135)
[2022.03.02-22.34.12:415][ 48]LogModuleManager: Shutting down and abandoning module D3D11RHI (132)
[2022.03.02-22.34.12:415][ 48]LogModuleManager: Shutting down and abandoning module InputCore (130)
[2022.03.02-22.34.12:415][ 48]LogModuleManager: Shutting down and abandoning module Settings (128)
[2022.03.02-22.34.12:415][ 48]LogModuleManager: Shutting down and abandoning module PhysXCooking (126)
[2022.03.02-22.34.12:415][ 48]LogModuleManager: Shutting down and abandoning module Chaos (124)
[2022.03.02-22.34.12:416][ 48]LogModuleManager: Shutting down and abandoning module WindowsPlatformFeatures (122)
[2022.03.02-22.34.12:416][ 48]LogModuleManager: Shutting down and abandoning module GameplayMediaEncoder (121)
[2022.03.02-22.34.12:416][ 48]LogModuleManager: Shutting down and abandoning module AVEncoder (120)
[2022.03.02-22.34.12:416][ 48]LogModuleManager: Shutting down and abandoning module SteamVRInputDevice (116)
[2022.03.02-22.34.12:416][ 48]LogModuleManager: Shutting down and abandoning module SteamVRInput (114)
[2022.03.02-22.34.12:416][ 48]LogModuleManager: Shutting down and abandoning module SteamVR (112)
[2022.03.02-22.34.12:417][ 48]LogHMD: Freeing OpenVRDLLHandle.
[2022.03.02-22.34.12:417][ 48]LogModuleManager: Shutting down and abandoning module OculusHMD (110)
[2022.03.02-22.34.12:417][ 48]LogModuleManager: Shutting down and abandoning module VariantManagerContent (108)
[2022.03.02-22.34.12:417][ 48]LogModuleManager: Shutting down and abandoning module DatasmithContent (106)
[2022.03.02-22.34.12:418][ 48]LogModuleManager: Shutting down and abandoning module OpenXRHandTracking (104)
[2022.03.02-22.34.12:418][ 48]LogSlate: Slate User Destroyed.  User Index 0, Is Virtual User: 0
[2022.03.02-22.34.12:418][ 48]LogModuleManager: Shutting down and abandoning module OpenXREyeTracker (102)
[2022.03.02-22.34.12:418][ 48]LogModuleManager: Shutting down and abandoning module OpenXRAR (100)
[2022.03.02-22.34.12:418][ 48]LogModuleManager: Shutting down and abandoning module AugmentedReality (99)
[2022.03.02-22.34.12:418][ 48]LogModuleManager: Shutting down and abandoning module OpenXRHMD (96)
[2022.03.02-22.34.12:424][ 48]LogModuleManager: Shutting down and abandoning module ExampleDeviceProfileSelector (94)
[2022.03.02-22.34.12:424][ 48]LogModuleManager: Shutting down and abandoning module ChunkDownloader (92)
[2022.03.02-22.34.12:425][ 48]LogModuleManager: Shutting down and abandoning module OnlineBlueprintSupport (90)
[2022.03.02-22.34.12:425][ 48]LogModuleManager: Shutting down and abandoning module OnlineSubsystem (86)
[2022.03.02-22.34.12:428][ 48]LogModuleManager: Shutting down and abandoning module XMPP (81)
[2022.03.02-22.34.12:429][ 48]LogModuleManager: Shutting down and abandoning module WebSockets (80)
[2022.03.02-22.34.12:453][ 48]LogModuleManager: Shutting down and abandoning module HTTP (77)
[2022.03.02-22.34.12:454][ 48]LogHttp: Display: cleaning up 0 outstanding Http requests.
[2022.03.02-22.34.12:466][ 48]LogModuleManager: Shutting down and abandoning module SSL (76)
[2022.03.02-22.34.12:467][ 48]LogModuleManager: Shutting down and abandoning module LauncherChunkInstaller (72)
[2022.03.02-22.34.12:467][ 48]LogModuleManager: Shutting down and abandoning module WmfMedia (70)
[2022.03.02-22.34.12:470][ 48]LogModuleManager: Shutting down and abandoning module Media (69)
[2022.03.02-22.34.12:471][ 48]LogModuleManager: Shutting down and abandoning module MediaInfo (68)
[2022.03.02-22.34.12:471][ 48]LogModuleManager: Shutting down and abandoning module ExrReaderGpu (64)
[2022.03.02-22.34.12:471][ 48]LogModuleManager: Shutting down and abandoning module ChaosCloth (62)
[2022.03.02-22.34.12:471][ 48]LogModuleManager: Shutting down and abandoning module MLSDK (60)
[2022.03.02-22.34.12:472][ 48]LogModuleManager: Shutting down and abandoning module MagicLeap (58)
[2022.03.02-22.34.12:472][ 48]LogModuleManager: Shutting down and abandoning module NiagaraVertexFactories (56)
[2022.03.02-22.34.12:472][ 48]LogModuleManager: Shutting down and abandoning module NiagaraShader (54)
[2022.03.02-22.34.12:472][ 48]LogModuleManager: Shutting down and abandoning module PixWinPlugin (52)
[2022.03.02-22.34.12:472][ 48]LogModuleManager: Shutting down and abandoning module AISupportModule (50)
[2022.03.02-22.34.12:472][ 48]LogModuleManager: Shutting down and abandoning module DesktopPlatform (48)
[2022.03.02-22.34.12:472][ 48]LogModuleManager: Shutting down and abandoning module PythonScriptPluginPreload (46)
[2022.03.02-22.34.12:472][ 48]LogModuleManager: Shutting down and abandoning module PlatformCryptoOpenSSL (44)
[2022.03.02-22.34.12:473][ 48]LogModuleManager: Shutting down and abandoning module PlatformCryptoTypes (42)
[2022.03.02-22.34.12:473][ 48]LogModuleManager: Shutting down and abandoning module PlatformCrypto (40)
[2022.03.02-22.34.12:473][ 48]LogModuleManager: Shutting down and abandoning module OodleDataCompressionFormat (38)
[2022.03.02-22.34.12:473][ 48]LogModuleManager: Shutting down and abandoning module XGEController (36)
[2022.03.02-22.34.12:474][ 48]LogModuleManager: Shutting down and abandoning module AnimationModifiers (34)
[2022.03.02-22.34.12:474][ 48]LogModuleManager: Shutting down and abandoning module AudioEditor (32)
[2022.03.02-22.34.12:475][ 48]LogModuleManager: Shutting down and abandoning module PropertyEditor (31)
[2022.03.02-22.34.12:475][ 48]LogModuleManager: Shutting down and abandoning module TextureCompressor (28)
[2022.03.02-22.34.12:475][ 48]LogModuleManager: Shutting down and abandoning module RenderCore (26)
[2022.03.02-22.34.12:475][ 48]LogModuleManager: Shutting down and abandoning module Landscape (24)
[2022.03.02-22.34.12:475][ 48]LogModuleManager: Shutting down and abandoning module SlateRHIRenderer (22)
[2022.03.02-22.34.12:476][ 48]LogModuleManager: Shutting down and abandoning module AnimGraphRuntime (20)
[2022.03.02-22.34.12:476][ 48]LogModuleManager: Shutting down and abandoning module Renderer (18)
[2022.03.02-22.34.12:476][ 48]LogModuleManager: Shutting down and abandoning module Engine (16)
[2022.03.02-22.34.12:476][ 48]LogModuleManager: Shutting down and abandoning module CoreUObject (14)
[2022.03.02-22.34.12:476][ 48]LogModuleManager: Shutting down and abandoning module NetworkFile (12)
[2022.03.02-22.34.12:477][ 48]LogModuleManager: Shutting down and abandoning module CookedIterativeFile (10)
[2022.03.02-22.34.12:477][ 48]LogModuleManager: Shutting down and abandoning module StreamingFile (8)
[2022.03.02-22.34.12:477][ 48]LogModuleManager: Shutting down and abandoning module SandboxFile (6)
[2022.03.02-22.34.12:477][ 48]LogModuleManager: Shutting down and abandoning module PakFile (4)
[2022.03.02-22.34.12:477][ 48]LogModuleManager: Shutting down and abandoning module RSA (3)
[2022.03.02-22.34.12:666][ 48]LogContentStreaming: Display: There are 1 unreleased StreamingManagers
[2022.03.02-22.34.12:683][ 48]LogD3D11RHI: Shutdown
[2022.03.02-22.34.12:683][ 48]LogD3D11RHI: CleanupD3DDevice
[2022.03.02-22.34.12:694][ 48]LogExit: Exiting.
[2022.03.02-22.34.12:703][ 48]Log file closed, 03/02/22 22:34:12
