Log file open, 03/02/22 22:26:24
LogWindows: Failed to load 'aqProf.dll' (GetLastError=126)
LogWindows: File 'aqProf.dll' does not exist
LogWindows: Failed to load 'VtuneApi.dll' (GetLastError=126)
LogWindows: File 'VtuneApi.dll' does not exist
LogWindows: Failed to load 'VtuneApi32e.dll' (GetLastError=126)
LogWindows: File 'VtuneApi32e.dll' does not exist
LogConsoleResponse: Display: Failed to find resolution value strings in scalability ini. Falling back to default.
LogConsoleResponse: Display: Failed to find resolution value strings in scalability ini. Falling back to default.
LogInit: Display: Running engine for game: EndlessRunner
LogPlatformFile: Not using cached read wrapper
LogTaskGraph: Started task graph with 5 named threads and 35 total threads with 3 sets of task threads.
LogStats: Stats thread started at 0.357475
LogICUInternationalization: ICU TimeZone Detection - Raw Offset: +0:00, Platform Override: ''
LogInit: Display: Loading text-based GConfig....
LogPluginManager: Mounting plugin MeshPainting
LogPluginManager: Mounting plugin XGEController
LogPluginManager: Mounting plugin Paper2D
LogPluginManager: Mounting plugin EnvironmentQueryEditor
LogPluginManager: Mounting plugin LightPropagationVolume
LogPluginManager: Mounting plugin AISupport
LogPluginManager: Mounting plugin LiveLink
LogPluginManager: Mounting plugin AnimationSharing
LogPluginManager: Mounting plugin CodeLiteSourceCodeAccess
LogPluginManager: Mounting plugin KDevelopSourceCodeAccess
LogPluginManager: Mounting plugin CameraShakePreviewer
LogPluginManager: Mounting plugin CLionSourceCodeAccess
LogPluginManager: Mounting plugin NullSourceCodeAccess
LogPluginManager: Mounting plugin PerforceSourceControl
LogPluginManager: Mounting plugin PixWinPlugin
LogPluginManager: Mounting plugin PlasticSourceControl
LogPluginManager: Mounting plugin PluginUtils
LogPluginManager: Mounting plugin PropertyAccessNode
LogPluginManager: Mounting plugin RiderSourceCodeAccess
LogPluginManager: Mounting plugin GameplayCameras
LogPluginManager: Mounting plugin GitSourceControl
LogPluginManager: Mounting plugin TextureFormatOodle
LogPluginManager: Mounting plugin SubversionSourceControl
LogPluginManager: Mounting plugin OodleData
LogPluginManager: Mounting plugin UObjectPlugin
LogPluginManager: Mounting plugin VisualStudioSourceCodeAccess
LogPluginManager: Mounting plugin XCodeSourceCodeAccess
LogPluginManager: Mounting plugin OodleNetwork
LogPluginManager: Mounting plugin Niagara
LogPluginManager: Mounting plugin AlembicImporter
LogPluginManager: Mounting plugin AutomationUtils
LogPluginManager: Mounting plugin BackChannel
LogPluginManager: Mounting plugin VisualStudioCodeSourceCodeAccess
LogPluginManager: Mounting plugin ChaosCloth
LogPluginManager: Mounting plugin ChaosClothEditor
LogPluginManager: Mounting plugin ChaosNiagara
LogPluginManager: Mounting plugin CharacterAI
LogPluginManager: Mounting plugin ChaosEditor
LogPluginManager: Mounting plugin ChaosSolverPlugin
LogPluginManager: Mounting plugin GeometryCollectionPlugin
LogPluginManager: Mounting plugin GeometryCache
LogPluginManager: Mounting plugin AssetManagerEditor
LogPluginManager: Mounting plugin CryptoKeys
LogPluginManager: Mounting plugin DataValidation
LogPluginManager: Mounting plugin GameplayTagsEditor
LogPluginManager: Mounting plugin FacialAnimation
LogPluginManager: Mounting plugin GeometryMode
LogPluginManager: Mounting plugin MaterialAnalyzer
LogPluginManager: Mounting plugin MacGraphicsSwitching
LogPluginManager: Mounting plugin MobileLauncherProfileWizard
LogPluginManager: Mounting plugin PluginBrowser
LogPluginManager: Mounting plugin SpeedTreeImporter
LogPluginManager: Mounting plugin GeometryProcessing
LogPluginManager: Mounting plugin CurveEditorTools
LogPluginManager: Mounting plugin OpenImageDenoise
LogPluginManager: Mounting plugin MotoSynth
LogPluginManager: Mounting plugin PlanarCut
LogPluginManager: Mounting plugin ProxyLODPlugin
LogPluginManager: Mounting plugin PlatformCrypto
LogPluginManager: Mounting plugin PythonScriptPlugin
LogPluginManager: Mounting plugin SkeletalReduction
LogPluginManager: Mounting plugin DatasmithContent
LogPluginManager: Mounting plugin LuminPlatformFeatures
LogPluginManager: Mounting plugin MagicLeap
LogPluginManager: Mounting plugin VariantManagerContent
LogPluginManager: Mounting plugin MagicLeapLightEstimation
LogPluginManager: Mounting plugin MagicLeapMedia
LogPluginManager: Mounting plugin MagicLeapPassableWorld
LogPluginManager: Mounting plugin MLSDK
LogPluginManager: Mounting plugin AndroidMedia
LogPluginManager: Mounting plugin AvfMedia
LogPluginManager: Mounting plugin ImgMedia
LogPluginManager: Mounting plugin MediaCompositing
LogPluginManager: Mounting plugin TcpMessaging
LogPluginManager: Mounting plugin UdpMessaging
LogPluginManager: Mounting plugin MediaPlayerEditor
LogPluginManager: Mounting plugin WebMMedia
LogPluginManager: Mounting plugin WmfMedia
LogPluginManager: Mounting plugin LevelSequenceEditor
LogPluginManager: Mounting plugin MatineeToLevelSequence
LogPluginManager: Mounting plugin TemplateSequence
LogPluginManager: Mounting plugin OnlineSubsystem
LogPluginManager: Mounting plugin ActorSequence
LogPluginManager: Mounting plugin OnlineSubsystemNull
LogPluginManager: Mounting plugin OnlineSubsystemUtils
LogPluginManager: Mounting plugin ScreenshotTools
LogPluginManager: Mounting plugin LauncherChunkInstaller
LogPluginManager: Mounting plugin Takes
LogPluginManager: Mounting plugin ActorLayerUtilities
LogPluginManager: Mounting plugin AndroidPermission
LogPluginManager: Mounting plugin AppleImageUtils
LogPluginManager: Mounting plugin AndroidDeviceProfileSelector
LogPluginManager: Mounting plugin AndroidMoviePlayer
LogPluginManager: Mounting plugin ArchVisCharacter
LogPluginManager: Mounting plugin AppleMoviePlayer
LogPluginManager: Mounting plugin AssetTags
LogPluginManager: Mounting plugin AudioCapture
LogPluginManager: Mounting plugin AudioSynesthesia
LogPluginManager: Mounting plugin ChunkDownloader
LogPluginManager: Mounting plugin CustomMeshComponent
LogPluginManager: Mounting plugin CableComponent
LogPluginManager: Mounting plugin EditableMesh
LogPluginManager: Mounting plugin ExampleDeviceProfileSelector
LogPluginManager: Mounting plugin GoogleCloudMessaging
LogPluginManager: Mounting plugin GooglePAD
LogPluginManager: Mounting plugin LinuxDeviceProfileSelector
LogPluginManager: Mounting plugin LocationServicesBPLibrary
LogPluginManager: Mounting plugin MobilePatchingUtils
LogPluginManager: Mounting plugin IOSDeviceProfileSelector
LogPluginManager: Mounting plugin OpenXREyeTracker
LogPluginManager: Mounting plugin OpenXRHandTracking
LogPluginManager: Mounting plugin PhysXVehicles
LogPluginManager: Mounting plugin OpenXR
LogPluginManager: Mounting plugin PostSplashScreen
LogPluginManager: Mounting plugin ProceduralMeshComponent
LogPluginManager: Mounting plugin PropertyAccessEditor
LogPluginManager: Mounting plugin RuntimePhysXCooking
LogPluginManager: Mounting plugin SignificanceManager
LogPluginManager: Mounting plugin SoundFields
LogPluginManager: Mounting plugin Synthesis
LogPluginManager: Mounting plugin WebMMoviePlayer
LogPluginManager: Mounting plugin WindowsMoviePlayer
LogPluginManager: Mounting plugin ContentBrowserAssetDataSource
LogPluginManager: Mounting plugin ContentBrowserClassDataSource
LogPluginManager: Mounting plugin ContentBrowserFileDataSource
LogPluginManager: Mounting plugin OnlineSubsystemIOS
LogPluginManager: Mounting plugin OnlineSubsystemGooglePlay
LogPluginManager: Mounting plugin OculusVR
LogPluginManager: Mounting plugin SteamVR
PixWinPlugin: PIX capture plugin failed to initialize! Check that the process is launched from PIX.
LogInit: Using libcurl 7.55.1-DEV
LogInit:  - built for x86_64-pc-win32
LogInit:  - supports SSL with OpenSSL/1.1.1
LogInit:  - supports HTTP deflate (compression) using libz 1.2.8
LogInit:  - other features:
LogInit:      CURL_VERSION_SSL
LogInit:      CURL_VERSION_LIBZ
LogInit:      CURL_VERSION_IPV6
LogInit:      CURL_VERSION_ASYNCHDNS
LogInit:      CURL_VERSION_LARGEFILE
LogInit:      CURL_VERSION_IDN
LogInit:  CurlRequestOptions (configurable via config and command line):
LogInit:  - bVerifyPeer = true  - Libcurl will verify peer certificate
LogInit:  - bUseHttpProxy = false  - Libcurl will NOT use HTTP proxy
LogInit:  - bDontReuseConnections = false  - Libcurl will reuse connections
LogInit:  - MaxHostConnections = 16  - Libcurl will limit the number of connections to a host
LogInit:  - LocalHostAddr = Default
LogInit:  - BufferSize = 65536
LogOnline: OSS: Creating online subsystem instance for: NULL
LogInit: WinSock: version 1.1 (2.2), MaxSocks=32767, MaxUdp=65467
LogOnline: OSS: TryLoadSubsystemAndSetDefault: Loaded subsystem for module [NULL]
LogOculusPluginWrapper: OculusPlugin initialized successfully
LogHMD: Failed initializing OVRPlugin 1.59.0
LogInit: Build: ++UE4+Release-4.27-CL-18319896
LogInit: Engine Version: 4.27.2-18319896+++UE4+Release-4.27
LogInit: Compatible Engine Version: 4.27.0-17155196+++UE4+Release-4.27
LogInit: Net CL: 17155196
LogInit: OS: Windows 10 (Release 2009) (), CPU: Intel(R) Core(TM) i7-10750H CPU @ 2.60GHz, GPU: NVIDIA GeForce GTX 1660 Ti
LogInit: Compiled (64-bit): Nov 30 2021 07:12:08
LogInit: Compiled with Visual C++: 19.24.28315.00
LogInit: Build Configuration: Development
LogInit: Branch Name: ++UE4+Release-4.27
LogInit: Command Line:  /Game/--NEW--/Maps/ThirdPersonExampleMap -game -PIEVIACONSOLE -Multiprocess GameUserSettingsINI=C:/PROJECTS/Unreal/Endless-Runner/EndlessRunner/Saved/Config/Windows/PIEGameUserSettings0.ini -MultiprocessSaveConfig -forcepassthrough -messaging -SessionName="Play in Standalone Game" -windowed -ResX=1280 -ResY=720
LogInit: Base Directory: C:/Program Files/Epic Games/UE_4.27/Engine/Binaries/Win64/
LogInit: Allocator: TBB
LogInit: Installed Engine Build: 1
LogDevObjectVersion: Number of dev versions registered: 29
LogDevObjectVersion:   Dev-Blueprints (B0D832E4-1F89-4F0D-ACCF-7EB736FD4AA2): 10
LogDevObjectVersion:   Dev-Build (E1C64328-A22C-4D53-A36C-8E866417BD8C): 0
LogDevObjectVersion:   Dev-Core (375EC13C-06E4-48FB-B500-84F0262A717E): 4
LogDevObjectVersion:   Dev-Editor (E4B068ED-F494-42E9-A231-DA0B2E46BB41): 40
LogDevObjectVersion:   Dev-Framework (CFFC743F-43B0-4480-9391-14DF171D2073): 37
LogDevObjectVersion:   Dev-Mobile (B02B49B5-BB20-44E9-A304-32B752E40360): 3
LogDevObjectVersion:   Dev-Networking (A4E4105C-59A1-49B5-A7C5-40C4547EDFEE): 0
LogDevObjectVersion:   Dev-Online (39C831C9-5AE6-47DC-9A44-9C173E1C8E7C): 0
LogDevObjectVersion:   Dev-Physics (78F01B33-EBEA-4F98-B9B4-84EACCB95AA2): 14
LogDevObjectVersion:   Dev-Platform (6631380F-2D4D-43E0-8009-CF276956A95A): 0
LogDevObjectVersion:   Dev-Rendering (12F88B9F-8875-4AFC-A67C-D90C383ABD29): 45
LogDevObjectVersion:   Dev-Sequencer (7B5AE74C-D270-4C10-A958-57980B212A5A): 13
LogDevObjectVersion:   Dev-VR (D7296918-1DD6-4BDD-9DE2-64A83CC13884): 3
LogDevObjectVersion:   Dev-LoadTimes (C2A15278-BFE7-4AFE-6C17-90FF531DF755): 1
LogDevObjectVersion:   Private-Geometry (6EACA3D4-40EC-4CC1-B786-8BED09428FC5): 3
LogDevObjectVersion:   Dev-AnimPhys (29E575DD-E0A3-4627-9D10-D276232CDCEA): 17
LogDevObjectVersion:   Dev-Anim (AF43A65D-7FD3-4947-9873-3E8ED9C1BB05): 15
LogDevObjectVersion:   Dev-ReflectionCapture (6B266CEC-1EC7-4B8F-A30B-E4D90942FC07): 1
LogDevObjectVersion:   Dev-Automation (0DF73D61-A23F-47EA-B727-89E90C41499A): 1
LogDevObjectVersion:   FortniteMain (601D1886-AC64-4F84-AA16-D3DE0DEAC7D6): 47
LogDevObjectVersion:   FortniteRelease (E7086368-6B23-4C58-8439-1B7016265E91): 1
LogDevObjectVersion:   Dev-Enterprise (9DFFBCD6-494F-0158-E221-12823C92A888): 10
LogDevObjectVersion:   Dev-Niagara (F2AED0AC-9AFE-416F-8664-AA7FFA26D6FC): 1
LogDevObjectVersion:   Dev-Destruction (174F1F0B-B4C6-45A5-B13F-2EE8D0FB917D): 10
LogDevObjectVersion:   Dev-Physics-Ext (35F94A83-E258-406C-A318-09F59610247C): 41
LogDevObjectVersion:   Dev-PhysicsMaterial-Chaos (B68FC16E-8B1B-42E2-B453-215C058844FE): 1
LogDevObjectVersion:   Dev-CineCamera (B2E18506-4273-CFC2-A54E-F4BB758BBA07): 1
LogDevObjectVersion:   Dev-VirtualProduction (64F58936-FD1B-42BA-BA96-7289D5D0FA4E): 1
LogDevObjectVersion:   Dev-MediaFramework (6F0ED827-A609-4895-9C91-998D90180EA4): 2
LogInit: Presizing for max 25165824 objects, including 0 objects not considered by GC, pre-allocating 0 bytes for permanent pool.
LogConfig: Applying CVar settings from Section [/Script/Engine.StreamingSettings] File [C:/PROJECTS/Unreal/Endless-Runner/EndlessRunner/Saved/Config/Windows/Engine.ini]
LogConfig: Setting CVar [[s.MinBulkDataSizeForAsyncLoading:131072]]
LogConfig: Setting CVar [[s.AsyncLoadingThreadEnabled:0]]
LogConfig: Setting CVar [[s.EventDrivenLoaderEnabled:1]]
LogConfig: Setting CVar [[s.WarnIfTimeLimitExceeded:0]]
LogConfig: Setting CVar [[s.TimeLimitExceededMultiplier:1.5]]
LogConfig: Setting CVar [[s.TimeLimitExceededMinTime:0.005]]
LogConfig: Setting CVar [[s.UseBackgroundLevelStreaming:1]]
LogConfig: Setting CVar [[s.PriorityAsyncLoadingExtraTime:15.0]]
LogConfig: Setting CVar [[s.LevelStreamingActorsUpdateTimeLimit:5.0]]
LogConfig: Setting CVar [[s.PriorityLevelStreamingActorsUpdateExtraTime:5.0]]
LogConfig: Setting CVar [[s.LevelStreamingComponentsRegistrationGranularity:10]]
LogConfig: Setting CVar [[s.UnregisterComponentsTimeLimit:1.0]]
LogConfig: Setting CVar [[s.LevelStreamingComponentsUnregistrationGranularity:5]]
LogConfig: Setting CVar [[s.FlushStreamingOnExit:1]]
LogInit: Object subsystem initialized
LogConfig: Setting CVar [[con.DebugEarlyDefault:1]]
LogConfig: Setting CVar [[r.setres:1280x720]]
[2022.03.02-22.26.26:127][  0]LogConfig: Setting CVar [[con.DebugEarlyDefault:1]]
[2022.03.02-22.26.26:128][  0]LogConfig: Setting CVar [[r.setres:1280x720]]
[2022.03.02-22.26.26:128][  0]LogConfig: Applying CVar settings from Section [/Script/Engine.RendererSettings] File [C:/PROJECTS/Unreal/Endless-Runner/EndlessRunner/Saved/Config/Windows/Engine.ini]
[2022.03.02-22.26.26:128][  0]LogConfig: Setting CVar [[r.GPUCrashDebugging:0]]
[2022.03.02-22.26.26:128][  0]LogConfig: Applying CVar settings from Section [/Script/Engine.RendererOverrideSettings] File [C:/PROJECTS/Unreal/Endless-Runner/EndlessRunner/Saved/Config/Windows/Engine.ini]
[2022.03.02-22.26.26:128][  0]LogConfig: Applying CVar settings from Section [/Script/Engine.StreamingSettings] File [C:/PROJECTS/Unreal/Endless-Runner/EndlessRunner/Saved/Config/Windows/Engine.ini]
[2022.03.02-22.26.26:128][  0]LogConfig: Setting CVar [[s.MinBulkDataSizeForAsyncLoading:131072]]
[2022.03.02-22.26.26:128][  0]LogConfig: Setting CVar [[s.AsyncLoadingThreadEnabled:0]]
[2022.03.02-22.26.26:128][  0]LogConfig: Setting CVar [[s.EventDrivenLoaderEnabled:1]]
[2022.03.02-22.26.26:128][  0]LogConfig: Setting CVar [[s.WarnIfTimeLimitExceeded:0]]
[2022.03.02-22.26.26:128][  0]LogConfig: Setting CVar [[s.TimeLimitExceededMultiplier:1.5]]
[2022.03.02-22.26.26:128][  0]LogConfig: Setting CVar [[s.TimeLimitExceededMinTime:0.005]]
[2022.03.02-22.26.26:128][  0]LogConfig: Setting CVar [[s.UseBackgroundLevelStreaming:1]]
[2022.03.02-22.26.26:128][  0]LogConfig: Setting CVar [[s.PriorityAsyncLoadingExtraTime:15.0]]
[2022.03.02-22.26.26:128][  0]LogConfig: Setting CVar [[s.LevelStreamingActorsUpdateTimeLimit:5.0]]
[2022.03.02-22.26.26:128][  0]LogConfig: Setting CVar [[s.PriorityLevelStreamingActorsUpdateExtraTime:5.0]]
[2022.03.02-22.26.26:128][  0]LogConfig: Setting CVar [[s.LevelStreamingComponentsRegistrationGranularity:10]]
[2022.03.02-22.26.26:128][  0]LogConfig: Setting CVar [[s.UnregisterComponentsTimeLimit:1.0]]
[2022.03.02-22.26.26:128][  0]LogConfig: Setting CVar [[s.LevelStreamingComponentsUnregistrationGranularity:5]]
[2022.03.02-22.26.26:128][  0]LogConfig: Setting CVar [[s.FlushStreamingOnExit:1]]
[2022.03.02-22.26.26:128][  0]LogConfig: Applying CVar settings from Section [/Script/Engine.GarbageCollectionSettings] File [C:/PROJECTS/Unreal/Endless-Runner/EndlessRunner/Saved/Config/Windows/Engine.ini]
[2022.03.02-22.26.26:128][  0]LogConfig: Setting CVar [[gc.MaxObjectsNotConsideredByGC:1]]
[2022.03.02-22.26.26:128][  0]LogConfig: Setting CVar [[gc.SizeOfPermanentObjectPool:0]]
[2022.03.02-22.26.26:128][  0]LogConfig: Setting CVar [[gc.FlushStreamingOnGC:0]]
[2022.03.02-22.26.26:128][  0]LogConfig: Setting CVar [[gc.NumRetriesBeforeForcingGC:10]]
[2022.03.02-22.26.26:128][  0]LogConfig: Setting CVar [[gc.AllowParallelGC:1]]
[2022.03.02-22.26.26:128][  0]LogConfig: Setting CVar [[gc.TimeBetweenPurgingPendingKillObjects:61.1]]
[2022.03.02-22.26.26:128][  0]LogConfig: Setting CVar [[gc.MaxObjectsInEditor:25165824]]
[2022.03.02-22.26.26:128][  0]LogConfig: Setting CVar [[gc.IncrementalBeginDestroyEnabled:1]]
[2022.03.02-22.26.26:128][  0]LogConfig: Setting CVar [[gc.CreateGCClusters:1]]
[2022.03.02-22.26.26:128][  0]LogConfig: Setting CVar [[gc.MinGCClusterSize:5]]
[2022.03.02-22.26.26:128][  0]LogConfig: Setting CVar [[gc.ActorClusteringEnabled:0]]
[2022.03.02-22.26.26:128][  0]LogConfig: Setting CVar [[gc.BlueprintClusteringEnabled:0]]
[2022.03.02-22.26.26:128][  0]LogConfig: Setting CVar [[gc.UseDisregardForGCOnDedicatedServers:0]]
[2022.03.02-22.26.26:128][  0]LogConfig: Setting CVar [[gc.MultithreadedDestructionEnabled:1]]
[2022.03.02-22.26.26:128][  0]LogConfig: Applying CVar settings from Section [/Script/Engine.NetworkSettings] File [C:/PROJECTS/Unreal/Endless-Runner/EndlessRunner/Saved/Config/Windows/Engine.ini]
[2022.03.02-22.26.26:128][  0]LogConfig: Applying CVar settings from Section [/Script/UnrealEd.CookerSettings] File [C:/PROJECTS/Unreal/Endless-Runner/EndlessRunner/Saved/Config/Windows/Engine.ini]
[2022.03.02-22.26.26:150][  0]LogConfig: Applying CVar settings from Section [ViewDistanceQuality@3] File [C:/PROJECTS/Unreal/Endless-Runner/EndlessRunner/Saved/Config/Windows/Scalability.ini]
[2022.03.02-22.26.26:151][  0]LogConfig: Setting CVar [[r.SkeletalMeshLODBias:0]]
[2022.03.02-22.26.26:151][  0]LogConfig: Setting CVar [[r.ViewDistanceScale:1.0]]
[2022.03.02-22.26.26:151][  0]LogConfig: Applying CVar settings from Section [AntiAliasingQuality@3] File [C:/PROJECTS/Unreal/Endless-Runner/EndlessRunner/Saved/Config/Windows/Scalability.ini]
[2022.03.02-22.26.26:151][  0]LogConfig: Setting CVar [[r.PostProcessAAQuality:4]]
[2022.03.02-22.26.26:151][  0]LogConfig: Applying CVar settings from Section [ShadowQuality@3] File [C:/PROJECTS/Unreal/Endless-Runner/EndlessRunner/Saved/Config/Windows/Scalability.ini]
[2022.03.02-22.26.26:151][  0]LogConfig: Setting CVar [[r.LightFunctionQuality:1]]
[2022.03.02-22.26.26:151][  0]LogConfig: Setting CVar [[r.ShadowQuality:5]]
[2022.03.02-22.26.26:151][  0]LogConfig: Setting CVar [[r.Shadow.CSM.MaxCascades:10]]
[2022.03.02-22.26.26:151][  0]LogConfig: Setting CVar [[r.Shadow.MaxResolution:2048]]
[2022.03.02-22.26.26:151][  0]LogConfig: Setting CVar [[r.Shadow.MaxCSMResolution:2048]]
[2022.03.02-22.26.26:151][  0]LogConfig: Setting CVar [[r.Shadow.RadiusThreshold:0.01]]
[2022.03.02-22.26.26:151][  0]LogConfig: Setting CVar [[r.Shadow.DistanceScale:1.0]]
[2022.03.02-22.26.26:151][  0]LogConfig: Setting CVar [[r.Shadow.CSM.TransitionScale:1.0]]
[2022.03.02-22.26.26:151][  0]LogConfig: Setting CVar [[r.Shadow.PreShadowResolutionFactor:1.0]]
[2022.03.02-22.26.26:151][  0]LogConfig: Setting CVar [[r.DistanceFieldShadowing:1]]
[2022.03.02-22.26.26:151][  0]LogConfig: Setting CVar [[r.DistanceFieldAO:1]]
[2022.03.02-22.26.26:151][  0]LogConfig: Setting CVar [[r.AOQuality:2]]
[2022.03.02-22.26.26:151][  0]LogConfig: Setting CVar [[r.VolumetricFog:1]]
[2022.03.02-22.26.26:151][  0]LogConfig: Setting CVar [[r.VolumetricFog.GridPixelSize:8]]
[2022.03.02-22.26.26:151][  0]LogConfig: Setting CVar [[r.VolumetricFog.GridSizeZ:128]]
[2022.03.02-22.26.26:151][  0]LogConfig: Setting CVar [[r.VolumetricFog.HistoryMissSupersampleCount:4]]
[2022.03.02-22.26.26:151][  0]LogConfig: Setting CVar [[r.LightMaxDrawDistanceScale:1]]
[2022.03.02-22.26.26:151][  0]LogConfig: Setting CVar [[r.CapsuleShadows:1]]
[2022.03.02-22.26.26:151][  0]LogConfig: Applying CVar settings from Section [PostProcessQuality@3] File [C:/PROJECTS/Unreal/Endless-Runner/EndlessRunner/Saved/Config/Windows/Scalability.ini]
[2022.03.02-22.26.26:151][  0]LogConfig: Setting CVar [[r.MotionBlurQuality:4]]
[2022.03.02-22.26.26:151][  0]LogConfig: Setting CVar [[r.AmbientOcclusionMipLevelFactor:0.4]]
[2022.03.02-22.26.26:151][  0]LogConfig: Setting CVar [[r.AmbientOcclusionMaxQuality:100]]
[2022.03.02-22.26.26:151][  0]LogConfig: Setting CVar [[r.AmbientOcclusionLevels:-1]]
[2022.03.02-22.26.26:151][  0]LogConfig: Setting CVar [[r.AmbientOcclusionRadiusScale:1.0]]
[2022.03.02-22.26.26:151][  0]LogConfig: Setting CVar [[r.DepthOfFieldQuality:2]]
[2022.03.02-22.26.26:151][  0]LogConfig: Setting CVar [[r.RenderTargetPoolMin:400]]
[2022.03.02-22.26.26:151][  0]LogConfig: Setting CVar [[r.LensFlareQuality:2]]
[2022.03.02-22.26.26:151][  0]LogConfig: Setting CVar [[r.SceneColorFringeQuality:1]]
[2022.03.02-22.26.26:151][  0]LogConfig: Setting CVar [[r.EyeAdaptationQuality:2]]
[2022.03.02-22.26.26:151][  0]LogConfig: Setting CVar [[r.BloomQuality:5]]
[2022.03.02-22.26.26:151][  0]LogConfig: Setting CVar [[r.FastBlurThreshold:100]]
[2022.03.02-22.26.26:151][  0]LogConfig: Setting CVar [[r.Upscale.Quality:3]]
[2022.03.02-22.26.26:151][  0]LogConfig: Setting CVar [[r.Tonemapper.GrainQuantization:1]]
[2022.03.02-22.26.26:151][  0]LogConfig: Setting CVar [[r.LightShaftQuality:1]]
[2022.03.02-22.26.26:151][  0]LogConfig: Setting CVar [[r.Filter.SizeScale:1]]
[2022.03.02-22.26.26:151][  0]LogConfig: Setting CVar [[r.Tonemapper.Quality:5]]
[2022.03.02-22.26.26:151][  0]LogConfig: Setting CVar [[r.DOF.Gather.AccumulatorQuality:1        ; higher gathering accumulator quality]]
[2022.03.02-22.26.26:151][  0]LogConfig: Setting CVar [[r.DOF.Gather.PostfilterMethod:1          ; Median3x3 postfilering method]]
[2022.03.02-22.26.26:151][  0]LogConfig: Setting CVar [[r.DOF.Gather.EnableBokehSettings:0       ; no bokeh simulation when gathering]]
[2022.03.02-22.26.26:151][  0]LogConfig: Setting CVar [[r.DOF.Gather.RingCount:4                 ; medium number of samples when gathering]]
[2022.03.02-22.26.26:151][  0]LogConfig: Setting CVar [[r.DOF.Scatter.ForegroundCompositing:1    ; additive foreground scattering]]
[2022.03.02-22.26.26:151][  0]LogConfig: Setting CVar [[r.DOF.Scatter.BackgroundCompositing:2    ; additive background scattering]]
[2022.03.02-22.26.26:151][  0]LogConfig: Setting CVar [[r.DOF.Scatter.EnableBokehSettings:1      ; bokeh simulation when scattering]]
[2022.03.02-22.26.26:151][  0]LogConfig: Setting CVar [[r.DOF.Scatter.MaxSpriteRatio:0.1         ; only a maximum of 10% of scattered bokeh]]
[2022.03.02-22.26.26:151][  0]LogConfig: Setting CVar [[r.DOF.Recombine.Quality:1                ; cheap slight out of focus]]
[2022.03.02-22.26.26:151][  0]LogConfig: Setting CVar [[r.DOF.Recombine.EnableBokehSettings:0    ; no bokeh simulation on slight out of focus]]
[2022.03.02-22.26.26:151][  0]LogConfig: Setting CVar [[r.DOF.TemporalAAQuality:1                ; more stable temporal accumulation]]
[2022.03.02-22.26.26:152][  0]LogConfig: Setting CVar [[r.DOF.Kernel.MaxForegroundRadius:0.025]]
[2022.03.02-22.26.26:152][  0]LogConfig: Setting CVar [[r.DOF.Kernel.MaxBackgroundRadius:0.025]]
[2022.03.02-22.26.26:152][  0]LogConfig: Applying CVar settings from Section [TextureQuality@3] File [C:/PROJECTS/Unreal/Endless-Runner/EndlessRunner/Saved/Config/Windows/Scalability.ini]
[2022.03.02-22.26.26:152][  0]LogConfig: Setting CVar [[r.Streaming.MipBias:0]]
[2022.03.02-22.26.26:152][  0]LogConfig: Setting CVar [[r.Streaming.AmortizeCPUToGPUCopy:0]]
[2022.03.02-22.26.26:152][  0]LogConfig: Setting CVar [[r.Streaming.MaxNumTexturesToStreamPerFrame:0]]
[2022.03.02-22.26.26:152][  0]LogConfig: Setting CVar [[r.Streaming.Boost:1]]
[2022.03.02-22.26.26:152][  0]LogConfig: Setting CVar [[r.MaxAnisotropy:8]]
[2022.03.02-22.26.26:152][  0]LogConfig: Setting CVar [[r.VT.MaxAnisotropy:8]]
[2022.03.02-22.26.26:152][  0]LogConfig: Setting CVar [[r.Streaming.LimitPoolSizeToVRAM:0]]
[2022.03.02-22.26.26:152][  0]LogConfig: Setting CVar [[r.Streaming.PoolSize:1000]]
[2022.03.02-22.26.26:152][  0]LogConfig: Setting CVar [[r.Streaming.MaxEffectiveScreenSize:0]]
[2022.03.02-22.26.26:152][  0]LogConfig: Applying CVar settings from Section [EffectsQuality@3] File [C:/PROJECTS/Unreal/Endless-Runner/EndlessRunner/Saved/Config/Windows/Scalability.ini]
[2022.03.02-22.26.26:152][  0]LogConfig: Setting CVar [[r.TranslucencyLightingVolumeDim:64]]
[2022.03.02-22.26.26:152][  0]LogConfig: Setting CVar [[r.RefractionQuality:2]]
[2022.03.02-22.26.26:152][  0]LogConfig: Setting CVar [[r.SSR.Quality:3]]
[2022.03.02-22.26.26:152][  0]LogConfig: Setting CVar [[r.SSR.HalfResSceneColor:0]]
[2022.03.02-22.26.26:152][  0]LogConfig: Setting CVar [[r.SceneColorFormat:4]]
[2022.03.02-22.26.26:152][  0]LogConfig: Setting CVar [[r.DetailMode:2]]
[2022.03.02-22.26.26:152][  0]LogConfig: Setting CVar [[r.TranslucencyVolumeBlur:1]]
[2022.03.02-22.26.26:152][  0]LogConfig: Setting CVar [[r.MaterialQualityLevel:1 ; High quality]]
[2022.03.02-22.26.26:152][  0]LogConfig: Setting CVar [[r.AnisotropicMaterials:1]]
[2022.03.02-22.26.26:152][  0]LogConfig: Setting CVar [[r.SSS.Scale:1]]
[2022.03.02-22.26.26:152][  0]LogConfig: Setting CVar [[r.SSS.SampleSet:2]]
[2022.03.02-22.26.26:152][  0]LogConfig: Setting CVar [[r.SSS.Quality:1]]
[2022.03.02-22.26.26:152][  0]LogConfig: Setting CVar [[r.SSS.HalfRes:0]]
[2022.03.02-22.26.26:152][  0]LogConfig: Setting CVar [[r.SSGI.Quality:3]]
[2022.03.02-22.26.26:152][  0]LogConfig: Setting CVar [[r.EmitterSpawnRateScale:1.0]]
[2022.03.02-22.26.26:152][  0]LogConfig: Setting CVar [[r.ParticleLightQuality:2]]
[2022.03.02-22.26.26:152][  0]LogConfig: Setting CVar [[r.SkyAtmosphere.AerialPerspectiveLUT.FastApplyOnOpaque:1 ; Always have FastSkyLUT 1 in this case to avoid wrong sky]]
[2022.03.02-22.26.26:152][  0]LogConfig: Setting CVar [[r.SkyAtmosphere.AerialPerspectiveLUT.SampleCountMaxPerSlice:4]]
[2022.03.02-22.26.26:152][  0]LogConfig: Setting CVar [[r.SkyAtmosphere.AerialPerspectiveLUT.DepthResolution:16.0]]
[2022.03.02-22.26.26:152][  0]LogConfig: Setting CVar [[r.SkyAtmosphere.FastSkyLUT:1]]
[2022.03.02-22.26.26:152][  0]LogConfig: Setting CVar [[r.SkyAtmosphere.FastSkyLUT.SampleCountMin:4.0]]
[2022.03.02-22.26.26:152][  0]LogConfig: Setting CVar [[r.SkyAtmosphere.FastSkyLUT.SampleCountMax:128.0]]
[2022.03.02-22.26.26:152][  0]LogConfig: Setting CVar [[r.SkyAtmosphere.SampleCountMin:4.0]]
[2022.03.02-22.26.26:152][  0]LogConfig: Setting CVar [[r.SkyAtmosphere.SampleCountMax:128.0]]
[2022.03.02-22.26.26:152][  0]LogConfig: Setting CVar [[r.SkyAtmosphere.TransmittanceLUT.UseSmallFormat:0]]
[2022.03.02-22.26.26:152][  0]LogConfig: Setting CVar [[r.SkyAtmosphere.TransmittanceLUT.SampleCount:10.0]]
[2022.03.02-22.26.26:152][  0]LogConfig: Setting CVar [[r.SkyAtmosphere.MultiScatteringLUT.SampleCount:15.0]]
[2022.03.02-22.26.26:152][  0]LogConfig: Setting CVar [[r.SkyLight.RealTimeReflectionCapture:1]]
[2022.03.02-22.26.26:152][  0]LogConfig: Applying CVar settings from Section [FoliageQuality@3] File [C:/PROJECTS/Unreal/Endless-Runner/EndlessRunner/Saved/Config/Windows/Scalability.ini]
[2022.03.02-22.26.26:152][  0]LogConfig: Setting CVar [[foliage.DensityScale:1.0]]
[2022.03.02-22.26.26:152][  0]LogConfig: Setting CVar [[grass.DensityScale:1.0]]
[2022.03.02-22.26.26:152][  0]LogConfig: Applying CVar settings from Section [ShadingQuality@3] File [C:/PROJECTS/Unreal/Endless-Runner/EndlessRunner/Saved/Config/Windows/Scalability.ini]
[2022.03.02-22.26.26:152][  0]LogConfig: Setting CVar [[r.HairStrands.SkyLighting.IntegrationType:2]]
[2022.03.02-22.26.26:152][  0]LogConfig: Setting CVar [[r.HairStrands.SkyAO.SampleCount:4]]
[2022.03.02-22.26.26:152][  0]LogConfig: Setting CVar [[r.HairStrands.Visibility.MSAA.SamplePerPixel:4]]
[2022.03.02-22.26.26:153][  0]LogInit: Selected Device Profile: [Windows]
[2022.03.02-22.26.26:153][  0]LogInit: Applying CVar settings loaded from the selected device profile: [Windows]
[2022.03.02-22.26.26:153][  0]LogHAL: Display: Platform has ~ 8 GB [8412778496 / 8589934592 / 8], which maps to Default [LargestMinGB=32, LargerMinGB=12, DefaultMinGB=8, SmallerMinGB=6, SmallestMinGB=0)
[2022.03.02-22.26.26:153][  0]LogInit: Going up to parent DeviceProfile []
[2022.03.02-22.26.26:153][  0]LogConfig: Applying CVar settings from Section [ViewDistanceQuality@3] File [C:/PROJECTS/Unreal/Endless-Runner/EndlessRunner/Saved/Config/Windows/Scalability.ini]
[2022.03.02-22.26.26:153][  0]LogConfig: Setting CVar [[r.SkeletalMeshLODBias:0]]
[2022.03.02-22.26.26:153][  0]LogConfig: Setting CVar [[r.ViewDistanceScale:1.0]]
[2022.03.02-22.26.26:153][  0]LogConfig: Applying CVar settings from Section [AntiAliasingQuality@3] File [C:/PROJECTS/Unreal/Endless-Runner/EndlessRunner/Saved/Config/Windows/Scalability.ini]
[2022.03.02-22.26.26:153][  0]LogConfig: Setting CVar [[r.PostProcessAAQuality:4]]
[2022.03.02-22.26.26:153][  0]LogConfig: Applying CVar settings from Section [ShadowQuality@3] File [C:/PROJECTS/Unreal/Endless-Runner/EndlessRunner/Saved/Config/Windows/Scalability.ini]
[2022.03.02-22.26.26:153][  0]LogConfig: Setting CVar [[r.LightFunctionQuality:1]]
[2022.03.02-22.26.26:153][  0]LogConfig: Setting CVar [[r.ShadowQuality:5]]
[2022.03.02-22.26.26:153][  0]LogConfig: Setting CVar [[r.Shadow.CSM.MaxCascades:10]]
[2022.03.02-22.26.26:153][  0]LogConfig: Setting CVar [[r.Shadow.MaxResolution:2048]]
[2022.03.02-22.26.26:153][  0]LogConfig: Setting CVar [[r.Shadow.MaxCSMResolution:2048]]
[2022.03.02-22.26.26:153][  0]LogConfig: Setting CVar [[r.Shadow.RadiusThreshold:0.01]]
[2022.03.02-22.26.26:153][  0]LogConfig: Setting CVar [[r.Shadow.DistanceScale:1.0]]
[2022.03.02-22.26.26:153][  0]LogConfig: Setting CVar [[r.Shadow.CSM.TransitionScale:1.0]]
[2022.03.02-22.26.26:153][  0]LogConfig: Setting CVar [[r.Shadow.PreShadowResolutionFactor:1.0]]
[2022.03.02-22.26.26:153][  0]LogConfig: Setting CVar [[r.DistanceFieldShadowing:1]]
[2022.03.02-22.26.26:153][  0]LogConfig: Setting CVar [[r.DistanceFieldAO:1]]
[2022.03.02-22.26.26:153][  0]LogConfig: Setting CVar [[r.AOQuality:2]]
[2022.03.02-22.26.26:153][  0]LogConfig: Setting CVar [[r.VolumetricFog:1]]
[2022.03.02-22.26.26:153][  0]LogConfig: Setting CVar [[r.VolumetricFog.GridPixelSize:8]]
[2022.03.02-22.26.26:153][  0]LogConfig: Setting CVar [[r.VolumetricFog.GridSizeZ:128]]
[2022.03.02-22.26.26:153][  0]LogConfig: Setting CVar [[r.VolumetricFog.HistoryMissSupersampleCount:4]]
[2022.03.02-22.26.26:153][  0]LogConfig: Setting CVar [[r.LightMaxDrawDistanceScale:1]]
[2022.03.02-22.26.26:153][  0]LogConfig: Setting CVar [[r.CapsuleShadows:1]]
[2022.03.02-22.26.26:153][  0]LogConfig: Applying CVar settings from Section [PostProcessQuality@3] File [C:/PROJECTS/Unreal/Endless-Runner/EndlessRunner/Saved/Config/Windows/Scalability.ini]
[2022.03.02-22.26.26:153][  0]LogConfig: Setting CVar [[r.MotionBlurQuality:4]]
[2022.03.02-22.26.26:153][  0]LogConfig: Setting CVar [[r.AmbientOcclusionMipLevelFactor:0.4]]
[2022.03.02-22.26.26:153][  0]LogConfig: Setting CVar [[r.AmbientOcclusionMaxQuality:100]]
[2022.03.02-22.26.26:153][  0]LogConfig: Setting CVar [[r.AmbientOcclusionLevels:-1]]
[2022.03.02-22.26.26:153][  0]LogConfig: Setting CVar [[r.AmbientOcclusionRadiusScale:1.0]]
[2022.03.02-22.26.26:153][  0]LogConfig: Setting CVar [[r.DepthOfFieldQuality:2]]
[2022.03.02-22.26.26:153][  0]LogConfig: Setting CVar [[r.RenderTargetPoolMin:400]]
[2022.03.02-22.26.26:153][  0]LogConfig: Setting CVar [[r.LensFlareQuality:2]]
[2022.03.02-22.26.26:153][  0]LogConfig: Setting CVar [[r.SceneColorFringeQuality:1]]
[2022.03.02-22.26.26:153][  0]LogConfig: Setting CVar [[r.EyeAdaptationQuality:2]]
[2022.03.02-22.26.26:153][  0]LogConfig: Setting CVar [[r.BloomQuality:5]]
[2022.03.02-22.26.26:153][  0]LogConfig: Setting CVar [[r.FastBlurThreshold:100]]
[2022.03.02-22.26.26:153][  0]LogConfig: Setting CVar [[r.Upscale.Quality:3]]
[2022.03.02-22.26.26:153][  0]LogConfig: Setting CVar [[r.Tonemapper.GrainQuantization:1]]
[2022.03.02-22.26.26:153][  0]LogConfig: Setting CVar [[r.LightShaftQuality:1]]
[2022.03.02-22.26.26:153][  0]LogConfig: Setting CVar [[r.Filter.SizeScale:1]]
[2022.03.02-22.26.26:153][  0]LogConfig: Setting CVar [[r.Tonemapper.Quality:5]]
[2022.03.02-22.26.26:153][  0]LogConfig: Setting CVar [[r.DOF.Gather.AccumulatorQuality:1        ; higher gathering accumulator quality]]
[2022.03.02-22.26.26:153][  0]LogConfig: Setting CVar [[r.DOF.Gather.PostfilterMethod:1          ; Median3x3 postfilering method]]
[2022.03.02-22.26.26:153][  0]LogConfig: Setting CVar [[r.DOF.Gather.EnableBokehSettings:0       ; no bokeh simulation when gathering]]
[2022.03.02-22.26.26:153][  0]LogConfig: Setting CVar [[r.DOF.Gather.RingCount:4                 ; medium number of samples when gathering]]
[2022.03.02-22.26.26:153][  0]LogConfig: Setting CVar [[r.DOF.Scatter.ForegroundCompositing:1    ; additive foreground scattering]]
[2022.03.02-22.26.26:153][  0]LogConfig: Setting CVar [[r.DOF.Scatter.BackgroundCompositing:2    ; additive background scattering]]
[2022.03.02-22.26.26:153][  0]LogConfig: Setting CVar [[r.DOF.Scatter.EnableBokehSettings:1      ; bokeh simulation when scattering]]
[2022.03.02-22.26.26:153][  0]LogConfig: Setting CVar [[r.DOF.Scatter.MaxSpriteRatio:0.1         ; only a maximum of 10% of scattered bokeh]]
[2022.03.02-22.26.26:154][  0]LogConfig: Setting CVar [[r.DOF.Recombine.Quality:1                ; cheap slight out of focus]]
[2022.03.02-22.26.26:154][  0]LogConfig: Setting CVar [[r.DOF.Recombine.EnableBokehSettings:0    ; no bokeh simulation on slight out of focus]]
[2022.03.02-22.26.26:154][  0]LogConfig: Setting CVar [[r.DOF.TemporalAAQuality:1                ; more stable temporal accumulation]]
[2022.03.02-22.26.26:154][  0]LogConfig: Setting CVar [[r.DOF.Kernel.MaxForegroundRadius:0.025]]
[2022.03.02-22.26.26:154][  0]LogConfig: Setting CVar [[r.DOF.Kernel.MaxBackgroundRadius:0.025]]
[2022.03.02-22.26.26:154][  0]LogConfig: Applying CVar settings from Section [TextureQuality@3] File [C:/PROJECTS/Unreal/Endless-Runner/EndlessRunner/Saved/Config/Windows/Scalability.ini]
[2022.03.02-22.26.26:154][  0]LogConfig: Setting CVar [[r.Streaming.MipBias:0]]
[2022.03.02-22.26.26:154][  0]LogConfig: Setting CVar [[r.Streaming.AmortizeCPUToGPUCopy:0]]
[2022.03.02-22.26.26:154][  0]LogConfig: Setting CVar [[r.Streaming.MaxNumTexturesToStreamPerFrame:0]]
[2022.03.02-22.26.26:154][  0]LogConfig: Setting CVar [[r.Streaming.Boost:1]]
[2022.03.02-22.26.26:154][  0]LogConfig: Setting CVar [[r.MaxAnisotropy:8]]
[2022.03.02-22.26.26:154][  0]LogConfig: Setting CVar [[r.VT.MaxAnisotropy:8]]
[2022.03.02-22.26.26:154][  0]LogConfig: Setting CVar [[r.Streaming.LimitPoolSizeToVRAM:0]]
[2022.03.02-22.26.26:154][  0]LogConfig: Setting CVar [[r.Streaming.PoolSize:1000]]
[2022.03.02-22.26.26:154][  0]LogConfig: Setting CVar [[r.Streaming.MaxEffectiveScreenSize:0]]
[2022.03.02-22.26.26:154][  0]LogConfig: Applying CVar settings from Section [EffectsQuality@3] File [C:/PROJECTS/Unreal/Endless-Runner/EndlessRunner/Saved/Config/Windows/Scalability.ini]
[2022.03.02-22.26.26:154][  0]LogConfig: Setting CVar [[r.TranslucencyLightingVolumeDim:64]]
[2022.03.02-22.26.26:154][  0]LogConfig: Setting CVar [[r.RefractionQuality:2]]
[2022.03.02-22.26.26:154][  0]LogConfig: Setting CVar [[r.SSR.Quality:3]]
[2022.03.02-22.26.26:154][  0]LogConfig: Setting CVar [[r.SSR.HalfResSceneColor:0]]
[2022.03.02-22.26.26:154][  0]LogConfig: Setting CVar [[r.SceneColorFormat:4]]
[2022.03.02-22.26.26:154][  0]LogConfig: Setting CVar [[r.DetailMode:2]]
[2022.03.02-22.26.26:154][  0]LogConfig: Setting CVar [[r.TranslucencyVolumeBlur:1]]
[2022.03.02-22.26.26:154][  0]LogConfig: Setting CVar [[r.MaterialQualityLevel:1 ; High quality]]
[2022.03.02-22.26.26:154][  0]LogConfig: Setting CVar [[r.AnisotropicMaterials:1]]
[2022.03.02-22.26.26:154][  0]LogConfig: Setting CVar [[r.SSS.Scale:1]]
[2022.03.02-22.26.26:154][  0]LogConfig: Setting CVar [[r.SSS.SampleSet:2]]
[2022.03.02-22.26.26:154][  0]LogConfig: Setting CVar [[r.SSS.Quality:1]]
[2022.03.02-22.26.26:154][  0]LogConfig: Setting CVar [[r.SSS.HalfRes:0]]
[2022.03.02-22.26.26:154][  0]LogConfig: Setting CVar [[r.SSGI.Quality:3]]
[2022.03.02-22.26.26:154][  0]LogConfig: Setting CVar [[r.EmitterSpawnRateScale:1.0]]
[2022.03.02-22.26.26:154][  0]LogConfig: Setting CVar [[r.ParticleLightQuality:2]]
[2022.03.02-22.26.26:154][  0]LogConfig: Setting CVar [[r.SkyAtmosphere.AerialPerspectiveLUT.FastApplyOnOpaque:1 ; Always have FastSkyLUT 1 in this case to avoid wrong sky]]
[2022.03.02-22.26.26:154][  0]LogConfig: Setting CVar [[r.SkyAtmosphere.AerialPerspectiveLUT.SampleCountMaxPerSlice:4]]
[2022.03.02-22.26.26:154][  0]LogConfig: Setting CVar [[r.SkyAtmosphere.AerialPerspectiveLUT.DepthResolution:16.0]]
[2022.03.02-22.26.26:154][  0]LogConfig: Setting CVar [[r.SkyAtmosphere.FastSkyLUT:1]]
[2022.03.02-22.26.26:154][  0]LogConfig: Setting CVar [[r.SkyAtmosphere.FastSkyLUT.SampleCountMin:4.0]]
[2022.03.02-22.26.26:154][  0]LogConfig: Setting CVar [[r.SkyAtmosphere.FastSkyLUT.SampleCountMax:128.0]]
[2022.03.02-22.26.26:154][  0]LogConfig: Setting CVar [[r.SkyAtmosphere.SampleCountMin:4.0]]
[2022.03.02-22.26.26:154][  0]LogConfig: Setting CVar [[r.SkyAtmosphere.SampleCountMax:128.0]]
[2022.03.02-22.26.26:154][  0]LogConfig: Setting CVar [[r.SkyAtmosphere.TransmittanceLUT.UseSmallFormat:0]]
[2022.03.02-22.26.26:154][  0]LogConfig: Setting CVar [[r.SkyAtmosphere.TransmittanceLUT.SampleCount:10.0]]
[2022.03.02-22.26.26:154][  0]LogConfig: Setting CVar [[r.SkyAtmosphere.MultiScatteringLUT.SampleCount:15.0]]
[2022.03.02-22.26.26:154][  0]LogConfig: Setting CVar [[r.SkyLight.RealTimeReflectionCapture:1]]
[2022.03.02-22.26.26:154][  0]LogConfig: Applying CVar settings from Section [FoliageQuality@3] File [C:/PROJECTS/Unreal/Endless-Runner/EndlessRunner/Saved/Config/Windows/Scalability.ini]
[2022.03.02-22.26.26:154][  0]LogConfig: Setting CVar [[foliage.DensityScale:1.0]]
[2022.03.02-22.26.26:154][  0]LogConfig: Setting CVar [[grass.DensityScale:1.0]]
[2022.03.02-22.26.26:154][  0]LogConfig: Applying CVar settings from Section [ShadingQuality@3] File [C:/PROJECTS/Unreal/Endless-Runner/EndlessRunner/Saved/Config/Windows/Scalability.ini]
[2022.03.02-22.26.26:154][  0]LogConfig: Setting CVar [[r.HairStrands.SkyLighting.IntegrationType:2]]
[2022.03.02-22.26.26:155][  0]LogConfig: Setting CVar [[r.HairStrands.SkyAO.SampleCount:4]]
[2022.03.02-22.26.26:155][  0]LogConfig: Setting CVar [[r.HairStrands.Visibility.MSAA.SamplePerPixel:4]]
[2022.03.02-22.26.26:155][  0]LogConfig: Applying CVar settings from Section [Startup] File [../../../Engine/Config/ConsoleVariables.ini]
[2022.03.02-22.26.26:155][  0]LogConfig: Setting CVar [[net.UseAdaptiveNetUpdateFrequency:0]]
[2022.03.02-22.26.26:155][  0]LogConfig: Setting CVar [[p.chaos.AllowCreatePhysxBodies:1]]
[2022.03.02-22.26.26:155][  0]LogConfig: Setting CVar [[fx.SkipVectorVMBackendOptimizations:1]]
[2022.03.02-22.26.26:155][  0]LogConfig: Applying CVar settings from Section [ConsoleVariables] File [C:/PROJECTS/Unreal/Endless-Runner/EndlessRunner/Saved/Config/Windows/Engine.ini]
[2022.03.02-22.26.26:155][  0]LogConfig: Applying CVar settings from Section [ConsoleVariables] File [C:/PROJECTS/Unreal/Endless-Runner/EndlessRunner/Saved/Config/Windows/Editor.ini]
[2022.03.02-22.26.26:156][  0]LogInit: Computer: LAPTOP-BL73FRTF
[2022.03.02-22.26.26:156][  0]LogInit: User: teodo
[2022.03.02-22.26.26:156][  0]LogInit: CPU Page size=4096, Cores=6
[2022.03.02-22.26.26:156][  0]LogInit: High frequency timer resolution =10.000000 MHz
[2022.03.02-22.26.26:156][  0]LogMemory: Memory total: Physical=7.8GB (8GB approx)
[2022.03.02-22.26.26:156][  0]LogMemory: Platform Memory Stats for Windows
[2022.03.02-22.26.26:156][  0]LogMemory: Process Physical Memory: 146.84 MB used, 146.84 MB peak
[2022.03.02-22.26.26:156][  0]LogMemory: Process Virtual Memory: 129.71 MB used, 129.71 MB peak
[2022.03.02-22.26.26:156][  0]LogMemory: Physical Memory: 6896.64 MB used,  1126.41 MB free, 8023.05 MB total
[2022.03.02-22.26.26:156][  0]LogMemory: Virtual Memory: 134213680.00 MB used,  4051.49 MB free, 134217728.00 MB total
[2022.03.02-22.26.26:165][  0]LogWindows: WindowsPlatformFeatures enabled
[2022.03.02-22.26.26:239][  0]LogInit: Physics initialised using underlying interface: PhysX
[2022.03.02-22.26.26:240][  0]LogInit: Using OS detected language (en-GB).
[2022.03.02-22.26.26:240][  0]LogInit: Using OS detected locale (en-US).
[2022.03.02-22.26.26:251][  0]LogTextLocalizationManager: No specific localization for 'en-GB' exists, so the 'en' localization will be used.
[2022.03.02-22.26.26:735][  0]LogWindowsTextInputMethodSystem: Display: IME system deactivated.
[2022.03.02-22.26.26:788][  0]LogSlate: New Slate User Created.  User Index 0, Is Virtual User: 0
[2022.03.02-22.26.26:788][  0]LogSlate: Slate User Registered.  User Index 0, Is Virtual User: 0
[2022.03.02-22.26.26:816][  0]LogD3D11RHI: Loaded GFSDK_Aftermath_Lib.x64.dll
[2022.03.02-22.26.26:820][  0]LogHMD: Failed to initialize OpenVR with code 101
[2022.03.02-22.26.26:820][  0]LogD3D11RHI: D3D11 min allowed feature level: 11_0
[2022.03.02-22.26.26:820][  0]LogD3D11RHI: D3D11 max allowed feature level: 11_0
[2022.03.02-22.26.26:820][  0]LogD3D11RHI: D3D11 adapters:
[2022.03.02-22.26.26:952][  0]LogD3D11RHI:    0. 'NVIDIA GeForce GTX 1660 Ti' (Feature Level 11_0)
[2022.03.02-22.26.26:952][  0]LogD3D11RHI:       5991/0/4011 MB DedicatedVideo/DedicatedSystem/SharedSystem, Outputs:1, VendorId:0x10de
[2022.03.02-22.26.27:026][  0]LogD3D11RHI:    1. 'Intel(R) UHD Graphics' (Feature Level 11_0)
[2022.03.02-22.26.27:026][  0]LogD3D11RHI:       128/0/4011 MB DedicatedVideo/DedicatedSystem/SharedSystem, Outputs:0, VendorId:0x8086
[2022.03.02-22.26.27:029][  0]LogD3D11RHI:    2. 'Microsoft Basic Render Driver' (Feature Level 11_0)
[2022.03.02-22.26.27:029][  0]LogD3D11RHI:       0/0/4011 MB DedicatedVideo/DedicatedSystem/SharedSystem, Outputs:0, VendorId:0x1414
[2022.03.02-22.26.27:029][  0]LogD3D11RHI: Chosen D3D11 Adapter:
[2022.03.02-22.26.27:029][  0]LogD3D11RHI:     Description : NVIDIA GeForce GTX 1660 Ti
[2022.03.02-22.26.27:029][  0]LogD3D11RHI:     VendorId    : 10de
[2022.03.02-22.26.27:029][  0]LogD3D11RHI:     DeviceId    : 2191
[2022.03.02-22.26.27:029][  0]LogD3D11RHI:     SubSysId    : 14421025
[2022.03.02-22.26.27:029][  0]LogD3D11RHI:     Revision    : 00a1
[2022.03.02-22.26.27:029][  0]LogD3D11RHI:     DedicatedVideoMemory : 6282018816 bytes
[2022.03.02-22.26.27:029][  0]LogD3D11RHI:     DedicatedSystemMemory : 0 bytes
[2022.03.02-22.26.27:029][  0]LogD3D11RHI:     SharedSystemMemory : 4206389248 bytes
[2022.03.02-22.26.27:029][  0]LogD3D11RHI:     AdapterLuid : 0 68996
[2022.03.02-22.26.27:039][  0]LogD3D11RHI: Creating new Direct3DDevice
[2022.03.02-22.26.27:039][  0]LogD3D11RHI:     GPU DeviceId: 0x2191 (for the marketing name, search the web for "GPU Device Id")
[2022.03.02-22.26.27:039][  0]LogWindows: EnumDisplayDevices:
[2022.03.02-22.26.27:039][  0]LogWindows:    0. 'Intel(R) UHD Graphics' (P:0 D:0)
[2022.03.02-22.26.27:040][  0]LogWindows:    1. 'Intel(R) UHD Graphics' (P:0 D:0)
[2022.03.02-22.26.27:040][  0]LogWindows:    2. 'Intel(R) UHD Graphics' (P:0 D:0)
[2022.03.02-22.26.27:040][  0]LogWindows:    3. 'NVIDIA GeForce GTX 1660 Ti' (P:1 D:1)
[2022.03.02-22.26.27:040][  0]LogWindows:    4. 'NVIDIA GeForce GTX 1660 Ti' (P:0 D:0)
[2022.03.02-22.26.27:041][  0]LogWindows:    5. 'NVIDIA GeForce GTX 1660 Ti' (P:0 D:0)
[2022.03.02-22.26.27:041][  0]LogWindows:    6. 'NVIDIA GeForce GTX 1660 Ti' (P:0 D:0)
[2022.03.02-22.26.27:041][  0]LogWindows: DebugString: PrimaryIsNotTheChoosenAdapter PrimaryIsNotTheChoosenAdapter PrimaryIsNotTheChoosenAdapter FoundDriverCount:4 
[2022.03.02-22.26.27:041][  0]LogD3D11RHI:     Adapter Name: NVIDIA GeForce GTX 1660 Ti
[2022.03.02-22.26.27:041][  0]LogD3D11RHI:   Driver Version: 497.09 (internal:30.0.14.9709, unified:497.09)
[2022.03.02-22.26.27:041][  0]LogD3D11RHI:      Driver Date: 11-26-2021
[2022.03.02-22.26.27:041][  0]LogRHI: Texture pool is 4193 MB (70% of 5991 MB)
[2022.03.02-22.26.27:041][  0]LogD3D11RHI: Creating D3DDevice using adapter:
[2022.03.02-22.26.27:041][  0]LogD3D11RHI:     Description : NVIDIA GeForce GTX 1660 Ti
[2022.03.02-22.26.27:041][  0]LogD3D11RHI:     VendorId    : 10de
[2022.03.02-22.26.27:041][  0]LogD3D11RHI:     DeviceId    : 2191
[2022.03.02-22.26.27:041][  0]LogD3D11RHI:     SubSysId    : 14421025
[2022.03.02-22.26.27:041][  0]LogD3D11RHI:     Revision    : 00a1
[2022.03.02-22.26.27:041][  0]LogD3D11RHI:     DedicatedVideoMemory : 6282018816 bytes
[2022.03.02-22.26.27:041][  0]LogD3D11RHI:     DedicatedSystemMemory : 0 bytes
[2022.03.02-22.26.27:041][  0]LogD3D11RHI:     SharedSystemMemory : 4206389248 bytes
[2022.03.02-22.26.27:041][  0]LogD3D11RHI:     AdapterLuid : 0 68996
[2022.03.02-22.26.27:121][  0]LogD3D11RHI: RHI has support for 64 bit atomics
[2022.03.02-22.26.27:121][  0]LogD3D11RHI: Async texture creation enabled
[2022.03.02-22.26.27:121][  0]LogD3D11RHI: Array index from any shader is supported
[2022.03.02-22.26.27:123][  0]LogD3D11RHI: HDR output is supported on display 0 (NvId: 0x80061081).
[2022.03.02-22.26.27:154][  0]LogD3D11RHI: GPU Timing Frequency: 1000.000000 (Debug: 2 1)
[2022.03.02-22.26.27:195][  0]LogRHI: GeForceNow SDK initialized: 1
[2022.03.02-22.26.27:631][  0]LogTargetPlatformManager: Display: Loaded TargetPlatform 'WindowsNoEditor'
[2022.03.02-22.26.27:638][  0]LogTargetPlatformManager: Display: Loaded TargetPlatform 'Windows'
[2022.03.02-22.26.27:645][  0]LogTargetPlatformManager: Display: Loaded TargetPlatform 'WindowsClient'
[2022.03.02-22.26.27:654][  0]LogTargetPlatformManager: Display: Loaded TargetPlatform 'WindowsServer'
[2022.03.02-22.26.27:654][  0]LogTargetPlatformManager: Display: Building Assets For Windows
[2022.03.02-22.26.27:670][  0]LogAudioDebug: Display: Lib vorbis DLL was dynamically loaded.
[2022.03.02-22.26.27:727][  0]LogTextureFormatOodle: Display: Oodle Texture 2.9.0 init RDO Off
[2022.03.02-22.26.27:791][  0]LogRendererCore: Ray tracing is disabled. Reason: r.RayTracing=0.
[2022.03.02-22.26.27:791][  0]LogShaderCompilers: Guid format shader working directory is -16 characters bigger than the processId version (../../../../../../PROJECTS/Unreal/Endless-Runner/EndlessRunner/Intermediate/Shaders/WorkingDirectory/1372/).
[2022.03.02-22.26.27:791][  0]LogShaderCompilers: Cleaned the shader compiler working directory 'C:/Users/teodo/AppData/Local/Temp/UnrealShaderWorkingDir/8B450207456E7FE59DA082AFCB89AE1C/'.
[2022.03.02-22.26.27:791][  0]LogXGEController: Cannot use XGE Controller as Incredibuild is not installed on this machine.
[2022.03.02-22.26.27:791][  0]LogShaderCompilers: Cannot use XGE Shader Compiler as Incredibuild is not installed on this machine.
[2022.03.02-22.26.27:791][  0]LogShaderCompilers: Display: Using Local Shader Compiler.
[2022.03.02-22.26.29:183][  0]LogDerivedDataCache: Display: Max Cache Size: 512 MB
[2022.03.02-22.26.29:308][  0]LogDerivedDataCache: Loaded boot cache 0.13s 94MB C:/Users/teodo/AppData/Local/UnrealEngine/4.27/DerivedDataCache/Boot.ddc.
[2022.03.02-22.26.29:308][  0]LogDerivedDataCache: Display: Loaded Boot cache: C:/Users/teodo/AppData/Local/UnrealEngine/4.27/DerivedDataCache/Boot.ddc
[2022.03.02-22.26.29:309][  0]LogDerivedDataCache: FDerivedDataBackendGraph:  Pak pak cache file ../../../../../../PROJECTS/Unreal/Endless-Runner/EndlessRunner/DerivedDataCache/DDC.ddp not found, will not use a pak cache.
[2022.03.02-22.26.29:309][  0]LogDerivedDataCache: Unable to find inner node Pak for hierarchical cache Hierarchy.
[2022.03.02-22.26.29:309][  0]LogDerivedDataCache: FDerivedDataBackendGraph:  CompressedPak pak cache file ../../../../../../PROJECTS/Unreal/Endless-Runner/EndlessRunner/DerivedDataCache/Compressed.ddp not found, will not use a pak cache.
[2022.03.02-22.26.29:309][  0]LogDerivedDataCache: Unable to find inner node CompressedPak for hierarchical cache Hierarchy.
[2022.03.02-22.26.29:336][  0]LogDerivedDataCache: Display: Pak cache opened for reading ../../../Engine/DerivedDataCache/Compressed.ddp.
[2022.03.02-22.26.29:337][  0]LogDerivedDataCache: FDerivedDataBackendGraph:  EnterprisePak pak cache file ../../../Enterprise/DerivedDataCache/Compressed.ddp not found, will not use a pak cache.
[2022.03.02-22.26.29:337][  0]LogDerivedDataCache: Unable to find inner node EnterprisePak for hierarchical cache Hierarchy.
[2022.03.02-22.26.29:351][  0]LogDerivedDataCache: Speed tests for C:/Users/teodo/AppData/Local/UnrealEngine/Common/DerivedDataCache took 0.01 seconds
[2022.03.02-22.26.29:351][  0]LogDerivedDataCache: Display: Performance to C:/Users/teodo/AppData/Local/UnrealEngine/Common/DerivedDataCache: Latency=0.06ms. RandomReadSpeed=185.30MBs, RandomWriteSpeed=113.78MBs. Assigned SpeedClass 'Local'
[2022.03.02-22.26.29:352][  0]LogDerivedDataCache: Using Local data cache path C:/Users/teodo/AppData/Local/UnrealEngine/Common/DerivedDataCache: Writable
[2022.03.02-22.26.29:352][  0]LogDerivedDataCache: Shared data cache path not found in *engine.ini, will not use an Shared cache.
[2022.03.02-22.26.29:352][  0]LogDerivedDataCache: Unable to find inner node Shared for hierarchical cache Hierarchy.
[2022.03.02-22.26.29:408][  0]LogSlate: Using FreeType 2.10.0
[2022.03.02-22.26.29:410][  0]LogSlate: SlateFontServices - WITH_FREETYPE: 1, WITH_HARFBUZZ: 1
[2022.03.02-22.26.29:529][  0]LogInit: Using OS detected language (en-GB).
[2022.03.02-22.26.29:529][  0]LogInit: Using OS detected locale (en-US).
[2022.03.02-22.26.29:529][  0]LogTextLocalizationManager: No localization for 'en-GB' exists, so 'en' will be used for the language.
[2022.03.02-22.26.29:529][  0]LogTextLocalizationManager: No localization for 'en-US' exists, so 'en' will be used for the locale.
[2022.03.02-22.26.29:529][  0]LogSlate: FontCache flush requested. Reason: Culture for localization was changed
[2022.03.02-22.26.29:529][  0]LogSlate: FontCache flush requested. Reason: Culture for localization was changed
[2022.03.02-22.26.29:534][  0]LogTextLocalizationManager: Compacting localization data took   0.01ms
[2022.03.02-22.26.29:534][  0]LogAssetRegistry: FAssetRegistry took 0.0027 seconds to start up
[2022.03.02-22.26.29:774][  0]LogPackageLocalizationCache: Processed 27 localized package path(s) for 1 prioritized culture(s) in 0.001255 seconds
[2022.03.02-22.26.29:869][  0]LogInit: Selected Device Profile: [Windows]
[2022.03.02-22.26.29:870][  0]LogInit: Active device profile: [0000026760D83900][000002675A7E6EC0 49] Windows
[2022.03.02-22.26.29:870][  0]LogInit: Profiles: [0000026760D83900][000002675A7E6EC0 49] Windows, [0000026760D38800][0000026759A39040 49] WindowsNoEditor, [0000026760D80800][0000026759A3D1C0 49] WindowsServer, [0000026760D3AE00][0000026759A41340 49] WindowsClient, [0000026760D82D00][0000026759A454C0 49] IOS, [0000026760D3B400][0000026759A49640 49] iPadAir, [0000026760D83300][000002675A7EB780 49] iPadAir2, [0000026760CD7800][0000026759A519C0 49] IPadPro, [0000026760CD7900][0000026759A4DA00 49] iPadAir3, [0000026760D82F00][0000026759A55B40 49] iPadAir4, [0000026760CD4D00][0000026759A5C140 49] iPadMini2, [0000026760D82700][0000026759A602C0 49] iPadMini3, [0000026760CD6800][0000026759A64440 49] iPadMini4, [0000026760D82900][0000026759A685C0 49] iPadMini5, [0000026760D27100][0000026759B04880 49] iPhone6, [0000026760D27200][0000026759A6C8C0 49] iPodTouch6, [0000026760CD6000][0000026759B0CB80 49] iPhone7, [0000026760CD6100][0000026759B08BC0 49] iPodTouch7, [0000026760D24C00][0000026759B10D40 49] iPhone5S, [0000026760CD7B00][0000026759B14EC0 49] iPhone6Plus, [0000026760D26900][0000026759B19040 49] iPhone6S, [0000026760CD6C00][0000026759B1D1C0 49] iPhone6SPlus, [0000026760D26F00][0000026759B21340 49] iPhone7Plus, [0000026760CD4800][0000026759B254C0 49] iPhoneSE, [0000026760D26200][0000026759B29640 49] iPhone8, [0000026760CD6900][0000026759B2D7C0 49] iPhone8Plus, [0000026760D27500][0000026759A59900 49] iPhoneX, [0000026760CD5A00][0000026759B31A40 49] iPhoneXS, [0000026760D24800][0000026759B35B80 49] iPhoneXSMax, [0000026760CD7000][0000026759B38140 49] iPhoneXR, [0000026760D26A00][0000026759B402C0 49] iPhone11, [0000026760CD4900][0000026759B44440 49] iPhone11Pro, [0000026760D24200][0000026759B485C0 49] iPhone11ProMax, [0000026760CD5D00][0000026759B4C740 49] iPhoneSE2, [0000026760D26600][000002675FF208C0 49] iPhone12Mini, [0000026760CD7F00][000002675FF24A40 49] iPhone12, [0000026760D24F00][000002675FF28BC0 49] iPhone12Pro, [0000026760CD5100][000002675FF2CD40 49] iPhone12ProMax, [0000026760D24D00][000002675FF30EC0 49] iPadPro105, [0000026760CD4C00][000002675FF35040 49] iPadPro129, [0000026760D26C00][000002675FF391C0 49] iPadPro97, [0000026760CD6200][000002675FF3D340 49] iPadPro2_129, [0000026760D25000][000002675FF414C0 49] iPad5, [0000026760CD5C00][000002675FF45640 49] iPad6, [0000026760D26B00][000002675FF497C0 49] iPad7, [0000026760CD4500][000002675FF4D940 49] iPad8, [0000026760D27600][000002675FF51AC0 49] iPadPro11, [0000026760CD4700][0000026759B3DC00 49] iPadPro2_11, [0000026760D25A00][000002675FF541C0 49] iPadPro3_129, [0000026760CD7A00][000002675FF58300 49] iPadPro4_129, [0000026760D25700][000002675FF60480 49] AppleTV, [0000026760CD5E00][000002675FF64600 49] AppleTV4K, [0000026760D25800][000002675FF68780 49] TVOS, [0000026760CD5900][000002675FF6C900 49] Mac, [0000026760D24600][000002675FF70A80 49] MacClient, [0000026760CD5000][000002675FF74C00 49] MacNoEditor, [0000026760D38D00][000002675FF78D80 49] MacServer, [0000026760DB1200][000002675FF7CF00 49] Linux, [0000026760D38C00][000002675FF81080 49] LinuxAArch64, [0000026760DB1C00][000002675FF85200 49] LinuxNoEditor, [0000026760D3A000][000002675FF89380 49] LinuxAArch64NoEditor, [0000026760DB1800][000002675FF8D500 49] LinuxClient, [0000026760D39700][000002675FF91680 49] LinuxAArch64Client, [0000026760DB1B00][000002675FF95800 49] LinuxServer, [0000026760D3A800][000002675FF99980 49] LinuxAArch64Server, [0000026760DB1500][000002675FF9DB00 49] Android, [0000026760D3AA00][000002675FFA0100 49] Android_Low, [0000026760DB1E00][000002675FF5C240 49] Android_Mid, [0000026760D3BB00][000002675FFA4380 49] Android_High, [0000026760DB0E00][000002675FFA84C0 49] Android_Default, [0000026760D38400][000002675FFB0640 49] Android_Adreno4xx, [0000026760DB1A00][000002675FFB47C0 49] Android_Adreno5xx_Low, [0000026760D3B000][000002675FFB8940 49] Android_Adreno5xx, [0000026760DB2000][000002675FFBCAC0 49] Android_Adreno6xx, [0000026760D3B600][000002675FFC0C40 49] Android_Adreno6xx_Vulkan, [0000026760DB3000][000002675FFC4DC0 49] Android_Mali_T6xx, [0000026760D38500][000002675FFC8F40 49] Android_Mali_T7xx, [0000026760DB1F00][000002675FFCD0C0 49] Android_Mali_T8xx, [0000026760D3AD00][000002675FFD1240 49] Android_Mali_G71, [0000026760DB2D00][000002675FFD53C0 49] Android_Mali_G72, [0000026760CD5200][000002675FFD9540 49] Android_Mali_G72_Vulkan, [0000026760DB2100][000002675FFDD6C0 49] Android_Mali_G76, [0000026760CD6700][000002675FFE1840 49] Android_Mali_G76_Vulkan, [0000026760DB2800][000002675FFE59C0 49] Android_Mali_G77, [0000026760CD4E00][000002675FFE9B40 49] Android_Mali_G77_Vulkan, [0000026760DB0D00][000002675FFEC140 49] Android_Mali_G78, [0000026760CD7E00][000002675FFF02C0 49] Android_Mali_G78_Vulkan, [0000026760DB2300][000002675FFAC400 49] Android_Mali_G710, [0000026760CD7500][000002675FFF4540 49] Android_Mali_G710_Vulkan, [0000026760DB2900][000002675FFF8680 49] Android_Vulkan_SM5, [0000026760CD4100][000002675FFFC7C0 49] Android_PowerVR_G6xxx, [0000026760DB1700][0000026760004940 49] Android_PowerVR_GT7xxx, [0000026760CD4F00][0000026760008AC0 49] Android_PowerVR_GE8xxx, [0000026760DB0500][000002676000CC40 49] Android_PowerVR_GM9xxx, [0000026760CD7400][000002675A660DC0 49] Android_PowerVR_GM9xxx_Vulkan, [0000026760DB2500][000002675A664F40 49] Android_TegraK1, [0000026760CD5300][000002675A6690C0 49] Android_Unknown_Vulkan, [0000026760DB0300][000002675A66D240 49] Lumin, [0000026760CD7700][000002675A6713C0 49] Lumin_Desktop, [0000026760DB1100][000002675A675540 49] HoloLens, 
[2022.03.02-22.26.29:948][  0]LogMeshReduction: Using QuadricMeshReduction for automatic static mesh reduction
[2022.03.02-22.26.29:948][  0]LogMeshReduction: Using SimplygonMeshReduction for automatic skeletal mesh reduction
[2022.03.02-22.26.29:948][  0]LogMeshReduction: Using ProxyLODMeshReduction for automatic mesh merging
[2022.03.02-22.26.29:948][  0]LogMeshReduction: No distributed automatic mesh merging module available
[2022.03.02-22.26.29:948][  0]LogMeshMerging: No distributed automatic mesh merging module available
[2022.03.02-22.26.30:121][  0]LogNetVersion: EndlessRunner 1.0.0, NetCL: 17155196, EngineNetVer: 17, GameNetVer: 0 (Checksum: 1331125288)
[2022.03.02-22.26.30:512][  0]LogTexture: Default maximum texture size for cubemaps generated from long-lat sources has been changed from 512 to unlimited. In order to preserve old behaiour for '/Engine/MapTemplates/Sky/DaylightAmbientCubemap.DaylightAmbientCubemap', its maximum texture size has been explicitly set to 512.
[2022.03.02-22.26.30:593][  0]LogHMD: PokeAHoleMaterial loaded successfully
[2022.03.02-22.26.30:779][  0]LogMoviePlayer: Initializing movie player
[2022.03.02-22.26.30:930][  0]LogNiagaraDebuggerClient: Niagara Debugger Client Initialized | Session: 56C7620642B978DDBF148CA610DB8D53 | Instance: 906915B744FBE1AA2513EFA086E4A10F (LAPTOP-BL73FRTF-1372).
[2022.03.02-22.26.30:965][  0]LogCollectionManager: Loaded 0 collections in 0.002042 seconds
[2022.03.02-22.26.30:968][  0]LogFileCache: Scanning file cache for directory 'C:/PROJECTS/Unreal/Endless-Runner/EndlessRunner/Saved/Collections/' took 0.00s
[2022.03.02-22.26.30:968][  0]LogFileCache: Scanning file cache for directory 'C:/PROJECTS/Unreal/Endless-Runner/EndlessRunner/Content/Developers/teodo/Collections/' took 0.00s
[2022.03.02-22.26.30:968][  0]LogFileCache: Scanning file cache for directory 'C:/PROJECTS/Unreal/Endless-Runner/EndlessRunner/Content/Collections/' took 0.00s
[2022.03.02-22.26.30:968][  0]LogCollectionManager: Fixed up redirectors for 0 collections in 0.000003 seconds (updated 0 objects)
[2022.03.02-22.26.31:020][  0]LogPython: Using Python 3.7.7
[2022.03.02-22.26.31:864][  0]LogTcpMessaging: Initializing TcpMessaging bridge
[2022.03.02-22.26.31:871][  0]LogUdpMessaging: Initializing bridge on interface 0.0.0.0:0 to multicast group 230.0.0.1:6666.
[2022.03.02-22.26.32:007][  0]SourceControl: Source control is disabled
[2022.03.02-22.26.32:007][  0]SourceControl: Source control is disabled
[2022.03.02-22.26.32:013][  0]SourceControl: Source control is disabled
[2022.03.02-22.26.32:028][  0]LogUProjectInfo: Found projects:
[2022.03.02-22.26.32:157][  0]LogOpenImageDenoise: OIDN starting up
[2022.03.02-22.26.32:219][  0]LogAndroidPermission: UAndroidPermissionCallbackProxy::GetInstance
[2022.03.02-22.26.32:252][  0]LogAudioCaptureCore: Display: No Audio Capture implementations found. Audio input will be silent.
[2022.03.02-22.26.32:252][  0]LogAudioCaptureCore: Display: No Audio Capture implementations found. Audio input will be silent.
[2022.03.02-22.26.32:360][  0]LogOcInput: OculusInput pre-init called
[2022.03.02-22.26.32:372][  0]LogUObjectArray: 22121 objects as part of root set at end of initial load.
[2022.03.02-22.26.32:372][  0]LogUObjectAllocator: 5975632 out of 0 bytes used by permanent object pool.
[2022.03.02-22.26.32:372][  0]LogUObjectArray: CloseDisregardForGC: 0/0 objects in disregard for GC pool
[2022.03.02-22.26.32:446][  0]LogEngine: Initializing Engine...
[2022.03.02-22.26.32:513][  0]LogHMD: Optional extension XR_VARJO_quad_views is not available
[2022.03.02-22.26.32:513][  0]LogHMD: Warning: Required extension XR_EXT_eye_gaze_interaction is not available
[2022.03.02-22.26.32:513][  0]LogHMD: Could not enable all required OpenXR extensions for OpenXREyeTracker on current system. This plugin will be loaded but ignored, but will be enabled on a target platform that supports the required extension.
[2022.03.02-22.26.33:016][  0]LogHMD: Failed to get an OpenXR system, result is XR_ERROR_FORM_FACTOR_UNAVAILABLE. Please check that your runtime supports VR headsets.
[2022.03.02-22.26.33:016][  0]LogHMD: Failed to initialize OpenVR with code 101
[2022.03.02-22.26.33:016][  0]LogMagicLeap: Warning: VR disabled because ZI is not enabled.  To enable, in the editor, Edit -> Project Settings -> Plugins -> Magic Leap Plugin -> Enable Zero Iteration
[2022.03.02-22.26.33:018][  0]LogStats: UGameplayTagsManager::InitializeManager -  0.000 s
[2022.03.02-22.26.33:195][  0]LogInit: Initializing FReadOnlyCVARCache
[2022.03.02-22.26.33:195][  0]LogAudio: Display: Initializing Audio Device Manager...
[2022.03.02-22.26.33:201][  0]LogAudio: Display: Loading Default Audio Settings Objects...
[2022.03.02-22.26.33:202][  0]LogAudio: Display: No default SoundConcurrencyObject specified (or failed to load).
[2022.03.02-22.26.33:203][  0]LogAudio: Display: Audio Device Manager Initialized
[2022.03.02-22.26.33:203][  0]LogAudio: Display: Creating Audio Device:                 Id: 1, Scope: Shared, Realtime: True
[2022.03.02-22.26.33:203][  0]LogAudioMixer: Display: Audio Mixer Platform Settings:
[2022.03.02-22.26.33:203][  0]LogAudioMixer: Display: 	Sample Rate:						  48000
[2022.03.02-22.26.33:203][  0]LogAudioMixer: Display: 	Callback Buffer Frame Size Requested: 1024
[2022.03.02-22.26.33:203][  0]LogAudioMixer: Display: 	Callback Buffer Frame Size To Use:	  1024
[2022.03.02-22.26.33:203][  0]LogAudioMixer: Display: 	Number of buffers to queue:			  2
[2022.03.02-22.26.33:203][  0]LogAudioMixer: Display: 	Max Channels (voices):				  32
[2022.03.02-22.26.33:203][  0]LogAudioMixer: Display: 	Number of Async Source Workers:		  0
[2022.03.02-22.26.33:203][  0]LogAudio: Display: AudioDevice MaxSources: 32
[2022.03.02-22.26.33:204][  0]LogAudio: Display: Audio Spatialization Plugin: None (built-in).
[2022.03.02-22.26.33:204][  0]LogAudio: Display: Audio Reverb Plugin: None (built-in).
[2022.03.02-22.26.33:204][  0]LogAudio: Display: Audio Occlusion Plugin: None (built-in).
[2022.03.02-22.26.33:204][  0]LogAudioMixer: Display: Initializing audio mixer.
[2022.03.02-22.26.33:232][  0]LogAudioMixer: Display: 0: FrontLeft
[2022.03.02-22.26.33:232][  0]LogAudioMixer: Display: 1: FrontRight
[2022.03.02-22.26.33:423][  0]LogAudioMixer: Display: Using Audio Device Speakers (Realtek(R) Audio)
[2022.03.02-22.26.33:430][  0]LogAudioMixer: Display: Initializing Sound Submixes...
[2022.03.02-22.26.33:435][  0]LogAudioMixer: Display: Creating Master Submix 'MasterSubmixDefault'
[2022.03.02-22.26.33:435][  0]LogAudioMixer: Display: Creating Master Submix 'MasterReverbSubmixDefault'
[2022.03.02-22.26.33:437][  0]LogAudioMixer: Display: Creating Master Submix 'MasterEQSubmixDefault'
[2022.03.02-22.26.33:437][  0]LogAudioMixer: FMixerPlatformXAudio2::StartAudioStream() called
[2022.03.02-22.26.33:437][  0]LogAudioMixer: Display: Output buffers initialized: Frames=1024, Channels=2, Samples=2048
[2022.03.02-22.26.33:438][  0]LogAudioMixer: Display: Starting AudioMixerPlatformInterface::RunInternal()
[2022.03.02-22.26.33:438][  0]LogAudioMixer: Display: FMixerPlatformXAudio2::SubmitBuffer() called for the first time
[2022.03.02-22.26.33:438][  0]LogInit: FAudioDevice initialized.
[2022.03.02-22.26.33:440][  0]LogNetVersion: Set ProjectVersion to 1.0.0.0. Version Checksum will be recalculated on next use.
[2022.03.02-22.26.33:441][  0]LogInit: Texture streaming: Enabled
[2022.03.02-22.26.33:558][  0]LogAudio: Display: Audio Device (ID: 1) registered with world 'Untitled'.
[2022.03.02-22.26.33:559][  0]LogSlate: Updating window title bar state: overlay mode, drag disabled, window buttons hidden, title bar hidden
[2022.03.02-22.26.33:560][  0]LogInit: Display: Game Engine Initialized.
[2022.03.02-22.26.33:560][  0]LogNiagaraEditor: GEditor isn't valid! Particle reset commands will not work for Niagara components!
[2022.03.02-22.26.33:738][  0]LogInit: Display: Starting Game.
[2022.03.02-22.26.33:738][  0]LogNet: Browse: /Game/--NEW--/Maps/ThirdPersonExampleMap?Name=Player
[2022.03.02-22.26.33:739][  0]LogLoad: LoadMap: /Game/--NEW--/Maps/ThirdPersonExampleMap?Name=Player
[2022.03.02-22.26.33:739][  0]LogWorld: BeginTearingDown for /Temp/Untitled_0
[2022.03.02-22.26.33:741][  0]LogWorld: UWorld::CleanupWorld for Untitled, bSessionEnded=true, bCleanupResources=true
[2022.03.02-22.26.33:741][  0]LogSlate: InvalidateAllWidgets triggered.  All widgets were invalidated
[2022.03.02-22.26.33:749][  0]LogAudio: Display: Audio Device unregistered from world 'None'.
[2022.03.02-22.26.33:752][  0]LogUObjectHash: Compacting FUObjectHashTables data took   1.15ms
[2022.03.02-22.26.34:558][  0]LogAudio: Display: Audio Device (ID: 1) registered with world 'ThirdPersonExampleMap'.
[2022.03.02-22.26.34:572][  0]LogAIModule: Creating AISystem for world ThirdPersonExampleMap
[2022.03.02-22.26.34:577][  0]LogLoad: Game class is 'ThirdPersonGameMode_C'
[2022.03.02-22.26.34:867][  0]LogWorld: Bringing World /Game/--NEW--/Maps/ThirdPersonExampleMap.ThirdPersonExampleMap up for play (max tick rate 0) at 2022.03.02-22.26.34
[2022.03.02-22.26.34:868][  0]LogWorld: Bringing up level for play took: 0.290122
[2022.03.02-22.26.34:869][  0]LogGameMode: FindPlayerStart: PATHS NOT DEFINED or NO PLAYERSTART with positive rating
[2022.03.02-22.26.34:877][  0]LogLoad: Took 1.138551 seconds to LoadMap(/Game/--NEW--/Maps/ThirdPersonExampleMap)
[2022.03.02-22.26.34:998][  0]LogSlate: Took 0.000901 seconds to synchronously load lazily loaded font '../../../Engine/Content/Slate/Fonts/Roboto-Regular.ttf' (155K)
[2022.03.02-22.26.35:059][  0]LogRenderer: Reallocating scene render targets to support 1280x720 Format 10 NumSamples 1 (Frame:1).
[2022.03.02-22.26.35:059][  0]LogInit: Display: Engine is initialized. Leaving FEngineLoop::Init()
[2022.03.02-22.26.35:059][  0]LogLoad: (Engine Initialization) Total time: 11.89 seconds
[2022.03.02-22.26.35:059][  0]LogLoad: (Engine Initialization) Total Blueprint compile time: 0.00 seconds
[2022.03.02-22.26.35:107][  0]LogContentStreaming: Texture pool size now 1000 MB
[2022.03.02-22.26.35:116][  0]LogSlate: InvalidateAllWidgets triggered.  All widgets were invalidated
[2022.03.02-22.26.35:335][  0]LogRenderer: Reallocating scene render targets to support 128x128 Format 10 NumSamples 1 (Frame:1).
[2022.03.02-22.26.35:377][  0]LogRenderer: Reallocating scene render targets to support 1280x720 Format 10 NumSamples 1 (Frame:2).
[2022.03.02-22.26.35:401][  1]LogSlate: Took 0.000166 seconds to synchronously load lazily loaded font '../../../Engine/Content/Slate/Fonts/Roboto-Regular.ttf' (155K)
[2022.03.02-22.26.51:202][369]LogBlueprintUserMessages: [ThirdPersonCharacter_167] GAME OVER
[2022.03.02-22.26.54:285][711]LogSlate: Window 'EndlessRunner (64-bit Development PCD3D_SM5) ' being destroyed
[2022.03.02-22.26.54:288][711]LogWindowsTextInputMethodSystem: Display: IME system deactivated.
[2022.03.02-22.26.54:296][711]LogSlate: Updating window title bar state: overlay mode, drag disabled, window buttons hidden, title bar hidden
[2022.03.02-22.26.54:296][711]LogEngine: All Windows Closed
[2022.03.02-22.26.54:297][711]LogWindows: FPlatformMisc::RequestExit(0)
[2022.03.02-22.26.54:297][711]LogWindows: FPlatformMisc::RequestExitWithStatus(0, 0)
[2022.03.02-22.26.54:297][711]LogCore: Engine exit requested (reason: Win RequestExit)
[2022.03.02-22.26.54:297][712]LogCore: Engine exit requested (reason: EngineExit() was called; note: exit was already requested)
[2022.03.02-22.26.54:298][712]LogInit: Display: PreExit Game.
[2022.03.02-22.26.54:323][712]LogWorld: BeginTearingDown for /Game/--NEW--/Maps/ThirdPersonExampleMap
[2022.03.02-22.26.54:326][712]LogWorld: UWorld::CleanupWorld for ThirdPersonExampleMap, bSessionEnded=true, bCleanupResources=true
[2022.03.02-22.26.54:345][712]LogSlate: InvalidateAllWidgets triggered.  All widgets were invalidated
[2022.03.02-22.26.55:033][712]LogAudio: Display: Beginning Audio Device Manager Shutdown (Module: AudioMixerXAudio2)...
[2022.03.02-22.26.55:033][712]LogAudio: Display: Destroying 1 Remaining Audio Device(s)...
[2022.03.02-22.26.55:033][712]LogAudio: Display: Audio Device unregistered from world 'ThirdPersonExampleMap'.
[2022.03.02-22.26.55:037][712]LogAudioMixer: FMixerPlatformXAudio2::StopAudioStream() called
[2022.03.02-22.26.55:038][712]LogAudioMixer: FMixerPlatformXAudio2::StopAudioStream() called
[2022.03.02-22.26.55:049][712]LogAudio: Display: Audio Device Manager Shutdown
[2022.03.02-22.26.55:056][712]LogExit: Preparing to exit.
[2022.03.02-22.26.55:895][712]LogSlate: Updating window title bar state: overlay mode, drag disabled, window buttons hidden, title bar hidden
[2022.03.02-22.26.55:904][712]LogUObjectHash: Compacting FUObjectHashTables data took   2.24ms
[2022.03.02-22.26.55:941][712]LogMoviePlayer: Shutting down movie player
[2022.03.02-22.26.56:063][712]LogDemo: Cleaned up 0 splitscreen connections with owner deletion
[2022.03.02-22.26.56:072][712]LogExit: Game engine shut down
[2022.03.02-22.26.56:235][712]LogExit: Object subsystem successfully closed.
[2022.03.02-22.26.56:252][712]LogShaderCompilers: Display: === FShaderJobCache stats ===
[2022.03.02-22.26.56:252][712]LogShaderCompilers: Display: Total job queries 0, among them cache hits 0 (0.00%)
[2022.03.02-22.26.56:252][712]LogShaderCompilers: Display: Tracking 0 distinct input hashes that result in 0 distinct outputs (0.00%)
[2022.03.02-22.26.56:252][712]LogShaderCompilers: Display: RAM used: 0.00 MB (0.00 GB) of 409.60 MB (0.40 GB) budget. Usage: 0.00%
[2022.03.02-22.26.56:252][712]LogShaderCompilers: Display: ================================================
[2022.03.02-22.26.56:273][712]LogShaderCompilers: Display: Shaders left to compile 0
[2022.03.02-22.26.56:325][712]LogModuleManager: Shutting down and abandoning module SequenceRecorderSections (560)
[2022.03.02-22.26.56:325][712]LogModuleManager: Shutting down and abandoning module SequenceRecorder (558)
[2022.03.02-22.26.56:325][712]LogModuleManager: Shutting down and abandoning module AutomationController (556)
[2022.03.02-22.26.56:326][712]LogModuleManager: Shutting down and abandoning module AutomationWorker (554)
[2022.03.02-22.26.56:327][712]LogModuleManager: Shutting down and abandoning module Voice (552)
[2022.03.02-22.26.56:327][712]LogModuleManager: Shutting down and abandoning module AIModule (550)
[2022.03.02-22.26.56:327][712]LogModuleManager: Shutting down and abandoning module GameplayDebugger (549)
[2022.03.02-22.26.56:328][712]LogModuleManager: Shutting down and abandoning module AITestSuite (547)
[2022.03.02-22.26.56:328][712]LogModuleManager: Shutting down and abandoning module NavigationSystem (545)
[2022.03.02-22.26.56:328][712]LogModuleManager: Shutting down and abandoning module AnimGraph (542)
[2022.03.02-22.26.56:328][712]LogModuleManager: Shutting down and abandoning module SteamVREditor (540)
[2022.03.02-22.26.56:328][712]LogModuleManager: Shutting down and abandoning module ToolMenus (539)
[2022.03.02-22.26.56:328][712]LogModuleManager: Shutting down and abandoning module OculusMR (536)
[2022.03.02-22.26.56:328][712]LogModuleManager: Shutting down and abandoning module OpenXRInput (534)
[2022.03.02-22.26.56:329][712]LogModuleManager: Shutting down and abandoning module TakeRecorderSources (532)
[2022.03.02-22.26.56:330][712]LogModuleManager: Shutting down and abandoning module TakeRecorder (531)
[2022.03.02-22.26.56:331][712]LogModuleManager: Shutting down and abandoning module TakeTrackRecorders (528)
[2022.03.02-22.26.56:331][712]LogModuleManager: Shutting down and abandoning module TakesCore (526)
[2022.03.02-22.26.56:331][712]LogModuleManager: Shutting down and abandoning module WmfMediaFactory (524)
[2022.03.02-22.26.56:332][712]LogModuleManager: Shutting down and abandoning module WebMMediaFactory (522)
[2022.03.02-22.26.56:332][712]LogModuleManager: Shutting down and abandoning module WebMMedia (520)
[2022.03.02-22.26.56:332][712]LogModuleManager: Shutting down and abandoning module OpenExrWrapper (518)
[2022.03.02-22.26.56:332][712]LogModuleManager: Shutting down and abandoning module ImgMediaFactory (516)
[2022.03.02-22.26.56:332][712]LogModuleManager: Shutting down and abandoning module AvfMediaFactory (514)
[2022.03.02-22.26.56:332][712]LogModuleManager: Shutting down and abandoning module MagicLeapMediaCodecFactory (512)
[2022.03.02-22.26.56:332][712]LogModuleManager: Shutting down and abandoning module MagicLeapMediaFactory (510)
[2022.03.02-22.26.56:332][712]LogModuleManager: Shutting down and abandoning module PlanarCut (508)
[2022.03.02-22.26.56:332][712]LogModuleManager: Shutting down and abandoning module CharacterAI (506)
[2022.03.02-22.26.56:332][712]LogModuleManager: Shutting down and abandoning module SessionServices (504)
[2022.03.02-22.26.56:332][712]LogModuleManager: Shutting down and abandoning module MovieSceneCapture (502)
[2022.03.02-22.26.56:333][712]LogModuleManager: Shutting down and abandoning module LiveCoding (500)
[2022.03.02-22.26.56:333][712]LogModuleManager: Shutting down and abandoning module LevelSequence (498)
[2022.03.02-22.26.56:333][712]LogModuleManager: Shutting down and abandoning module MovieSceneTracks (496)
[2022.03.02-22.26.56:333][712]LogModuleManager: Shutting down and abandoning module MovieScene (494)
[2022.03.02-22.26.56:334][712]LogModuleManager: Shutting down and abandoning module StreamingPauseRendering (492)
[2022.03.02-22.26.56:335][712]LogModuleManager: Shutting down and abandoning module PortalServices (490)
[2022.03.02-22.26.56:335][712]LogModuleManager: Shutting down and abandoning module PortalRpc (488)
[2022.03.02-22.26.56:335][712]LogModuleManager: Shutting down and abandoning module MessagingRpc (486)
[2022.03.02-22.26.56:335][712]LogModuleManager: Shutting down and abandoning module AudioMixerXAudio2 (484)
[2022.03.02-22.26.56:335][712]LogModuleManager: Shutting down and abandoning module AudioMixerCore (483)
[2022.03.02-22.26.56:335][712]LogModuleManager: Shutting down and abandoning module ImageWriteQueue (480)
[2022.03.02-22.26.56:339][712]LogModuleManager: Shutting down and abandoning module ProfilerService (478)
[2022.03.02-22.26.56:433][712]LogModuleManager: Shutting down and abandoning module TaskGraph (476)
[2022.03.02-22.26.56:434][712]LogModuleManager: Shutting down and abandoning module OculusInput (474)
[2022.03.02-22.26.56:434][712]LogModuleManager: Shutting down and abandoning module Synthesis (472)
[2022.03.02-22.26.56:435][712]LogModuleManager: Shutting down and abandoning module ProceduralMeshComponent (470)
[2022.03.02-22.26.56:435][712]LogModuleManager: Shutting down and abandoning module MobilePatchingUtils (468)
[2022.03.02-22.26.56:435][712]LogModuleManager: Shutting down and abandoning module GooglePAD (466)
[2022.03.02-22.26.56:435][712]LogModuleManager: Shutting down and abandoning module EditableMesh (464)
[2022.03.02-22.26.56:435][712]LogModuleManager: Shutting down and abandoning module CableComponent (462)
[2022.03.02-22.26.56:435][712]LogModuleManager: Shutting down and abandoning module CustomMeshComponent (460)
[2022.03.02-22.26.56:435][712]LogModuleManager: Shutting down and abandoning module AudioCapture (458)
[2022.03.02-22.26.56:435][712]LogModuleManager: Shutting down and abandoning module AudioCaptureRtAudio (457)
[2022.03.02-22.26.56:436][712]LogModuleManager: Shutting down and abandoning module AssetTags (454)
[2022.03.02-22.26.56:436][712]LogModuleManager: Shutting down and abandoning module ArchVisCharacter (452)
[2022.03.02-22.26.56:436][712]LogModuleManager: Shutting down and abandoning module AppleImageUtilsBlueprintSupport (450)
[2022.03.02-22.26.56:436][712]LogModuleManager: Shutting down and abandoning module AppleImageUtils (448)
[2022.03.02-22.26.56:436][712]LogModuleManager: Shutting down and abandoning module AndroidPermission (446)
[2022.03.02-22.26.56:436][712]LogModuleManager: Shutting down and abandoning module ActorLayerUtilities (444)
[2022.03.02-22.26.56:436][712]LogModuleManager: Shutting down and abandoning module TakeMovieScene (442)
[2022.03.02-22.26.56:436][712]LogModuleManager: Shutting down and abandoning module TemplateSequence (440)
[2022.03.02-22.26.56:436][712]LogModuleManager: Shutting down and abandoning module MediaCompositing (438)
[2022.03.02-22.26.56:436][712]LogModuleManager: Shutting down and abandoning module ImgMedia (436)
[2022.03.02-22.26.56:436][712]LogModuleManager: Shutting down and abandoning module MagicLeapSharedWorld (434)
[2022.03.02-22.26.56:436][712]LogModuleManager: Shutting down and abandoning module MagicLeapLightEstimation (432)
[2022.03.02-22.26.56:436][712]LogModuleManager: Shutting down and abandoning module MagicLeapHelperVulkan (430)
[2022.03.02-22.26.56:436][712]LogModuleManager: Shutting down and abandoning module MagicLeapHelperOpenGL (428)
[2022.03.02-22.26.56:436][712]LogModuleManager: Shutting down and abandoning module MagicLeapAudio (426)
[2022.03.02-22.26.56:436][712]LogModuleManager: Shutting down and abandoning module MotoSynth (424)
[2022.03.02-22.26.56:436][712]LogModuleManager: Shutting down and abandoning module OpenImageDenoise (422)
[2022.03.02-22.26.56:436][712]LogOpenImageDenoise: OIDN shutting down
[2022.03.02-22.26.56:436][712]LogModuleManager: Shutting down and abandoning module MeshConversion (420)
[2022.03.02-22.26.56:437][712]LogModuleManager: Shutting down and abandoning module DynamicMesh (418)
[2022.03.02-22.26.56:437][712]LogModuleManager: Shutting down and abandoning module GeometryAlgorithms (416)
[2022.03.02-22.26.56:438][712]LogModuleManager: Shutting down and abandoning module GeometricObjects (414)
[2022.03.02-22.26.56:438][712]LogModuleManager: Shutting down and abandoning module GeometryCacheTracks (412)
[2022.03.02-22.26.56:438][712]LogModuleManager: Shutting down and abandoning module GeometryCacheSequencer (411)
[2022.03.02-22.26.56:439][712]LogModuleManager: Shutting down and abandoning module GeometryCache (408)
[2022.03.02-22.26.56:439][712]LogModuleManager: Shutting down and abandoning module GeometryCacheEd (407)
[2022.03.02-22.26.56:439][712]LogModuleManager: Shutting down and abandoning module GeometryCollectionTracks (404)
[2022.03.02-22.26.56:439][712]LogModuleManager: Shutting down and abandoning module GeometryCollectionSequencer (403)
[2022.03.02-22.26.56:439][712]LogModuleManager: Shutting down and abandoning module ChaosNiagara (400)
[2022.03.02-22.26.56:439][712]LogModuleManager: Shutting down and abandoning module FieldSystemEngine (399)
[2022.03.02-22.26.56:439][712]LogModuleManager: Shutting down and abandoning module VisualStudioCodeSourceCodeAccess (396)
[2022.03.02-22.26.56:439][712]LogModuleManager: Shutting down and abandoning module BackChannel (394)
[2022.03.02-22.26.56:439][712]LogModuleManager: Shutting down and abandoning module AutomationUtils (392)
[2022.03.02-22.26.56:439][712]LogModuleManager: Shutting down and abandoning module OodleNetworkHandlerComponent (390)
[2022.03.02-22.26.56:439][712]LogModuleManager: Shutting down and abandoning module VisualStudioSourceCodeAccess (388)
[2022.03.02-22.26.56:440][712]LogModuleManager: Shutting down and abandoning module HotReload (387)
[2022.03.02-22.26.56:440][712]LogModuleManager: Shutting down and abandoning module UObjectPlugin (384)
[2022.03.02-22.26.56:440][712]LogModuleManager: Shutting down and abandoning module SubversionSourceControl (382)
[2022.03.02-22.26.56:441][712]LogModuleManager: Shutting down and abandoning module PerforceSourceControl (380)
[2022.03.02-22.26.56:442][712]LogModuleManager: Shutting down and abandoning module SourceControl (379)
[2022.03.02-22.26.56:443][712]LogModuleManager: Shutting down and abandoning module CLionSourceCodeAccess (376)
[2022.03.02-22.26.56:443][712]LogModuleManager: Shutting down and abandoning module LiveLinkSequencer (374)
[2022.03.02-22.26.56:443][712]LogModuleManager: Shutting down and abandoning module LiveLinkMovieScene (372)
[2022.03.02-22.26.56:443][712]LogModuleManager: Shutting down and abandoning module LiveLinkGraphNode (370)
[2022.03.02-22.26.56:443][712]LogModuleManager: Shutting down and abandoning module LiveLinkComponents (368)
[2022.03.02-22.26.56:443][712]LogModuleManager: Shutting down and abandoning module LiveLink (366)
[2022.03.02-22.26.56:946][712]LogModuleManager: Shutting down and abandoning module SoundFields (364)
[2022.03.02-22.26.56:947][712]LogModuleManager: Shutting down and abandoning module SignificanceManager (362)
[2022.03.02-22.26.56:947][712]LogModuleManager: Shutting down and abandoning module RuntimePhysXCooking (360)
[2022.03.02-22.26.56:947][712]LogModuleManager: Shutting down and abandoning module PropertyAccessEditor (358)
[2022.03.02-22.26.56:947][712]LogModuleManager: Shutting down and abandoning module PhysXVehiclesEditor (356)
[2022.03.02-22.26.56:947][712]LogModuleManager: Shutting down and abandoning module LocationServicesBPLibrary (352)
[2022.03.02-22.26.56:947][712]LogModuleManager: Shutting down and abandoning module AudioSynesthesia (350)
[2022.03.02-22.26.56:947][712]LogModuleManager: Shutting down and abandoning module AudioSynesthesiaCore (348)
[2022.03.02-22.26.56:948][712]LogModuleManager: Shutting down and abandoning module ActorSequence (346)
[2022.03.02-22.26.56:948][712]LogModuleManager: Shutting down and abandoning module UdpMessaging (344)
[2022.03.02-22.26.57:049][712]LogModuleManager: Shutting down and abandoning module TcpMessaging (342)
[2022.03.02-22.26.57:150][712]LogModuleManager: Shutting down and abandoning module ImgMediaEngine (340)
[2022.03.02-22.26.57:150][712]LogModuleManager: Shutting down and abandoning module MagicLeapARPin (338)
[2022.03.02-22.26.57:150][712]LogModuleManager: Shutting down and abandoning module MagicLeapHandMeshing (336)
[2022.03.02-22.26.57:150][712]LogModuleManager: Shutting down and abandoning module MagicLeapSecureStorage (334)
[2022.03.02-22.26.57:150][712]LogModuleManager: Shutting down and abandoning module MagicLeapPrivileges (332)
[2022.03.02-22.26.57:151][712]LogModuleManager: Shutting down and abandoning module MagicLeapPlanes (330)
[2022.03.02-22.26.57:152][712]LogMagicLeapPlanes: Planes tracker already destroyed.
[2022.03.02-22.26.57:152][712]LogModuleManager: Shutting down and abandoning module MagicLeapImageTracker (328)
[2022.03.02-22.26.57:152][712]LogModuleManager: Shutting down and abandoning module MagicLeapIdentity (326)
[2022.03.02-22.26.57:152][712]LogModuleManager: Shutting down and abandoning module MagicLeapHandTracking (324)
[2022.03.02-22.26.57:152][712]LogModuleManager: Shutting down and abandoning module MagicLeapEyeTracker (322)
[2022.03.02-22.26.57:153][712]LogModuleManager: Shutting down and abandoning module MagicLeapController (320)
[2022.03.02-22.26.57:153][712]LogModuleManager: Shutting down and abandoning module MagicLeapARPinImpl (318)
[2022.03.02-22.26.57:153][712]LogModuleManager: Shutting down and abandoning module MagicLeapAR (316)
[2022.03.02-22.26.57:153][712]LogModuleManager: Shutting down and abandoning module PythonScriptPlugin (314)
[2022.03.02-22.26.57:153][712]LogModuleManager: Shutting down and abandoning module FacialAnimation (312)
[2022.03.02-22.26.57:153][712]LogModuleManager: Shutting down and abandoning module GameplayTagsEditor (310)
[2022.03.02-22.26.57:154][712]LogModuleManager: Shutting down and abandoning module AssetManagerEditor (308)
[2022.03.02-22.26.57:154][712]LogModuleManager: Shutting down and abandoning module TreeMap (307)
[2022.03.02-22.26.57:155][712]LogModuleManager: Shutting down and abandoning module NiagaraAnimNotifies (304)
[2022.03.02-22.26.57:155][712]LogModuleManager: Shutting down and abandoning module Niagara (302)
[2022.03.02-22.26.57:156][712]LogModuleManager: Shutting down and abandoning module SignalProcessing (301)
[2022.03.02-22.26.57:156][712]LogModuleManager: Shutting down and abandoning module NiagaraEditor (299)
[2022.03.02-22.26.57:158][712]LogModuleManager: Shutting down and abandoning module ContentBrowser (298)
[2022.03.02-22.26.57:159][712]LogModuleManager: Shutting down and abandoning module CollectionManager (297)
[2022.03.02-22.26.57:161][712]LogModuleManager: Shutting down and abandoning module DirectoryWatcher (296)
[2022.03.02-22.26.57:161][712]LogModuleManager: Shutting down and abandoning module ContentBrowserData (293)
[2022.03.02-22.26.57:161][712]LogModuleManager: Shutting down and abandoning module NiagaraCore (288)
[2022.03.02-22.26.57:161][712]LogModuleManager: Shutting down and abandoning module GameplayCameras (286)
[2022.03.02-22.26.57:161][712]LogModuleManager: Shutting down and abandoning module PropertyAccessNode (284)
[2022.03.02-22.26.57:161][712]LogModuleManager: Shutting down and abandoning module AnimationSharing (282)
[2022.03.02-22.26.57:161][712]LogModuleManager: Shutting down and abandoning module LightPropagationVolumeRuntime (280)
[2022.03.02-22.26.57:161][712]LogModuleManager: Shutting down and abandoning module EnvironmentQueryEditor (278)
[2022.03.02-22.26.57:163][712]LogModuleManager: Shutting down and abandoning module Paper2D (276)
[2022.03.02-22.26.57:163][712]LogModuleManager: Shutting down and abandoning module WindowsMoviePlayer (274)
[2022.03.02-22.26.57:166][712]LogModuleManager: Shutting down and abandoning module WebMMoviePlayer (272)
[2022.03.02-22.26.57:166][712]LogModuleManager: Shutting down and abandoning module NetworkReplayStreaming (270)
[2022.03.02-22.26.57:167][712]LogModuleManager: Shutting down and abandoning module PacketHandler (268)
[2022.03.02-22.26.57:167][712]LogModuleManager: Shutting down and abandoning module ClothingSystemEditor (266)
[2022.03.02-22.26.57:167][712]LogModuleManager: Shutting down and abandoning module ClothingSystemRuntimeNv (264)
[2022.03.02-22.26.57:168][712]LogModuleManager: Shutting down and abandoning module MediaAssets (262)
[2022.03.02-22.26.57:168][712]LogModuleManager: Shutting down and abandoning module Overlay (260)
[2022.03.02-22.26.57:168][712]LogModuleManager: Shutting down and abandoning module OverlayEditor (259)
[2022.03.02-22.26.57:168][712]LogModuleManager: Shutting down and abandoning module VREditor (256)
[2022.03.02-22.26.57:169][712]LogModuleManager: Shutting down and abandoning module StringTableEditor (254)
[2022.03.02-22.26.57:169][712]LogModuleManager: Shutting down and abandoning module GameplayTasksEditor (252)
[2022.03.02-22.26.57:169][712]LogModuleManager: Shutting down and abandoning module BehaviorTreeEditor (250)
[2022.03.02-22.26.57:171][712]LogModuleManager: Shutting down and abandoning module FunctionalTesting (248)
[2022.03.02-22.26.57:171][712]LogModuleManager: Shutting down and abandoning module CollisionAnalyzer (246)
[2022.03.02-22.26.57:172][712]LogModuleManager: Shutting down and abandoning module WorkspaceMenuStructure (245)
[2022.03.02-22.26.57:172][712]LogModuleManager: Shutting down and abandoning module UMG (242)
[2022.03.02-22.26.57:173][712]LogModuleManager: Shutting down and abandoning module UMGEditor (241)
[2022.03.02-22.26.57:175][712]LogModuleManager: Shutting down and abandoning module Sequencer (240)
[2022.03.02-22.26.57:177][712]LogModuleManager: Shutting down and abandoning module MessageLog (237)
[2022.03.02-22.26.57:177][712]LogModuleManager: Shutting down and abandoning module SlateReflector (232)
[2022.03.02-22.26.57:180][712]LogModuleManager: Shutting down and abandoning module Slate (230)
[2022.03.02-22.26.57:180][712]LogModuleManager: Shutting down and abandoning module SlateCore (228)
[2022.03.02-22.26.57:183][712]LogModuleManager: Shutting down and abandoning module LandscapeEditorUtilities (226)
[2022.03.02-22.26.57:183][712]LogModuleManager: Shutting down and abandoning module UnrealEd (224)
[2022.03.02-22.26.57:183][712]LogModuleManager: Shutting down and abandoning module MRMesh (222)
[2022.03.02-22.26.57:183][712]LogModuleManager: Shutting down and abandoning module Messaging (220)
[2022.03.02-22.26.57:183][712]LogModuleManager: Shutting down and abandoning module SourceCodeAccess (218)
[2022.03.02-22.26.57:183][712]LogModuleManager: Shutting down and abandoning module HeadMountedDisplay (216)
[2022.03.02-22.26.57:183][712]LogModuleManager: Shutting down and abandoning module XAudio2 (214)
[2022.03.02-22.26.57:183][712]LogModuleManager: Shutting down and abandoning module Networking (212)
[2022.03.02-22.26.57:183][712]LogModuleManager: Shutting down and abandoning module Core (210)
[2022.03.02-22.26.57:183][712]LogModuleManager: Shutting down and abandoning module MaterialEditor (208)
[2022.03.02-22.26.57:184][712]LogModuleManager: Shutting down and abandoning module MovieSceneTools (206)
[2022.03.02-22.26.57:185][712]LogModuleManager: Shutting down and abandoning module EditorStyle (205)
[2022.03.02-22.26.57:186][712]LogModuleManager: Shutting down and abandoning module KismetCompiler (202)
[2022.03.02-22.26.57:186][712]LogModuleManager: Shutting down and abandoning module MeshBuilder (200)
[2022.03.02-22.26.57:186][712]LogModuleManager: Shutting down and abandoning module MeshUtilities (198)
[2022.03.02-22.26.57:187][712]LogModuleManager: Shutting down and abandoning module MeshMergeUtilities (197)
[2022.03.02-22.26.57:187][712]LogModuleManager: Shutting down and abandoning module MeshReductionInterface (196)
[2022.03.02-22.26.57:187][712]LogModuleManager: Shutting down and abandoning module MeshBoneReduction (195)
[2022.03.02-22.26.57:187][712]LogModuleManager: Shutting down and abandoning module SkeletalMeshReduction (193)
[2022.03.02-22.26.57:188][712]LogModuleManager: Shutting down and abandoning module ProxyLODMeshReduction (191)
[2022.03.02-22.26.57:189][712]LogModuleManager: Shutting down and abandoning module QuadricMeshReduction (189)
[2022.03.02-22.26.57:189][712]LogModuleManager: Shutting down and abandoning module MaterialBaking (185)
[2022.03.02-22.26.57:189][712]LogModuleManager: Shutting down and abandoning module NullInstallBundleManager (180)
[2022.03.02-22.26.57:189][712]LogModuleManager: Shutting down and abandoning module PIEPreviewDeviceProfileSelector (178)
[2022.03.02-22.26.57:190][712]LogModuleManager: Shutting down and abandoning module DerivedDataCache (176)
[2022.03.02-22.26.57:190][712]LogModuleManager: Shutting down and abandoning module TargetPlatform (174)
[2022.03.02-22.26.57:190][712]LogModuleManager: Shutting down and abandoning module VulkanShaderFormat (173)
[2022.03.02-22.26.57:192][712]LogModuleManager: Shutting down and abandoning module ShaderFormatVectorVM (171)
[2022.03.02-22.26.57:193][712]LogModuleManager: Shutting down and abandoning module ShaderFormatOpenGL (169)
[2022.03.02-22.26.57:193][712]LogModuleManager: Shutting down and abandoning module ShaderFormatD3D (167)
[2022.03.02-22.26.57:193][712]LogModuleManager: Shutting down and abandoning module MetalShaderFormat (165)
[2022.03.02-22.26.57:194][712]LogModuleManager: Shutting down and abandoning module TextureFormatOodle (163)
[2022.03.02-22.26.57:194][712]LogModuleManager: Shutting down and abandoning module TextureFormatUncompressed (161)
[2022.03.02-22.26.57:194][712]LogModuleManager: Shutting down and abandoning module TextureFormatPVR (159)
[2022.03.02-22.26.57:194][712]LogModuleManager: Shutting down and abandoning module TextureFormatETC2 (157)
[2022.03.02-22.26.57:194][712]LogModuleManager: Shutting down and abandoning module TextureFormatDXT (155)
[2022.03.02-22.26.57:195][712]LogModuleManager: Shutting down and abandoning module TextureFormatIntelISPCTexComp (153)
[2022.03.02-22.26.57:195][712]LogModuleManager: Shutting down and abandoning module TextureFormatASTC (151)
[2022.03.02-22.26.57:195][712]LogModuleManager: Shutting down and abandoning module ImageWrapper (150)
[2022.03.02-22.26.57:195][712]LogModuleManager: Shutting down and abandoning module AudioFormatOpus (147)
[2022.03.02-22.26.57:195][712]LogModuleManager: Shutting down and abandoning module AudioFormatOgg (145)
[2022.03.02-22.26.57:195][712]LogModuleManager: Shutting down and abandoning module AudioFormatADPCM (143)
[2022.03.02-22.26.57:196][712]LogModuleManager: Shutting down and abandoning module WindowsServerTargetPlatform (141)
[2022.03.02-22.26.57:196][712]LogModuleManager: Shutting down and abandoning module WindowsClientTargetPlatform (139)
[2022.03.02-22.26.57:196][712]LogModuleManager: Shutting down and abandoning module WindowsTargetPlatform (137)
[2022.03.02-22.26.57:196][712]LogModuleManager: Shutting down and abandoning module WindowsNoEditorTargetPlatform (135)
[2022.03.02-22.26.57:196][712]LogModuleManager: Shutting down and abandoning module D3D11RHI (132)
[2022.03.02-22.26.57:196][712]LogModuleManager: Shutting down and abandoning module InputCore (130)
[2022.03.02-22.26.57:196][712]LogModuleManager: Shutting down and abandoning module Settings (128)
[2022.03.02-22.26.57:196][712]LogModuleManager: Shutting down and abandoning module PhysXCooking (126)
[2022.03.02-22.26.57:196][712]LogModuleManager: Shutting down and abandoning module Chaos (124)
[2022.03.02-22.26.57:196][712]LogModuleManager: Shutting down and abandoning module WindowsPlatformFeatures (122)
[2022.03.02-22.26.57:196][712]LogModuleManager: Shutting down and abandoning module GameplayMediaEncoder (121)
[2022.03.02-22.26.57:197][712]LogModuleManager: Shutting down and abandoning module AVEncoder (120)
[2022.03.02-22.26.57:197][712]LogModuleManager: Shutting down and abandoning module SteamVRInputDevice (116)
[2022.03.02-22.26.57:197][712]LogModuleManager: Shutting down and abandoning module SteamVRInput (114)
[2022.03.02-22.26.57:197][712]LogModuleManager: Shutting down and abandoning module SteamVR (112)
[2022.03.02-22.26.57:197][712]LogHMD: Freeing OpenVRDLLHandle.
[2022.03.02-22.26.57:197][712]LogModuleManager: Shutting down and abandoning module OculusHMD (110)
[2022.03.02-22.26.57:198][712]LogModuleManager: Shutting down and abandoning module OpenXRAR (108)
[2022.03.02-22.26.57:198][712]LogModuleManager: Shutting down and abandoning module AugmentedReality (107)
[2022.03.02-22.26.57:198][712]LogModuleManager: Shutting down and abandoning module OpenXRHandTracking (104)
[2022.03.02-22.26.57:198][712]LogSlate: Slate User Destroyed.  User Index 0, Is Virtual User: 0
[2022.03.02-22.26.57:198][712]LogModuleManager: Shutting down and abandoning module OpenXRHMD (103)
[2022.03.02-22.26.57:207][712]LogModuleManager: Shutting down and abandoning module OpenXREyeTracker (100)
[2022.03.02-22.26.57:207][712]LogModuleManager: Shutting down and abandoning module ExampleDeviceProfileSelector (98)
[2022.03.02-22.26.57:207][712]LogModuleManager: Shutting down and abandoning module ChunkDownloader (96)
[2022.03.02-22.26.57:207][712]LogModuleManager: Shutting down and abandoning module LauncherChunkInstaller (94)
[2022.03.02-22.26.57:207][712]LogModuleManager: Shutting down and abandoning module OnlineBlueprintSupport (92)
[2022.03.02-22.26.57:207][712]LogModuleManager: Shutting down and abandoning module OnlineSubsystem (88)
[2022.03.02-22.26.57:208][712]LogModuleManager: Shutting down and abandoning module XMPP (83)
[2022.03.02-22.26.57:210][712]LogModuleManager: Shutting down and abandoning module WebSockets (82)
[2022.03.02-22.26.57:231][712]LogModuleManager: Shutting down and abandoning module HTTP (79)
[2022.03.02-22.26.57:231][712]LogHttp: Display: cleaning up 0 outstanding Http requests.
[2022.03.02-22.26.57:262][712]LogModuleManager: Shutting down and abandoning module SSL (78)
[2022.03.02-22.26.57:263][712]LogModuleManager: Shutting down and abandoning module WmfMedia (74)
[2022.03.02-22.26.57:265][712]LogModuleManager: Shutting down and abandoning module Media (73)
[2022.03.02-22.26.57:266][712]LogModuleManager: Shutting down and abandoning module MediaInfo (72)
[2022.03.02-22.26.57:266][712]LogModuleManager: Shutting down and abandoning module ExrReaderGpu (68)
[2022.03.02-22.26.57:267][712]LogModuleManager: Shutting down and abandoning module MLSDK (66)
[2022.03.02-22.26.57:267][712]LogModuleManager: Shutting down and abandoning module VariantManagerContent (64)
[2022.03.02-22.26.57:267][712]LogModuleManager: Shutting down and abandoning module MagicLeap (62)
[2022.03.02-22.26.57:267][712]LogModuleManager: Shutting down and abandoning module DatasmithContent (60)
[2022.03.02-22.26.57:268][712]LogModuleManager: Shutting down and abandoning module ChaosCloth (58)
[2022.03.02-22.26.57:268][712]LogModuleManager: Shutting down and abandoning module NiagaraVertexFactories (56)
[2022.03.02-22.26.57:268][712]LogModuleManager: Shutting down and abandoning module NiagaraShader (54)
[2022.03.02-22.26.57:268][712]LogModuleManager: Shutting down and abandoning module PixWinPlugin (52)
[2022.03.02-22.26.57:269][712]LogModuleManager: Shutting down and abandoning module AISupportModule (50)
[2022.03.02-22.26.57:269][712]LogModuleManager: Shutting down and abandoning module DesktopPlatform (48)
[2022.03.02-22.26.57:269][712]LogModuleManager: Shutting down and abandoning module PythonScriptPluginPreload (46)
[2022.03.02-22.26.57:269][712]LogModuleManager: Shutting down and abandoning module PlatformCryptoOpenSSL (44)
[2022.03.02-22.26.57:270][712]LogModuleManager: Shutting down and abandoning module PlatformCryptoTypes (42)
[2022.03.02-22.26.57:270][712]LogModuleManager: Shutting down and abandoning module PlatformCrypto (40)
[2022.03.02-22.26.57:270][712]LogModuleManager: Shutting down and abandoning module OodleDataCompressionFormat (38)
[2022.03.02-22.26.57:270][712]LogModuleManager: Shutting down and abandoning module XGEController (36)
[2022.03.02-22.26.57:271][712]LogModuleManager: Shutting down and abandoning module AnimationModifiers (34)
[2022.03.02-22.26.57:271][712]LogModuleManager: Shutting down and abandoning module AudioEditor (32)
[2022.03.02-22.26.57:273][712]LogModuleManager: Shutting down and abandoning module PropertyEditor (31)
[2022.03.02-22.26.57:273][712]LogModuleManager: Shutting down and abandoning module TextureCompressor (28)
[2022.03.02-22.26.57:273][712]LogModuleManager: Shutting down and abandoning module RenderCore (26)
[2022.03.02-22.26.57:273][712]LogModuleManager: Shutting down and abandoning module Landscape (24)
[2022.03.02-22.26.57:274][712]LogModuleManager: Shutting down and abandoning module SlateRHIRenderer (22)
[2022.03.02-22.26.57:274][712]LogModuleManager: Shutting down and abandoning module AnimGraphRuntime (20)
[2022.03.02-22.26.57:275][712]LogModuleManager: Shutting down and abandoning module Renderer (18)
[2022.03.02-22.26.57:275][712]LogModuleManager: Shutting down and abandoning module Engine (16)
[2022.03.02-22.26.57:275][712]LogModuleManager: Shutting down and abandoning module CoreUObject (14)
[2022.03.02-22.26.57:275][712]LogModuleManager: Shutting down and abandoning module NetworkFile (12)
[2022.03.02-22.26.57:275][712]LogModuleManager: Shutting down and abandoning module CookedIterativeFile (10)
[2022.03.02-22.26.57:276][712]LogModuleManager: Shutting down and abandoning module StreamingFile (8)
[2022.03.02-22.26.57:276][712]LogModuleManager: Shutting down and abandoning module SandboxFile (6)
[2022.03.02-22.26.57:276][712]LogModuleManager: Shutting down and abandoning module PakFile (4)
[2022.03.02-22.26.57:277][712]LogModuleManager: Shutting down and abandoning module RSA (3)
[2022.03.02-22.26.57:403][712]LogContentStreaming: Display: There are 1 unreleased StreamingManagers
[2022.03.02-22.26.57:421][712]LogD3D11RHI: Shutdown
[2022.03.02-22.26.57:421][712]LogD3D11RHI: CleanupD3DDevice
[2022.03.02-22.26.57:429][712]LogExit: Exiting.
[2022.03.02-22.26.57:440][712]Log file closed, 03/02/22 22:26:57
