Log file open, 02/24/22 12:55:02
LogWindows: Failed to load 'aqProf.dll' (GetLastError=126)
LogWindows: File 'aqProf.dll' does not exist
LogWindows: Failed to load 'VtuneApi.dll' (GetLastError=126)
LogWindows: File 'VtuneApi.dll' does not exist
LogWindows: Failed to load 'VtuneApi32e.dll' (GetLastError=126)
LogWindows: File 'VtuneApi32e.dll' does not exist
LogConsoleResponse: Display: Failed to find resolution value strings in scalability ini. Falling back to default.
LogConsoleResponse: Display: Failed to find resolution value strings in scalability ini. Falling back to default.
LogInit: Display: Running engine for game: EndlessRunner
LogPlatformFile: Not using cached read wrapper
LogTaskGraph: Started task graph with 5 named threads and 35 total threads with 3 sets of task threads.
LogStats: Stats thread started at 0.335898
LogICUInternationalization: ICU TimeZone Detection - Raw Offset: +0:00, Platform Override: ''
LogInit: Display: Loading text-based GConfig....
LogPluginManager: Mounting plugin MeshPainting
LogPluginManager: Mounting plugin XGEController
LogPluginManager: Mounting plugin AISupport
LogPluginManager: Mounting plugin LightPropagationVolume
LogPluginManager: Mounting plugin Paper2D
LogPluginManager: Mounting plugin LiveLink
LogPluginManager: Mounting plugin EnvironmentQueryEditor
LogPluginManager: Mounting plugin OodleNetwork
LogPluginManager: Mounting plugin CameraShakePreviewer
LogPluginManager: Mounting plugin OodleData
LogPluginManager: Mounting plugin DatasmithContent
LogPluginManager: Mounting plugin VariantManagerContent
LogPluginManager: Mounting plugin AssetManagerEditor
LogPluginManager: Mounting plugin CurveEditorTools
LogPluginManager: Mounting plugin CryptoKeys
LogPluginManager: Mounting plugin DataValidation
LogPluginManager: Mounting plugin MacGraphicsSwitching
LogPluginManager: Mounting plugin GeometryMode
LogPluginManager: Mounting plugin FacialAnimation
LogPluginManager: Mounting plugin MaterialAnalyzer
LogPluginManager: Mounting plugin GameplayTagsEditor
LogPluginManager: Mounting plugin MobileLauncherProfileWizard
LogPluginManager: Mounting plugin SpeedTreeImporter
LogPluginManager: Mounting plugin AlembicImporter
LogPluginManager: Mounting plugin AutomationUtils
LogPluginManager: Mounting plugin BackChannel
LogPluginManager: Mounting plugin ChaosCloth
LogPluginManager: Mounting plugin ChaosEditor
LogPluginManager: Mounting plugin ChaosSolverPlugin
LogPluginManager: Mounting plugin ChaosNiagara
LogPluginManager: Mounting plugin ChaosClothEditor
LogPluginManager: Mounting plugin CharacterAI
LogPluginManager: Mounting plugin PluginBrowser
LogPluginManager: Mounting plugin GeometryCollectionPlugin
LogPluginManager: Mounting plugin GeometryProcessing
LogPluginManager: Mounting plugin OpenImageDenoise
LogPluginManager: Mounting plugin MotoSynth
LogPluginManager: Mounting plugin PlanarCut
LogPluginManager: Mounting plugin PlatformCrypto
LogPluginManager: Mounting plugin ProxyLODPlugin
LogPluginManager: Mounting plugin PythonScriptPlugin
LogPluginManager: Mounting plugin GeometryCache
LogPluginManager: Mounting plugin SkeletalReduction
LogPluginManager: Mounting plugin AnimationSharing
LogPluginManager: Mounting plugin CLionSourceCodeAccess
LogPluginManager: Mounting plugin CodeLiteSourceCodeAccess
LogPluginManager: Mounting plugin GitSourceControl
LogPluginManager: Mounting plugin KDevelopSourceCodeAccess
LogPluginManager: Mounting plugin PerforceSourceControl
LogPluginManager: Mounting plugin PixWinPlugin
LogPluginManager: Mounting plugin PlasticSourceControl
LogPluginManager: Mounting plugin PluginUtils
LogPluginManager: Mounting plugin NullSourceCodeAccess
LogPluginManager: Mounting plugin PropertyAccessNode
LogPluginManager: Mounting plugin RiderSourceCodeAccess
LogPluginManager: Mounting plugin SubversionSourceControl
LogPluginManager: Mounting plugin TextureFormatOodle
LogPluginManager: Mounting plugin UObjectPlugin
LogPluginManager: Mounting plugin VisualStudioSourceCodeAccess
LogPluginManager: Mounting plugin LuminPlatformFeatures
LogPluginManager: Mounting plugin XCodeSourceCodeAccess
LogPluginManager: Mounting plugin VisualStudioCodeSourceCodeAccess
LogPluginManager: Mounting plugin MagicLeap
LogPluginManager: Mounting plugin MagicLeapLightEstimation
LogPluginManager: Mounting plugin MagicLeapMedia
LogPluginManager: Mounting plugin MagicLeapPassableWorld
LogPluginManager: Mounting plugin MLSDK
LogPluginManager: Mounting plugin Niagara
LogPluginManager: Mounting plugin AndroidMedia
LogPluginManager: Mounting plugin AvfMedia
LogPluginManager: Mounting plugin ImgMedia
LogPluginManager: Mounting plugin MediaCompositing
LogPluginManager: Mounting plugin MediaPlayerEditor
LogPluginManager: Mounting plugin WmfMedia
LogPluginManager: Mounting plugin WebMMedia
LogPluginManager: Mounting plugin OnlineSubsystem
LogPluginManager: Mounting plugin OnlineSubsystemNull
LogPluginManager: Mounting plugin OnlineSubsystemUtils
LogPluginManager: Mounting plugin UdpMessaging
LogPluginManager: Mounting plugin TcpMessaging
LogPluginManager: Mounting plugin ActorSequence
LogPluginManager: Mounting plugin LevelSequenceEditor
LogPluginManager: Mounting plugin MatineeToLevelSequence
LogPluginManager: Mounting plugin LauncherChunkInstaller
LogPluginManager: Mounting plugin TemplateSequence
LogPluginManager: Mounting plugin ActorLayerUtilities
LogPluginManager: Mounting plugin Takes
LogPluginManager: Mounting plugin AndroidDeviceProfileSelector
LogPluginManager: Mounting plugin AndroidMoviePlayer
LogPluginManager: Mounting plugin AndroidPermission
LogPluginManager: Mounting plugin AppleImageUtils
LogPluginManager: Mounting plugin AppleMoviePlayer
LogPluginManager: Mounting plugin AssetTags
LogPluginManager: Mounting plugin ArchVisCharacter
LogPluginManager: Mounting plugin AudioCapture
LogPluginManager: Mounting plugin AudioSynesthesia
LogPluginManager: Mounting plugin CableComponent
LogPluginManager: Mounting plugin ChunkDownloader
LogPluginManager: Mounting plugin CustomMeshComponent
LogPluginManager: Mounting plugin ExampleDeviceProfileSelector
LogPluginManager: Mounting plugin EditableMesh
LogPluginManager: Mounting plugin GoogleCloudMessaging
LogPluginManager: Mounting plugin GooglePAD
LogPluginManager: Mounting plugin ScreenshotTools
LogPluginManager: Mounting plugin IOSDeviceProfileSelector
LogPluginManager: Mounting plugin LinuxDeviceProfileSelector
LogPluginManager: Mounting plugin LocationServicesBPLibrary
LogPluginManager: Mounting plugin MobilePatchingUtils
LogPluginManager: Mounting plugin OpenXR
LogPluginManager: Mounting plugin OpenXREyeTracker
LogPluginManager: Mounting plugin OpenXRHandTracking
LogPluginManager: Mounting plugin PhysXVehicles
LogPluginManager: Mounting plugin ProceduralMeshComponent
LogPluginManager: Mounting plugin RuntimePhysXCooking
LogPluginManager: Mounting plugin PropertyAccessEditor
LogPluginManager: Mounting plugin SignificanceManager
LogPluginManager: Mounting plugin SoundFields
LogPluginManager: Mounting plugin Synthesis
LogPluginManager: Mounting plugin WebMMoviePlayer
LogPluginManager: Mounting plugin PostSplashScreen
LogPluginManager: Mounting plugin WindowsMoviePlayer
LogPluginManager: Mounting plugin GameplayCameras
LogPluginManager: Mounting plugin ContentBrowserAssetDataSource
LogPluginManager: Mounting plugin ContentBrowserFileDataSource
LogPluginManager: Mounting plugin ContentBrowserClassDataSource
LogPluginManager: Mounting plugin OnlineSubsystemGooglePlay
LogPluginManager: Mounting plugin OnlineSubsystemIOS
LogPluginManager: Mounting plugin OculusVR
LogPluginManager: Mounting plugin SteamVR
PixWinPlugin: PIX capture plugin failed to initialize! Check that the process is launched from PIX.
LogInit: Using libcurl 7.55.1-DEV
LogInit:  - built for x86_64-pc-win32
LogInit:  - supports SSL with OpenSSL/1.1.1
LogInit:  - supports HTTP deflate (compression) using libz 1.2.8
LogInit:  - other features:
LogInit:      CURL_VERSION_SSL
LogInit:      CURL_VERSION_LIBZ
LogInit:      CURL_VERSION_IPV6
LogInit:      CURL_VERSION_ASYNCHDNS
LogInit:      CURL_VERSION_LARGEFILE
LogInit:      CURL_VERSION_IDN
LogInit:  CurlRequestOptions (configurable via config and command line):
LogInit:  - bVerifyPeer = true  - Libcurl will verify peer certificate
LogInit:  - bUseHttpProxy = false  - Libcurl will NOT use HTTP proxy
LogInit:  - bDontReuseConnections = false  - Libcurl will reuse connections
LogInit:  - MaxHostConnections = 16  - Libcurl will limit the number of connections to a host
LogInit:  - LocalHostAddr = Default
LogInit:  - BufferSize = 65536
LogOnline: OSS: Creating online subsystem instance for: NULL
LogInit: WinSock: version 1.1 (2.2), MaxSocks=32767, MaxUdp=65467
LogOnline: OSS: TryLoadSubsystemAndSetDefault: Loaded subsystem for module [NULL]
LogOculusPluginWrapper: OculusPlugin initialized successfully
LogHMD: Failed initializing OVRPlugin 1.59.0
LogInit: Build: ++UE4+Release-4.27-CL-18319896
LogInit: Engine Version: 4.27.2-18319896+++UE4+Release-4.27
LogInit: Compatible Engine Version: 4.27.0-17155196+++UE4+Release-4.27
LogInit: Net CL: 17155196
LogInit: OS: Windows 10 (Release 2009) (), CPU: Intel(R) Core(TM) i7-10750H CPU @ 2.60GHz, GPU: Intel(R) UHD Graphics
LogInit: Compiled (64-bit): Nov 30 2021 07:12:08
LogInit: Compiled with Visual C++: 19.24.28315.00
LogInit: Build Configuration: Development
LogInit: Branch Name: ++UE4+Release-4.27
LogInit: Command Line:  /Game/ThirdPersonBP/Maps/ThirdPersonExampleMap -game -PIEVIACONSOLE -Multiprocess GameUserSettingsINI=C:/PROJECTS/Unreal/Endless-Runner/EndlessRunner/Saved/Config/Windows/PIEGameUserSettings0.ini -MultiprocessSaveConfig -forcepassthrough -messaging -SessionName="Play in Standalone Game" -windowed -ResX=1280 -ResY=720
LogInit: Base Directory: C:/Program Files/Epic Games/UE_4.27/Engine/Binaries/Win64/
LogInit: Allocator: TBB
LogInit: Installed Engine Build: 1
LogDevObjectVersion: Number of dev versions registered: 29
LogDevObjectVersion:   Dev-Blueprints (B0D832E4-1F89-4F0D-ACCF-7EB736FD4AA2): 10
LogDevObjectVersion:   Dev-Build (E1C64328-A22C-4D53-A36C-8E866417BD8C): 0
LogDevObjectVersion:   Dev-Core (375EC13C-06E4-48FB-B500-84F0262A717E): 4
LogDevObjectVersion:   Dev-Editor (E4B068ED-F494-42E9-A231-DA0B2E46BB41): 40
LogDevObjectVersion:   Dev-Framework (CFFC743F-43B0-4480-9391-14DF171D2073): 37
LogDevObjectVersion:   Dev-Mobile (B02B49B5-BB20-44E9-A304-32B752E40360): 3
LogDevObjectVersion:   Dev-Networking (A4E4105C-59A1-49B5-A7C5-40C4547EDFEE): 0
LogDevObjectVersion:   Dev-Online (39C831C9-5AE6-47DC-9A44-9C173E1C8E7C): 0
LogDevObjectVersion:   Dev-Physics (78F01B33-EBEA-4F98-B9B4-84EACCB95AA2): 14
LogDevObjectVersion:   Dev-Platform (6631380F-2D4D-43E0-8009-CF276956A95A): 0
LogDevObjectVersion:   Dev-Rendering (12F88B9F-8875-4AFC-A67C-D90C383ABD29): 45
LogDevObjectVersion:   Dev-Sequencer (7B5AE74C-D270-4C10-A958-57980B212A5A): 13
LogDevObjectVersion:   Dev-VR (D7296918-1DD6-4BDD-9DE2-64A83CC13884): 3
LogDevObjectVersion:   Dev-LoadTimes (C2A15278-BFE7-4AFE-6C17-90FF531DF755): 1
LogDevObjectVersion:   Private-Geometry (6EACA3D4-40EC-4CC1-B786-8BED09428FC5): 3
LogDevObjectVersion:   Dev-AnimPhys (29E575DD-E0A3-4627-9D10-D276232CDCEA): 17
LogDevObjectVersion:   Dev-Anim (AF43A65D-7FD3-4947-9873-3E8ED9C1BB05): 15
LogDevObjectVersion:   Dev-ReflectionCapture (6B266CEC-1EC7-4B8F-A30B-E4D90942FC07): 1
LogDevObjectVersion:   Dev-Automation (0DF73D61-A23F-47EA-B727-89E90C41499A): 1
LogDevObjectVersion:   FortniteMain (601D1886-AC64-4F84-AA16-D3DE0DEAC7D6): 47
LogDevObjectVersion:   FortniteRelease (E7086368-6B23-4C58-8439-1B7016265E91): 1
LogDevObjectVersion:   Dev-Enterprise (9DFFBCD6-494F-0158-E221-12823C92A888): 10
LogDevObjectVersion:   Dev-Niagara (F2AED0AC-9AFE-416F-8664-AA7FFA26D6FC): 1
LogDevObjectVersion:   Dev-Destruction (174F1F0B-B4C6-45A5-B13F-2EE8D0FB917D): 10
LogDevObjectVersion:   Dev-Physics-Ext (35F94A83-E258-406C-A318-09F59610247C): 41
LogDevObjectVersion:   Dev-PhysicsMaterial-Chaos (B68FC16E-8B1B-42E2-B453-215C058844FE): 1
LogDevObjectVersion:   Dev-CineCamera (B2E18506-4273-CFC2-A54E-F4BB758BBA07): 1
LogDevObjectVersion:   Dev-VirtualProduction (64F58936-FD1B-42BA-BA96-7289D5D0FA4E): 1
LogDevObjectVersion:   Dev-MediaFramework (6F0ED827-A609-4895-9C91-998D90180EA4): 2
LogInit: Presizing for max 25165824 objects, including 0 objects not considered by GC, pre-allocating 0 bytes for permanent pool.
LogConfig: Applying CVar settings from Section [/Script/Engine.StreamingSettings] File [C:/PROJECTS/Unreal/Endless-Runner/EndlessRunner/Saved/Config/Windows/Engine.ini]
LogConfig: Setting CVar [[s.MinBulkDataSizeForAsyncLoading:131072]]
LogConfig: Setting CVar [[s.AsyncLoadingThreadEnabled:0]]
LogConfig: Setting CVar [[s.EventDrivenLoaderEnabled:1]]
LogConfig: Setting CVar [[s.WarnIfTimeLimitExceeded:0]]
LogConfig: Setting CVar [[s.TimeLimitExceededMultiplier:1.5]]
LogConfig: Setting CVar [[s.TimeLimitExceededMinTime:0.005]]
LogConfig: Setting CVar [[s.UseBackgroundLevelStreaming:1]]
LogConfig: Setting CVar [[s.PriorityAsyncLoadingExtraTime:15.0]]
LogConfig: Setting CVar [[s.LevelStreamingActorsUpdateTimeLimit:5.0]]
LogConfig: Setting CVar [[s.PriorityLevelStreamingActorsUpdateExtraTime:5.0]]
LogConfig: Setting CVar [[s.LevelStreamingComponentsRegistrationGranularity:10]]
LogConfig: Setting CVar [[s.UnregisterComponentsTimeLimit:1.0]]
LogConfig: Setting CVar [[s.LevelStreamingComponentsUnregistrationGranularity:5]]
LogConfig: Setting CVar [[s.FlushStreamingOnExit:1]]
LogInit: Object subsystem initialized
LogConfig: Setting CVar [[con.DebugEarlyDefault:1]]
LogConfig: Setting CVar [[r.setres:1280x720]]
[2022.02.24-12.55.04:215][  0]LogConfig: Setting CVar [[con.DebugEarlyDefault:1]]
[2022.02.24-12.55.04:215][  0]LogConfig: Setting CVar [[r.setres:1280x720]]
[2022.02.24-12.55.04:215][  0]LogConfig: Applying CVar settings from Section [/Script/Engine.RendererSettings] File [C:/PROJECTS/Unreal/Endless-Runner/EndlessRunner/Saved/Config/Windows/Engine.ini]
[2022.02.24-12.55.04:215][  0]LogConfig: Setting CVar [[r.GPUCrashDebugging:0]]
[2022.02.24-12.55.04:215][  0]LogConfig: Applying CVar settings from Section [/Script/Engine.RendererOverrideSettings] File [C:/PROJECTS/Unreal/Endless-Runner/EndlessRunner/Saved/Config/Windows/Engine.ini]
[2022.02.24-12.55.04:215][  0]LogConfig: Applying CVar settings from Section [/Script/Engine.StreamingSettings] File [C:/PROJECTS/Unreal/Endless-Runner/EndlessRunner/Saved/Config/Windows/Engine.ini]
[2022.02.24-12.55.04:215][  0]LogConfig: Setting CVar [[s.MinBulkDataSizeForAsyncLoading:131072]]
[2022.02.24-12.55.04:215][  0]LogConfig: Setting CVar [[s.AsyncLoadingThreadEnabled:0]]
[2022.02.24-12.55.04:215][  0]LogConfig: Setting CVar [[s.EventDrivenLoaderEnabled:1]]
[2022.02.24-12.55.04:215][  0]LogConfig: Setting CVar [[s.WarnIfTimeLimitExceeded:0]]
[2022.02.24-12.55.04:215][  0]LogConfig: Setting CVar [[s.TimeLimitExceededMultiplier:1.5]]
[2022.02.24-12.55.04:215][  0]LogConfig: Setting CVar [[s.TimeLimitExceededMinTime:0.005]]
[2022.02.24-12.55.04:215][  0]LogConfig: Setting CVar [[s.UseBackgroundLevelStreaming:1]]
[2022.02.24-12.55.04:215][  0]LogConfig: Setting CVar [[s.PriorityAsyncLoadingExtraTime:15.0]]
[2022.02.24-12.55.04:215][  0]LogConfig: Setting CVar [[s.LevelStreamingActorsUpdateTimeLimit:5.0]]
[2022.02.24-12.55.04:215][  0]LogConfig: Setting CVar [[s.PriorityLevelStreamingActorsUpdateExtraTime:5.0]]
[2022.02.24-12.55.04:215][  0]LogConfig: Setting CVar [[s.LevelStreamingComponentsRegistrationGranularity:10]]
[2022.02.24-12.55.04:215][  0]LogConfig: Setting CVar [[s.UnregisterComponentsTimeLimit:1.0]]
[2022.02.24-12.55.04:215][  0]LogConfig: Setting CVar [[s.LevelStreamingComponentsUnregistrationGranularity:5]]
[2022.02.24-12.55.04:215][  0]LogConfig: Setting CVar [[s.FlushStreamingOnExit:1]]
[2022.02.24-12.55.04:215][  0]LogConfig: Applying CVar settings from Section [/Script/Engine.GarbageCollectionSettings] File [C:/PROJECTS/Unreal/Endless-Runner/EndlessRunner/Saved/Config/Windows/Engine.ini]
[2022.02.24-12.55.04:215][  0]LogConfig: Setting CVar [[gc.MaxObjectsNotConsideredByGC:1]]
[2022.02.24-12.55.04:215][  0]LogConfig: Setting CVar [[gc.SizeOfPermanentObjectPool:0]]
[2022.02.24-12.55.04:215][  0]LogConfig: Setting CVar [[gc.FlushStreamingOnGC:0]]
[2022.02.24-12.55.04:215][  0]LogConfig: Setting CVar [[gc.NumRetriesBeforeForcingGC:10]]
[2022.02.24-12.55.04:215][  0]LogConfig: Setting CVar [[gc.AllowParallelGC:1]]
[2022.02.24-12.55.04:215][  0]LogConfig: Setting CVar [[gc.TimeBetweenPurgingPendingKillObjects:61.1]]
[2022.02.24-12.55.04:215][  0]LogConfig: Setting CVar [[gc.MaxObjectsInEditor:25165824]]
[2022.02.24-12.55.04:215][  0]LogConfig: Setting CVar [[gc.IncrementalBeginDestroyEnabled:1]]
[2022.02.24-12.55.04:215][  0]LogConfig: Setting CVar [[gc.CreateGCClusters:1]]
[2022.02.24-12.55.04:215][  0]LogConfig: Setting CVar [[gc.MinGCClusterSize:5]]
[2022.02.24-12.55.04:215][  0]LogConfig: Setting CVar [[gc.ActorClusteringEnabled:0]]
[2022.02.24-12.55.04:215][  0]LogConfig: Setting CVar [[gc.BlueprintClusteringEnabled:0]]
[2022.02.24-12.55.04:215][  0]LogConfig: Setting CVar [[gc.UseDisregardForGCOnDedicatedServers:0]]
[2022.02.24-12.55.04:215][  0]LogConfig: Setting CVar [[gc.MultithreadedDestructionEnabled:1]]
[2022.02.24-12.55.04:215][  0]LogConfig: Applying CVar settings from Section [/Script/Engine.NetworkSettings] File [C:/PROJECTS/Unreal/Endless-Runner/EndlessRunner/Saved/Config/Windows/Engine.ini]
[2022.02.24-12.55.04:215][  0]LogConfig: Applying CVar settings from Section [/Script/UnrealEd.CookerSettings] File [C:/PROJECTS/Unreal/Endless-Runner/EndlessRunner/Saved/Config/Windows/Engine.ini]
[2022.02.24-12.55.04:227][  0]LogConfig: Applying CVar settings from Section [ViewDistanceQuality@3] File [C:/PROJECTS/Unreal/Endless-Runner/EndlessRunner/Saved/Config/Windows/Scalability.ini]
[2022.02.24-12.55.04:228][  0]LogConfig: Setting CVar [[r.SkeletalMeshLODBias:0]]
[2022.02.24-12.55.04:228][  0]LogConfig: Setting CVar [[r.ViewDistanceScale:1.0]]
[2022.02.24-12.55.04:228][  0]LogConfig: Applying CVar settings from Section [AntiAliasingQuality@3] File [C:/PROJECTS/Unreal/Endless-Runner/EndlessRunner/Saved/Config/Windows/Scalability.ini]
[2022.02.24-12.55.04:228][  0]LogConfig: Setting CVar [[r.PostProcessAAQuality:4]]
[2022.02.24-12.55.04:228][  0]LogConfig: Applying CVar settings from Section [ShadowQuality@3] File [C:/PROJECTS/Unreal/Endless-Runner/EndlessRunner/Saved/Config/Windows/Scalability.ini]
[2022.02.24-12.55.04:228][  0]LogConfig: Setting CVar [[r.LightFunctionQuality:1]]
[2022.02.24-12.55.04:228][  0]LogConfig: Setting CVar [[r.ShadowQuality:5]]
[2022.02.24-12.55.04:228][  0]LogConfig: Setting CVar [[r.Shadow.CSM.MaxCascades:10]]
[2022.02.24-12.55.04:228][  0]LogConfig: Setting CVar [[r.Shadow.MaxResolution:2048]]
[2022.02.24-12.55.04:228][  0]LogConfig: Setting CVar [[r.Shadow.MaxCSMResolution:2048]]
[2022.02.24-12.55.04:228][  0]LogConfig: Setting CVar [[r.Shadow.RadiusThreshold:0.01]]
[2022.02.24-12.55.04:228][  0]LogConfig: Setting CVar [[r.Shadow.DistanceScale:1.0]]
[2022.02.24-12.55.04:228][  0]LogConfig: Setting CVar [[r.Shadow.CSM.TransitionScale:1.0]]
[2022.02.24-12.55.04:228][  0]LogConfig: Setting CVar [[r.Shadow.PreShadowResolutionFactor:1.0]]
[2022.02.24-12.55.04:228][  0]LogConfig: Setting CVar [[r.DistanceFieldShadowing:1]]
[2022.02.24-12.55.04:228][  0]LogConfig: Setting CVar [[r.DistanceFieldAO:1]]
[2022.02.24-12.55.04:228][  0]LogConfig: Setting CVar [[r.AOQuality:2]]
[2022.02.24-12.55.04:228][  0]LogConfig: Setting CVar [[r.VolumetricFog:1]]
[2022.02.24-12.55.04:228][  0]LogConfig: Setting CVar [[r.VolumetricFog.GridPixelSize:8]]
[2022.02.24-12.55.04:228][  0]LogConfig: Setting CVar [[r.VolumetricFog.GridSizeZ:128]]
[2022.02.24-12.55.04:228][  0]LogConfig: Setting CVar [[r.VolumetricFog.HistoryMissSupersampleCount:4]]
[2022.02.24-12.55.04:228][  0]LogConfig: Setting CVar [[r.LightMaxDrawDistanceScale:1]]
[2022.02.24-12.55.04:228][  0]LogConfig: Setting CVar [[r.CapsuleShadows:1]]
[2022.02.24-12.55.04:228][  0]LogConfig: Applying CVar settings from Section [PostProcessQuality@3] File [C:/PROJECTS/Unreal/Endless-Runner/EndlessRunner/Saved/Config/Windows/Scalability.ini]
[2022.02.24-12.55.04:228][  0]LogConfig: Setting CVar [[r.MotionBlurQuality:4]]
[2022.02.24-12.55.04:228][  0]LogConfig: Setting CVar [[r.AmbientOcclusionMipLevelFactor:0.4]]
[2022.02.24-12.55.04:228][  0]LogConfig: Setting CVar [[r.AmbientOcclusionMaxQuality:100]]
[2022.02.24-12.55.04:228][  0]LogConfig: Setting CVar [[r.AmbientOcclusionLevels:-1]]
[2022.02.24-12.55.04:228][  0]LogConfig: Setting CVar [[r.AmbientOcclusionRadiusScale:1.0]]
[2022.02.24-12.55.04:228][  0]LogConfig: Setting CVar [[r.DepthOfFieldQuality:2]]
[2022.02.24-12.55.04:228][  0]LogConfig: Setting CVar [[r.RenderTargetPoolMin:400]]
[2022.02.24-12.55.04:228][  0]LogConfig: Setting CVar [[r.LensFlareQuality:2]]
[2022.02.24-12.55.04:228][  0]LogConfig: Setting CVar [[r.SceneColorFringeQuality:1]]
[2022.02.24-12.55.04:228][  0]LogConfig: Setting CVar [[r.EyeAdaptationQuality:2]]
[2022.02.24-12.55.04:228][  0]LogConfig: Setting CVar [[r.BloomQuality:5]]
[2022.02.24-12.55.04:228][  0]LogConfig: Setting CVar [[r.FastBlurThreshold:100]]
[2022.02.24-12.55.04:228][  0]LogConfig: Setting CVar [[r.Upscale.Quality:3]]
[2022.02.24-12.55.04:228][  0]LogConfig: Setting CVar [[r.Tonemapper.GrainQuantization:1]]
[2022.02.24-12.55.04:228][  0]LogConfig: Setting CVar [[r.LightShaftQuality:1]]
[2022.02.24-12.55.04:228][  0]LogConfig: Setting CVar [[r.Filter.SizeScale:1]]
[2022.02.24-12.55.04:228][  0]LogConfig: Setting CVar [[r.Tonemapper.Quality:5]]
[2022.02.24-12.55.04:228][  0]LogConfig: Setting CVar [[r.DOF.Gather.AccumulatorQuality:1        ; higher gathering accumulator quality]]
[2022.02.24-12.55.04:228][  0]LogConfig: Setting CVar [[r.DOF.Gather.PostfilterMethod:1          ; Median3x3 postfilering method]]
[2022.02.24-12.55.04:228][  0]LogConfig: Setting CVar [[r.DOF.Gather.EnableBokehSettings:0       ; no bokeh simulation when gathering]]
[2022.02.24-12.55.04:228][  0]LogConfig: Setting CVar [[r.DOF.Gather.RingCount:4                 ; medium number of samples when gathering]]
[2022.02.24-12.55.04:228][  0]LogConfig: Setting CVar [[r.DOF.Scatter.ForegroundCompositing:1    ; additive foreground scattering]]
[2022.02.24-12.55.04:228][  0]LogConfig: Setting CVar [[r.DOF.Scatter.BackgroundCompositing:2    ; additive background scattering]]
[2022.02.24-12.55.04:228][  0]LogConfig: Setting CVar [[r.DOF.Scatter.EnableBokehSettings:1      ; bokeh simulation when scattering]]
[2022.02.24-12.55.04:228][  0]LogConfig: Setting CVar [[r.DOF.Scatter.MaxSpriteRatio:0.1         ; only a maximum of 10% of scattered bokeh]]
[2022.02.24-12.55.04:228][  0]LogConfig: Setting CVar [[r.DOF.Recombine.Quality:1                ; cheap slight out of focus]]
[2022.02.24-12.55.04:228][  0]LogConfig: Setting CVar [[r.DOF.Recombine.EnableBokehSettings:0    ; no bokeh simulation on slight out of focus]]
[2022.02.24-12.55.04:228][  0]LogConfig: Setting CVar [[r.DOF.TemporalAAQuality:1                ; more stable temporal accumulation]]
[2022.02.24-12.55.04:228][  0]LogConfig: Setting CVar [[r.DOF.Kernel.MaxForegroundRadius:0.025]]
[2022.02.24-12.55.04:228][  0]LogConfig: Setting CVar [[r.DOF.Kernel.MaxBackgroundRadius:0.025]]
[2022.02.24-12.55.04:228][  0]LogConfig: Applying CVar settings from Section [TextureQuality@3] File [C:/PROJECTS/Unreal/Endless-Runner/EndlessRunner/Saved/Config/Windows/Scalability.ini]
[2022.02.24-12.55.04:228][  0]LogConfig: Setting CVar [[r.Streaming.MipBias:0]]
[2022.02.24-12.55.04:228][  0]LogConfig: Setting CVar [[r.Streaming.AmortizeCPUToGPUCopy:0]]
[2022.02.24-12.55.04:229][  0]LogConfig: Setting CVar [[r.Streaming.MaxNumTexturesToStreamPerFrame:0]]
[2022.02.24-12.55.04:229][  0]LogConfig: Setting CVar [[r.Streaming.Boost:1]]
[2022.02.24-12.55.04:229][  0]LogConfig: Setting CVar [[r.MaxAnisotropy:8]]
[2022.02.24-12.55.04:229][  0]LogConfig: Setting CVar [[r.VT.MaxAnisotropy:8]]
[2022.02.24-12.55.04:229][  0]LogConfig: Setting CVar [[r.Streaming.LimitPoolSizeToVRAM:0]]
[2022.02.24-12.55.04:229][  0]LogConfig: Setting CVar [[r.Streaming.PoolSize:1000]]
[2022.02.24-12.55.04:229][  0]LogConfig: Setting CVar [[r.Streaming.MaxEffectiveScreenSize:0]]
[2022.02.24-12.55.04:229][  0]LogConfig: Applying CVar settings from Section [EffectsQuality@3] File [C:/PROJECTS/Unreal/Endless-Runner/EndlessRunner/Saved/Config/Windows/Scalability.ini]
[2022.02.24-12.55.04:229][  0]LogConfig: Setting CVar [[r.TranslucencyLightingVolumeDim:64]]
[2022.02.24-12.55.04:229][  0]LogConfig: Setting CVar [[r.RefractionQuality:2]]
[2022.02.24-12.55.04:229][  0]LogConfig: Setting CVar [[r.SSR.Quality:3]]
[2022.02.24-12.55.04:229][  0]LogConfig: Setting CVar [[r.SSR.HalfResSceneColor:0]]
[2022.02.24-12.55.04:229][  0]LogConfig: Setting CVar [[r.SceneColorFormat:4]]
[2022.02.24-12.55.04:229][  0]LogConfig: Setting CVar [[r.DetailMode:2]]
[2022.02.24-12.55.04:229][  0]LogConfig: Setting CVar [[r.TranslucencyVolumeBlur:1]]
[2022.02.24-12.55.04:229][  0]LogConfig: Setting CVar [[r.MaterialQualityLevel:1 ; High quality]]
[2022.02.24-12.55.04:229][  0]LogConfig: Setting CVar [[r.AnisotropicMaterials:1]]
[2022.02.24-12.55.04:229][  0]LogConfig: Setting CVar [[r.SSS.Scale:1]]
[2022.02.24-12.55.04:229][  0]LogConfig: Setting CVar [[r.SSS.SampleSet:2]]
[2022.02.24-12.55.04:229][  0]LogConfig: Setting CVar [[r.SSS.Quality:1]]
[2022.02.24-12.55.04:229][  0]LogConfig: Setting CVar [[r.SSS.HalfRes:0]]
[2022.02.24-12.55.04:229][  0]LogConfig: Setting CVar [[r.SSGI.Quality:3]]
[2022.02.24-12.55.04:229][  0]LogConfig: Setting CVar [[r.EmitterSpawnRateScale:1.0]]
[2022.02.24-12.55.04:229][  0]LogConfig: Setting CVar [[r.ParticleLightQuality:2]]
[2022.02.24-12.55.04:229][  0]LogConfig: Setting CVar [[r.SkyAtmosphere.AerialPerspectiveLUT.FastApplyOnOpaque:1 ; Always have FastSkyLUT 1 in this case to avoid wrong sky]]
[2022.02.24-12.55.04:229][  0]LogConfig: Setting CVar [[r.SkyAtmosphere.AerialPerspectiveLUT.SampleCountMaxPerSlice:4]]
[2022.02.24-12.55.04:229][  0]LogConfig: Setting CVar [[r.SkyAtmosphere.AerialPerspectiveLUT.DepthResolution:16.0]]
[2022.02.24-12.55.04:229][  0]LogConfig: Setting CVar [[r.SkyAtmosphere.FastSkyLUT:1]]
[2022.02.24-12.55.04:229][  0]LogConfig: Setting CVar [[r.SkyAtmosphere.FastSkyLUT.SampleCountMin:4.0]]
[2022.02.24-12.55.04:229][  0]LogConfig: Setting CVar [[r.SkyAtmosphere.FastSkyLUT.SampleCountMax:128.0]]
[2022.02.24-12.55.04:229][  0]LogConfig: Setting CVar [[r.SkyAtmosphere.SampleCountMin:4.0]]
[2022.02.24-12.55.04:229][  0]LogConfig: Setting CVar [[r.SkyAtmosphere.SampleCountMax:128.0]]
[2022.02.24-12.55.04:229][  0]LogConfig: Setting CVar [[r.SkyAtmosphere.TransmittanceLUT.UseSmallFormat:0]]
[2022.02.24-12.55.04:229][  0]LogConfig: Setting CVar [[r.SkyAtmosphere.TransmittanceLUT.SampleCount:10.0]]
[2022.02.24-12.55.04:229][  0]LogConfig: Setting CVar [[r.SkyAtmosphere.MultiScatteringLUT.SampleCount:15.0]]
[2022.02.24-12.55.04:229][  0]LogConfig: Setting CVar [[r.SkyLight.RealTimeReflectionCapture:1]]
[2022.02.24-12.55.04:229][  0]LogConfig: Applying CVar settings from Section [FoliageQuality@3] File [C:/PROJECTS/Unreal/Endless-Runner/EndlessRunner/Saved/Config/Windows/Scalability.ini]
[2022.02.24-12.55.04:229][  0]LogConfig: Setting CVar [[foliage.DensityScale:1.0]]
[2022.02.24-12.55.04:229][  0]LogConfig: Setting CVar [[grass.DensityScale:1.0]]
[2022.02.24-12.55.04:229][  0]LogConfig: Applying CVar settings from Section [ShadingQuality@3] File [C:/PROJECTS/Unreal/Endless-Runner/EndlessRunner/Saved/Config/Windows/Scalability.ini]
[2022.02.24-12.55.04:229][  0]LogConfig: Setting CVar [[r.HairStrands.SkyLighting.IntegrationType:2]]
[2022.02.24-12.55.04:229][  0]LogConfig: Setting CVar [[r.HairStrands.SkyAO.SampleCount:4]]
[2022.02.24-12.55.04:229][  0]LogConfig: Setting CVar [[r.HairStrands.Visibility.MSAA.SamplePerPixel:4]]
[2022.02.24-12.55.04:230][  0]LogInit: Selected Device Profile: [Windows]
[2022.02.24-12.55.04:230][  0]LogInit: Applying CVar settings loaded from the selected device profile: [Windows]
[2022.02.24-12.55.04:230][  0]LogHAL: Display: Platform has ~ 8 GB [8412778496 / 8589934592 / 8], which maps to Default [LargestMinGB=32, LargerMinGB=12, DefaultMinGB=8, SmallerMinGB=6, SmallestMinGB=0)
[2022.02.24-12.55.04:230][  0]LogInit: Going up to parent DeviceProfile []
[2022.02.24-12.55.04:230][  0]LogConfig: Applying CVar settings from Section [ViewDistanceQuality@3] File [C:/PROJECTS/Unreal/Endless-Runner/EndlessRunner/Saved/Config/Windows/Scalability.ini]
[2022.02.24-12.55.04:230][  0]LogConfig: Setting CVar [[r.SkeletalMeshLODBias:0]]
[2022.02.24-12.55.04:230][  0]LogConfig: Setting CVar [[r.ViewDistanceScale:1.0]]
[2022.02.24-12.55.04:230][  0]LogConfig: Applying CVar settings from Section [AntiAliasingQuality@3] File [C:/PROJECTS/Unreal/Endless-Runner/EndlessRunner/Saved/Config/Windows/Scalability.ini]
[2022.02.24-12.55.04:230][  0]LogConfig: Setting CVar [[r.PostProcessAAQuality:4]]
[2022.02.24-12.55.04:230][  0]LogConfig: Applying CVar settings from Section [ShadowQuality@3] File [C:/PROJECTS/Unreal/Endless-Runner/EndlessRunner/Saved/Config/Windows/Scalability.ini]
[2022.02.24-12.55.04:230][  0]LogConfig: Setting CVar [[r.LightFunctionQuality:1]]
[2022.02.24-12.55.04:230][  0]LogConfig: Setting CVar [[r.ShadowQuality:5]]
[2022.02.24-12.55.04:230][  0]LogConfig: Setting CVar [[r.Shadow.CSM.MaxCascades:10]]
[2022.02.24-12.55.04:230][  0]LogConfig: Setting CVar [[r.Shadow.MaxResolution:2048]]
[2022.02.24-12.55.04:230][  0]LogConfig: Setting CVar [[r.Shadow.MaxCSMResolution:2048]]
[2022.02.24-12.55.04:230][  0]LogConfig: Setting CVar [[r.Shadow.RadiusThreshold:0.01]]
[2022.02.24-12.55.04:230][  0]LogConfig: Setting CVar [[r.Shadow.DistanceScale:1.0]]
[2022.02.24-12.55.04:230][  0]LogConfig: Setting CVar [[r.Shadow.CSM.TransitionScale:1.0]]
[2022.02.24-12.55.04:230][  0]LogConfig: Setting CVar [[r.Shadow.PreShadowResolutionFactor:1.0]]
[2022.02.24-12.55.04:230][  0]LogConfig: Setting CVar [[r.DistanceFieldShadowing:1]]
[2022.02.24-12.55.04:230][  0]LogConfig: Setting CVar [[r.DistanceFieldAO:1]]
[2022.02.24-12.55.04:230][  0]LogConfig: Setting CVar [[r.AOQuality:2]]
[2022.02.24-12.55.04:230][  0]LogConfig: Setting CVar [[r.VolumetricFog:1]]
[2022.02.24-12.55.04:230][  0]LogConfig: Setting CVar [[r.VolumetricFog.GridPixelSize:8]]
[2022.02.24-12.55.04:230][  0]LogConfig: Setting CVar [[r.VolumetricFog.GridSizeZ:128]]
[2022.02.24-12.55.04:230][  0]LogConfig: Setting CVar [[r.VolumetricFog.HistoryMissSupersampleCount:4]]
[2022.02.24-12.55.04:230][  0]LogConfig: Setting CVar [[r.LightMaxDrawDistanceScale:1]]
[2022.02.24-12.55.04:230][  0]LogConfig: Setting CVar [[r.CapsuleShadows:1]]
[2022.02.24-12.55.04:230][  0]LogConfig: Applying CVar settings from Section [PostProcessQuality@3] File [C:/PROJECTS/Unreal/Endless-Runner/EndlessRunner/Saved/Config/Windows/Scalability.ini]
[2022.02.24-12.55.04:230][  0]LogConfig: Setting CVar [[r.MotionBlurQuality:4]]
[2022.02.24-12.55.04:230][  0]LogConfig: Setting CVar [[r.AmbientOcclusionMipLevelFactor:0.4]]
[2022.02.24-12.55.04:230][  0]LogConfig: Setting CVar [[r.AmbientOcclusionMaxQuality:100]]
[2022.02.24-12.55.04:230][  0]LogConfig: Setting CVar [[r.AmbientOcclusionLevels:-1]]
[2022.02.24-12.55.04:231][  0]LogConfig: Setting CVar [[r.AmbientOcclusionRadiusScale:1.0]]
[2022.02.24-12.55.04:231][  0]LogConfig: Setting CVar [[r.DepthOfFieldQuality:2]]
[2022.02.24-12.55.04:231][  0]LogConfig: Setting CVar [[r.RenderTargetPoolMin:400]]
[2022.02.24-12.55.04:231][  0]LogConfig: Setting CVar [[r.LensFlareQuality:2]]
[2022.02.24-12.55.04:231][  0]LogConfig: Setting CVar [[r.SceneColorFringeQuality:1]]
[2022.02.24-12.55.04:231][  0]LogConfig: Setting CVar [[r.EyeAdaptationQuality:2]]
[2022.02.24-12.55.04:231][  0]LogConfig: Setting CVar [[r.BloomQuality:5]]
[2022.02.24-12.55.04:231][  0]LogConfig: Setting CVar [[r.FastBlurThreshold:100]]
[2022.02.24-12.55.04:231][  0]LogConfig: Setting CVar [[r.Upscale.Quality:3]]
[2022.02.24-12.55.04:231][  0]LogConfig: Setting CVar [[r.Tonemapper.GrainQuantization:1]]
[2022.02.24-12.55.04:231][  0]LogConfig: Setting CVar [[r.LightShaftQuality:1]]
[2022.02.24-12.55.04:231][  0]LogConfig: Setting CVar [[r.Filter.SizeScale:1]]
[2022.02.24-12.55.04:231][  0]LogConfig: Setting CVar [[r.Tonemapper.Quality:5]]
[2022.02.24-12.55.04:231][  0]LogConfig: Setting CVar [[r.DOF.Gather.AccumulatorQuality:1        ; higher gathering accumulator quality]]
[2022.02.24-12.55.04:231][  0]LogConfig: Setting CVar [[r.DOF.Gather.PostfilterMethod:1          ; Median3x3 postfilering method]]
[2022.02.24-12.55.04:231][  0]LogConfig: Setting CVar [[r.DOF.Gather.EnableBokehSettings:0       ; no bokeh simulation when gathering]]
[2022.02.24-12.55.04:231][  0]LogConfig: Setting CVar [[r.DOF.Gather.RingCount:4                 ; medium number of samples when gathering]]
[2022.02.24-12.55.04:231][  0]LogConfig: Setting CVar [[r.DOF.Scatter.ForegroundCompositing:1    ; additive foreground scattering]]
[2022.02.24-12.55.04:231][  0]LogConfig: Setting CVar [[r.DOF.Scatter.BackgroundCompositing:2    ; additive background scattering]]
[2022.02.24-12.55.04:231][  0]LogConfig: Setting CVar [[r.DOF.Scatter.EnableBokehSettings:1      ; bokeh simulation when scattering]]
[2022.02.24-12.55.04:231][  0]LogConfig: Setting CVar [[r.DOF.Scatter.MaxSpriteRatio:0.1         ; only a maximum of 10% of scattered bokeh]]
[2022.02.24-12.55.04:231][  0]LogConfig: Setting CVar [[r.DOF.Recombine.Quality:1                ; cheap slight out of focus]]
[2022.02.24-12.55.04:231][  0]LogConfig: Setting CVar [[r.DOF.Recombine.EnableBokehSettings:0    ; no bokeh simulation on slight out of focus]]
[2022.02.24-12.55.04:231][  0]LogConfig: Setting CVar [[r.DOF.TemporalAAQuality:1                ; more stable temporal accumulation]]
[2022.02.24-12.55.04:231][  0]LogConfig: Setting CVar [[r.DOF.Kernel.MaxForegroundRadius:0.025]]
[2022.02.24-12.55.04:231][  0]LogConfig: Setting CVar [[r.DOF.Kernel.MaxBackgroundRadius:0.025]]
[2022.02.24-12.55.04:231][  0]LogConfig: Applying CVar settings from Section [TextureQuality@3] File [C:/PROJECTS/Unreal/Endless-Runner/EndlessRunner/Saved/Config/Windows/Scalability.ini]
[2022.02.24-12.55.04:231][  0]LogConfig: Setting CVar [[r.Streaming.MipBias:0]]
[2022.02.24-12.55.04:231][  0]LogConfig: Setting CVar [[r.Streaming.AmortizeCPUToGPUCopy:0]]
[2022.02.24-12.55.04:231][  0]LogConfig: Setting CVar [[r.Streaming.MaxNumTexturesToStreamPerFrame:0]]
[2022.02.24-12.55.04:231][  0]LogConfig: Setting CVar [[r.Streaming.Boost:1]]
[2022.02.24-12.55.04:231][  0]LogConfig: Setting CVar [[r.MaxAnisotropy:8]]
[2022.02.24-12.55.04:231][  0]LogConfig: Setting CVar [[r.VT.MaxAnisotropy:8]]
[2022.02.24-12.55.04:231][  0]LogConfig: Setting CVar [[r.Streaming.LimitPoolSizeToVRAM:0]]
[2022.02.24-12.55.04:231][  0]LogConfig: Setting CVar [[r.Streaming.PoolSize:1000]]
[2022.02.24-12.55.04:231][  0]LogConfig: Setting CVar [[r.Streaming.MaxEffectiveScreenSize:0]]
[2022.02.24-12.55.04:231][  0]LogConfig: Applying CVar settings from Section [EffectsQuality@3] File [C:/PROJECTS/Unreal/Endless-Runner/EndlessRunner/Saved/Config/Windows/Scalability.ini]
[2022.02.24-12.55.04:231][  0]LogConfig: Setting CVar [[r.TranslucencyLightingVolumeDim:64]]
[2022.02.24-12.55.04:231][  0]LogConfig: Setting CVar [[r.RefractionQuality:2]]
[2022.02.24-12.55.04:231][  0]LogConfig: Setting CVar [[r.SSR.Quality:3]]
[2022.02.24-12.55.04:231][  0]LogConfig: Setting CVar [[r.SSR.HalfResSceneColor:0]]
[2022.02.24-12.55.04:231][  0]LogConfig: Setting CVar [[r.SceneColorFormat:4]]
[2022.02.24-12.55.04:231][  0]LogConfig: Setting CVar [[r.DetailMode:2]]
[2022.02.24-12.55.04:231][  0]LogConfig: Setting CVar [[r.TranslucencyVolumeBlur:1]]
[2022.02.24-12.55.04:231][  0]LogConfig: Setting CVar [[r.MaterialQualityLevel:1 ; High quality]]
[2022.02.24-12.55.04:231][  0]LogConfig: Setting CVar [[r.AnisotropicMaterials:1]]
[2022.02.24-12.55.04:231][  0]LogConfig: Setting CVar [[r.SSS.Scale:1]]
[2022.02.24-12.55.04:231][  0]LogConfig: Setting CVar [[r.SSS.SampleSet:2]]
[2022.02.24-12.55.04:231][  0]LogConfig: Setting CVar [[r.SSS.Quality:1]]
[2022.02.24-12.55.04:231][  0]LogConfig: Setting CVar [[r.SSS.HalfRes:0]]
[2022.02.24-12.55.04:231][  0]LogConfig: Setting CVar [[r.SSGI.Quality:3]]
[2022.02.24-12.55.04:231][  0]LogConfig: Setting CVar [[r.EmitterSpawnRateScale:1.0]]
[2022.02.24-12.55.04:231][  0]LogConfig: Setting CVar [[r.ParticleLightQuality:2]]
[2022.02.24-12.55.04:231][  0]LogConfig: Setting CVar [[r.SkyAtmosphere.AerialPerspectiveLUT.FastApplyOnOpaque:1 ; Always have FastSkyLUT 1 in this case to avoid wrong sky]]
[2022.02.24-12.55.04:231][  0]LogConfig: Setting CVar [[r.SkyAtmosphere.AerialPerspectiveLUT.SampleCountMaxPerSlice:4]]
[2022.02.24-12.55.04:231][  0]LogConfig: Setting CVar [[r.SkyAtmosphere.AerialPerspectiveLUT.DepthResolution:16.0]]
[2022.02.24-12.55.04:231][  0]LogConfig: Setting CVar [[r.SkyAtmosphere.FastSkyLUT:1]]
[2022.02.24-12.55.04:231][  0]LogConfig: Setting CVar [[r.SkyAtmosphere.FastSkyLUT.SampleCountMin:4.0]]
[2022.02.24-12.55.04:231][  0]LogConfig: Setting CVar [[r.SkyAtmosphere.FastSkyLUT.SampleCountMax:128.0]]
[2022.02.24-12.55.04:231][  0]LogConfig: Setting CVar [[r.SkyAtmosphere.SampleCountMin:4.0]]
[2022.02.24-12.55.04:231][  0]LogConfig: Setting CVar [[r.SkyAtmosphere.SampleCountMax:128.0]]
[2022.02.24-12.55.04:231][  0]LogConfig: Setting CVar [[r.SkyAtmosphere.TransmittanceLUT.UseSmallFormat:0]]
[2022.02.24-12.55.04:231][  0]LogConfig: Setting CVar [[r.SkyAtmosphere.TransmittanceLUT.SampleCount:10.0]]
[2022.02.24-12.55.04:231][  0]LogConfig: Setting CVar [[r.SkyAtmosphere.MultiScatteringLUT.SampleCount:15.0]]
[2022.02.24-12.55.04:232][  0]LogConfig: Setting CVar [[r.SkyLight.RealTimeReflectionCapture:1]]
[2022.02.24-12.55.04:232][  0]LogConfig: Applying CVar settings from Section [FoliageQuality@3] File [C:/PROJECTS/Unreal/Endless-Runner/EndlessRunner/Saved/Config/Windows/Scalability.ini]
[2022.02.24-12.55.04:232][  0]LogConfig: Setting CVar [[foliage.DensityScale:1.0]]
[2022.02.24-12.55.04:232][  0]LogConfig: Setting CVar [[grass.DensityScale:1.0]]
[2022.02.24-12.55.04:232][  0]LogConfig: Applying CVar settings from Section [ShadingQuality@3] File [C:/PROJECTS/Unreal/Endless-Runner/EndlessRunner/Saved/Config/Windows/Scalability.ini]
[2022.02.24-12.55.04:232][  0]LogConfig: Setting CVar [[r.HairStrands.SkyLighting.IntegrationType:2]]
[2022.02.24-12.55.04:232][  0]LogConfig: Setting CVar [[r.HairStrands.SkyAO.SampleCount:4]]
[2022.02.24-12.55.04:232][  0]LogConfig: Setting CVar [[r.HairStrands.Visibility.MSAA.SamplePerPixel:4]]
[2022.02.24-12.55.04:232][  0]LogConfig: Applying CVar settings from Section [Startup] File [../../../Engine/Config/ConsoleVariables.ini]
[2022.02.24-12.55.04:232][  0]LogConfig: Setting CVar [[net.UseAdaptiveNetUpdateFrequency:0]]
[2022.02.24-12.55.04:232][  0]LogConfig: Setting CVar [[p.chaos.AllowCreatePhysxBodies:1]]
[2022.02.24-12.55.04:232][  0]LogConfig: Setting CVar [[fx.SkipVectorVMBackendOptimizations:1]]
[2022.02.24-12.55.04:232][  0]LogConfig: Applying CVar settings from Section [ConsoleVariables] File [C:/PROJECTS/Unreal/Endless-Runner/EndlessRunner/Saved/Config/Windows/Engine.ini]
[2022.02.24-12.55.04:232][  0]LogConfig: Applying CVar settings from Section [ConsoleVariables] File [C:/PROJECTS/Unreal/Endless-Runner/EndlessRunner/Saved/Config/Windows/Editor.ini]
[2022.02.24-12.55.04:232][  0]LogInit: Computer: LAPTOP-BL73FRTF
[2022.02.24-12.55.04:232][  0]LogInit: User: teodo
[2022.02.24-12.55.04:232][  0]LogInit: CPU Page size=4096, Cores=6
[2022.02.24-12.55.04:232][  0]LogInit: High frequency timer resolution =10.000000 MHz
[2022.02.24-12.55.04:232][  0]LogMemory: Memory total: Physical=7.8GB (8GB approx)
[2022.02.24-12.55.04:232][  0]LogMemory: Platform Memory Stats for Windows
[2022.02.24-12.55.04:232][  0]LogMemory: Process Physical Memory: 146.89 MB used, 146.89 MB peak
[2022.02.24-12.55.04:232][  0]LogMemory: Process Virtual Memory: 130.33 MB used, 130.33 MB peak
[2022.02.24-12.55.04:233][  0]LogMemory: Physical Memory: 6523.85 MB used,  1499.20 MB free, 8023.05 MB total
[2022.02.24-12.55.04:233][  0]LogMemory: Virtual Memory: 134213304.00 MB used,  4421.07 MB free, 134217728.00 MB total
[2022.02.24-12.55.04:241][  0]LogWindows: WindowsPlatformFeatures enabled
[2022.02.24-12.55.04:340][  0]LogInit: Physics initialised using underlying interface: PhysX
[2022.02.24-12.55.04:340][  0]LogInit: Using OS detected language (en-GB).
[2022.02.24-12.55.04:340][  0]LogInit: Using OS detected locale (en-US).
[2022.02.24-12.55.04:346][  0]LogTextLocalizationManager: No specific localization for 'en-GB' exists, so the 'en' localization will be used.
[2022.02.24-12.55.04:777][  0]LogWindowsTextInputMethodSystem: Display: IME system deactivated.
[2022.02.24-12.55.04:818][  0]LogSlate: New Slate User Created.  User Index 0, Is Virtual User: 0
[2022.02.24-12.55.04:818][  0]LogSlate: Slate User Registered.  User Index 0, Is Virtual User: 0
[2022.02.24-12.55.04:840][  0]LogD3D11RHI: Loaded GFSDK_Aftermath_Lib.x64.dll
[2022.02.24-12.55.04:907][  0]LogHMD: Failed to initialize OpenVR with code 101
[2022.02.24-12.55.04:907][  0]LogD3D11RHI: D3D11 min allowed feature level: 11_0
[2022.02.24-12.55.04:907][  0]LogD3D11RHI: D3D11 max allowed feature level: 11_0
[2022.02.24-12.55.04:907][  0]LogD3D11RHI: D3D11 adapters:
[2022.02.24-12.55.05:046][  0]LogD3D11RHI:    0. 'NVIDIA GeForce GTX 1660 Ti' (Feature Level 11_0)
[2022.02.24-12.55.05:046][  0]LogD3D11RHI:       5991/0/4011 MB DedicatedVideo/DedicatedSystem/SharedSystem, Outputs:1, VendorId:0x10de
[2022.02.24-12.55.05:120][  0]LogD3D11RHI:    1. 'Intel(R) UHD Graphics' (Feature Level 11_0)
[2022.02.24-12.55.05:120][  0]LogD3D11RHI:       128/0/4011 MB DedicatedVideo/DedicatedSystem/SharedSystem, Outputs:0, VendorId:0x8086
[2022.02.24-12.55.05:123][  0]LogD3D11RHI:    2. 'Microsoft Basic Render Driver' (Feature Level 11_0)
[2022.02.24-12.55.05:123][  0]LogD3D11RHI:       0/0/4011 MB DedicatedVideo/DedicatedSystem/SharedSystem, Outputs:0, VendorId:0x1414
[2022.02.24-12.55.05:123][  0]LogD3D11RHI: Chosen D3D11 Adapter:
[2022.02.24-12.55.05:124][  0]LogD3D11RHI:     Description : NVIDIA GeForce GTX 1660 Ti
[2022.02.24-12.55.05:124][  0]LogD3D11RHI:     VendorId    : 10de
[2022.02.24-12.55.05:124][  0]LogD3D11RHI:     DeviceId    : 2191
[2022.02.24-12.55.05:124][  0]LogD3D11RHI:     SubSysId    : 14421025
[2022.02.24-12.55.05:124][  0]LogD3D11RHI:     Revision    : 00a1
[2022.02.24-12.55.05:124][  0]LogD3D11RHI:     DedicatedVideoMemory : 6282018816 bytes
[2022.02.24-12.55.05:124][  0]LogD3D11RHI:     DedicatedSystemMemory : 0 bytes
[2022.02.24-12.55.05:124][  0]LogD3D11RHI:     SharedSystemMemory : 4206389248 bytes
[2022.02.24-12.55.05:124][  0]LogD3D11RHI:     AdapterLuid : 0 69817
[2022.02.24-12.55.05:133][  0]LogD3D11RHI: Creating new Direct3DDevice
[2022.02.24-12.55.05:133][  0]LogD3D11RHI:     GPU DeviceId: 0x2191 (for the marketing name, search the web for "GPU Device Id")
[2022.02.24-12.55.05:133][  0]LogWindows: EnumDisplayDevices:
[2022.02.24-12.55.05:133][  0]LogWindows:    0. 'Intel(R) UHD Graphics' (P:1 D:1)
[2022.02.24-12.55.05:133][  0]LogWindows:    1. 'Intel(R) UHD Graphics' (P:0 D:0)
[2022.02.24-12.55.05:134][  0]LogWindows:    2. 'Intel(R) UHD Graphics' (P:0 D:0)
[2022.02.24-12.55.05:134][  0]LogWindows:    3. 'NVIDIA GeForce GTX 1660 Ti' (P:0 D:0)
[2022.02.24-12.55.05:134][  0]LogWindows:    4. 'NVIDIA GeForce GTX 1660 Ti' (P:0 D:0)
[2022.02.24-12.55.05:134][  0]LogWindows:    5. 'NVIDIA GeForce GTX 1660 Ti' (P:0 D:0)
[2022.02.24-12.55.05:135][  0]LogWindows:    6. 'NVIDIA GeForce GTX 1660 Ti' (P:0 D:0)
[2022.02.24-12.55.05:135][  0]LogWindows: DebugString: PrimaryIsNotTheChoosenAdapter PrimaryIsNotTheChoosenAdapter PrimaryIsNotTheChoosenAdapter FoundDriverCount:4 
[2022.02.24-12.55.05:135][  0]LogD3D11RHI:     Adapter Name: NVIDIA GeForce GTX 1660 Ti
[2022.02.24-12.55.05:135][  0]LogD3D11RHI:   Driver Version: 497.09 (internal:30.0.14.9709, unified:497.09)
[2022.02.24-12.55.05:135][  0]LogD3D11RHI:      Driver Date: 11-26-2021
[2022.02.24-12.55.05:135][  0]LogRHI: Texture pool is 4193 MB (70% of 5991 MB)
[2022.02.24-12.55.05:135][  0]LogD3D11RHI: Creating D3DDevice using adapter:
[2022.02.24-12.55.05:135][  0]LogD3D11RHI:     Description : NVIDIA GeForce GTX 1660 Ti
[2022.02.24-12.55.05:135][  0]LogD3D11RHI:     VendorId    : 10de
[2022.02.24-12.55.05:135][  0]LogD3D11RHI:     DeviceId    : 2191
[2022.02.24-12.55.05:135][  0]LogD3D11RHI:     SubSysId    : 14421025
[2022.02.24-12.55.05:135][  0]LogD3D11RHI:     Revision    : 00a1
[2022.02.24-12.55.05:135][  0]LogD3D11RHI:     DedicatedVideoMemory : 6282018816 bytes
[2022.02.24-12.55.05:135][  0]LogD3D11RHI:     DedicatedSystemMemory : 0 bytes
[2022.02.24-12.55.05:135][  0]LogD3D11RHI:     SharedSystemMemory : 4206389248 bytes
[2022.02.24-12.55.05:135][  0]LogD3D11RHI:     AdapterLuid : 0 69817
[2022.02.24-12.55.05:216][  0]LogD3D11RHI: RHI has support for 64 bit atomics
[2022.02.24-12.55.05:216][  0]LogD3D11RHI: Async texture creation enabled
[2022.02.24-12.55.05:216][  0]LogD3D11RHI: Array index from any shader is supported
[2022.02.24-12.55.05:240][  0]LogD3D11RHI: GPU Timing Frequency: 1000.000000 (Debug: 2 1)
[2022.02.24-12.55.05:285][  0]LogRHI: GeForceNow SDK initialized: 1
[2022.02.24-12.55.05:733][  0]LogTargetPlatformManager: Display: Loaded TargetPlatform 'WindowsNoEditor'
[2022.02.24-12.55.05:739][  0]LogTargetPlatformManager: Display: Loaded TargetPlatform 'Windows'
[2022.02.24-12.55.05:746][  0]LogTargetPlatformManager: Display: Loaded TargetPlatform 'WindowsClient'
[2022.02.24-12.55.05:753][  0]LogTargetPlatformManager: Display: Loaded TargetPlatform 'WindowsServer'
[2022.02.24-12.55.05:753][  0]LogTargetPlatformManager: Display: Building Assets For Windows
[2022.02.24-12.55.05:767][  0]LogAudioDebug: Display: Lib vorbis DLL was dynamically loaded.
[2022.02.24-12.55.05:822][  0]LogTextureFormatOodle: Display: Oodle Texture 2.9.0 init RDO Off
[2022.02.24-12.55.05:879][  0]LogRendererCore: Ray tracing is disabled. Reason: r.RayTracing=0.
[2022.02.24-12.55.05:880][  0]LogShaderCompilers: Guid format shader working directory is -17 characters bigger than the processId version (../../../../../../PROJECTS/Unreal/Endless-Runner/EndlessRunner/Intermediate/Shaders/WorkingDirectory/10860/).
[2022.02.24-12.55.05:880][  0]LogShaderCompilers: Cleaned the shader compiler working directory 'C:/Users/teodo/AppData/Local/Temp/UnrealShaderWorkingDir/6C914F16418CDE2F323B23927A6D8797/'.
[2022.02.24-12.55.05:880][  0]LogXGEController: Cannot use XGE Controller as Incredibuild is not installed on this machine.
[2022.02.24-12.55.05:880][  0]LogShaderCompilers: Cannot use XGE Shader Compiler as Incredibuild is not installed on this machine.
[2022.02.24-12.55.05:880][  0]LogShaderCompilers: Display: Using Local Shader Compiler.
[2022.02.24-12.55.07:241][  0]LogDerivedDataCache: Display: Max Cache Size: 512 MB
[2022.02.24-12.55.07:370][  0]LogDerivedDataCache: Loaded boot cache 0.13s 94MB C:/Users/teodo/AppData/Local/UnrealEngine/4.27/DerivedDataCache/Boot.ddc.
[2022.02.24-12.55.07:371][  0]LogDerivedDataCache: Display: Loaded Boot cache: C:/Users/teodo/AppData/Local/UnrealEngine/4.27/DerivedDataCache/Boot.ddc
[2022.02.24-12.55.07:371][  0]LogDerivedDataCache: FDerivedDataBackendGraph:  Pak pak cache file ../../../../../../PROJECTS/Unreal/Endless-Runner/EndlessRunner/DerivedDataCache/DDC.ddp not found, will not use a pak cache.
[2022.02.24-12.55.07:371][  0]LogDerivedDataCache: Unable to find inner node Pak for hierarchical cache Hierarchy.
[2022.02.24-12.55.07:371][  0]LogDerivedDataCache: FDerivedDataBackendGraph:  CompressedPak pak cache file ../../../../../../PROJECTS/Unreal/Endless-Runner/EndlessRunner/DerivedDataCache/Compressed.ddp not found, will not use a pak cache.
[2022.02.24-12.55.07:371][  0]LogDerivedDataCache: Unable to find inner node CompressedPak for hierarchical cache Hierarchy.
[2022.02.24-12.55.07:402][  0]LogDerivedDataCache: Display: Pak cache opened for reading ../../../Engine/DerivedDataCache/Compressed.ddp.
[2022.02.24-12.55.07:402][  0]LogDerivedDataCache: FDerivedDataBackendGraph:  EnterprisePak pak cache file ../../../Enterprise/DerivedDataCache/Compressed.ddp not found, will not use a pak cache.
[2022.02.24-12.55.07:402][  0]LogDerivedDataCache: Unable to find inner node EnterprisePak for hierarchical cache Hierarchy.
[2022.02.24-12.55.07:415][  0]LogDerivedDataCache: Speed tests for C:/Users/teodo/AppData/Local/UnrealEngine/Common/DerivedDataCache took 0.01 seconds
[2022.02.24-12.55.07:416][  0]LogDerivedDataCache: Display: Performance to C:/Users/teodo/AppData/Local/UnrealEngine/Common/DerivedDataCache: Latency=0.03ms. RandomReadSpeed=185.30MBs, RandomWriteSpeed=121.80MBs. Assigned SpeedClass 'Local'
[2022.02.24-12.55.07:416][  0]LogDerivedDataCache: Using Local data cache path C:/Users/teodo/AppData/Local/UnrealEngine/Common/DerivedDataCache: Writable
[2022.02.24-12.55.07:417][  0]LogDerivedDataCache: Shared data cache path not found in *engine.ini, will not use an Shared cache.
[2022.02.24-12.55.07:417][  0]LogDerivedDataCache: Unable to find inner node Shared for hierarchical cache Hierarchy.
[2022.02.24-12.55.07:478][  0]LogSlate: Using FreeType 2.10.0
[2022.02.24-12.55.07:479][  0]LogSlate: SlateFontServices - WITH_FREETYPE: 1, WITH_HARFBUZZ: 1
[2022.02.24-12.55.07:643][  0]LogInit: Using OS detected language (en-GB).
[2022.02.24-12.55.07:643][  0]LogInit: Using OS detected locale (en-US).
[2022.02.24-12.55.07:643][  0]LogTextLocalizationManager: No localization for 'en-GB' exists, so 'en' will be used for the language.
[2022.02.24-12.55.07:643][  0]LogTextLocalizationManager: No localization for 'en-US' exists, so 'en' will be used for the locale.
[2022.02.24-12.55.07:643][  0]LogSlate: FontCache flush requested. Reason: Culture for localization was changed
[2022.02.24-12.55.07:643][  0]LogSlate: FontCache flush requested. Reason: Culture for localization was changed
[2022.02.24-12.55.07:649][  0]LogTextLocalizationManager: Compacting localization data took   0.01ms
[2022.02.24-12.55.07:649][  0]LogAssetRegistry: FAssetRegistry took 0.0043 seconds to start up
[2022.02.24-12.55.07:922][  0]LogPackageLocalizationCache: Processed 27 localized package path(s) for 1 prioritized culture(s) in 0.001272 seconds
[2022.02.24-12.55.08:019][  0]LogInit: Selected Device Profile: [Windows]
[2022.02.24-12.55.08:019][  0]LogInit: Active device profile: [000001E9AF883900][000001E9A8706B40 49] Windows
[2022.02.24-12.55.08:019][  0]LogInit: Profiles: [000001E9AF883900][000001E9A8706B40 49] Windows, [000001E9AF840800][000001E9A870ECC0 49] WindowsNoEditor, [000001E9AF880800][000001E9A81C4E40 49] WindowsServer, [000001E9AF842E00][000001E9A81C8FC0 49] WindowsClient, [000001E9AF882D00][000001E9A81CD140 49] IOS, [000001E9AF843400][000001E9A81D12C0 49] iPadAir, [000001E9AF883300][000001E9A81D5440 49] iPadAir2, [000001E9AF7DF800][000001E9A870B6C0 49] IPadPro, [000001E9AF7DF900][000001E9A81D9700 49] iPadAir3, [000001E9AF882F00][000001E9A81DD840 49] iPadAir4, [000001E9AF7DCD00][000001E9A81E1980 49] iPadMini2, [000001E9AF882700][000001E9A81E5AC0 49] iPadMini3, [000001E9AF7DE800][000001E9A81EC0C0 49] iPadMini4, [000001E9AF882900][000001E9A81F0240 49] iPadMini5, [000001E9AF84B100][000001E9A81F8500 49] iPhone6, [000001E9AF84B200][000001E9A81F4540 49] iPodTouch6, [000001E9AF7DE000][000001E9A8200800 49] iPhone7, [000001E9AF7DE100][000001E9A81FC840 49] iPodTouch7, [000001E9AF848C00][000001E9A82049C0 49] iPhone5S, [000001E9AF7DFB00][000001E9A8208B40 49] iPhone6Plus, [000001E9AF84A900][000001E9A820CCC0 49] iPhone6S, [000001E9AF7DEC00][000001E9A8F4CE40 49] iPhone6SPlus, [000001E9AF84AF00][000001E9A8F50FC0 49] iPhone7Plus, [000001E9AF7DC800][000001E9A8F55140 49] iPhoneSE, [000001E9AF84A200][000001E9A8F592C0 49] iPhone8, [000001E9AF7DE900][000001E9A8F5D440 49] iPhone8Plus, [000001E9AF84B500][000001E9A8F615C0 49] iPhoneX, [000001E9AF7DDA00][000001E9A8F65740 49] iPhoneXS, [000001E9AF848800][000001E9A8F698C0 49] iPhoneXSMax, [000001E9AF7DF000][000001E9A81E9A00 49] iPhoneXR, [000001E9AF84AA00][000001E9A8F6DB40 49] iPhone11, [000001E9AF7DC900][000001E9A8F70100 49] iPhone11Pro, [000001E9AF848200][000001E9A8F78280 49] iPhone11ProMax, [000001E9AF7DDD00][000001E9A8F7C400 49] iPhoneSE2, [000001E9AF84A600][000001E9A8F80580 49] iPhone12Mini, [000001E9AF7DFF00][000001E9A8F84700 49] iPhone12, [000001E9AF848F00][000001E9A8F88880 49] iPhone12Pro, [000001E9AF7DD100][000001E9A8F8CA00 49] iPhone12ProMax, [000001E9AF848D00][000001E9A8F90B80 49] iPadPro105, [000001E9AF7DCC00][000001E9A8F94D00 49] iPadPro129, [000001E9AF84AC00][000001E9A8F98E80 49] iPadPro97, [000001E9AF7DE200][000001E9A8F9D000 49] iPadPro2_129, [000001E9AF849000][000001E9A8FA1180 49] iPad5, [000001E9AF7DDC00][000001E9A8FA5300 49] iPad6, [000001E9AF84AB00][000001E9A8FA9480 49] iPad7, [000001E9AF7DC500][000001E9A8FAD600 49] iPad8, [000001E9AF84B600][000001E9A851B780 49] iPadPro11, [000001E9AF7DC700][000001E9A851F900 49] iPadPro2_11, [000001E9AF849A00][000001E9A8523A80 49] iPadPro3_129, [000001E9AF7DFA00][000001E9A8F75BC0 49] iPadPro4_129, [000001E9AF849700][000001E9A8526180 49] AppleTV, [000001E9AF7DDE00][000001E9A852A2C0 49] AppleTV4K, [000001E9AF849800][000001E9A8532440 49] TVOS, [000001E9AF7DD900][000001E9A85365C0 49] Mac, [000001E9AF848600][000001E9A853A740 49] MacClient, [000001E9AF7DD000][000001E9A853E8C0 49] MacNoEditor, [000001E9AF840D00][000001E9A8542A40 49] MacServer, [000001E9AF8C1200][000001E9A8546BC0 49] Linux, [000001E9AF840C00][000001E9A854AD40 49] LinuxAArch64, [000001E9AF8C1C00][000001E9A854EEC0 49] LinuxNoEditor, [000001E9AF842000][000001E9A8553040 49] LinuxAArch64NoEditor, [000001E9AF8C1800][000001E9A85571C0 49] LinuxClient, [000001E9AF841700][000001E9A855B340 49] LinuxAArch64Client, [000001E9AF8C1B00][000001E9A855F4C0 49] LinuxServer, [000001E9AF842800][000001E9A8563640 49] LinuxAArch64Server, [000001E9AF8C1500][000001E9A85677C0 49] Android, [000001E9AF842A00][000001E9A856B940 49] Android_Low, [000001E9AF8C1E00][000001E9A856FAC0 49] Android_Mid, [000001E9AF843B00][000001E9A85720C0 49] Android_High, [000001E9AF8C0E00][000001E9A852E200 49] Android_Default, [000001E9AF840400][000001E9A8576340 49] Android_Adreno4xx, [000001E9AF8C1A00][000001E9A857A480 49] Android_Adreno5xx_Low, [000001E9AF843000][000001E9A857E5C0 49] Android_Adreno5xx, [000001E9AF8C2000][000001E9A8586740 49] Android_Adreno6xx, [000001E9AF843600][000001E9A858A8C0 49] Android_Adreno6xx_Vulkan, [000001E9AF8C3000][000001E9A858EA40 49] Android_Mali_T6xx, [000001E9AF840500][000001E9A8592BC0 49] Android_Mali_T7xx, [000001E9AF8C1F00][000001E9A8596D40 49] Android_Mali_T8xx, [000001E9AF842D00][000001E9A859AEC0 49] Android_Mali_G71, [000001E9AF8C2D00][000001E9A859F040 49] Android_Mali_G72, [000001E9AF7DD200][000001E9A85A31C0 49] Android_Mali_G72_Vulkan, [000001E9AF8C2100][000001E9A85A7340 49] Android_Mali_G76, [000001E9AF7DE700][000001E9A85AB4C0 49] Android_Mali_G76_Vulkan, [000001E9AF8C2800][000001E9A85AF640 49] Android_Mali_G77, [000001E9AF7DCE00][000001E9A85B37C0 49] Android_Mali_G77_Vulkan, [000001E9AF8C0D00][000001E9A85B7940 49] Android_Mali_G78, [000001E9AF7DFE00][000001E9A85BBAC0 49] Android_Mali_G78_Vulkan, [000001E9AF8C2300][000001E9A85BE0C0 49] Android_Mali_G710, [000001E9AF7DF500][000001E9A85C2240 49] Android_Mali_G710_Vulkan, [000001E9AF8C2900][000001E9A8582380 49] Android_Vulkan_SM5, [000001E9AF7DC100][000001E9A85C64C0 49] Android_PowerVR_G6xxx, [000001E9AF8C1700][000001E9A85CA600 49] Android_PowerVR_GT7xxx, [000001E9AF7DCF00][000001E9A85CE740 49] Android_PowerVR_GE8xxx, [000001E9AF8C0500][000001E9A85D68C0 49] Android_PowerVR_GM9xxx, [000001E9AF7DF400][000001E9A85DAA40 49] Android_PowerVR_GM9xxx_Vulkan, [000001E9AF8C2500][000001E9A85DEBC0 49] Android_TegraK1, [000001E9AF7DD300][000001E9A85E2D40 49] Android_Unknown_Vulkan, [000001E9AF8C0300][000001E9A85E6EC0 49] Lumin, [000001E9AF7DF700][000001E9A85EB040 49] Lumin_Desktop, [000001E9AF8C1100][000001E9A85EF1C0 49] HoloLens, 
[2022.02.24-12.55.08:084][  0]LogMeshReduction: Using QuadricMeshReduction for automatic static mesh reduction
[2022.02.24-12.55.08:084][  0]LogMeshReduction: Using SimplygonMeshReduction for automatic skeletal mesh reduction
[2022.02.24-12.55.08:084][  0]LogMeshReduction: Using ProxyLODMeshReduction for automatic mesh merging
[2022.02.24-12.55.08:084][  0]LogMeshReduction: No distributed automatic mesh merging module available
[2022.02.24-12.55.08:084][  0]LogMeshMerging: No distributed automatic mesh merging module available
[2022.02.24-12.55.08:247][  0]LogNetVersion: EndlessRunner 1.0.0, NetCL: 17155196, EngineNetVer: 17, GameNetVer: 0 (Checksum: 1331125288)
[2022.02.24-12.55.08:621][  0]LogTexture: Default maximum texture size for cubemaps generated from long-lat sources has been changed from 512 to unlimited. In order to preserve old behaiour for '/Engine/MapTemplates/Sky/DaylightAmbientCubemap.DaylightAmbientCubemap', its maximum texture size has been explicitly set to 512.
[2022.02.24-12.55.08:701][  0]LogHMD: PokeAHoleMaterial loaded successfully
[2022.02.24-12.55.08:893][  0]LogMoviePlayer: Initializing movie player
[2022.02.24-12.55.09:008][  0]LogPython: Using Python 3.7.7
[2022.02.24-12.55.09:909][  0]LogNiagaraDebuggerClient: Niagara Debugger Client Initialized | Session: 8A6504AA40FDCE3724D8EBA75C825D46 | Instance: 2CE44BBE4AF31CADD908078A191316F6 (LAPTOP-BL73FRTF-10860).
[2022.02.24-12.55.09:974][  0]LogCollectionManager: Loaded 0 collections in 0.002231 seconds
[2022.02.24-12.55.09:978][  0]LogFileCache: Scanning file cache for directory 'C:/PROJECTS/Unreal/Endless-Runner/EndlessRunner/Saved/Collections/' took 0.00s
[2022.02.24-12.55.09:978][  0]LogFileCache: Scanning file cache for directory 'C:/PROJECTS/Unreal/Endless-Runner/EndlessRunner/Content/Developers/teodo/Collections/' took 0.00s
[2022.02.24-12.55.09:978][  0]LogFileCache: Scanning file cache for directory 'C:/PROJECTS/Unreal/Endless-Runner/EndlessRunner/Content/Collections/' took 0.00s
[2022.02.24-12.55.09:978][  0]LogCollectionManager: Fixed up redirectors for 0 collections in 0.000002 seconds (updated 0 objects)
[2022.02.24-12.55.10:049][  0]LogUdpMessaging: Initializing bridge on interface 0.0.0.0:0 to multicast group 230.0.0.1:6666.
[2022.02.24-12.55.10:058][  0]LogTcpMessaging: Initializing TcpMessaging bridge
[2022.02.24-12.55.10:349][  0]LogOpenImageDenoise: OIDN starting up
[2022.02.24-12.55.10:411][  0]SourceControl: Source control is disabled
[2022.02.24-12.55.10:411][  0]SourceControl: Source control is disabled
[2022.02.24-12.55.10:418][  0]SourceControl: Source control is disabled
[2022.02.24-12.55.10:435][  0]LogUProjectInfo: Found projects:
[2022.02.24-12.55.10:516][  0]LogAndroidPermission: UAndroidPermissionCallbackProxy::GetInstance
[2022.02.24-12.55.10:554][  0]LogAudioCaptureCore: Display: No Audio Capture implementations found. Audio input will be silent.
[2022.02.24-12.55.10:554][  0]LogAudioCaptureCore: Display: No Audio Capture implementations found. Audio input will be silent.
[2022.02.24-12.55.10:679][  0]LogOcInput: OculusInput pre-init called
[2022.02.24-12.55.10:692][  0]LogUObjectArray: 22121 objects as part of root set at end of initial load.
[2022.02.24-12.55.10:692][  0]LogUObjectAllocator: 5975632 out of 0 bytes used by permanent object pool.
[2022.02.24-12.55.10:692][  0]LogUObjectArray: CloseDisregardForGC: 0/0 objects in disregard for GC pool
[2022.02.24-12.55.10:841][  0]LogEngine: Initializing Engine...
[2022.02.24-12.55.10:918][  0]LogHMD: Optional extension XR_VARJO_quad_views is not available
[2022.02.24-12.55.10:919][  0]LogHMD: Warning: Required extension XR_EXT_eye_gaze_interaction is not available
[2022.02.24-12.55.10:919][  0]LogHMD: Could not enable all required OpenXR extensions for OpenXREyeTracker on current system. This plugin will be loaded but ignored, but will be enabled on a target platform that supports the required extension.
[2022.02.24-12.55.11:424][  0]LogHMD: Failed to get an OpenXR system, result is XR_ERROR_FORM_FACTOR_UNAVAILABLE. Please check that your runtime supports VR headsets.
[2022.02.24-12.55.11:425][  0]LogHMD: Failed to initialize OpenVR with code 101
[2022.02.24-12.55.11:425][  0]LogMagicLeap: Warning: VR disabled because ZI is not enabled.  To enable, in the editor, Edit -> Project Settings -> Plugins -> Magic Leap Plugin -> Enable Zero Iteration
[2022.02.24-12.55.11:430][  0]LogStats: UGameplayTagsManager::InitializeManager -  0.002 s
[2022.02.24-12.55.11:590][  0]LogInit: Initializing FReadOnlyCVARCache
[2022.02.24-12.55.11:591][  0]LogAudio: Display: Initializing Audio Device Manager...
[2022.02.24-12.55.11:598][  0]LogAudio: Display: Loading Default Audio Settings Objects...
[2022.02.24-12.55.11:598][  0]LogAudio: Display: No default SoundConcurrencyObject specified (or failed to load).
[2022.02.24-12.55.11:600][  0]LogAudio: Display: Audio Device Manager Initialized
[2022.02.24-12.55.11:600][  0]LogAudio: Display: Creating Audio Device:                 Id: 1, Scope: Shared, Realtime: True
[2022.02.24-12.55.11:600][  0]LogAudioMixer: Display: Audio Mixer Platform Settings:
[2022.02.24-12.55.11:600][  0]LogAudioMixer: Display: 	Sample Rate:						  48000
[2022.02.24-12.55.11:600][  0]LogAudioMixer: Display: 	Callback Buffer Frame Size Requested: 1024
[2022.02.24-12.55.11:600][  0]LogAudioMixer: Display: 	Callback Buffer Frame Size To Use:	  1024
[2022.02.24-12.55.11:600][  0]LogAudioMixer: Display: 	Number of buffers to queue:			  2
[2022.02.24-12.55.11:600][  0]LogAudioMixer: Display: 	Max Channels (voices):				  32
[2022.02.24-12.55.11:600][  0]LogAudioMixer: Display: 	Number of Async Source Workers:		  0
[2022.02.24-12.55.11:600][  0]LogAudio: Display: AudioDevice MaxSources: 32
[2022.02.24-12.55.11:601][  0]LogAudio: Display: Audio Spatialization Plugin: None (built-in).
[2022.02.24-12.55.11:601][  0]LogAudio: Display: Audio Reverb Plugin: None (built-in).
[2022.02.24-12.55.11:601][  0]LogAudio: Display: Audio Occlusion Plugin: None (built-in).
[2022.02.24-12.55.11:601][  0]LogAudioMixer: Display: Initializing audio mixer.
[2022.02.24-12.55.11:630][  0]LogAudioMixer: Display: 0: FrontLeft
[2022.02.24-12.55.11:630][  0]LogAudioMixer: Display: 1: FrontRight
[2022.02.24-12.55.11:822][  0]LogAudioMixer: Display: Using Audio Device Speakers (Realtek(R) Audio)
[2022.02.24-12.55.11:830][  0]LogAudioMixer: Display: Initializing Sound Submixes...
[2022.02.24-12.55.11:834][  0]LogAudioMixer: Display: Creating Master Submix 'MasterSubmixDefault'
[2022.02.24-12.55.11:835][  0]LogAudioMixer: Display: Creating Master Submix 'MasterReverbSubmixDefault'
[2022.02.24-12.55.11:836][  0]LogAudioMixer: Display: Creating Master Submix 'MasterEQSubmixDefault'
[2022.02.24-12.55.11:836][  0]LogAudioMixer: FMixerPlatformXAudio2::StartAudioStream() called
[2022.02.24-12.55.11:836][  0]LogAudioMixer: Display: Output buffers initialized: Frames=1024, Channels=2, Samples=2048
[2022.02.24-12.55.11:837][  0]LogAudioMixer: Display: Starting AudioMixerPlatformInterface::RunInternal()
[2022.02.24-12.55.11:837][  0]LogAudioMixer: Display: FMixerPlatformXAudio2::SubmitBuffer() called for the first time
[2022.02.24-12.55.11:837][  0]LogInit: FAudioDevice initialized.
[2022.02.24-12.55.11:839][  0]LogNetVersion: Set ProjectVersion to 1.0.0.0. Version Checksum will be recalculated on next use.
[2022.02.24-12.55.11:841][  0]LogInit: Texture streaming: Enabled
[2022.02.24-12.55.11:964][  0]LogAudio: Display: Audio Device (ID: 1) registered with world 'Untitled'.
[2022.02.24-12.55.11:966][  0]LogSlate: Updating window title bar state: overlay mode, drag disabled, window buttons hidden, title bar hidden
[2022.02.24-12.55.11:967][  0]LogInit: Display: Game Engine Initialized.
[2022.02.24-12.55.11:967][  0]LogNiagaraEditor: GEditor isn't valid! Particle reset commands will not work for Niagara components!
[2022.02.24-12.55.12:172][  0]LogInit: Display: Starting Game.
[2022.02.24-12.55.12:173][  0]LogNet: Browse: /Game/ThirdPersonBP/Maps/ThirdPersonExampleMap?Name=Player
[2022.02.24-12.55.12:174][  0]LogLoad: LoadMap: /Game/ThirdPersonBP/Maps/ThirdPersonExampleMap?Name=Player
[2022.02.24-12.55.12:174][  0]LogWorld: BeginTearingDown for /Temp/Untitled_0
[2022.02.24-12.55.12:176][  0]LogWorld: UWorld::CleanupWorld for Untitled, bSessionEnded=true, bCleanupResources=true
[2022.02.24-12.55.12:176][  0]LogSlate: InvalidateAllWidgets triggered.  All widgets were invalidated
[2022.02.24-12.55.12:182][  0]LogAudio: Display: Audio Device unregistered from world 'None'.
[2022.02.24-12.55.12:186][  0]LogUObjectHash: Compacting FUObjectHashTables data took   1.17ms
[2022.02.24-12.55.12:857][  0]LogAudio: Display: Audio Device (ID: 1) registered with world 'ThirdPersonExampleMap'.
[2022.02.24-12.55.12:876][  0]LogAIModule: Creating AISystem for world ThirdPersonExampleMap
[2022.02.24-12.55.12:880][  0]LogLoad: Game class is 'ThirdPersonGameMode_C'
[2022.02.24-12.55.13:111][  0]LogWorld: Bringing World /Game/ThirdPersonBP/Maps/ThirdPersonExampleMap.ThirdPersonExampleMap up for play (max tick rate 0) at 2022.02.24-12.55.13
[2022.02.24-12.55.13:112][  0]LogWorld: Bringing up level for play took: 0.231363
[2022.02.24-12.55.13:112][  0]LogGameMode: FindPlayerStart: PATHS NOT DEFINED or NO PLAYERSTART with positive rating
[2022.02.24-12.55.13:118][  0]LogLoad: Took 0.944343 seconds to LoadMap(/Game/ThirdPersonBP/Maps/ThirdPersonExampleMap)
[2022.02.24-12.55.13:175][  0]LogSlate: Took 0.001200 seconds to synchronously load lazily loaded font '../../../Engine/Content/Slate/Fonts/Roboto-Regular.ttf' (155K)
[2022.02.24-12.55.13:220][  0]LogRenderer: Reallocating scene render targets to support 1280x720 Format 10 NumSamples 1 (Frame:1).
[2022.02.24-12.55.13:220][  0]LogInit: Display: Engine is initialized. Leaving FEngineLoop::Init()
[2022.02.24-12.55.13:220][  0]LogLoad: (Engine Initialization) Total time: 11.67 seconds
[2022.02.24-12.55.13:220][  0]LogLoad: (Engine Initialization) Total Blueprint compile time: 0.00 seconds
[2022.02.24-12.55.13:365][  0]LogContentStreaming: Texture pool size now 1000 MB
[2022.02.24-12.55.13:378][  0]LogSlate: InvalidateAllWidgets triggered.  All widgets were invalidated
[2022.02.24-12.55.13:551][  0]LogRenderer: Reallocating scene render targets to support 128x128 Format 10 NumSamples 1 (Frame:1).
[2022.02.24-12.55.13:608][  0]LogRenderer: Reallocating scene render targets to support 1280x720 Format 10 NumSamples 1 (Frame:2).
[2022.02.24-12.55.13:664][  1]LogSlate: Took 0.000254 seconds to synchronously load lazily loaded font '../../../Engine/Content/Slate/Fonts/Roboto-Regular.ttf' (155K)
[2022.02.24-12.55.17:853][270]LogBlueprintUserMessages: [ThirdPersonCharacter_167] GAME OVER
[2022.02.24-12.55.17:869][271]LogBlueprintUserMessages: [ThirdPersonCharacter_167] GAME OVER
[2022.02.24-12.55.17:973][278]LogBlueprintUserMessages: [ThirdPersonCharacter_167] GAME OVER
[2022.02.24-12.55.18:209][290]LogBlueprintUserMessages: [ThirdPersonCharacter_167] GAME OVER
[2022.02.24-12.55.23:844][642]LogBlueprintUserMessages: [ThirdPersonCharacter_167] GAME OVER
[2022.02.24-12.55.23:865][643]LogBlueprintUserMessages: [ThirdPersonCharacter_167] GAME OVER
[2022.02.24-12.55.23:996][649]LogBlueprintUserMessages: [ThirdPersonCharacter_167] GAME OVER
[2022.02.24-12.55.24:219][657]LogBlueprintUserMessages: [ThirdPersonCharacter_167] GAME OVER
[2022.02.24-12.55.35:070][926]LogBlueprintUserMessages: [ThirdPersonCharacter_167] GAME OVER
[2022.02.24-12.55.35:094][927]LogBlueprintUserMessages: [ThirdPersonCharacter_167] GAME OVER
[2022.02.24-12.55.35:236][933]LogBlueprintUserMessages: [ThirdPersonCharacter_167] GAME OVER
[2022.02.24-12.55.35:452][939]LogBlueprintUserMessages: [ThirdPersonCharacter_167] GAME OVER
[2022.02.24-12.55.41:050][248]LogBlueprintUserMessages: [ThirdPersonCharacter_167] GAME OVER
[2022.02.24-12.55.41:067][249]LogBlueprintUserMessages: [ThirdPersonCharacter_167] GAME OVER
[2022.02.24-12.55.41:189][256]LogBlueprintUserMessages: [ThirdPersonCharacter_167] GAME OVER
[2022.02.24-12.55.41:421][266]LogBlueprintUserMessages: [ThirdPersonCharacter_167] GAME OVER
[2022.02.24-12.55.47:056][547]LogBlueprintUserMessages: [ThirdPersonCharacter_167] GAME OVER
[2022.02.24-12.55.47:072][548]LogBlueprintUserMessages: [ThirdPersonCharacter_167] GAME OVER
[2022.02.24-12.55.47:179][555]LogBlueprintUserMessages: [ThirdPersonCharacter_167] GAME OVER
[2022.02.24-12.55.47:408][566]LogBlueprintUserMessages: [ThirdPersonCharacter_167] GAME OVER
[2022.02.24-12.55.59:780][875]LogBlueprintUserMessages: [ThirdPersonCharacter_167] GAME OVER
[2022.02.24-12.55.59:795][876]LogBlueprintUserMessages: [ThirdPersonCharacter_167] GAME OVER
[2022.02.24-12.55.59:899][883]LogBlueprintUserMessages: [ThirdPersonCharacter_167] GAME OVER
[2022.02.24-12.56.00:133][894]LogBlueprintUserMessages: [ThirdPersonCharacter_167] GAME OVER
[2022.02.24-12.56.05:759][198]LogBlueprintUserMessages: [ThirdPersonCharacter_167] GAME OVER
[2022.02.24-12.56.05:781][199]LogBlueprintUserMessages: [ThirdPersonCharacter_167] GAME OVER
[2022.02.24-12.56.05:906][205]LogBlueprintUserMessages: [ThirdPersonCharacter_167] GAME OVER
[2022.02.24-12.56.06:112][213]LogBlueprintUserMessages: [ThirdPersonCharacter_167] GAME OVER
[2022.02.24-12.56.11:760][522]LogBlueprintUserMessages: [ThirdPersonCharacter_167] GAME OVER
[2022.02.24-12.56.11:778][523]LogBlueprintUserMessages: [ThirdPersonCharacter_167] GAME OVER
[2022.02.24-12.56.11:902][529]LogBlueprintUserMessages: [ThirdPersonCharacter_167] GAME OVER
[2022.02.24-12.56.12:116][537]LogBlueprintUserMessages: [ThirdPersonCharacter_167] GAME OVER
[2022.02.24-12.56.17:768][871]LogBlueprintUserMessages: [ThirdPersonCharacter_167] GAME OVER
[2022.02.24-12.56.17:783][872]LogBlueprintUserMessages: [ThirdPersonCharacter_167] GAME OVER
[2022.02.24-12.56.17:916][879]LogBlueprintUserMessages: [ThirdPersonCharacter_167] GAME OVER
[2022.02.24-12.56.18:121][887]LogBlueprintUserMessages: [ThirdPersonCharacter_167] GAME OVER
[2022.02.24-12.56.23:749][188]LogBlueprintUserMessages: [ThirdPersonCharacter_167] GAME OVER
[2022.02.24-12.56.23:763][189]LogBlueprintUserMessages: [ThirdPersonCharacter_167] GAME OVER
[2022.02.24-12.56.23:874][196]LogBlueprintUserMessages: [ThirdPersonCharacter_167] GAME OVER
[2022.02.24-12.56.24:113][207]LogBlueprintUserMessages: [ThirdPersonCharacter_167] GAME OVER
[2022.02.24-12.56.29:747][508]LogBlueprintUserMessages: [ThirdPersonCharacter_167] GAME OVER
[2022.02.24-12.56.29:766][509]LogBlueprintUserMessages: [ThirdPersonCharacter_167] GAME OVER
[2022.02.24-12.56.29:893][515]LogBlueprintUserMessages: [ThirdPersonCharacter_167] GAME OVER
[2022.02.24-12.56.30:113][523]LogBlueprintUserMessages: [ThirdPersonCharacter_167] GAME OVER
[2022.02.24-12.56.35:756][862]LogBlueprintUserMessages: [ThirdPersonCharacter_167] GAME OVER
[2022.02.24-12.56.35:772][863]LogBlueprintUserMessages: [ThirdPersonCharacter_167] GAME OVER
[2022.02.24-12.56.35:899][870]LogBlueprintUserMessages: [ThirdPersonCharacter_167] GAME OVER
[2022.02.24-12.56.36:119][878]LogBlueprintUserMessages: [ThirdPersonCharacter_167] GAME OVER
[2022.02.24-12.56.41:752][174]LogBlueprintUserMessages: [ThirdPersonCharacter_167] GAME OVER
[2022.02.24-12.56.41:767][175]LogBlueprintUserMessages: [ThirdPersonCharacter_167] GAME OVER
[2022.02.24-12.56.41:883][183]LogBlueprintUserMessages: [ThirdPersonCharacter_167] GAME OVER
[2022.02.24-12.56.42:103][194]LogBlueprintUserMessages: [ThirdPersonCharacter_167] GAME OVER
[2022.02.24-12.56.46:042][418]LogSlate: Window 'EndlessRunner (64-bit Development PCD3D_SM5) ' being destroyed
[2022.02.24-12.56.46:043][418]LogWindowsTextInputMethodSystem: Display: IME system deactivated.
[2022.02.24-12.56.46:052][418]LogSlate: Updating window title bar state: overlay mode, drag disabled, window buttons hidden, title bar hidden
[2022.02.24-12.56.46:052][418]LogEngine: All Windows Closed
[2022.02.24-12.56.46:052][418]LogWindows: FPlatformMisc::RequestExit(0)
[2022.02.24-12.56.46:052][418]LogWindows: FPlatformMisc::RequestExitWithStatus(0, 0)
[2022.02.24-12.56.46:052][418]LogCore: Engine exit requested (reason: Win RequestExit)
[2022.02.24-12.56.46:053][419]LogCore: Engine exit requested (reason: EngineExit() was called; note: exit was already requested)
[2022.02.24-12.56.46:053][419]LogInit: Display: PreExit Game.
[2022.02.24-12.56.46:087][419]LogWorld: BeginTearingDown for /Game/ThirdPersonBP/Maps/ThirdPersonExampleMap
[2022.02.24-12.56.46:088][419]LogWorld: UWorld::CleanupWorld for ThirdPersonExampleMap, bSessionEnded=true, bCleanupResources=true
[2022.02.24-12.56.46:094][419]LogSlate: InvalidateAllWidgets triggered.  All widgets were invalidated
[2022.02.24-12.56.46:481][419]LogAudio: Display: Beginning Audio Device Manager Shutdown (Module: AudioMixerXAudio2)...
[2022.02.24-12.56.46:482][419]LogAudio: Display: Destroying 1 Remaining Audio Device(s)...
[2022.02.24-12.56.46:482][419]LogAudio: Display: Audio Device unregistered from world 'ThirdPersonExampleMap'.
[2022.02.24-12.56.46:484][419]LogAudioMixer: FMixerPlatformXAudio2::StopAudioStream() called
[2022.02.24-12.56.46:484][419]LogAudioMixer: FMixerPlatformXAudio2::StopAudioStream() called
[2022.02.24-12.56.46:491][419]LogAudio: Display: Audio Device Manager Shutdown
[2022.02.24-12.56.46:496][419]LogExit: Preparing to exit.
[2022.02.24-12.56.47:117][419]LogSlate: Updating window title bar state: overlay mode, drag disabled, window buttons hidden, title bar hidden
[2022.02.24-12.56.47:120][419]LogUObjectHash: Compacting FUObjectHashTables data took   1.73ms
[2022.02.24-12.56.47:162][419]LogMoviePlayer: Shutting down movie player
[2022.02.24-12.56.47:281][419]LogDemo: Cleaned up 0 splitscreen connections with owner deletion
[2022.02.24-12.56.47:298][419]LogExit: Game engine shut down
[2022.02.24-12.56.47:446][419]LogExit: Object subsystem successfully closed.
[2022.02.24-12.56.47:466][419]LogShaderCompilers: Display: === FShaderJobCache stats ===
[2022.02.24-12.56.47:466][419]LogShaderCompilers: Display: Total job queries 0, among them cache hits 0 (0.00%)
[2022.02.24-12.56.47:466][419]LogShaderCompilers: Display: Tracking 0 distinct input hashes that result in 0 distinct outputs (0.00%)
[2022.02.24-12.56.47:467][419]LogShaderCompilers: Display: RAM used: 0.00 MB (0.00 GB) of 409.60 MB (0.40 GB) budget. Usage: 0.00%
[2022.02.24-12.56.47:467][419]LogShaderCompilers: Display: ================================================
[2022.02.24-12.56.47:479][419]LogShaderCompilers: Display: Shaders left to compile 0
[2022.02.24-12.56.47:549][419]LogModuleManager: Shutting down and abandoning module SequenceRecorderSections (560)
[2022.02.24-12.56.47:549][419]LogModuleManager: Shutting down and abandoning module SequenceRecorder (558)
[2022.02.24-12.56.47:549][419]LogModuleManager: Shutting down and abandoning module AutomationController (556)
[2022.02.24-12.56.47:550][419]LogModuleManager: Shutting down and abandoning module AutomationWorker (554)
[2022.02.24-12.56.47:550][419]LogModuleManager: Shutting down and abandoning module Voice (552)
[2022.02.24-12.56.47:551][419]LogModuleManager: Shutting down and abandoning module AIModule (550)
[2022.02.24-12.56.47:551][419]LogModuleManager: Shutting down and abandoning module GameplayDebugger (549)
[2022.02.24-12.56.47:552][419]LogModuleManager: Shutting down and abandoning module AITestSuite (547)
[2022.02.24-12.56.47:552][419]LogModuleManager: Shutting down and abandoning module NavigationSystem (545)
[2022.02.24-12.56.47:552][419]LogModuleManager: Shutting down and abandoning module AnimGraph (542)
[2022.02.24-12.56.47:552][419]LogModuleManager: Shutting down and abandoning module SteamVREditor (540)
[2022.02.24-12.56.47:552][419]LogModuleManager: Shutting down and abandoning module ToolMenus (539)
[2022.02.24-12.56.47:552][419]LogModuleManager: Shutting down and abandoning module OculusMR (536)
[2022.02.24-12.56.47:552][419]LogModuleManager: Shutting down and abandoning module OpenXRInput (534)
[2022.02.24-12.56.47:552][419]LogModuleManager: Shutting down and abandoning module TakeRecorderSources (532)
[2022.02.24-12.56.47:554][419]LogModuleManager: Shutting down and abandoning module TakeRecorder (531)
[2022.02.24-12.56.47:555][419]LogModuleManager: Shutting down and abandoning module TakeTrackRecorders (528)
[2022.02.24-12.56.47:555][419]LogModuleManager: Shutting down and abandoning module TakesCore (526)
[2022.02.24-12.56.47:556][419]LogModuleManager: Shutting down and abandoning module WebMMediaFactory (524)
[2022.02.24-12.56.47:556][419]LogModuleManager: Shutting down and abandoning module WebMMedia (522)
[2022.02.24-12.56.47:556][419]LogModuleManager: Shutting down and abandoning module WmfMediaFactory (520)
[2022.02.24-12.56.47:556][419]LogModuleManager: Shutting down and abandoning module OpenExrWrapper (518)
[2022.02.24-12.56.47:556][419]LogModuleManager: Shutting down and abandoning module ImgMediaFactory (516)
[2022.02.24-12.56.47:556][419]LogModuleManager: Shutting down and abandoning module AvfMediaFactory (514)
[2022.02.24-12.56.47:556][419]LogModuleManager: Shutting down and abandoning module MagicLeapMediaCodecFactory (512)
[2022.02.24-12.56.47:556][419]LogModuleManager: Shutting down and abandoning module MagicLeapMediaFactory (510)
[2022.02.24-12.56.47:556][419]LogModuleManager: Shutting down and abandoning module PlanarCut (508)
[2022.02.24-12.56.47:557][419]LogModuleManager: Shutting down and abandoning module CharacterAI (506)
[2022.02.24-12.56.47:557][419]LogModuleManager: Shutting down and abandoning module SessionServices (504)
[2022.02.24-12.56.47:557][419]LogModuleManager: Shutting down and abandoning module MovieSceneCapture (502)
[2022.02.24-12.56.47:557][419]LogModuleManager: Shutting down and abandoning module LiveCoding (500)
[2022.02.24-12.56.47:558][419]LogModuleManager: Shutting down and abandoning module LevelSequence (498)
[2022.02.24-12.56.47:558][419]LogModuleManager: Shutting down and abandoning module MovieSceneTracks (496)
[2022.02.24-12.56.47:558][419]LogModuleManager: Shutting down and abandoning module MovieScene (494)
[2022.02.24-12.56.47:559][419]LogModuleManager: Shutting down and abandoning module StreamingPauseRendering (492)
[2022.02.24-12.56.47:559][419]LogModuleManager: Shutting down and abandoning module PortalServices (490)
[2022.02.24-12.56.47:559][419]LogModuleManager: Shutting down and abandoning module PortalRpc (488)
[2022.02.24-12.56.47:559][419]LogModuleManager: Shutting down and abandoning module MessagingRpc (486)
[2022.02.24-12.56.47:559][419]LogModuleManager: Shutting down and abandoning module AudioMixerXAudio2 (484)
[2022.02.24-12.56.47:559][419]LogModuleManager: Shutting down and abandoning module AudioMixerCore (483)
[2022.02.24-12.56.47:559][419]LogModuleManager: Shutting down and abandoning module ImageWriteQueue (480)
[2022.02.24-12.56.47:565][419]LogModuleManager: Shutting down and abandoning module ProfilerService (478)
[2022.02.24-12.56.47:636][419]LogModuleManager: Shutting down and abandoning module TaskGraph (476)
[2022.02.24-12.56.47:636][419]LogModuleManager: Shutting down and abandoning module OculusInput (474)
[2022.02.24-12.56.47:636][419]LogModuleManager: Shutting down and abandoning module Synthesis (472)
[2022.02.24-12.56.47:637][419]LogModuleManager: Shutting down and abandoning module ProceduralMeshComponent (470)
[2022.02.24-12.56.47:637][419]LogModuleManager: Shutting down and abandoning module MobilePatchingUtils (468)
[2022.02.24-12.56.47:637][419]LogModuleManager: Shutting down and abandoning module GooglePAD (466)
[2022.02.24-12.56.47:637][419]LogModuleManager: Shutting down and abandoning module EditableMesh (464)
[2022.02.24-12.56.47:637][419]LogModuleManager: Shutting down and abandoning module CustomMeshComponent (462)
[2022.02.24-12.56.47:637][419]LogModuleManager: Shutting down and abandoning module CableComponent (460)
[2022.02.24-12.56.47:637][419]LogModuleManager: Shutting down and abandoning module AudioCapture (458)
[2022.02.24-12.56.47:637][419]LogModuleManager: Shutting down and abandoning module AudioCaptureRtAudio (457)
[2022.02.24-12.56.47:638][419]LogModuleManager: Shutting down and abandoning module ArchVisCharacter (454)
[2022.02.24-12.56.47:638][419]LogModuleManager: Shutting down and abandoning module AssetTags (452)
[2022.02.24-12.56.47:638][419]LogModuleManager: Shutting down and abandoning module AppleImageUtilsBlueprintSupport (450)
[2022.02.24-12.56.47:638][419]LogModuleManager: Shutting down and abandoning module AppleImageUtils (448)
[2022.02.24-12.56.47:638][419]LogModuleManager: Shutting down and abandoning module AndroidPermission (446)
[2022.02.24-12.56.47:638][419]LogModuleManager: Shutting down and abandoning module TakeMovieScene (444)
[2022.02.24-12.56.47:638][419]LogModuleManager: Shutting down and abandoning module ActorLayerUtilities (442)
[2022.02.24-12.56.47:638][419]LogModuleManager: Shutting down and abandoning module TemplateSequence (440)
[2022.02.24-12.56.47:638][419]LogModuleManager: Shutting down and abandoning module MediaCompositing (438)
[2022.02.24-12.56.47:638][419]LogModuleManager: Shutting down and abandoning module ImgMedia (436)
[2022.02.24-12.56.47:638][419]LogModuleManager: Shutting down and abandoning module MagicLeapSharedWorld (434)
[2022.02.24-12.56.47:638][419]LogModuleManager: Shutting down and abandoning module MagicLeapLightEstimation (432)
[2022.02.24-12.56.47:638][419]LogModuleManager: Shutting down and abandoning module MagicLeapHelperVulkan (430)
[2022.02.24-12.56.47:638][419]LogModuleManager: Shutting down and abandoning module MagicLeapHelperOpenGL (428)
[2022.02.24-12.56.47:638][419]LogModuleManager: Shutting down and abandoning module MagicLeapAudio (426)
[2022.02.24-12.56.47:638][419]LogModuleManager: Shutting down and abandoning module VisualStudioCodeSourceCodeAccess (424)
[2022.02.24-12.56.47:638][419]LogModuleManager: Shutting down and abandoning module VisualStudioSourceCodeAccess (422)
[2022.02.24-12.56.47:639][419]LogModuleManager: Shutting down and abandoning module HotReload (421)
[2022.02.24-12.56.47:639][419]LogModuleManager: Shutting down and abandoning module UObjectPlugin (418)
[2022.02.24-12.56.47:639][419]LogModuleManager: Shutting down and abandoning module SubversionSourceControl (416)
[2022.02.24-12.56.47:640][419]LogModuleManager: Shutting down and abandoning module PerforceSourceControl (414)
[2022.02.24-12.56.47:641][419]LogModuleManager: Shutting down and abandoning module SourceControl (413)
[2022.02.24-12.56.47:641][419]LogModuleManager: Shutting down and abandoning module CLionSourceCodeAccess (410)
[2022.02.24-12.56.47:641][419]LogModuleManager: Shutting down and abandoning module GeometryCacheTracks (408)
[2022.02.24-12.56.47:642][419]LogModuleManager: Shutting down and abandoning module GeometryCacheSequencer (407)
[2022.02.24-12.56.47:642][419]LogModuleManager: Shutting down and abandoning module GeometryCache (404)
[2022.02.24-12.56.47:642][419]LogModuleManager: Shutting down and abandoning module GeometryCacheEd (403)
[2022.02.24-12.56.47:642][419]LogModuleManager: Shutting down and abandoning module MotoSynth (400)
[2022.02.24-12.56.47:642][419]LogModuleManager: Shutting down and abandoning module OpenImageDenoise (398)
[2022.02.24-12.56.47:642][419]LogOpenImageDenoise: OIDN shutting down
[2022.02.24-12.56.47:642][419]LogModuleManager: Shutting down and abandoning module MeshConversion (396)
[2022.02.24-12.56.47:642][419]LogModuleManager: Shutting down and abandoning module DynamicMesh (394)
[2022.02.24-12.56.47:643][419]LogModuleManager: Shutting down and abandoning module GeometryAlgorithms (392)
[2022.02.24-12.56.47:644][419]LogModuleManager: Shutting down and abandoning module GeometricObjects (390)
[2022.02.24-12.56.47:644][419]LogModuleManager: Shutting down and abandoning module GeometryCollectionTracks (388)
[2022.02.24-12.56.47:644][419]LogModuleManager: Shutting down and abandoning module GeometryCollectionSequencer (387)
[2022.02.24-12.56.47:644][419]LogModuleManager: Shutting down and abandoning module ChaosNiagara (384)
[2022.02.24-12.56.47:644][419]LogModuleManager: Shutting down and abandoning module FieldSystemEngine (383)
[2022.02.24-12.56.47:644][419]LogModuleManager: Shutting down and abandoning module BackChannel (380)
[2022.02.24-12.56.47:645][419]LogModuleManager: Shutting down and abandoning module AutomationUtils (378)
[2022.02.24-12.56.47:645][419]LogModuleManager: Shutting down and abandoning module OodleNetworkHandlerComponent (376)
[2022.02.24-12.56.47:645][419]LogModuleManager: Shutting down and abandoning module LiveLinkSequencer (374)
[2022.02.24-12.56.47:645][419]LogModuleManager: Shutting down and abandoning module LiveLinkMovieScene (372)
[2022.02.24-12.56.47:645][419]LogModuleManager: Shutting down and abandoning module LiveLinkGraphNode (370)
[2022.02.24-12.56.47:645][419]LogModuleManager: Shutting down and abandoning module LiveLinkComponents (368)
[2022.02.24-12.56.47:645][419]LogModuleManager: Shutting down and abandoning module LiveLink (366)
