Log file open, 03/02/22 23:28:21
LogWindows: Failed to load 'aqProf.dll' (GetLastError=126)
LogWindows: File 'aqProf.dll' does not exist
LogWindows: Failed to load 'VtuneApi.dll' (GetLastError=126)
LogWindows: File 'VtuneApi.dll' does not exist
LogWindows: Failed to load 'VtuneApi32e.dll' (GetLastError=126)
LogWindows: File 'VtuneApi32e.dll' does not exist
LogConsoleResponse: Display: Failed to find resolution value strings in scalability ini. Falling back to default.
LogConsoleResponse: Display: Failed to find resolution value strings in scalability ini. Falling back to default.
LogInit: Display: Running engine for game: EndlessRunner
LogPlatformFile: Not using cached read wrapper
LogTaskGraph: Started task graph with 5 named threads and 35 total threads with 3 sets of task threads.
LogStats: Stats thread started at 0.334506
LogICUInternationalization: ICU TimeZone Detection - Raw Offset: +0:00, Platform Override: ''
LogInit: Display: Loading text-based GConfig....
LogPluginManager: Mounting plugin MeshPainting
LogPluginManager: Mounting plugin XGEController
LogPluginManager: Mounting plugin Paper2D
LogPluginManager: Mounting plugin LiveLink
LogPluginManager: Mounting plugin AISupport
LogPluginManager: Mounting plugin EnvironmentQueryEditor
LogPluginManager: Mounting plugin CameraShakePreviewer
LogPluginManager: Mounting plugin LightPropagationVolume
LogPluginManager: Mounting plugin GameplayCameras
LogPluginManager: Mounting plugin OodleData
LogPluginManager: Mounting plugin OodleNetwork
LogPluginManager: Mounting plugin AnimationSharing
LogPluginManager: Mounting plugin CLionSourceCodeAccess
LogPluginManager: Mounting plugin CodeLiteSourceCodeAccess
LogPluginManager: Mounting plugin GitSourceControl
LogPluginManager: Mounting plugin KDevelopSourceCodeAccess
LogPluginManager: Mounting plugin NullSourceCodeAccess
LogPluginManager: Mounting plugin PerforceSourceControl
LogPluginManager: Mounting plugin PixWinPlugin
LogPluginManager: Mounting plugin PlasticSourceControl
LogPluginManager: Mounting plugin PluginUtils
LogPluginManager: Mounting plugin PropertyAccessNode
LogPluginManager: Mounting plugin RiderSourceCodeAccess
LogPluginManager: Mounting plugin SubversionSourceControl
LogPluginManager: Mounting plugin TextureFormatOodle
LogPluginManager: Mounting plugin UObjectPlugin
LogPluginManager: Mounting plugin VisualStudioCodeSourceCodeAccess
LogPluginManager: Mounting plugin VisualStudioSourceCodeAccess
LogPluginManager: Mounting plugin XCodeSourceCodeAccess
LogPluginManager: Mounting plugin DatasmithContent
LogPluginManager: Mounting plugin VariantManagerContent
LogPluginManager: Mounting plugin Niagara
LogPluginManager: Mounting plugin AssetManagerEditor
LogPluginManager: Mounting plugin AutomationUtils
LogPluginManager: Mounting plugin BackChannel
LogPluginManager: Mounting plugin AlembicImporter
LogPluginManager: Mounting plugin ChaosCloth
LogPluginManager: Mounting plugin ChaosClothEditor
LogPluginManager: Mounting plugin ChaosSolverPlugin
LogPluginManager: Mounting plugin LuminPlatformFeatures
LogPluginManager: Mounting plugin ChaosEditor
LogPluginManager: Mounting plugin MagicLeap
LogPluginManager: Mounting plugin CharacterAI
LogPluginManager: Mounting plugin ChaosNiagara
LogPluginManager: Mounting plugin MagicLeapMedia
LogPluginManager: Mounting plugin MagicLeapLightEstimation
LogPluginManager: Mounting plugin MagicLeapPassableWorld
LogPluginManager: Mounting plugin MLSDK
LogPluginManager: Mounting plugin CryptoKeys
LogPluginManager: Mounting plugin CurveEditorTools
LogPluginManager: Mounting plugin DataValidation
LogPluginManager: Mounting plugin FacialAnimation
LogPluginManager: Mounting plugin GameplayTagsEditor
LogPluginManager: Mounting plugin GeometryMode
LogPluginManager: Mounting plugin MacGraphicsSwitching
LogPluginManager: Mounting plugin MaterialAnalyzer
LogPluginManager: Mounting plugin GeometryCollectionPlugin
LogPluginManager: Mounting plugin MobileLauncherProfileWizard
LogPluginManager: Mounting plugin PluginBrowser
LogPluginManager: Mounting plugin SpeedTreeImporter
LogPluginManager: Mounting plugin AndroidMedia
LogPluginManager: Mounting plugin GeometryCache
LogPluginManager: Mounting plugin AvfMedia
LogPluginManager: Mounting plugin ImgMedia
LogPluginManager: Mounting plugin MediaCompositing
LogPluginManager: Mounting plugin TcpMessaging
LogPluginManager: Mounting plugin UdpMessaging
LogPluginManager: Mounting plugin MediaPlayerEditor
LogPluginManager: Mounting plugin WebMMedia
LogPluginManager: Mounting plugin WmfMedia
LogPluginManager: Mounting plugin ActorSequence
LogPluginManager: Mounting plugin LevelSequenceEditor
LogPluginManager: Mounting plugin MatineeToLevelSequence
LogPluginManager: Mounting plugin OnlineSubsystem
LogPluginManager: Mounting plugin OnlineSubsystemNull
LogPluginManager: Mounting plugin OnlineSubsystemUtils
LogPluginManager: Mounting plugin TemplateSequence
LogPluginManager: Mounting plugin LauncherChunkInstaller
LogPluginManager: Mounting plugin GeometryProcessing
LogPluginManager: Mounting plugin OpenImageDenoise
LogPluginManager: Mounting plugin MotoSynth
LogPluginManager: Mounting plugin PlanarCut
LogPluginManager: Mounting plugin PlatformCrypto
LogPluginManager: Mounting plugin ProxyLODPlugin
LogPluginManager: Mounting plugin PythonScriptPlugin
LogPluginManager: Mounting plugin SkeletalReduction
LogPluginManager: Mounting plugin ActorLayerUtilities
LogPluginManager: Mounting plugin ScreenshotTools
LogPluginManager: Mounting plugin AndroidDeviceProfileSelector
LogPluginManager: Mounting plugin AndroidMoviePlayer
LogPluginManager: Mounting plugin AndroidPermission
LogPluginManager: Mounting plugin AppleImageUtils
LogPluginManager: Mounting plugin AppleMoviePlayer
LogPluginManager: Mounting plugin AssetTags
LogPluginManager: Mounting plugin ArchVisCharacter
LogPluginManager: Mounting plugin AudioCapture
LogPluginManager: Mounting plugin AudioSynesthesia
LogPluginManager: Mounting plugin CableComponent
LogPluginManager: Mounting plugin ChunkDownloader
LogPluginManager: Mounting plugin CustomMeshComponent
LogPluginManager: Mounting plugin EditableMesh
LogPluginManager: Mounting plugin ExampleDeviceProfileSelector
LogPluginManager: Mounting plugin GoogleCloudMessaging
LogPluginManager: Mounting plugin GooglePAD
LogPluginManager: Mounting plugin IOSDeviceProfileSelector
LogPluginManager: Mounting plugin LinuxDeviceProfileSelector
LogPluginManager: Mounting plugin LocationServicesBPLibrary
LogPluginManager: Mounting plugin MobilePatchingUtils
LogPluginManager: Mounting plugin OpenXR
LogPluginManager: Mounting plugin OpenXREyeTracker
LogPluginManager: Mounting plugin OpenXRHandTracking
LogPluginManager: Mounting plugin PhysXVehicles
LogPluginManager: Mounting plugin Takes
LogPluginManager: Mounting plugin PostSplashScreen
LogPluginManager: Mounting plugin ProceduralMeshComponent
LogPluginManager: Mounting plugin PropertyAccessEditor
LogPluginManager: Mounting plugin RuntimePhysXCooking
LogPluginManager: Mounting plugin SignificanceManager
LogPluginManager: Mounting plugin SoundFields
LogPluginManager: Mounting plugin Synthesis
LogPluginManager: Mounting plugin WebMMoviePlayer
LogPluginManager: Mounting plugin WindowsMoviePlayer
LogPluginManager: Mounting plugin ContentBrowserClassDataSource
LogPluginManager: Mounting plugin ContentBrowserAssetDataSource
LogPluginManager: Mounting plugin ContentBrowserFileDataSource
LogPluginManager: Mounting plugin OnlineSubsystemGooglePlay
LogPluginManager: Mounting plugin OnlineSubsystemIOS
LogPluginManager: Mounting plugin OculusVR
LogPluginManager: Mounting plugin SteamVR
PixWinPlugin: PIX capture plugin failed to initialize! Check that the process is launched from PIX.
LogInit: Using libcurl 7.55.1-DEV
LogInit:  - built for x86_64-pc-win32
LogInit:  - supports SSL with OpenSSL/1.1.1
LogInit:  - supports HTTP deflate (compression) using libz 1.2.8
LogInit:  - other features:
LogInit:      CURL_VERSION_SSL
LogInit:      CURL_VERSION_LIBZ
LogInit:      CURL_VERSION_IPV6
LogInit:      CURL_VERSION_ASYNCHDNS
LogInit:      CURL_VERSION_LARGEFILE
LogInit:      CURL_VERSION_IDN
LogInit:  CurlRequestOptions (configurable via config and command line):
LogInit:  - bVerifyPeer = true  - Libcurl will verify peer certificate
LogInit:  - bUseHttpProxy = false  - Libcurl will NOT use HTTP proxy
LogInit:  - bDontReuseConnections = false  - Libcurl will reuse connections
LogInit:  - MaxHostConnections = 16  - Libcurl will limit the number of connections to a host
LogInit:  - LocalHostAddr = Default
LogInit:  - BufferSize = 65536
LogOnline: OSS: Creating online subsystem instance for: NULL
LogInit: WinSock: version 1.1 (2.2), MaxSocks=32767, MaxUdp=65467
LogOnline: OSS: TryLoadSubsystemAndSetDefault: Loaded subsystem for module [NULL]
LogOculusPluginWrapper: OculusPlugin initialized successfully
LogHMD: Failed initializing OVRPlugin 1.59.0
LogInit: Build: ++UE4+Release-4.27-CL-18319896
LogInit: Engine Version: 4.27.2-18319896+++UE4+Release-4.27
LogInit: Compatible Engine Version: 4.27.0-17155196+++UE4+Release-4.27
LogInit: Net CL: 17155196
LogInit: OS: Windows 10 (Release 2009) (), CPU: Intel(R) Core(TM) i7-10750H CPU @ 2.60GHz, GPU: NVIDIA GeForce GTX 1660 Ti
LogInit: Compiled (64-bit): Nov 30 2021 07:12:08
LogInit: Compiled with Visual C++: 19.24.28315.00
LogInit: Build Configuration: Development
LogInit: Branch Name: ++UE4+Release-4.27
LogInit: Command Line:  /Game/--NEW--/Maps/ThirdPersonExampleMap -game -PIEVIACONSOLE -Multiprocess GameUserSettingsINI=C:/PROJECTS/Unreal/Endless-Runner/EndlessRunner/Saved/Config/Windows/PIEGameUserSettings0.ini -MultiprocessSaveConfig -forcepassthrough -messaging -SessionName="Play in Standalone Game" -windowed -ResX=1280 -ResY=720
LogInit: Base Directory: C:/Program Files/Epic Games/UE_4.27/Engine/Binaries/Win64/
LogInit: Allocator: TBB
LogInit: Installed Engine Build: 1
LogDevObjectVersion: Number of dev versions registered: 29
LogDevObjectVersion:   Dev-Blueprints (B0D832E4-1F89-4F0D-ACCF-7EB736FD4AA2): 10
LogDevObjectVersion:   Dev-Build (E1C64328-A22C-4D53-A36C-8E866417BD8C): 0
LogDevObjectVersion:   Dev-Core (375EC13C-06E4-48FB-B500-84F0262A717E): 4
LogDevObjectVersion:   Dev-Editor (E4B068ED-F494-42E9-A231-DA0B2E46BB41): 40
LogDevObjectVersion:   Dev-Framework (CFFC743F-43B0-4480-9391-14DF171D2073): 37
LogDevObjectVersion:   Dev-Mobile (B02B49B5-BB20-44E9-A304-32B752E40360): 3
LogDevObjectVersion:   Dev-Networking (A4E4105C-59A1-49B5-A7C5-40C4547EDFEE): 0
LogDevObjectVersion:   Dev-Online (39C831C9-5AE6-47DC-9A44-9C173E1C8E7C): 0
LogDevObjectVersion:   Dev-Physics (78F01B33-EBEA-4F98-B9B4-84EACCB95AA2): 14
LogDevObjectVersion:   Dev-Platform (6631380F-2D4D-43E0-8009-CF276956A95A): 0
LogDevObjectVersion:   Dev-Rendering (12F88B9F-8875-4AFC-A67C-D90C383ABD29): 45
LogDevObjectVersion:   Dev-Sequencer (7B5AE74C-D270-4C10-A958-57980B212A5A): 13
LogDevObjectVersion:   Dev-VR (D7296918-1DD6-4BDD-9DE2-64A83CC13884): 3
LogDevObjectVersion:   Dev-LoadTimes (C2A15278-BFE7-4AFE-6C17-90FF531DF755): 1
LogDevObjectVersion:   Private-Geometry (6EACA3D4-40EC-4CC1-B786-8BED09428FC5): 3
LogDevObjectVersion:   Dev-AnimPhys (29E575DD-E0A3-4627-9D10-D276232CDCEA): 17
LogDevObjectVersion:   Dev-Anim (AF43A65D-7FD3-4947-9873-3E8ED9C1BB05): 15
LogDevObjectVersion:   Dev-ReflectionCapture (6B266CEC-1EC7-4B8F-A30B-E4D90942FC07): 1
LogDevObjectVersion:   Dev-Automation (0DF73D61-A23F-47EA-B727-89E90C41499A): 1
LogDevObjectVersion:   FortniteMain (601D1886-AC64-4F84-AA16-D3DE0DEAC7D6): 47
LogDevObjectVersion:   FortniteRelease (E7086368-6B23-4C58-8439-1B7016265E91): 1
LogDevObjectVersion:   Dev-Enterprise (9DFFBCD6-494F-0158-E221-12823C92A888): 10
LogDevObjectVersion:   Dev-Niagara (F2AED0AC-9AFE-416F-8664-AA7FFA26D6FC): 1
LogDevObjectVersion:   Dev-Destruction (174F1F0B-B4C6-45A5-B13F-2EE8D0FB917D): 10
LogDevObjectVersion:   Dev-Physics-Ext (35F94A83-E258-406C-A318-09F59610247C): 41
LogDevObjectVersion:   Dev-PhysicsMaterial-Chaos (B68FC16E-8B1B-42E2-B453-215C058844FE): 1
LogDevObjectVersion:   Dev-CineCamera (B2E18506-4273-CFC2-A54E-F4BB758BBA07): 1
LogDevObjectVersion:   Dev-VirtualProduction (64F58936-FD1B-42BA-BA96-7289D5D0FA4E): 1
LogDevObjectVersion:   Dev-MediaFramework (6F0ED827-A609-4895-9C91-998D90180EA4): 2
LogInit: Presizing for max 25165824 objects, including 0 objects not considered by GC, pre-allocating 0 bytes for permanent pool.
LogConfig: Applying CVar settings from Section [/Script/Engine.StreamingSettings] File [C:/PROJECTS/Unreal/Endless-Runner/EndlessRunner/Saved/Config/Windows/Engine.ini]
LogConfig: Setting CVar [[s.MinBulkDataSizeForAsyncLoading:131072]]
LogConfig: Setting CVar [[s.AsyncLoadingThreadEnabled:0]]
LogConfig: Setting CVar [[s.EventDrivenLoaderEnabled:1]]
LogConfig: Setting CVar [[s.WarnIfTimeLimitExceeded:0]]
LogConfig: Setting CVar [[s.TimeLimitExceededMultiplier:1.5]]
LogConfig: Setting CVar [[s.TimeLimitExceededMinTime:0.005]]
LogConfig: Setting CVar [[s.UseBackgroundLevelStreaming:1]]
LogConfig: Setting CVar [[s.PriorityAsyncLoadingExtraTime:15.0]]
LogConfig: Setting CVar [[s.LevelStreamingActorsUpdateTimeLimit:5.0]]
LogConfig: Setting CVar [[s.PriorityLevelStreamingActorsUpdateExtraTime:5.0]]
LogConfig: Setting CVar [[s.LevelStreamingComponentsRegistrationGranularity:10]]
LogConfig: Setting CVar [[s.UnregisterComponentsTimeLimit:1.0]]
LogConfig: Setting CVar [[s.LevelStreamingComponentsUnregistrationGranularity:5]]
LogConfig: Setting CVar [[s.FlushStreamingOnExit:1]]
LogInit: Object subsystem initialized
LogConfig: Setting CVar [[con.DebugEarlyDefault:1]]
LogConfig: Setting CVar [[r.setres:1280x720]]
[2022.03.02-23.28.23:175][  0]LogConfig: Setting CVar [[con.DebugEarlyDefault:1]]
[2022.03.02-23.28.23:175][  0]LogConfig: Setting CVar [[r.setres:1280x720]]
[2022.03.02-23.28.23:175][  0]LogConfig: Applying CVar settings from Section [/Script/Engine.RendererSettings] File [C:/PROJECTS/Unreal/Endless-Runner/EndlessRunner/Saved/Config/Windows/Engine.ini]
[2022.03.02-23.28.23:175][  0]LogConfig: Setting CVar [[r.GPUCrashDebugging:0]]
[2022.03.02-23.28.23:175][  0]LogConfig: Applying CVar settings from Section [/Script/Engine.RendererOverrideSettings] File [C:/PROJECTS/Unreal/Endless-Runner/EndlessRunner/Saved/Config/Windows/Engine.ini]
[2022.03.02-23.28.23:175][  0]LogConfig: Applying CVar settings from Section [/Script/Engine.StreamingSettings] File [C:/PROJECTS/Unreal/Endless-Runner/EndlessRunner/Saved/Config/Windows/Engine.ini]
[2022.03.02-23.28.23:175][  0]LogConfig: Setting CVar [[s.MinBulkDataSizeForAsyncLoading:131072]]
[2022.03.02-23.28.23:175][  0]LogConfig: Setting CVar [[s.AsyncLoadingThreadEnabled:0]]
[2022.03.02-23.28.23:175][  0]LogConfig: Setting CVar [[s.EventDrivenLoaderEnabled:1]]
[2022.03.02-23.28.23:175][  0]LogConfig: Setting CVar [[s.WarnIfTimeLimitExceeded:0]]
[2022.03.02-23.28.23:175][  0]LogConfig: Setting CVar [[s.TimeLimitExceededMultiplier:1.5]]
[2022.03.02-23.28.23:175][  0]LogConfig: Setting CVar [[s.TimeLimitExceededMinTime:0.005]]
[2022.03.02-23.28.23:175][  0]LogConfig: Setting CVar [[s.UseBackgroundLevelStreaming:1]]
[2022.03.02-23.28.23:175][  0]LogConfig: Setting CVar [[s.PriorityAsyncLoadingExtraTime:15.0]]
[2022.03.02-23.28.23:175][  0]LogConfig: Setting CVar [[s.LevelStreamingActorsUpdateTimeLimit:5.0]]
[2022.03.02-23.28.23:175][  0]LogConfig: Setting CVar [[s.PriorityLevelStreamingActorsUpdateExtraTime:5.0]]
[2022.03.02-23.28.23:175][  0]LogConfig: Setting CVar [[s.LevelStreamingComponentsRegistrationGranularity:10]]
[2022.03.02-23.28.23:175][  0]LogConfig: Setting CVar [[s.UnregisterComponentsTimeLimit:1.0]]
[2022.03.02-23.28.23:175][  0]LogConfig: Setting CVar [[s.LevelStreamingComponentsUnregistrationGranularity:5]]
[2022.03.02-23.28.23:176][  0]LogConfig: Setting CVar [[s.FlushStreamingOnExit:1]]
[2022.03.02-23.28.23:176][  0]LogConfig: Applying CVar settings from Section [/Script/Engine.GarbageCollectionSettings] File [C:/PROJECTS/Unreal/Endless-Runner/EndlessRunner/Saved/Config/Windows/Engine.ini]
[2022.03.02-23.28.23:176][  0]LogConfig: Setting CVar [[gc.MaxObjectsNotConsideredByGC:1]]
[2022.03.02-23.28.23:176][  0]LogConfig: Setting CVar [[gc.SizeOfPermanentObjectPool:0]]
[2022.03.02-23.28.23:176][  0]LogConfig: Setting CVar [[gc.FlushStreamingOnGC:0]]
[2022.03.02-23.28.23:176][  0]LogConfig: Setting CVar [[gc.NumRetriesBeforeForcingGC:10]]
[2022.03.02-23.28.23:176][  0]LogConfig: Setting CVar [[gc.AllowParallelGC:1]]
[2022.03.02-23.28.23:176][  0]LogConfig: Setting CVar [[gc.TimeBetweenPurgingPendingKillObjects:61.1]]
[2022.03.02-23.28.23:176][  0]LogConfig: Setting CVar [[gc.MaxObjectsInEditor:25165824]]
[2022.03.02-23.28.23:176][  0]LogConfig: Setting CVar [[gc.IncrementalBeginDestroyEnabled:1]]
[2022.03.02-23.28.23:176][  0]LogConfig: Setting CVar [[gc.CreateGCClusters:1]]
[2022.03.02-23.28.23:176][  0]LogConfig: Setting CVar [[gc.MinGCClusterSize:5]]
[2022.03.02-23.28.23:176][  0]LogConfig: Setting CVar [[gc.ActorClusteringEnabled:0]]
[2022.03.02-23.28.23:176][  0]LogConfig: Setting CVar [[gc.BlueprintClusteringEnabled:0]]
[2022.03.02-23.28.23:176][  0]LogConfig: Setting CVar [[gc.UseDisregardForGCOnDedicatedServers:0]]
[2022.03.02-23.28.23:176][  0]LogConfig: Setting CVar [[gc.MultithreadedDestructionEnabled:1]]
[2022.03.02-23.28.23:176][  0]LogConfig: Applying CVar settings from Section [/Script/Engine.NetworkSettings] File [C:/PROJECTS/Unreal/Endless-Runner/EndlessRunner/Saved/Config/Windows/Engine.ini]
[2022.03.02-23.28.23:176][  0]LogConfig: Applying CVar settings from Section [/Script/UnrealEd.CookerSettings] File [C:/PROJECTS/Unreal/Endless-Runner/EndlessRunner/Saved/Config/Windows/Engine.ini]
[2022.03.02-23.28.23:197][  0]LogConfig: Applying CVar settings from Section [ViewDistanceQuality@3] File [C:/PROJECTS/Unreal/Endless-Runner/EndlessRunner/Saved/Config/Windows/Scalability.ini]
[2022.03.02-23.28.23:197][  0]LogConfig: Setting CVar [[r.SkeletalMeshLODBias:0]]
[2022.03.02-23.28.23:197][  0]LogConfig: Setting CVar [[r.ViewDistanceScale:1.0]]
[2022.03.02-23.28.23:197][  0]LogConfig: Applying CVar settings from Section [AntiAliasingQuality@3] File [C:/PROJECTS/Unreal/Endless-Runner/EndlessRunner/Saved/Config/Windows/Scalability.ini]
[2022.03.02-23.28.23:197][  0]LogConfig: Setting CVar [[r.PostProcessAAQuality:4]]
[2022.03.02-23.28.23:197][  0]LogConfig: Applying CVar settings from Section [ShadowQuality@3] File [C:/PROJECTS/Unreal/Endless-Runner/EndlessRunner/Saved/Config/Windows/Scalability.ini]
[2022.03.02-23.28.23:197][  0]LogConfig: Setting CVar [[r.LightFunctionQuality:1]]
[2022.03.02-23.28.23:197][  0]LogConfig: Setting CVar [[r.ShadowQuality:5]]
[2022.03.02-23.28.23:197][  0]LogConfig: Setting CVar [[r.Shadow.CSM.MaxCascades:10]]
[2022.03.02-23.28.23:197][  0]LogConfig: Setting CVar [[r.Shadow.MaxResolution:2048]]
[2022.03.02-23.28.23:197][  0]LogConfig: Setting CVar [[r.Shadow.MaxCSMResolution:2048]]
[2022.03.02-23.28.23:197][  0]LogConfig: Setting CVar [[r.Shadow.RadiusThreshold:0.01]]
[2022.03.02-23.28.23:197][  0]LogConfig: Setting CVar [[r.Shadow.DistanceScale:1.0]]
[2022.03.02-23.28.23:197][  0]LogConfig: Setting CVar [[r.Shadow.CSM.TransitionScale:1.0]]
[2022.03.02-23.28.23:197][  0]LogConfig: Setting CVar [[r.Shadow.PreShadowResolutionFactor:1.0]]
[2022.03.02-23.28.23:197][  0]LogConfig: Setting CVar [[r.DistanceFieldShadowing:1]]
[2022.03.02-23.28.23:197][  0]LogConfig: Setting CVar [[r.DistanceFieldAO:1]]
[2022.03.02-23.28.23:197][  0]LogConfig: Setting CVar [[r.AOQuality:2]]
[2022.03.02-23.28.23:197][  0]LogConfig: Setting CVar [[r.VolumetricFog:1]]
[2022.03.02-23.28.23:197][  0]LogConfig: Setting CVar [[r.VolumetricFog.GridPixelSize:8]]
[2022.03.02-23.28.23:197][  0]LogConfig: Setting CVar [[r.VolumetricFog.GridSizeZ:128]]
[2022.03.02-23.28.23:197][  0]LogConfig: Setting CVar [[r.VolumetricFog.HistoryMissSupersampleCount:4]]
[2022.03.02-23.28.23:197][  0]LogConfig: Setting CVar [[r.LightMaxDrawDistanceScale:1]]
[2022.03.02-23.28.23:197][  0]LogConfig: Setting CVar [[r.CapsuleShadows:1]]
[2022.03.02-23.28.23:197][  0]LogConfig: Applying CVar settings from Section [PostProcessQuality@3] File [C:/PROJECTS/Unreal/Endless-Runner/EndlessRunner/Saved/Config/Windows/Scalability.ini]
[2022.03.02-23.28.23:197][  0]LogConfig: Setting CVar [[r.MotionBlurQuality:4]]
[2022.03.02-23.28.23:197][  0]LogConfig: Setting CVar [[r.AmbientOcclusionMipLevelFactor:0.4]]
[2022.03.02-23.28.23:197][  0]LogConfig: Setting CVar [[r.AmbientOcclusionMaxQuality:100]]
[2022.03.02-23.28.23:197][  0]LogConfig: Setting CVar [[r.AmbientOcclusionLevels:-1]]
[2022.03.02-23.28.23:197][  0]LogConfig: Setting CVar [[r.AmbientOcclusionRadiusScale:1.0]]
[2022.03.02-23.28.23:197][  0]LogConfig: Setting CVar [[r.DepthOfFieldQuality:2]]
[2022.03.02-23.28.23:197][  0]LogConfig: Setting CVar [[r.RenderTargetPoolMin:400]]
[2022.03.02-23.28.23:198][  0]LogConfig: Setting CVar [[r.LensFlareQuality:2]]
[2022.03.02-23.28.23:198][  0]LogConfig: Setting CVar [[r.SceneColorFringeQuality:1]]
[2022.03.02-23.28.23:198][  0]LogConfig: Setting CVar [[r.EyeAdaptationQuality:2]]
[2022.03.02-23.28.23:198][  0]LogConfig: Setting CVar [[r.BloomQuality:5]]
[2022.03.02-23.28.23:198][  0]LogConfig: Setting CVar [[r.FastBlurThreshold:100]]
[2022.03.02-23.28.23:198][  0]LogConfig: Setting CVar [[r.Upscale.Quality:3]]
[2022.03.02-23.28.23:198][  0]LogConfig: Setting CVar [[r.Tonemapper.GrainQuantization:1]]
[2022.03.02-23.28.23:198][  0]LogConfig: Setting CVar [[r.LightShaftQuality:1]]
[2022.03.02-23.28.23:198][  0]LogConfig: Setting CVar [[r.Filter.SizeScale:1]]
[2022.03.02-23.28.23:198][  0]LogConfig: Setting CVar [[r.Tonemapper.Quality:5]]
[2022.03.02-23.28.23:198][  0]LogConfig: Setting CVar [[r.DOF.Gather.AccumulatorQuality:1        ; higher gathering accumulator quality]]
[2022.03.02-23.28.23:198][  0]LogConfig: Setting CVar [[r.DOF.Gather.PostfilterMethod:1          ; Median3x3 postfilering method]]
[2022.03.02-23.28.23:198][  0]LogConfig: Setting CVar [[r.DOF.Gather.EnableBokehSettings:0       ; no bokeh simulation when gathering]]
[2022.03.02-23.28.23:198][  0]LogConfig: Setting CVar [[r.DOF.Gather.RingCount:4                 ; medium number of samples when gathering]]
[2022.03.02-23.28.23:198][  0]LogConfig: Setting CVar [[r.DOF.Scatter.ForegroundCompositing:1    ; additive foreground scattering]]
[2022.03.02-23.28.23:198][  0]LogConfig: Setting CVar [[r.DOF.Scatter.BackgroundCompositing:2    ; additive background scattering]]
[2022.03.02-23.28.23:198][  0]LogConfig: Setting CVar [[r.DOF.Scatter.EnableBokehSettings:1      ; bokeh simulation when scattering]]
[2022.03.02-23.28.23:198][  0]LogConfig: Setting CVar [[r.DOF.Scatter.MaxSpriteRatio:0.1         ; only a maximum of 10% of scattered bokeh]]
[2022.03.02-23.28.23:198][  0]LogConfig: Setting CVar [[r.DOF.Recombine.Quality:1                ; cheap slight out of focus]]
[2022.03.02-23.28.23:198][  0]LogConfig: Setting CVar [[r.DOF.Recombine.EnableBokehSettings:0    ; no bokeh simulation on slight out of focus]]
[2022.03.02-23.28.23:198][  0]LogConfig: Setting CVar [[r.DOF.TemporalAAQuality:1                ; more stable temporal accumulation]]
[2022.03.02-23.28.23:198][  0]LogConfig: Setting CVar [[r.DOF.Kernel.MaxForegroundRadius:0.025]]
[2022.03.02-23.28.23:198][  0]LogConfig: Setting CVar [[r.DOF.Kernel.MaxBackgroundRadius:0.025]]
[2022.03.02-23.28.23:198][  0]LogConfig: Applying CVar settings from Section [TextureQuality@3] File [C:/PROJECTS/Unreal/Endless-Runner/EndlessRunner/Saved/Config/Windows/Scalability.ini]
[2022.03.02-23.28.23:198][  0]LogConfig: Setting CVar [[r.Streaming.MipBias:0]]
[2022.03.02-23.28.23:198][  0]LogConfig: Setting CVar [[r.Streaming.AmortizeCPUToGPUCopy:0]]
[2022.03.02-23.28.23:198][  0]LogConfig: Setting CVar [[r.Streaming.MaxNumTexturesToStreamPerFrame:0]]
[2022.03.02-23.28.23:198][  0]LogConfig: Setting CVar [[r.Streaming.Boost:1]]
[2022.03.02-23.28.23:198][  0]LogConfig: Setting CVar [[r.MaxAnisotropy:8]]
[2022.03.02-23.28.23:198][  0]LogConfig: Setting CVar [[r.VT.MaxAnisotropy:8]]
[2022.03.02-23.28.23:198][  0]LogConfig: Setting CVar [[r.Streaming.LimitPoolSizeToVRAM:0]]
[2022.03.02-23.28.23:198][  0]LogConfig: Setting CVar [[r.Streaming.PoolSize:1000]]
[2022.03.02-23.28.23:198][  0]LogConfig: Setting CVar [[r.Streaming.MaxEffectiveScreenSize:0]]
[2022.03.02-23.28.23:198][  0]LogConfig: Applying CVar settings from Section [EffectsQuality@3] File [C:/PROJECTS/Unreal/Endless-Runner/EndlessRunner/Saved/Config/Windows/Scalability.ini]
[2022.03.02-23.28.23:198][  0]LogConfig: Setting CVar [[r.TranslucencyLightingVolumeDim:64]]
[2022.03.02-23.28.23:198][  0]LogConfig: Setting CVar [[r.RefractionQuality:2]]
[2022.03.02-23.28.23:198][  0]LogConfig: Setting CVar [[r.SSR.Quality:3]]
[2022.03.02-23.28.23:198][  0]LogConfig: Setting CVar [[r.SSR.HalfResSceneColor:0]]
[2022.03.02-23.28.23:198][  0]LogConfig: Setting CVar [[r.SceneColorFormat:4]]
[2022.03.02-23.28.23:198][  0]LogConfig: Setting CVar [[r.DetailMode:2]]
[2022.03.02-23.28.23:198][  0]LogConfig: Setting CVar [[r.TranslucencyVolumeBlur:1]]
[2022.03.02-23.28.23:198][  0]LogConfig: Setting CVar [[r.MaterialQualityLevel:1 ; High quality]]
[2022.03.02-23.28.23:198][  0]LogConfig: Setting CVar [[r.AnisotropicMaterials:1]]
[2022.03.02-23.28.23:198][  0]LogConfig: Setting CVar [[r.SSS.Scale:1]]
[2022.03.02-23.28.23:198][  0]LogConfig: Setting CVar [[r.SSS.SampleSet:2]]
[2022.03.02-23.28.23:198][  0]LogConfig: Setting CVar [[r.SSS.Quality:1]]
[2022.03.02-23.28.23:198][  0]LogConfig: Setting CVar [[r.SSS.HalfRes:0]]
[2022.03.02-23.28.23:198][  0]LogConfig: Setting CVar [[r.SSGI.Quality:3]]
[2022.03.02-23.28.23:198][  0]LogConfig: Setting CVar [[r.EmitterSpawnRateScale:1.0]]
[2022.03.02-23.28.23:198][  0]LogConfig: Setting CVar [[r.ParticleLightQuality:2]]
[2022.03.02-23.28.23:198][  0]LogConfig: Setting CVar [[r.SkyAtmosphere.AerialPerspectiveLUT.FastApplyOnOpaque:1 ; Always have FastSkyLUT 1 in this case to avoid wrong sky]]
[2022.03.02-23.28.23:198][  0]LogConfig: Setting CVar [[r.SkyAtmosphere.AerialPerspectiveLUT.SampleCountMaxPerSlice:4]]
[2022.03.02-23.28.23:198][  0]LogConfig: Setting CVar [[r.SkyAtmosphere.AerialPerspectiveLUT.DepthResolution:16.0]]
[2022.03.02-23.28.23:198][  0]LogConfig: Setting CVar [[r.SkyAtmosphere.FastSkyLUT:1]]
[2022.03.02-23.28.23:198][  0]LogConfig: Setting CVar [[r.SkyAtmosphere.FastSkyLUT.SampleCountMin:4.0]]
[2022.03.02-23.28.23:198][  0]LogConfig: Setting CVar [[r.SkyAtmosphere.FastSkyLUT.SampleCountMax:128.0]]
[2022.03.02-23.28.23:198][  0]LogConfig: Setting CVar [[r.SkyAtmosphere.SampleCountMin:4.0]]
[2022.03.02-23.28.23:198][  0]LogConfig: Setting CVar [[r.SkyAtmosphere.SampleCountMax:128.0]]
[2022.03.02-23.28.23:198][  0]LogConfig: Setting CVar [[r.SkyAtmosphere.TransmittanceLUT.UseSmallFormat:0]]
[2022.03.02-23.28.23:198][  0]LogConfig: Setting CVar [[r.SkyAtmosphere.TransmittanceLUT.SampleCount:10.0]]
[2022.03.02-23.28.23:198][  0]LogConfig: Setting CVar [[r.SkyAtmosphere.MultiScatteringLUT.SampleCount:15.0]]
[2022.03.02-23.28.23:199][  0]LogConfig: Setting CVar [[r.SkyLight.RealTimeReflectionCapture:1]]
[2022.03.02-23.28.23:199][  0]LogConfig: Applying CVar settings from Section [FoliageQuality@3] File [C:/PROJECTS/Unreal/Endless-Runner/EndlessRunner/Saved/Config/Windows/Scalability.ini]
[2022.03.02-23.28.23:199][  0]LogConfig: Setting CVar [[foliage.DensityScale:1.0]]
[2022.03.02-23.28.23:199][  0]LogConfig: Setting CVar [[grass.DensityScale:1.0]]
[2022.03.02-23.28.23:199][  0]LogConfig: Applying CVar settings from Section [ShadingQuality@3] File [C:/PROJECTS/Unreal/Endless-Runner/EndlessRunner/Saved/Config/Windows/Scalability.ini]
[2022.03.02-23.28.23:199][  0]LogConfig: Setting CVar [[r.HairStrands.SkyLighting.IntegrationType:2]]
[2022.03.02-23.28.23:199][  0]LogConfig: Setting CVar [[r.HairStrands.SkyAO.SampleCount:4]]
[2022.03.02-23.28.23:199][  0]LogConfig: Setting CVar [[r.HairStrands.Visibility.MSAA.SamplePerPixel:4]]
[2022.03.02-23.28.23:199][  0]LogInit: Selected Device Profile: [Windows]
[2022.03.02-23.28.23:199][  0]LogInit: Applying CVar settings loaded from the selected device profile: [Windows]
[2022.03.02-23.28.23:199][  0]LogHAL: Display: Platform has ~ 8 GB [8412778496 / 8589934592 / 8], which maps to Default [LargestMinGB=32, LargerMinGB=12, DefaultMinGB=8, SmallerMinGB=6, SmallestMinGB=0)
[2022.03.02-23.28.23:199][  0]LogInit: Going up to parent DeviceProfile []
[2022.03.02-23.28.23:199][  0]LogConfig: Applying CVar settings from Section [ViewDistanceQuality@3] File [C:/PROJECTS/Unreal/Endless-Runner/EndlessRunner/Saved/Config/Windows/Scalability.ini]
[2022.03.02-23.28.23:199][  0]LogConfig: Setting CVar [[r.SkeletalMeshLODBias:0]]
[2022.03.02-23.28.23:199][  0]LogConfig: Setting CVar [[r.ViewDistanceScale:1.0]]
[2022.03.02-23.28.23:199][  0]LogConfig: Applying CVar settings from Section [AntiAliasingQuality@3] File [C:/PROJECTS/Unreal/Endless-Runner/EndlessRunner/Saved/Config/Windows/Scalability.ini]
[2022.03.02-23.28.23:199][  0]LogConfig: Setting CVar [[r.PostProcessAAQuality:4]]
[2022.03.02-23.28.23:199][  0]LogConfig: Applying CVar settings from Section [ShadowQuality@3] File [C:/PROJECTS/Unreal/Endless-Runner/EndlessRunner/Saved/Config/Windows/Scalability.ini]
[2022.03.02-23.28.23:199][  0]LogConfig: Setting CVar [[r.LightFunctionQuality:1]]
[2022.03.02-23.28.23:199][  0]LogConfig: Setting CVar [[r.ShadowQuality:5]]
[2022.03.02-23.28.23:199][  0]LogConfig: Setting CVar [[r.Shadow.CSM.MaxCascades:10]]
[2022.03.02-23.28.23:199][  0]LogConfig: Setting CVar [[r.Shadow.MaxResolution:2048]]
[2022.03.02-23.28.23:199][  0]LogConfig: Setting CVar [[r.Shadow.MaxCSMResolution:2048]]
[2022.03.02-23.28.23:199][  0]LogConfig: Setting CVar [[r.Shadow.RadiusThreshold:0.01]]
[2022.03.02-23.28.23:199][  0]LogConfig: Setting CVar [[r.Shadow.DistanceScale:1.0]]
[2022.03.02-23.28.23:199][  0]LogConfig: Setting CVar [[r.Shadow.CSM.TransitionScale:1.0]]
[2022.03.02-23.28.23:199][  0]LogConfig: Setting CVar [[r.Shadow.PreShadowResolutionFactor:1.0]]
[2022.03.02-23.28.23:199][  0]LogConfig: Setting CVar [[r.DistanceFieldShadowing:1]]
[2022.03.02-23.28.23:199][  0]LogConfig: Setting CVar [[r.DistanceFieldAO:1]]
[2022.03.02-23.28.23:199][  0]LogConfig: Setting CVar [[r.AOQuality:2]]
[2022.03.02-23.28.23:199][  0]LogConfig: Setting CVar [[r.VolumetricFog:1]]
[2022.03.02-23.28.23:199][  0]LogConfig: Setting CVar [[r.VolumetricFog.GridPixelSize:8]]
[2022.03.02-23.28.23:199][  0]LogConfig: Setting CVar [[r.VolumetricFog.GridSizeZ:128]]
[2022.03.02-23.28.23:199][  0]LogConfig: Setting CVar [[r.VolumetricFog.HistoryMissSupersampleCount:4]]
[2022.03.02-23.28.23:199][  0]LogConfig: Setting CVar [[r.LightMaxDrawDistanceScale:1]]
[2022.03.02-23.28.23:199][  0]LogConfig: Setting CVar [[r.CapsuleShadows:1]]
[2022.03.02-23.28.23:199][  0]LogConfig: Applying CVar settings from Section [PostProcessQuality@3] File [C:/PROJECTS/Unreal/Endless-Runner/EndlessRunner/Saved/Config/Windows/Scalability.ini]
[2022.03.02-23.28.23:199][  0]LogConfig: Setting CVar [[r.MotionBlurQuality:4]]
[2022.03.02-23.28.23:199][  0]LogConfig: Setting CVar [[r.AmbientOcclusionMipLevelFactor:0.4]]
[2022.03.02-23.28.23:199][  0]LogConfig: Setting CVar [[r.AmbientOcclusionMaxQuality:100]]
[2022.03.02-23.28.23:200][  0]LogConfig: Setting CVar [[r.AmbientOcclusionLevels:-1]]
[2022.03.02-23.28.23:200][  0]LogConfig: Setting CVar [[r.AmbientOcclusionRadiusScale:1.0]]
[2022.03.02-23.28.23:200][  0]LogConfig: Setting CVar [[r.DepthOfFieldQuality:2]]
[2022.03.02-23.28.23:200][  0]LogConfig: Setting CVar [[r.RenderTargetPoolMin:400]]
[2022.03.02-23.28.23:200][  0]LogConfig: Setting CVar [[r.LensFlareQuality:2]]
[2022.03.02-23.28.23:200][  0]LogConfig: Setting CVar [[r.SceneColorFringeQuality:1]]
[2022.03.02-23.28.23:200][  0]LogConfig: Setting CVar [[r.EyeAdaptationQuality:2]]
[2022.03.02-23.28.23:200][  0]LogConfig: Setting CVar [[r.BloomQuality:5]]
[2022.03.02-23.28.23:200][  0]LogConfig: Setting CVar [[r.FastBlurThreshold:100]]
[2022.03.02-23.28.23:200][  0]LogConfig: Setting CVar [[r.Upscale.Quality:3]]
[2022.03.02-23.28.23:200][  0]LogConfig: Setting CVar [[r.Tonemapper.GrainQuantization:1]]
[2022.03.02-23.28.23:200][  0]LogConfig: Setting CVar [[r.LightShaftQuality:1]]
[2022.03.02-23.28.23:200][  0]LogConfig: Setting CVar [[r.Filter.SizeScale:1]]
[2022.03.02-23.28.23:200][  0]LogConfig: Setting CVar [[r.Tonemapper.Quality:5]]
[2022.03.02-23.28.23:200][  0]LogConfig: Setting CVar [[r.DOF.Gather.AccumulatorQuality:1        ; higher gathering accumulator quality]]
[2022.03.02-23.28.23:200][  0]LogConfig: Setting CVar [[r.DOF.Gather.PostfilterMethod:1          ; Median3x3 postfilering method]]
[2022.03.02-23.28.23:200][  0]LogConfig: Setting CVar [[r.DOF.Gather.EnableBokehSettings:0       ; no bokeh simulation when gathering]]
[2022.03.02-23.28.23:200][  0]LogConfig: Setting CVar [[r.DOF.Gather.RingCount:4                 ; medium number of samples when gathering]]
[2022.03.02-23.28.23:200][  0]LogConfig: Setting CVar [[r.DOF.Scatter.ForegroundCompositing:1    ; additive foreground scattering]]
[2022.03.02-23.28.23:200][  0]LogConfig: Setting CVar [[r.DOF.Scatter.BackgroundCompositing:2    ; additive background scattering]]
[2022.03.02-23.28.23:200][  0]LogConfig: Setting CVar [[r.DOF.Scatter.EnableBokehSettings:1      ; bokeh simulation when scattering]]
[2022.03.02-23.28.23:200][  0]LogConfig: Setting CVar [[r.DOF.Scatter.MaxSpriteRatio:0.1         ; only a maximum of 10% of scattered bokeh]]
[2022.03.02-23.28.23:200][  0]LogConfig: Setting CVar [[r.DOF.Recombine.Quality:1                ; cheap slight out of focus]]
[2022.03.02-23.28.23:200][  0]LogConfig: Setting CVar [[r.DOF.Recombine.EnableBokehSettings:0    ; no bokeh simulation on slight out of focus]]
[2022.03.02-23.28.23:200][  0]LogConfig: Setting CVar [[r.DOF.TemporalAAQuality:1                ; more stable temporal accumulation]]
[2022.03.02-23.28.23:200][  0]LogConfig: Setting CVar [[r.DOF.Kernel.MaxForegroundRadius:0.025]]
[2022.03.02-23.28.23:200][  0]LogConfig: Setting CVar [[r.DOF.Kernel.MaxBackgroundRadius:0.025]]
[2022.03.02-23.28.23:200][  0]LogConfig: Applying CVar settings from Section [TextureQuality@3] File [C:/PROJECTS/Unreal/Endless-Runner/EndlessRunner/Saved/Config/Windows/Scalability.ini]
[2022.03.02-23.28.23:200][  0]LogConfig: Setting CVar [[r.Streaming.MipBias:0]]
[2022.03.02-23.28.23:200][  0]LogConfig: Setting CVar [[r.Streaming.AmortizeCPUToGPUCopy:0]]
[2022.03.02-23.28.23:200][  0]LogConfig: Setting CVar [[r.Streaming.MaxNumTexturesToStreamPerFrame:0]]
[2022.03.02-23.28.23:200][  0]LogConfig: Setting CVar [[r.Streaming.Boost:1]]
[2022.03.02-23.28.23:200][  0]LogConfig: Setting CVar [[r.MaxAnisotropy:8]]
[2022.03.02-23.28.23:200][  0]LogConfig: Setting CVar [[r.VT.MaxAnisotropy:8]]
[2022.03.02-23.28.23:200][  0]LogConfig: Setting CVar [[r.Streaming.LimitPoolSizeToVRAM:0]]
[2022.03.02-23.28.23:200][  0]LogConfig: Setting CVar [[r.Streaming.PoolSize:1000]]
[2022.03.02-23.28.23:200][  0]LogConfig: Setting CVar [[r.Streaming.MaxEffectiveScreenSize:0]]
[2022.03.02-23.28.23:200][  0]LogConfig: Applying CVar settings from Section [EffectsQuality@3] File [C:/PROJECTS/Unreal/Endless-Runner/EndlessRunner/Saved/Config/Windows/Scalability.ini]
[2022.03.02-23.28.23:200][  0]LogConfig: Setting CVar [[r.TranslucencyLightingVolumeDim:64]]
[2022.03.02-23.28.23:200][  0]LogConfig: Setting CVar [[r.RefractionQuality:2]]
[2022.03.02-23.28.23:200][  0]LogConfig: Setting CVar [[r.SSR.Quality:3]]
[2022.03.02-23.28.23:200][  0]LogConfig: Setting CVar [[r.SSR.HalfResSceneColor:0]]
[2022.03.02-23.28.23:200][  0]LogConfig: Setting CVar [[r.SceneColorFormat:4]]
[2022.03.02-23.28.23:200][  0]LogConfig: Setting CVar [[r.DetailMode:2]]
[2022.03.02-23.28.23:200][  0]LogConfig: Setting CVar [[r.TranslucencyVolumeBlur:1]]
[2022.03.02-23.28.23:200][  0]LogConfig: Setting CVar [[r.MaterialQualityLevel:1 ; High quality]]
[2022.03.02-23.28.23:200][  0]LogConfig: Setting CVar [[r.AnisotropicMaterials:1]]
[2022.03.02-23.28.23:200][  0]LogConfig: Setting CVar [[r.SSS.Scale:1]]
[2022.03.02-23.28.23:200][  0]LogConfig: Setting CVar [[r.SSS.SampleSet:2]]
[2022.03.02-23.28.23:200][  0]LogConfig: Setting CVar [[r.SSS.Quality:1]]
[2022.03.02-23.28.23:200][  0]LogConfig: Setting CVar [[r.SSS.HalfRes:0]]
[2022.03.02-23.28.23:200][  0]LogConfig: Setting CVar [[r.SSGI.Quality:3]]
[2022.03.02-23.28.23:200][  0]LogConfig: Setting CVar [[r.EmitterSpawnRateScale:1.0]]
[2022.03.02-23.28.23:200][  0]LogConfig: Setting CVar [[r.ParticleLightQuality:2]]
[2022.03.02-23.28.23:200][  0]LogConfig: Setting CVar [[r.SkyAtmosphere.AerialPerspectiveLUT.FastApplyOnOpaque:1 ; Always have FastSkyLUT 1 in this case to avoid wrong sky]]
[2022.03.02-23.28.23:200][  0]LogConfig: Setting CVar [[r.SkyAtmosphere.AerialPerspectiveLUT.SampleCountMaxPerSlice:4]]
[2022.03.02-23.28.23:200][  0]LogConfig: Setting CVar [[r.SkyAtmosphere.AerialPerspectiveLUT.DepthResolution:16.0]]
[2022.03.02-23.28.23:201][  0]LogConfig: Setting CVar [[r.SkyAtmosphere.FastSkyLUT:1]]
[2022.03.02-23.28.23:201][  0]LogConfig: Setting CVar [[r.SkyAtmosphere.FastSkyLUT.SampleCountMin:4.0]]
[2022.03.02-23.28.23:201][  0]LogConfig: Setting CVar [[r.SkyAtmosphere.FastSkyLUT.SampleCountMax:128.0]]
[2022.03.02-23.28.23:201][  0]LogConfig: Setting CVar [[r.SkyAtmosphere.SampleCountMin:4.0]]
[2022.03.02-23.28.23:201][  0]LogConfig: Setting CVar [[r.SkyAtmosphere.SampleCountMax:128.0]]
[2022.03.02-23.28.23:201][  0]LogConfig: Setting CVar [[r.SkyAtmosphere.TransmittanceLUT.UseSmallFormat:0]]
[2022.03.02-23.28.23:201][  0]LogConfig: Setting CVar [[r.SkyAtmosphere.TransmittanceLUT.SampleCount:10.0]]
[2022.03.02-23.28.23:201][  0]LogConfig: Setting CVar [[r.SkyAtmosphere.MultiScatteringLUT.SampleCount:15.0]]
[2022.03.02-23.28.23:201][  0]LogConfig: Setting CVar [[r.SkyLight.RealTimeReflectionCapture:1]]
[2022.03.02-23.28.23:201][  0]LogConfig: Applying CVar settings from Section [FoliageQuality@3] File [C:/PROJECTS/Unreal/Endless-Runner/EndlessRunner/Saved/Config/Windows/Scalability.ini]
[2022.03.02-23.28.23:201][  0]LogConfig: Setting CVar [[foliage.DensityScale:1.0]]
[2022.03.02-23.28.23:201][  0]LogConfig: Setting CVar [[grass.DensityScale:1.0]]
[2022.03.02-23.28.23:201][  0]LogConfig: Applying CVar settings from Section [ShadingQuality@3] File [C:/PROJECTS/Unreal/Endless-Runner/EndlessRunner/Saved/Config/Windows/Scalability.ini]
[2022.03.02-23.28.23:201][  0]LogConfig: Setting CVar [[r.HairStrands.SkyLighting.IntegrationType:2]]
[2022.03.02-23.28.23:201][  0]LogConfig: Setting CVar [[r.HairStrands.SkyAO.SampleCount:4]]
[2022.03.02-23.28.23:201][  0]LogConfig: Setting CVar [[r.HairStrands.Visibility.MSAA.SamplePerPixel:4]]
[2022.03.02-23.28.23:201][  0]LogConfig: Applying CVar settings from Section [Startup] File [../../../Engine/Config/ConsoleVariables.ini]
[2022.03.02-23.28.23:201][  0]LogConfig: Setting CVar [[net.UseAdaptiveNetUpdateFrequency:0]]
[2022.03.02-23.28.23:201][  0]LogConfig: Setting CVar [[p.chaos.AllowCreatePhysxBodies:1]]
[2022.03.02-23.28.23:201][  0]LogConfig: Setting CVar [[fx.SkipVectorVMBackendOptimizations:1]]
[2022.03.02-23.28.23:201][  0]LogConfig: Applying CVar settings from Section [ConsoleVariables] File [C:/PROJECTS/Unreal/Endless-Runner/EndlessRunner/Saved/Config/Windows/Engine.ini]
[2022.03.02-23.28.23:201][  0]LogConfig: Applying CVar settings from Section [ConsoleVariables] File [C:/PROJECTS/Unreal/Endless-Runner/EndlessRunner/Saved/Config/Windows/Editor.ini]
[2022.03.02-23.28.23:201][  0]LogInit: Computer: LAPTOP-BL73FRTF
[2022.03.02-23.28.23:201][  0]LogInit: User: teodo
[2022.03.02-23.28.23:201][  0]LogInit: CPU Page size=4096, Cores=6
[2022.03.02-23.28.23:201][  0]LogInit: High frequency timer resolution =10.000000 MHz
[2022.03.02-23.28.23:201][  0]LogMemory: Memory total: Physical=7.8GB (8GB approx)
[2022.03.02-23.28.23:201][  0]LogMemory: Platform Memory Stats for Windows
[2022.03.02-23.28.23:201][  0]LogMemory: Process Physical Memory: 146.49 MB used, 146.49 MB peak
[2022.03.02-23.28.23:201][  0]LogMemory: Process Virtual Memory: 132.30 MB used, 132.30 MB peak
[2022.03.02-23.28.23:201][  0]LogMemory: Physical Memory: 6353.60 MB used,  1669.45 MB free, 8023.05 MB total
[2022.03.02-23.28.23:201][  0]LogMemory: Virtual Memory: 134210624.00 MB used,  7101.05 MB free, 134217728.00 MB total
[2022.03.02-23.28.23:209][  0]LogWindows: WindowsPlatformFeatures enabled
[2022.03.02-23.28.23:265][  0]LogInit: Physics initialised using underlying interface: PhysX
[2022.03.02-23.28.23:265][  0]LogInit: Using OS detected language (en-GB).
[2022.03.02-23.28.23:265][  0]LogInit: Using OS detected locale (en-US).
[2022.03.02-23.28.23:270][  0]LogTextLocalizationManager: No specific localization for 'en-GB' exists, so the 'en' localization will be used.
[2022.03.02-23.28.23:554][  0]LogWindowsTextInputMethodSystem: Display: IME system deactivated.
[2022.03.02-23.28.23:610][  0]LogSlate: New Slate User Created.  User Index 0, Is Virtual User: 0
[2022.03.02-23.28.23:610][  0]LogSlate: Slate User Registered.  User Index 0, Is Virtual User: 0
[2022.03.02-23.28.23:641][  0]LogD3D11RHI: Loaded GFSDK_Aftermath_Lib.x64.dll
[2022.03.02-23.28.23:646][  0]LogHMD: Failed to initialize OpenVR with code 101
[2022.03.02-23.28.23:646][  0]LogD3D11RHI: D3D11 min allowed feature level: 11_0
[2022.03.02-23.28.23:646][  0]LogD3D11RHI: D3D11 max allowed feature level: 11_0
[2022.03.02-23.28.23:646][  0]LogD3D11RHI: D3D11 adapters:
[2022.03.02-23.28.23:792][  0]LogD3D11RHI:    0. 'NVIDIA GeForce GTX 1660 Ti' (Feature Level 11_0)
[2022.03.02-23.28.23:792][  0]LogD3D11RHI:       5991/0/4011 MB DedicatedVideo/DedicatedSystem/SharedSystem, Outputs:1, VendorId:0x10de
[2022.03.02-23.28.23:838][  0]LogD3D11RHI:    1. 'Intel(R) UHD Graphics' (Feature Level 11_0)
[2022.03.02-23.28.23:838][  0]LogD3D11RHI:       128/0/4011 MB DedicatedVideo/DedicatedSystem/SharedSystem, Outputs:0, VendorId:0x8086
[2022.03.02-23.28.23:841][  0]LogD3D11RHI:    2. 'Microsoft Basic Render Driver' (Feature Level 11_0)
[2022.03.02-23.28.23:841][  0]LogD3D11RHI:       0/0/4011 MB DedicatedVideo/DedicatedSystem/SharedSystem, Outputs:0, VendorId:0x1414
[2022.03.02-23.28.23:841][  0]LogD3D11RHI: Chosen D3D11 Adapter:
[2022.03.02-23.28.23:841][  0]LogD3D11RHI:     Description : NVIDIA GeForce GTX 1660 Ti
[2022.03.02-23.28.23:841][  0]LogD3D11RHI:     VendorId    : 10de
[2022.03.02-23.28.23:841][  0]LogD3D11RHI:     DeviceId    : 2191
[2022.03.02-23.28.23:841][  0]LogD3D11RHI:     SubSysId    : 14421025
[2022.03.02-23.28.23:841][  0]LogD3D11RHI:     Revision    : 00a1
[2022.03.02-23.28.23:841][  0]LogD3D11RHI:     DedicatedVideoMemory : 6282018816 bytes
[2022.03.02-23.28.23:841][  0]LogD3D11RHI:     DedicatedSystemMemory : 0 bytes
[2022.03.02-23.28.23:841][  0]LogD3D11RHI:     SharedSystemMemory : 4206389248 bytes
[2022.03.02-23.28.23:841][  0]LogD3D11RHI:     AdapterLuid : 0 68996
[2022.03.02-23.28.23:851][  0]LogD3D11RHI: Creating new Direct3DDevice
[2022.03.02-23.28.23:851][  0]LogD3D11RHI:     GPU DeviceId: 0x2191 (for the marketing name, search the web for "GPU Device Id")
[2022.03.02-23.28.23:851][  0]LogWindows: EnumDisplayDevices:
[2022.03.02-23.28.23:851][  0]LogWindows:    0. 'Intel(R) UHD Graphics' (P:0 D:0)
[2022.03.02-23.28.23:852][  0]LogWindows:    1. 'Intel(R) UHD Graphics' (P:0 D:0)
[2022.03.02-23.28.23:852][  0]LogWindows:    2. 'Intel(R) UHD Graphics' (P:0 D:0)
[2022.03.02-23.28.23:852][  0]LogWindows:    3. 'NVIDIA GeForce GTX 1660 Ti' (P:1 D:1)
[2022.03.02-23.28.23:853][  0]LogWindows:    4. 'NVIDIA GeForce GTX 1660 Ti' (P:0 D:0)
[2022.03.02-23.28.23:853][  0]LogWindows:    5. 'NVIDIA GeForce GTX 1660 Ti' (P:0 D:0)
[2022.03.02-23.28.23:853][  0]LogWindows:    6. 'NVIDIA GeForce GTX 1660 Ti' (P:0 D:0)
[2022.03.02-23.28.23:853][  0]LogWindows: DebugString: PrimaryIsNotTheChoosenAdapter PrimaryIsNotTheChoosenAdapter PrimaryIsNotTheChoosenAdapter FoundDriverCount:4 
[2022.03.02-23.28.23:853][  0]LogD3D11RHI:     Adapter Name: NVIDIA GeForce GTX 1660 Ti
[2022.03.02-23.28.23:853][  0]LogD3D11RHI:   Driver Version: 497.09 (internal:30.0.14.9709, unified:497.09)
[2022.03.02-23.28.23:853][  0]LogD3D11RHI:      Driver Date: 11-26-2021
[2022.03.02-23.28.23:853][  0]LogRHI: Texture pool is 4193 MB (70% of 5991 MB)
[2022.03.02-23.28.23:853][  0]LogD3D11RHI: Creating D3DDevice using adapter:
[2022.03.02-23.28.23:853][  0]LogD3D11RHI:     Description : NVIDIA GeForce GTX 1660 Ti
[2022.03.02-23.28.23:853][  0]LogD3D11RHI:     VendorId    : 10de
[2022.03.02-23.28.23:853][  0]LogD3D11RHI:     DeviceId    : 2191
[2022.03.02-23.28.23:853][  0]LogD3D11RHI:     SubSysId    : 14421025
[2022.03.02-23.28.23:854][  0]LogD3D11RHI:     Revision    : 00a1
[2022.03.02-23.28.23:854][  0]LogD3D11RHI:     DedicatedVideoMemory : 6282018816 bytes
[2022.03.02-23.28.23:854][  0]LogD3D11RHI:     DedicatedSystemMemory : 0 bytes
[2022.03.02-23.28.23:854][  0]LogD3D11RHI:     SharedSystemMemory : 4206389248 bytes
[2022.03.02-23.28.23:854][  0]LogD3D11RHI:     AdapterLuid : 0 68996
[2022.03.02-23.28.23:943][  0]LogD3D11RHI: RHI has support for 64 bit atomics
[2022.03.02-23.28.23:943][  0]LogD3D11RHI: Async texture creation enabled
[2022.03.02-23.28.23:943][  0]LogD3D11RHI: Array index from any shader is supported
[2022.03.02-23.28.23:945][  0]LogD3D11RHI: HDR output is supported on display 0 (NvId: 0x80061081).
[2022.03.02-23.28.23:978][  0]LogD3D11RHI: GPU Timing Frequency: 1000.000000 (Debug: 2 1)
[2022.03.02-23.28.24:020][  0]LogRHI: GeForceNow SDK initialized: 1
[2022.03.02-23.28.24:462][  0]LogTargetPlatformManager: Display: Loaded TargetPlatform 'WindowsNoEditor'
[2022.03.02-23.28.24:469][  0]LogTargetPlatformManager: Display: Loaded TargetPlatform 'Windows'
[2022.03.02-23.28.24:476][  0]LogTargetPlatformManager: Display: Loaded TargetPlatform 'WindowsClient'
[2022.03.02-23.28.24:483][  0]LogTargetPlatformManager: Display: Loaded TargetPlatform 'WindowsServer'
[2022.03.02-23.28.24:483][  0]LogTargetPlatformManager: Display: Building Assets For Windows
[2022.03.02-23.28.24:495][  0]LogAudioDebug: Display: Lib vorbis DLL was dynamically loaded.
[2022.03.02-23.28.24:542][  0]LogTextureFormatOodle: Display: Oodle Texture 2.9.0 init RDO Off
[2022.03.02-23.28.24:593][  0]LogRendererCore: Ray tracing is disabled. Reason: r.RayTracing=0.
[2022.03.02-23.28.24:594][  0]LogShaderCompilers: Guid format shader working directory is -17 characters bigger than the processId version (../../../../../../PROJECTS/Unreal/Endless-Runner/EndlessRunner/Intermediate/Shaders/WorkingDirectory/20160/).
[2022.03.02-23.28.24:594][  0]LogShaderCompilers: Cleaned the shader compiler working directory 'C:/Users/teodo/AppData/Local/Temp/UnrealShaderWorkingDir/44F08D0341E3F1BD1D5B7B8BE94A102A/'.
[2022.03.02-23.28.24:594][  0]LogXGEController: Cannot use XGE Controller as Incredibuild is not installed on this machine.
[2022.03.02-23.28.24:594][  0]LogShaderCompilers: Cannot use XGE Shader Compiler as Incredibuild is not installed on this machine.
[2022.03.02-23.28.24:594][  0]LogShaderCompilers: Display: Using Local Shader Compiler.
[2022.03.02-23.28.25:880][  0]LogDerivedDataCache: Display: Max Cache Size: 512 MB
[2022.03.02-23.28.25:991][  0]LogDerivedDataCache: Loaded boot cache 0.11s 94MB C:/Users/teodo/AppData/Local/UnrealEngine/4.27/DerivedDataCache/Boot.ddc.
[2022.03.02-23.28.25:991][  0]LogDerivedDataCache: Display: Loaded Boot cache: C:/Users/teodo/AppData/Local/UnrealEngine/4.27/DerivedDataCache/Boot.ddc
[2022.03.02-23.28.25:992][  0]LogDerivedDataCache: FDerivedDataBackendGraph:  Pak pak cache file ../../../../../../PROJECTS/Unreal/Endless-Runner/EndlessRunner/DerivedDataCache/DDC.ddp not found, will not use a pak cache.
[2022.03.02-23.28.25:992][  0]LogDerivedDataCache: Unable to find inner node Pak for hierarchical cache Hierarchy.
[2022.03.02-23.28.25:992][  0]LogDerivedDataCache: FDerivedDataBackendGraph:  CompressedPak pak cache file ../../../../../../PROJECTS/Unreal/Endless-Runner/EndlessRunner/DerivedDataCache/Compressed.ddp not found, will not use a pak cache.
[2022.03.02-23.28.25:992][  0]LogDerivedDataCache: Unable to find inner node CompressedPak for hierarchical cache Hierarchy.
[2022.03.02-23.28.26:020][  0]LogDerivedDataCache: Display: Pak cache opened for reading ../../../Engine/DerivedDataCache/Compressed.ddp.
[2022.03.02-23.28.26:020][  0]LogDerivedDataCache: FDerivedDataBackendGraph:  EnterprisePak pak cache file ../../../Enterprise/DerivedDataCache/Compressed.ddp not found, will not use a pak cache.
[2022.03.02-23.28.26:020][  0]LogDerivedDataCache: Unable to find inner node EnterprisePak for hierarchical cache Hierarchy.
[2022.03.02-23.28.26:029][  0]LogDerivedDataCache: Speed tests for C:/Users/teodo/AppData/Local/UnrealEngine/Common/DerivedDataCache took 0.01 seconds
[2022.03.02-23.28.26:029][  0]LogDerivedDataCache: Display: Performance to C:/Users/teodo/AppData/Local/UnrealEngine/Common/DerivedDataCache: Latency=0.03ms. RandomReadSpeed=776.10MBs, RandomWriteSpeed=125.06MBs. Assigned SpeedClass 'Local'
[2022.03.02-23.28.26:030][  0]LogDerivedDataCache: Using Local data cache path C:/Users/teodo/AppData/Local/UnrealEngine/Common/DerivedDataCache: Writable
[2022.03.02-23.28.26:030][  0]LogDerivedDataCache: Shared data cache path not found in *engine.ini, will not use an Shared cache.
[2022.03.02-23.28.26:030][  0]LogDerivedDataCache: Unable to find inner node Shared for hierarchical cache Hierarchy.
[2022.03.02-23.28.26:090][  0]LogSlate: Using FreeType 2.10.0
[2022.03.02-23.28.26:091][  0]LogSlate: SlateFontServices - WITH_FREETYPE: 1, WITH_HARFBUZZ: 1
[2022.03.02-23.28.26:221][  0]LogInit: Using OS detected language (en-GB).
[2022.03.02-23.28.26:221][  0]LogInit: Using OS detected locale (en-US).
[2022.03.02-23.28.26:221][  0]LogTextLocalizationManager: No localization for 'en-GB' exists, so 'en' will be used for the language.
[2022.03.02-23.28.26:221][  0]LogTextLocalizationManager: No localization for 'en-US' exists, so 'en' will be used for the locale.
[2022.03.02-23.28.26:221][  0]LogSlate: FontCache flush requested. Reason: Culture for localization was changed
[2022.03.02-23.28.26:221][  0]LogSlate: FontCache flush requested. Reason: Culture for localization was changed
[2022.03.02-23.28.26:226][  0]LogTextLocalizationManager: Compacting localization data took   0.01ms
[2022.03.02-23.28.26:226][  0]LogAssetRegistry: FAssetRegistry took 0.0027 seconds to start up
[2022.03.02-23.28.26:495][  0]LogPackageLocalizationCache: Processed 27 localized package path(s) for 1 prioritized culture(s) in 0.001362 seconds
[2022.03.02-23.28.26:600][  0]LogInit: Selected Device Profile: [Windows]
[2022.03.02-23.28.26:600][  0]LogInit: Active device profile: [00000262A792B900][000002629D40F6C0 49] Windows
[2022.03.02-23.28.26:600][  0]LogInit: Profiles: [00000262A792B900][000002629D40F6C0 49] Windows, [00000262A78DC800][000002629D413800 49] WindowsNoEditor, [00000262A7928800][000002629D417940 49] WindowsServer, [00000262A78DEE00][000002629D41BA80 49] WindowsClient, [00000262A792AD00][000002629CFDDC00 49] IOS, [00000262A78DF400][000002629CFE0200 49] iPadAir, [00000262A792B300][000002629CFE4380 49] iPadAir2, [00000262A7893800][000002629CFEC640 49] IPadPro, [00000262A7893900][000002629CFE8680 49] iPadAir3, [00000262A792AF00][000002629CFF0800 49] iPadAir4, [00000262A7890D00][000002629CFF4980 49] iPadMini2, [00000262A792A700][000002629CFF8B00 49] iPadMini3, [00000262A7892800][000002629CFFCC80 49] iPadMini4, [00000262A792A900][000002629D000E00 49] iPadMini5, [00000262A78EF100][000002629D0090C0 49] iPhone6, [00000262A78EF200][000002629D005100 49] iPodTouch6, [00000262A7892000][000002629D0113C0 49] iPhone7, [00000262A7892100][000002629D00D400 49] iPodTouch7, [00000262A78ECC00][000002629D015580 49] iPhone5S, [00000262A7893B00][000002629D019700 49] iPhone6Plus, [00000262A78EE900][000002629D01D880 49] iPhone6S, [00000262A7892C00][000002629CFD99C0 49] iPhone6SPlus, [00000262A78EEF00][000002629D021B00 49] iPhone7Plus, [00000262A7890800][000002629CDB00C0 49] iPhoneSE, [00000262A78EE200][000002629CDB8240 49] iPhone8, [00000262A7892900][000002629CDBC3C0 49] iPhone8Plus, [00000262A78EF500][000002629CDC0540 49] iPhoneX, [00000262A7891A00][000002629CDC46C0 49] iPhoneXS, [00000262A78EC800][000002629CDC8840 49] iPhoneXSMax, [00000262A7893000][000002629CDCC9C0 49] iPhoneXR, [00000262A78EEA00][000002629CDD0B40 49] iPhone11, [00000262A7890900][000002629CDD4CC0 49] iPhone11Pro, [00000262A78EC200][000002629CDD8E40 49] iPhone11ProMax, [00000262A7891D00][000002629CDDCFC0 49] iPhoneSE2, [00000262A78EE600][000002629CDE1140 49] iPhone12Mini, [00000262A7893F00][000002629CDE52C0 49] iPhone12, [00000262A78ECF00][000002629CDE9440 49] iPhone12Pro, [00000262A7891100][000002629CDED5C0 49] iPhone12ProMax, [00000262A78ECD00][000002629CDF1740 49] iPadPro105, [00000262A7890C00][000002629CDF58C0 49] iPadPro129, [00000262A78EEC00][000002629CDF9A40 49] iPadPro97, [00000262A7892200][000002629CDB5B80 49] iPadPro2_129, [00000262A78ED000][000002629CDFC140 49] iPad5, [00000262A7891C00][000002629CE00280 49] iPad6, [00000262A78EEB00][000002629CE043C0 49] iPad7, [00000262A7890500][000002629CE0C540 49] iPad8, [00000262A78EF600][00000262A7B6E6C0 49] iPadPro11, [00000262A7890700][00000262A7B72840 49] iPadPro2_11, [00000262A78EDA00][00000262A7B769C0 49] iPadPro3_129, [00000262A7893A00][00000262A7B7AB40 49] iPadPro4_129, [00000262A78ED700][00000262A7B7ECC0 49] AppleTV, [00000262A7891E00][00000262A7B82E40 49] AppleTV4K, [00000262A78ED800][00000262A7B86FC0 49] TVOS, [00000262A7891900][00000262A7B8B140 49] Mac, [00000262A78EC600][00000262A7B8F2C0 49] MacClient, [00000262A7891000][00000262A7B93440 49] MacNoEditor, [00000262A78DCD00][00000262A7B975C0 49] MacServer, [00000262A7961200][00000262A7B9B740 49] Linux, [00000262A78DCC00][00000262A7B9F8C0 49] LinuxAArch64, [00000262A7961C00][00000262A7BA3A40 49] LinuxNoEditor, [00000262A78DE000][00000262A7BA7BC0 49] LinuxAArch64NoEditor, [00000262A7961800][000002629CE08180 49] LinuxClient, [00000262A78DD700][00000262A7BAA2C0 49] LinuxAArch64Client, [00000262A7961B00][00000262A7BAE400 49] LinuxServer, [00000262A78DE800][00000262A7BB2540 49] LinuxAArch64Server, [00000262A7961500][00000262A7BBA6C0 49] Android, [00000262A78DEA00][00000262A7BBE840 49] Android_Low, [00000262A7961E00][00000262A7BC29C0 49] Android_Mid, [00000262A78DFB00][00000262A7BC6B40 49] Android_High, [00000262A7960E00][00000262A7BCACC0 49] Android_Default, [00000262A78DC400][00000262A7BCEE40 49] Android_Adreno4xx, [00000262A7961A00][00000262A7BD2FC0 49] Android_Adreno5xx_Low, [00000262A78DF000][00000262A7BD7140 49] Android_Adreno5xx, [00000262A7962000][00000262A7BDB2C0 49] Android_Adreno6xx, [00000262A78DF600][00000262A7BDF440 49] Android_Adreno6xx_Vulkan, [00000262A7963000][00000262A7BE35C0 49] Android_Mali_T6xx, [00000262A78DC500][00000262A7BE7740 49] Android_Mali_T7xx, [00000262A7961F00][00000262A7BEB8C0 49] Android_Mali_T8xx, [00000262A78DED00][00000262A7BEFA40 49] Android_Mali_G71, [00000262A7962D00][00000262A7BF3BC0 49] Android_Mali_G72, [00000262A7891200][00000262A7BF61C0 49] Android_Mali_G72_Vulkan, [00000262A7962100][00000262A7BFA340 49] Android_Mali_G76, [00000262A7892700][00000262A7BB6480 49] Android_Mali_G76_Vulkan, [00000262A7962800][00000262A7BFE5C0 49] Android_Mali_G77, [00000262A7890E00][00000262A7C02700 49] Android_Mali_G77_Vulkan, [00000262A7960D00][00000262A7C0A880 49] Android_Mali_G78, [00000262A7893E00][00000262A7C0EA00 49] Android_Mali_G78_Vulkan, [00000262A7962300][00000262A7C12B80 49] Android_Mali_G710, [00000262A7893500][00000262A7C16D00 49] Android_Mali_G710_Vulkan, [00000262A7962900][00000262A7C1AE80 49] Android_Vulkan_SM5, [00000262A7890100][00000262A7C1F000 49] Android_PowerVR_G6xxx, [00000262A7961700][00000262A7C23180 49] Android_PowerVR_GT7xxx, [00000262A7890F00][00000262A7C27300 49] Android_PowerVR_GE8xxx, [00000262A7960500][00000262A7C2B480 49] Android_PowerVR_GM9xxx, [00000262A7893400][00000262A7C2F600 49] Android_PowerVR_GM9xxx_Vulkan, [00000262A7962500][00000262A7C33780 49] Android_TegraK1, [00000262A7891300][00000262A7C37900 49] Android_Unknown_Vulkan, [00000262A7960300][00000262A7C3BA80 49] Lumin, [00000262A7893700][00000262A7C3FC00 49] Lumin_Desktop, [00000262A7961100][00000262A7C42200 49] HoloLens, 
[2022.03.02-23.28.26:663][  0]LogMeshReduction: Using QuadricMeshReduction for automatic static mesh reduction
[2022.03.02-23.28.26:663][  0]LogMeshReduction: Using SimplygonMeshReduction for automatic skeletal mesh reduction
[2022.03.02-23.28.26:663][  0]LogMeshReduction: Using ProxyLODMeshReduction for automatic mesh merging
[2022.03.02-23.28.26:663][  0]LogMeshReduction: No distributed automatic mesh merging module available
[2022.03.02-23.28.26:663][  0]LogMeshMerging: No distributed automatic mesh merging module available
[2022.03.02-23.28.26:842][  0]LogNetVersion: EndlessRunner 1.0.0, NetCL: 17155196, EngineNetVer: 17, GameNetVer: 0 (Checksum: 1331125288)
[2022.03.02-23.28.27:221][  0]LogTexture: Default maximum texture size for cubemaps generated from long-lat sources has been changed from 512 to unlimited. In order to preserve old behaiour for '/Engine/MapTemplates/Sky/DaylightAmbientCubemap.DaylightAmbientCubemap', its maximum texture size has been explicitly set to 512.
[2022.03.02-23.28.27:347][  0]LogHMD: PokeAHoleMaterial loaded successfully
[2022.03.02-23.28.27:530][  0]LogMoviePlayer: Initializing movie player
[2022.03.02-23.28.27:652][  0]LogNiagaraDebuggerClient: Niagara Debugger Client Initialized | Session: D9C916E84F0179C02BBF248C4E95A7CA | Instance: B59DA8D14A0D521DFEEA98A09F7AA28F (LAPTOP-BL73FRTF-20160).
[2022.03.02-23.28.27:683][  0]LogCollectionManager: Loaded 0 collections in 0.002417 seconds
[2022.03.02-23.28.27:686][  0]LogFileCache: Scanning file cache for directory 'C:/PROJECTS/Unreal/Endless-Runner/EndlessRunner/Saved/Collections/' took 0.00s
[2022.03.02-23.28.27:686][  0]LogFileCache: Scanning file cache for directory 'C:/PROJECTS/Unreal/Endless-Runner/EndlessRunner/Content/Developers/teodo/Collections/' took 0.00s
[2022.03.02-23.28.27:686][  0]LogCollectionManager: Fixed up redirectors for 0 collections in 0.000002 seconds (updated 0 objects)
[2022.03.02-23.28.27:884][  0]LogFileCache: Scanning file cache for directory 'C:/PROJECTS/Unreal/Endless-Runner/EndlessRunner/Content/Collections/' took 0.00s
[2022.03.02-23.28.27:884][  0]LogTcpMessaging: Initializing TcpMessaging bridge
[2022.03.02-23.28.27:889][  0]LogUdpMessaging: Initializing bridge on interface 0.0.0.0:0 to multicast group 230.0.0.1:6666.
[2022.03.02-23.28.27:910][  0]LogPython: Using Python 3.7.7
[2022.03.02-23.28.28:791][  0]SourceControl: Source control is disabled
[2022.03.02-23.28.28:791][  0]SourceControl: Source control is disabled
[2022.03.02-23.28.28:796][  0]SourceControl: Source control is disabled
[2022.03.02-23.28.28:805][  0]LogUProjectInfo: Found projects:
[2022.03.02-23.28.28:965][  0]LogOpenImageDenoise: OIDN starting up
[2022.03.02-23.28.28:981][  0]LogAndroidPermission: UAndroidPermissionCallbackProxy::GetInstance
[2022.03.02-23.28.29:015][  0]LogAudioCaptureCore: Display: No Audio Capture implementations found. Audio input will be silent.
[2022.03.02-23.28.29:015][  0]LogAudioCaptureCore: Display: No Audio Capture implementations found. Audio input will be silent.
[2022.03.02-23.28.29:121][  0]LogOcInput: OculusInput pre-init called
[2022.03.02-23.28.29:133][  0]LogUObjectArray: 22121 objects as part of root set at end of initial load.
[2022.03.02-23.28.29:134][  0]LogUObjectAllocator: 5975632 out of 0 bytes used by permanent object pool.
[2022.03.02-23.28.29:134][  0]LogUObjectArray: CloseDisregardForGC: 0/0 objects in disregard for GC pool
[2022.03.02-23.28.29:213][  0]LogEngine: Initializing Engine...
[2022.03.02-23.28.29:288][  0]LogHMD: Optional extension XR_VARJO_quad_views is not available
[2022.03.02-23.28.29:288][  0]LogHMD: Warning: Required extension XR_EXT_eye_gaze_interaction is not available
[2022.03.02-23.28.29:288][  0]LogHMD: Could not enable all required OpenXR extensions for OpenXREyeTracker on current system. This plugin will be loaded but ignored, but will be enabled on a target platform that supports the required extension.
[2022.03.02-23.28.29:791][  0]LogHMD: Failed to get an OpenXR system, result is XR_ERROR_FORM_FACTOR_UNAVAILABLE. Please check that your runtime supports VR headsets.
[2022.03.02-23.28.29:791][  0]LogHMD: Failed to initialize OpenVR with code 101
[2022.03.02-23.28.29:791][  0]LogMagicLeap: Warning: VR disabled because ZI is not enabled.  To enable, in the editor, Edit -> Project Settings -> Plugins -> Magic Leap Plugin -> Enable Zero Iteration
[2022.03.02-23.28.29:793][  0]LogStats: UGameplayTagsManager::InitializeManager -  0.000 s
[2022.03.02-23.28.29:965][  0]LogInit: Initializing FReadOnlyCVARCache
[2022.03.02-23.28.29:965][  0]LogAudio: Display: Initializing Audio Device Manager...
[2022.03.02-23.28.29:973][  0]LogAudio: Display: Loading Default Audio Settings Objects...
[2022.03.02-23.28.29:974][  0]LogAudio: Display: No default SoundConcurrencyObject specified (or failed to load).
[2022.03.02-23.28.29:974][  0]LogAudio: Display: Audio Device Manager Initialized
[2022.03.02-23.28.29:974][  0]LogAudio: Display: Creating Audio Device:                 Id: 1, Scope: Shared, Realtime: True
[2022.03.02-23.28.29:974][  0]LogAudioMixer: Display: Audio Mixer Platform Settings:
[2022.03.02-23.28.29:974][  0]LogAudioMixer: Display: 	Sample Rate:						  48000
[2022.03.02-23.28.29:974][  0]LogAudioMixer: Display: 	Callback Buffer Frame Size Requested: 1024
[2022.03.02-23.28.29:975][  0]LogAudioMixer: Display: 	Callback Buffer Frame Size To Use:	  1024
[2022.03.02-23.28.29:975][  0]LogAudioMixer: Display: 	Number of buffers to queue:			  2
[2022.03.02-23.28.29:975][  0]LogAudioMixer: Display: 	Max Channels (voices):				  32
[2022.03.02-23.28.29:975][  0]LogAudioMixer: Display: 	Number of Async Source Workers:		  0
[2022.03.02-23.28.29:975][  0]LogAudio: Display: AudioDevice MaxSources: 32
[2022.03.02-23.28.29:975][  0]LogAudio: Display: Audio Spatialization Plugin: None (built-in).
[2022.03.02-23.28.29:975][  0]LogAudio: Display: Audio Reverb Plugin: None (built-in).
[2022.03.02-23.28.29:975][  0]LogAudio: Display: Audio Occlusion Plugin: None (built-in).
[2022.03.02-23.28.29:975][  0]LogAudioMixer: Display: Initializing audio mixer.
[2022.03.02-23.28.30:004][  0]LogAudioMixer: Display: 0: FrontLeft
[2022.03.02-23.28.30:005][  0]LogAudioMixer: Display: 1: FrontRight
[2022.03.02-23.28.30:204][  0]LogAudioMixer: Display: Using Audio Device Speakers (Realtek(R) Audio)
[2022.03.02-23.28.30:213][  0]LogAudioMixer: Display: Initializing Sound Submixes...
[2022.03.02-23.28.30:215][  0]LogAudioMixer: Display: Creating Master Submix 'MasterSubmixDefault'
[2022.03.02-23.28.30:215][  0]LogAudioMixer: Display: Creating Master Submix 'MasterReverbSubmixDefault'
[2022.03.02-23.28.30:217][  0]LogAudioMixer: Display: Creating Master Submix 'MasterEQSubmixDefault'
[2022.03.02-23.28.30:217][  0]LogAudioMixer: FMixerPlatformXAudio2::StartAudioStream() called
[2022.03.02-23.28.30:217][  0]LogAudioMixer: Display: Output buffers initialized: Frames=1024, Channels=2, Samples=2048
[2022.03.02-23.28.30:219][  0]LogAudioMixer: Display: Starting AudioMixerPlatformInterface::RunInternal()
[2022.03.02-23.28.30:219][  0]LogAudioMixer: Display: FMixerPlatformXAudio2::SubmitBuffer() called for the first time
[2022.03.02-23.28.30:219][  0]LogInit: FAudioDevice initialized.
[2022.03.02-23.28.30:221][  0]LogNetVersion: Set ProjectVersion to 1.0.0.0. Version Checksum will be recalculated on next use.
[2022.03.02-23.28.30:222][  0]LogInit: Texture streaming: Enabled
[2022.03.02-23.28.30:353][  0]LogAudio: Display: Audio Device (ID: 1) registered with world 'Untitled'.
[2022.03.02-23.28.30:353][  0]LogSlate: Updating window title bar state: overlay mode, drag disabled, window buttons hidden, title bar hidden
[2022.03.02-23.28.30:354][  0]LogInit: Display: Game Engine Initialized.
[2022.03.02-23.28.30:355][  0]LogNiagaraEditor: GEditor isn't valid! Particle reset commands will not work for Niagara components!
[2022.03.02-23.28.30:540][  0]LogInit: Display: Starting Game.
[2022.03.02-23.28.30:542][  0]LogNet: Browse: /Game/--NEW--/Maps/ThirdPersonExampleMap?Name=Player
[2022.03.02-23.28.30:542][  0]LogLoad: LoadMap: /Game/--NEW--/Maps/ThirdPersonExampleMap?Name=Player
[2022.03.02-23.28.30:542][  0]LogWorld: BeginTearingDown for /Temp/Untitled_0
[2022.03.02-23.28.30:545][  0]LogWorld: UWorld::CleanupWorld for Untitled, bSessionEnded=true, bCleanupResources=true
[2022.03.02-23.28.30:545][  0]LogSlate: InvalidateAllWidgets triggered.  All widgets were invalidated
[2022.03.02-23.28.30:552][  0]LogAudio: Display: Audio Device unregistered from world 'None'.
[2022.03.02-23.28.30:555][  0]LogUObjectHash: Compacting FUObjectHashTables data took   1.28ms
[2022.03.02-23.28.31:325][  0]LogAudio: Display: Audio Device (ID: 1) registered with world 'ThirdPersonExampleMap'.
[2022.03.02-23.28.31:336][  0]LogAIModule: Creating AISystem for world ThirdPersonExampleMap
[2022.03.02-23.28.31:342][  0]LogLoad: Game class is 'ThirdPersonGameMode_C'
[2022.03.02-23.28.31:683][  0]LogWorld: Bringing World /Game/--NEW--/Maps/ThirdPersonExampleMap.ThirdPersonExampleMap up for play (max tick rate 0) at 2022.03.02-23.28.31
[2022.03.02-23.28.31:686][  0]LogWorld: Bringing up level for play took: 0.342857
[2022.03.02-23.28.31:687][  0]LogGameMode: FindPlayerStart: PATHS NOT DEFINED or NO PLAYERSTART with positive rating
[2022.03.02-23.28.31:705][  0]LogLoad: Took 1.162819 seconds to LoadMap(/Game/--NEW--/Maps/ThirdPersonExampleMap)
[2022.03.02-23.28.31:899][  0]LogSlate: Took 0.000338 seconds to synchronously load lazily loaded font '../../../Engine/Content/Slate/Fonts/Roboto-Regular.ttf' (155K)
[2022.03.02-23.28.31:960][  0]LogRenderer: Reallocating scene render targets to support 1280x720 Format 10 NumSamples 1 (Frame:1).
[2022.03.02-23.28.31:960][  0]LogInit: Display: Engine is initialized. Leaving FEngineLoop::Init()
[2022.03.02-23.28.31:960][  0]LogLoad: (Engine Initialization) Total time: 11.14 seconds
[2022.03.02-23.28.31:960][  0]LogLoad: (Engine Initialization) Total Blueprint compile time: 0.00 seconds
[2022.03.02-23.28.32:039][  0]LogContentStreaming: Texture pool size now 1000 MB
[2022.03.02-23.28.32:050][  0]LogSlate: InvalidateAllWidgets triggered.  All widgets were invalidated
[2022.03.02-23.28.32:066][  0]LogRenderer: Reallocating scene render targets to support 128x128 Format 10 NumSamples 1 (Frame:1).
[2022.03.02-23.28.32:119][  0]LogRenderer: Reallocating scene render targets to support 1280x720 Format 10 NumSamples 1 (Frame:2).
[2022.03.02-23.28.32:159][  1]LogSlate: Took 0.000202 seconds to synchronously load lazily loaded font '../../../Engine/Content/Slate/Fonts/Roboto-Regular.ttf' (155K)
[2022.03.02-23.28.40:843][513]LogSlate: Window 'EndlessRunner (64-bit Development PCD3D_SM5) ' being destroyed
[2022.03.02-23.28.40:845][513]LogWindowsTextInputMethodSystem: Display: IME system deactivated.
[2022.03.02-23.28.40:852][513]LogSlate: Updating window title bar state: overlay mode, drag disabled, window buttons hidden, title bar hidden
[2022.03.02-23.28.40:852][513]LogEngine: All Windows Closed
[2022.03.02-23.28.40:852][513]LogWindows: FPlatformMisc::RequestExit(0)
[2022.03.02-23.28.40:852][513]LogWindows: FPlatformMisc::RequestExitWithStatus(0, 0)
[2022.03.02-23.28.40:852][513]LogCore: Engine exit requested (reason: Win RequestExit)
[2022.03.02-23.28.40:853][514]LogCore: Engine exit requested (reason: EngineExit() was called; note: exit was already requested)
[2022.03.02-23.28.40:853][514]LogInit: Display: PreExit Game.
[2022.03.02-23.28.40:874][514]LogWorld: BeginTearingDown for /Game/--NEW--/Maps/ThirdPersonExampleMap
[2022.03.02-23.28.40:878][514]LogWorld: UWorld::CleanupWorld for ThirdPersonExampleMap, bSessionEnded=true, bCleanupResources=true
[2022.03.02-23.28.40:899][514]LogSlate: InvalidateAllWidgets triggered.  All widgets were invalidated
[2022.03.02-23.28.41:801][514]LogAudio: Display: Beginning Audio Device Manager Shutdown (Module: AudioMixerXAudio2)...
[2022.03.02-23.28.41:801][514]LogAudio: Display: Destroying 1 Remaining Audio Device(s)...
[2022.03.02-23.28.41:801][514]LogAudio: Display: Audio Device unregistered from world 'ThirdPersonExampleMap'.
[2022.03.02-23.28.41:803][514]LogAudioMixer: FMixerPlatformXAudio2::StopAudioStream() called
[2022.03.02-23.28.41:803][514]LogAudioMixer: FMixerPlatformXAudio2::StopAudioStream() called
[2022.03.02-23.28.41:809][514]LogAudio: Display: Audio Device Manager Shutdown
[2022.03.02-23.28.41:813][514]LogExit: Preparing to exit.
[2022.03.02-23.28.41:822][514]LogSlate: Updating window title bar state: overlay mode, drag disabled, window buttons hidden, title bar hidden
[2022.03.02-23.28.41:831][514]LogUObjectHash: Compacting FUObjectHashTables data took   1.84ms
[2022.03.02-23.28.41:899][514]LogMoviePlayer: Shutting down movie player
[2022.03.02-23.28.42:114][514]LogDemo: Cleaned up 0 splitscreen connections with owner deletion
[2022.03.02-23.28.42:124][514]LogExit: Game engine shut down
[2022.03.02-23.28.42:185][514]LogExit: Object subsystem successfully closed.
[2022.03.02-23.28.42:206][514]LogShaderCompilers: Display: === FShaderJobCache stats ===
[2022.03.02-23.28.42:206][514]LogShaderCompilers: Display: Total job queries 0, among them cache hits 0 (0.00%)
[2022.03.02-23.28.42:206][514]LogShaderCompilers: Display: Tracking 0 distinct input hashes that result in 0 distinct outputs (0.00%)
[2022.03.02-23.28.42:206][514]LogShaderCompilers: Display: RAM used: 0.00 MB (0.00 GB) of 409.60 MB (0.40 GB) budget. Usage: 0.00%
[2022.03.02-23.28.42:206][514]LogShaderCompilers: Display: ================================================
[2022.03.02-23.28.42:222][514]LogShaderCompilers: Display: Shaders left to compile 0
[2022.03.02-23.28.42:245][514]LogModuleManager: Shutting down and abandoning module SequenceRecorderSections (560)
[2022.03.02-23.28.42:245][514]LogModuleManager: Shutting down and abandoning module SequenceRecorder (558)
[2022.03.02-23.28.42:245][514]LogModuleManager: Shutting down and abandoning module AutomationController (556)
[2022.03.02-23.28.42:245][514]LogModuleManager: Shutting down and abandoning module AutomationWorker (554)
[2022.03.02-23.28.42:246][514]LogModuleManager: Shutting down and abandoning module Voice (552)
[2022.03.02-23.28.42:246][514]LogModuleManager: Shutting down and abandoning module AIModule (550)
[2022.03.02-23.28.42:246][514]LogModuleManager: Shutting down and abandoning module GameplayDebugger (549)
[2022.03.02-23.28.42:246][514]LogModuleManager: Shutting down and abandoning module AITestSuite (547)
[2022.03.02-23.28.42:246][514]LogModuleManager: Shutting down and abandoning module NavigationSystem (545)
[2022.03.02-23.28.42:246][514]LogModuleManager: Shutting down and abandoning module AnimGraph (542)
[2022.03.02-23.28.42:246][514]LogModuleManager: Shutting down and abandoning module SteamVREditor (540)
[2022.03.02-23.28.42:246][514]LogModuleManager: Shutting down and abandoning module ToolMenus (539)
[2022.03.02-23.28.42:246][514]LogModuleManager: Shutting down and abandoning module OculusMR (536)
[2022.03.02-23.28.42:246][514]LogModuleManager: Shutting down and abandoning module TakeRecorderSources (534)
[2022.03.02-23.28.42:246][514]LogModuleManager: Shutting down and abandoning module TakeRecorder (533)
[2022.03.02-23.28.42:246][514]LogModuleManager: Shutting down and abandoning module TakeTrackRecorders (530)
[2022.03.02-23.28.42:246][514]LogModuleManager: Shutting down and abandoning module TakesCore (528)
[2022.03.02-23.28.42:246][514]LogModuleManager: Shutting down and abandoning module OpenXRInput (526)
[2022.03.02-23.28.42:246][514]LogModuleManager: Shutting down and abandoning module PlanarCut (524)
[2022.03.02-23.28.42:246][514]LogModuleManager: Shutting down and abandoning module WmfMediaFactory (522)
[2022.03.02-23.28.42:246][514]LogModuleManager: Shutting down and abandoning module WebMMediaFactory (520)
[2022.03.02-23.28.42:246][514]LogModuleManager: Shutting down and abandoning module WebMMedia (518)
[2022.03.02-23.28.42:246][514]LogModuleManager: Shutting down and abandoning module OpenExrWrapper (516)
[2022.03.02-23.28.42:246][514]LogModuleManager: Shutting down and abandoning module ImgMediaFactory (514)
[2022.03.02-23.28.42:246][514]LogModuleManager: Shutting down and abandoning module AvfMediaFactory (512)
[2022.03.02-23.28.42:246][514]LogModuleManager: Shutting down and abandoning module MagicLeapMediaCodecFactory (510)
[2022.03.02-23.28.42:246][514]LogModuleManager: Shutting down and abandoning module MagicLeapMediaFactory (508)
[2022.03.02-23.28.42:246][514]LogModuleManager: Shutting down and abandoning module CharacterAI (506)
[2022.03.02-23.28.42:246][514]LogModuleManager: Shutting down and abandoning module SessionServices (504)
[2022.03.02-23.28.42:246][514]LogModuleManager: Shutting down and abandoning module MovieSceneCapture (502)
[2022.03.02-23.28.42:247][514]LogModuleManager: Shutting down and abandoning module LiveCoding (500)
[2022.03.02-23.28.42:247][514]LogModuleManager: Shutting down and abandoning module LevelSequence (498)
[2022.03.02-23.28.42:247][514]LogModuleManager: Shutting down and abandoning module MovieSceneTracks (496)
[2022.03.02-23.28.42:247][514]LogModuleManager: Shutting down and abandoning module MovieScene (494)
[2022.03.02-23.28.42:247][514]LogModuleManager: Shutting down and abandoning module StreamingPauseRendering (492)
[2022.03.02-23.28.42:247][514]LogModuleManager: Shutting down and abandoning module PortalServices (490)
[2022.03.02-23.28.42:247][514]LogModuleManager: Shutting down and abandoning module PortalRpc (488)
[2022.03.02-23.28.42:247][514]LogModuleManager: Shutting down and abandoning module MessagingRpc (486)
[2022.03.02-23.28.42:247][514]LogModuleManager: Shutting down and abandoning module AudioMixerXAudio2 (484)
[2022.03.02-23.28.42:247][514]LogModuleManager: Shutting down and abandoning module AudioMixerCore (483)
[2022.03.02-23.28.42:247][514]LogModuleManager: Shutting down and abandoning module ImageWriteQueue (480)
[2022.03.02-23.28.42:251][514]LogModuleManager: Shutting down and abandoning module ProfilerService (478)
[2022.03.02-23.28.42:425][514]LogModuleManager: Shutting down and abandoning module TaskGraph (476)
[2022.03.02-23.28.42:426][514]LogModuleManager: Shutting down and abandoning module OculusInput (474)
[2022.03.02-23.28.42:426][514]LogModuleManager: Shutting down and abandoning module Synthesis (472)
[2022.03.02-23.28.42:426][514]LogModuleManager: Shutting down and abandoning module ProceduralMeshComponent (470)
[2022.03.02-23.28.42:426][514]LogModuleManager: Shutting down and abandoning module TakeMovieScene (468)
[2022.03.02-23.28.42:426][514]LogModuleManager: Shutting down and abandoning module MobilePatchingUtils (466)
[2022.03.02-23.28.42:426][514]LogModuleManager: Shutting down and abandoning module GooglePAD (464)
[2022.03.02-23.28.42:426][514]LogModuleManager: Shutting down and abandoning module EditableMesh (462)
[2022.03.02-23.28.42:426][514]LogModuleManager: Shutting down and abandoning module CustomMeshComponent (460)
[2022.03.02-23.28.42:426][514]LogModuleManager: Shutting down and abandoning module CableComponent (458)
[2022.03.02-23.28.42:426][514]LogModuleManager: Shutting down and abandoning module AudioCapture (456)
[2022.03.02-23.28.42:426][514]LogModuleManager: Shutting down and abandoning module AudioCaptureRtAudio (455)
[2022.03.02-23.28.42:426][514]LogModuleManager: Shutting down and abandoning module ArchVisCharacter (452)
[2022.03.02-23.28.42:426][514]LogModuleManager: Shutting down and abandoning module AssetTags (450)
[2022.03.02-23.28.42:426][514]LogModuleManager: Shutting down and abandoning module AppleImageUtilsBlueprintSupport (448)
[2022.03.02-23.28.42:426][514]LogModuleManager: Shutting down and abandoning module AppleImageUtils (446)
[2022.03.02-23.28.42:426][514]LogModuleManager: Shutting down and abandoning module AndroidPermission (444)
[2022.03.02-23.28.42:426][514]LogModuleManager: Shutting down and abandoning module ActorLayerUtilities (442)
[2022.03.02-23.28.42:426][514]LogModuleManager: Shutting down and abandoning module MotoSynth (440)
[2022.03.02-23.28.42:426][514]LogModuleManager: Shutting down and abandoning module OpenImageDenoise (438)
[2022.03.02-23.28.42:426][514]LogOpenImageDenoise: OIDN shutting down
[2022.03.02-23.28.42:426][514]LogModuleManager: Shutting down and abandoning module MeshConversion (436)
[2022.03.02-23.28.42:426][514]LogModuleManager: Shutting down and abandoning module DynamicMesh (434)
[2022.03.02-23.28.42:426][514]LogModuleManager: Shutting down and abandoning module GeometryAlgorithms (432)
[2022.03.02-23.28.42:426][514]LogModuleManager: Shutting down and abandoning module GeometricObjects (430)
[2022.03.02-23.28.42:426][514]LogModuleManager: Shutting down and abandoning module TemplateSequence (428)
[2022.03.02-23.28.42:426][514]LogModuleManager: Shutting down and abandoning module MediaCompositing (426)
[2022.03.02-23.28.42:426][514]LogModuleManager: Shutting down and abandoning module ImgMedia (424)
[2022.03.02-23.28.42:426][514]LogModuleManager: Shutting down and abandoning module GeometryCacheTracks (422)
[2022.03.02-23.28.42:426][514]LogModuleManager: Shutting down and abandoning module GeometryCacheSequencer (421)
[2022.03.02-23.28.42:426][514]LogModuleManager: Shutting down and abandoning module GeometryCache (418)
[2022.03.02-23.28.42:426][514]LogModuleManager: Shutting down and abandoning module GeometryCacheEd (417)
[2022.03.02-23.28.42:426][514]LogModuleManager: Shutting down and abandoning module GeometryCollectionTracks (414)
[2022.03.02-23.28.42:426][514]LogModuleManager: Shutting down and abandoning module GeometryCollectionSequencer (413)
[2022.03.02-23.28.42:426][514]LogModuleManager: Shutting down and abandoning module MagicLeapSharedWorld (410)
[2022.03.02-23.28.42:426][514]LogModuleManager: Shutting down and abandoning module MagicLeapLightEstimation (408)
[2022.03.02-23.28.42:426][514]LogModuleManager: Shutting down and abandoning module ChaosNiagara (406)
[2022.03.02-23.28.42:426][514]LogModuleManager: Shutting down and abandoning module FieldSystemEngine (405)
[2022.03.02-23.28.42:426][514]LogModuleManager: Shutting down and abandoning module MagicLeapHelperVulkan (402)
[2022.03.02-23.28.42:426][514]LogModuleManager: Shutting down and abandoning module MagicLeapHelperOpenGL (400)
[2022.03.02-23.28.42:426][514]LogModuleManager: Shutting down and abandoning module MagicLeapAudio (398)
[2022.03.02-23.28.42:426][514]LogModuleManager: Shutting down and abandoning module BackChannel (396)
[2022.03.02-23.28.42:426][514]LogModuleManager: Shutting down and abandoning module AutomationUtils (394)
[2022.03.02-23.28.42:426][514]LogModuleManager: Shutting down and abandoning module VisualStudioSourceCodeAccess (392)
[2022.03.02-23.28.42:426][514]LogModuleManager: Shutting down and abandoning module HotReload (391)
[2022.03.02-23.28.42:426][514]LogModuleManager: Shutting down and abandoning module VisualStudioCodeSourceCodeAccess (388)
[2022.03.02-23.28.42:426][514]LogModuleManager: Shutting down and abandoning module UObjectPlugin (386)
[2022.03.02-23.28.42:426][514]LogModuleManager: Shutting down and abandoning module SubversionSourceControl (384)
[2022.03.02-23.28.42:427][514]LogModuleManager: Shutting down and abandoning module PerforceSourceControl (382)
[2022.03.02-23.28.42:427][514]LogModuleManager: Shutting down and abandoning module SourceControl (381)
[2022.03.02-23.28.42:427][514]LogModuleManager: Shutting down and abandoning module CLionSourceCodeAccess (378)
[2022.03.02-23.28.42:427][514]LogModuleManager: Shutting down and abandoning module OodleNetworkHandlerComponent (376)
[2022.03.02-23.28.42:427][514]LogModuleManager: Shutting down and abandoning module LiveLinkSequencer (374)
[2022.03.02-23.28.42:427][514]LogModuleManager: Shutting down and abandoning module LiveLinkMovieScene (372)
[2022.03.02-23.28.42:427][514]LogModuleManager: Shutting down and abandoning module LiveLinkGraphNode (370)
[2022.03.02-23.28.42:427][514]LogModuleManager: Shutting down and abandoning module LiveLinkComponents (368)
[2022.03.02-23.28.42:427][514]LogModuleManager: Shutting down and abandoning module LiveLink (366)
[2022.03.02-23.28.42:731][514]LogModuleManager: Shutting down and abandoning module SoundFields (364)
[2022.03.02-23.28.42:731][514]LogModuleManager: Shutting down and abandoning module SignificanceManager (362)
[2022.03.02-23.28.42:731][514]LogModuleManager: Shutting down and abandoning module RuntimePhysXCooking (360)
[2022.03.02-23.28.42:731][514]LogModuleManager: Shutting down and abandoning module PropertyAccessEditor (358)
[2022.03.02-23.28.42:731][514]LogModuleManager: Shutting down and abandoning module PhysXVehiclesEditor (356)
[2022.03.02-23.28.42:731][514]LogModuleManager: Shutting down and abandoning module LocationServicesBPLibrary (352)
[2022.03.02-23.28.42:731][514]LogModuleManager: Shutting down and abandoning module AudioSynesthesia (350)
[2022.03.02-23.28.42:731][514]LogModuleManager: Shutting down and abandoning module AudioSynesthesiaCore (348)
[2022.03.02-23.28.42:731][514]LogModuleManager: Shutting down and abandoning module PythonScriptPlugin (346)
[2022.03.02-23.28.42:731][514]LogModuleManager: Shutting down and abandoning module ActorSequence (344)
[2022.03.02-23.28.42:731][514]LogModuleManager: Shutting down and abandoning module UdpMessaging (342)
[2022.03.02-23.28.42:832][514]LogModuleManager: Shutting down and abandoning module TcpMessaging (340)
[2022.03.02-23.28.42:933][514]LogModuleManager: Shutting down and abandoning module ImgMediaEngine (338)
[2022.03.02-23.28.42:933][514]LogModuleManager: Shutting down and abandoning module GameplayTagsEditor (336)
[2022.03.02-23.28.42:933][514]LogModuleManager: Shutting down and abandoning module FacialAnimation (334)
[2022.03.02-23.28.42:933][514]LogModuleManager: Shutting down and abandoning module MagicLeapARPin (332)
[2022.03.02-23.28.42:933][514]LogModuleManager: Shutting down and abandoning module MagicLeapHandMeshing (330)
[2022.03.02-23.28.42:933][514]LogModuleManager: Shutting down and abandoning module MagicLeapSecureStorage (328)
[2022.03.02-23.28.42:933][514]LogModuleManager: Shutting down and abandoning module MagicLeapPrivileges (326)
[2022.03.02-23.28.42:933][514]LogModuleManager: Shutting down and abandoning module MagicLeapPlanes (324)
[2022.03.02-23.28.42:933][514]LogMagicLeapPlanes: Planes tracker already destroyed.
[2022.03.02-23.28.42:933][514]LogModuleManager: Shutting down and abandoning module MagicLeapImageTracker (322)
[2022.03.02-23.28.42:933][514]LogModuleManager: Shutting down and abandoning module MagicLeapIdentity (320)
[2022.03.02-23.28.42:933][514]LogModuleManager: Shutting down and abandoning module MagicLeapHandTracking (318)
[2022.03.02-23.28.42:933][514]LogModuleManager: Shutting down and abandoning module MagicLeapEyeTracker (316)
[2022.03.02-23.28.42:933][514]LogModuleManager: Shutting down and abandoning module MagicLeapController (314)
[2022.03.02-23.28.42:933][514]LogModuleManager: Shutting down and abandoning module MagicLeapARPinImpl (312)
[2022.03.02-23.28.42:933][514]LogModuleManager: Shutting down and abandoning module MagicLeapAR (310)
[2022.03.02-23.28.42:933][514]LogModuleManager: Shutting down and abandoning module AssetManagerEditor (308)
[2022.03.02-23.28.42:933][514]LogModuleManager: Shutting down and abandoning module TreeMap (307)
[2022.03.02-23.28.42:933][514]LogModuleManager: Shutting down and abandoning module NiagaraAnimNotifies (304)
[2022.03.02-23.28.42:933][514]LogModuleManager: Shutting down and abandoning module Niagara (302)
[2022.03.02-23.28.42:933][514]LogModuleManager: Shutting down and abandoning module SignalProcessing (301)
[2022.03.02-23.28.42:933][514]LogModuleManager: Shutting down and abandoning module NiagaraEditor (299)
[2022.03.02-23.28.42:933][514]LogModuleManager: Shutting down and abandoning module ContentBrowser (298)
[2022.03.02-23.28.42:933][514]LogModuleManager: Shutting down and abandoning module CollectionManager (297)
[2022.03.02-23.28.42:934][514]LogModuleManager: Shutting down and abandoning module DirectoryWatcher (296)
[2022.03.02-23.28.42:934][514]LogModuleManager: Shutting down and abandoning module ContentBrowserData (293)
[2022.03.02-23.28.42:934][514]LogModuleManager: Shutting down and abandoning module NiagaraCore (288)
[2022.03.02-23.28.42:934][514]LogModuleManager: Shutting down and abandoning module PropertyAccessNode (286)
[2022.03.02-23.28.42:934][514]LogModuleManager: Shutting down and abandoning module AnimationSharing (284)
[2022.03.02-23.28.42:934][514]LogModuleManager: Shutting down and abandoning module GameplayCameras (282)
[2022.03.02-23.28.42:934][514]LogModuleManager: Shutting down and abandoning module LightPropagationVolumeRuntime (280)
[2022.03.02-23.28.42:934][514]LogModuleManager: Shutting down and abandoning module EnvironmentQueryEditor (278)
[2022.03.02-23.28.42:934][514]LogModuleManager: Shutting down and abandoning module Paper2D (276)
[2022.03.02-23.28.42:934][514]LogModuleManager: Shutting down and abandoning module WindowsMoviePlayer (274)
[2022.03.02-23.28.42:935][514]LogModuleManager: Shutting down and abandoning module WebMMoviePlayer (272)
[2022.03.02-23.28.42:935][514]LogModuleManager: Shutting down and abandoning module NetworkReplayStreaming (270)
[2022.03.02-23.28.42:935][514]LogModuleManager: Shutting down and abandoning module PacketHandler (268)
[2022.03.02-23.28.42:935][514]LogModuleManager: Shutting down and abandoning module ClothingSystemEditor (266)
[2022.03.02-23.28.42:935][514]LogModuleManager: Shutting down and abandoning module ClothingSystemRuntimeNv (264)
[2022.03.02-23.28.42:935][514]LogModuleManager: Shutting down and abandoning module MediaAssets (262)
[2022.03.02-23.28.42:935][514]LogModuleManager: Shutting down and abandoning module Overlay (260)
[2022.03.02-23.28.42:935][514]LogModuleManager: Shutting down and abandoning module OverlayEditor (259)
[2022.03.02-23.28.42:935][514]LogModuleManager: Shutting down and abandoning module VREditor (256)
[2022.03.02-23.28.42:935][514]LogModuleManager: Shutting down and abandoning module StringTableEditor (254)
[2022.03.02-23.28.42:935][514]LogModuleManager: Shutting down and abandoning module GameplayTasksEditor (252)
[2022.03.02-23.28.42:935][514]LogModuleManager: Shutting down and abandoning module BehaviorTreeEditor (250)
[2022.03.02-23.28.42:935][514]LogModuleManager: Shutting down and abandoning module FunctionalTesting (248)
[2022.03.02-23.28.42:935][514]LogModuleManager: Shutting down and abandoning module CollisionAnalyzer (246)
[2022.03.02-23.28.42:935][514]LogModuleManager: Shutting down and abandoning module WorkspaceMenuStructure (245)
[2022.03.02-23.28.42:935][514]LogModuleManager: Shutting down and abandoning module UMG (242)
[2022.03.02-23.28.42:935][514]LogModuleManager: Shutting down and abandoning module UMGEditor (241)
[2022.03.02-23.28.42:935][514]LogModuleManager: Shutting down and abandoning module Sequencer (240)
[2022.03.02-23.28.42:935][514]LogModuleManager: Shutting down and abandoning module MessageLog (237)
[2022.03.02-23.28.42:936][514]LogModuleManager: Shutting down and abandoning module SlateReflector (232)
[2022.03.02-23.28.42:936][514]LogModuleManager: Shutting down and abandoning module Slate (230)
[2022.03.02-23.28.42:936][514]LogModuleManager: Shutting down and abandoning module SlateCore (228)
[2022.03.02-23.28.42:937][514]LogModuleManager: Shutting down and abandoning module LandscapeEditorUtilities (226)
[2022.03.02-23.28.42:937][514]LogModuleManager: Shutting down and abandoning module UnrealEd (224)
[2022.03.02-23.28.42:937][514]LogModuleManager: Shutting down and abandoning module MRMesh (222)
[2022.03.02-23.28.42:937][514]LogModuleManager: Shutting down and abandoning module Messaging (220)
[2022.03.02-23.28.42:937][514]LogModuleManager: Shutting down and abandoning module SourceCodeAccess (218)
[2022.03.02-23.28.42:937][514]LogModuleManager: Shutting down and abandoning module HeadMountedDisplay (216)
[2022.03.02-23.28.42:937][514]LogModuleManager: Shutting down and abandoning module XAudio2 (214)
[2022.03.02-23.28.42:937][514]LogModuleManager: Shutting down and abandoning module Networking (212)
[2022.03.02-23.28.42:937][514]LogModuleManager: Shutting down and abandoning module Core (210)
[2022.03.02-23.28.42:937][514]LogModuleManager: Shutting down and abandoning module MaterialEditor (208)
[2022.03.02-23.28.42:937][514]LogModuleManager: Shutting down and abandoning module MovieSceneTools (206)
[2022.03.02-23.28.42:937][514]LogModuleManager: Shutting down and abandoning module EditorStyle (205)
[2022.03.02-23.28.42:938][514]LogModuleManager: Shutting down and abandoning module KismetCompiler (202)
[2022.03.02-23.28.42:938][514]LogModuleManager: Shutting down and abandoning module MeshBuilder (200)
[2022.03.02-23.28.42:938][514]LogModuleManager: Shutting down and abandoning module MeshUtilities (198)
[2022.03.02-23.28.42:938][514]LogModuleManager: Shutting down and abandoning module MeshMergeUtilities (197)
[2022.03.02-23.28.42:938][514]LogModuleManager: Shutting down and abandoning module MeshReductionInterface (196)
[2022.03.02-23.28.42:938][514]LogModuleManager: Shutting down and abandoning module MeshBoneReduction (195)
[2022.03.02-23.28.42:938][514]LogModuleManager: Shutting down and abandoning module SkeletalMeshReduction (193)
[2022.03.02-23.28.42:938][514]LogModuleManager: Shutting down and abandoning module ProxyLODMeshReduction (191)
[2022.03.02-23.28.42:938][514]LogModuleManager: Shutting down and abandoning module QuadricMeshReduction (189)
[2022.03.02-23.28.42:938][514]LogModuleManager: Shutting down and abandoning module MaterialBaking (185)
[2022.03.02-23.28.42:939][514]LogModuleManager: Shutting down and abandoning module NullInstallBundleManager (180)
[2022.03.02-23.28.42:939][514]LogModuleManager: Shutting down and abandoning module PIEPreviewDeviceProfileSelector (178)
[2022.03.02-23.28.42:939][514]LogModuleManager: Shutting down and abandoning module DerivedDataCache (176)
[2022.03.02-23.28.42:939][514]LogModuleManager: Shutting down and abandoning module TargetPlatform (174)
[2022.03.02-23.28.42:939][514]LogModuleManager: Shutting down and abandoning module VulkanShaderFormat (173)
[2022.03.02-23.28.42:939][514]LogModuleManager: Shutting down and abandoning module ShaderFormatVectorVM (171)
[2022.03.02-23.28.42:939][514]LogModuleManager: Shutting down and abandoning module ShaderFormatOpenGL (169)
[2022.03.02-23.28.42:939][514]LogModuleManager: Shutting down and abandoning module ShaderFormatD3D (167)
[2022.03.02-23.28.42:939][514]LogModuleManager: Shutting down and abandoning module MetalShaderFormat (165)
[2022.03.02-23.28.42:939][514]LogModuleManager: Shutting down and abandoning module TextureFormatOodle (163)
[2022.03.02-23.28.42:939][514]LogModuleManager: Shutting down and abandoning module TextureFormatUncompressed (161)
[2022.03.02-23.28.42:939][514]LogModuleManager: Shutting down and abandoning module TextureFormatPVR (159)
[2022.03.02-23.28.42:939][514]LogModuleManager: Shutting down and abandoning module TextureFormatETC2 (157)
[2022.03.02-23.28.42:939][514]LogModuleManager: Shutting down and abandoning module TextureFormatDXT (155)
[2022.03.02-23.28.42:939][514]LogModuleManager: Shutting down and abandoning module TextureFormatIntelISPCTexComp (153)
[2022.03.02-23.28.42:939][514]LogModuleManager: Shutting down and abandoning module TextureFormatASTC (151)
[2022.03.02-23.28.42:939][514]LogModuleManager: Shutting down and abandoning module ImageWrapper (150)
[2022.03.02-23.28.42:939][514]LogModuleManager: Shutting down and abandoning module AudioFormatOpus (147)
[2022.03.02-23.28.42:939][514]LogModuleManager: Shutting down and abandoning module AudioFormatOgg (145)
[2022.03.02-23.28.42:939][514]LogModuleManager: Shutting down and abandoning module AudioFormatADPCM (143)
[2022.03.02-23.28.42:939][514]LogModuleManager: Shutting down and abandoning module WindowsServerTargetPlatform (141)
[2022.03.02-23.28.42:939][514]LogModuleManager: Shutting down and abandoning module WindowsClientTargetPlatform (139)
[2022.03.02-23.28.42:939][514]LogModuleManager: Shutting down and abandoning module WindowsTargetPlatform (137)
[2022.03.02-23.28.42:939][514]LogModuleManager: Shutting down and abandoning module WindowsNoEditorTargetPlatform (135)
[2022.03.02-23.28.42:939][514]LogModuleManager: Shutting down and abandoning module D3D11RHI (132)
[2022.03.02-23.28.42:939][514]LogModuleManager: Shutting down and abandoning module InputCore (130)
[2022.03.02-23.28.42:939][514]LogModuleManager: Shutting down and abandoning module Settings (128)
[2022.03.02-23.28.42:939][514]LogModuleManager: Shutting down and abandoning module PhysXCooking (126)
[2022.03.02-23.28.42:939][514]LogModuleManager: Shutting down and abandoning module Chaos (124)
[2022.03.02-23.28.42:939][514]LogModuleManager: Shutting down and abandoning module WindowsPlatformFeatures (122)
[2022.03.02-23.28.42:939][514]LogModuleManager: Shutting down and abandoning module GameplayMediaEncoder (121)
[2022.03.02-23.28.42:939][514]LogModuleManager: Shutting down and abandoning module AVEncoder (120)
[2022.03.02-23.28.42:939][514]LogModuleManager: Shutting down and abandoning module SteamVRInputDevice (116)
[2022.03.02-23.28.42:939][514]LogModuleManager: Shutting down and abandoning module SteamVRInput (114)
[2022.03.02-23.28.42:939][514]LogModuleManager: Shutting down and abandoning module SteamVR (112)
[2022.03.02-23.28.42:939][514]LogHMD: Freeing OpenVRDLLHandle.
[2022.03.02-23.28.42:939][514]LogModuleManager: Shutting down and abandoning module OculusHMD (110)
[2022.03.02-23.28.42:939][514]LogModuleManager: Shutting down and abandoning module OpenXRHandTracking (108)
[2022.03.02-23.28.42:940][514]LogSlate: Slate User Destroyed.  User Index 0, Is Virtual User: 0
[2022.03.02-23.28.42:940][514]LogModuleManager: Shutting down and abandoning module OpenXREyeTracker (106)
[2022.03.02-23.28.42:940][514]LogModuleManager: Shutting down and abandoning module OpenXRAR (104)
[2022.03.02-23.28.42:940][514]LogModuleManager: Shutting down and abandoning module AugmentedReality (103)
[2022.03.02-23.28.42:940][514]LogModuleManager: Shutting down and abandoning module OpenXRHMD (100)
[2022.03.02-23.28.42:943][514]LogModuleManager: Shutting down and abandoning module ExampleDeviceProfileSelector (98)
[2022.03.02-23.28.42:943][514]LogModuleManager: Shutting down and abandoning module ChunkDownloader (96)
[2022.03.02-23.28.42:943][514]LogModuleManager: Shutting down and abandoning module LauncherChunkInstaller (94)
[2022.03.02-23.28.42:943][514]LogModuleManager: Shutting down and abandoning module OnlineBlueprintSupport (92)
[2022.03.02-23.28.42:943][514]LogModuleManager: Shutting down and abandoning module OnlineSubsystem (88)
[2022.03.02-23.28.42:943][514]LogModuleManager: Shutting down and abandoning module XMPP (83)
[2022.03.02-23.28.42:944][514]LogModuleManager: Shutting down and abandoning module WebSockets (82)
[2022.03.02-23.28.42:963][514]LogModuleManager: Shutting down and abandoning module HTTP (79)
[2022.03.02-23.28.42:963][514]LogHttp: Display: cleaning up 0 outstanding Http requests.
[2022.03.02-23.28.42:980][514]LogModuleManager: Shutting down and abandoning module SSL (78)
[2022.03.02-23.28.42:981][514]LogModuleManager: Shutting down and abandoning module WmfMedia (74)
[2022.03.02-23.28.42:983][514]LogModuleManager: Shutting down and abandoning module Media (73)
[2022.03.02-23.28.42:984][514]LogModuleManager: Shutting down and abandoning module MediaInfo (72)
[2022.03.02-23.28.42:984][514]LogModuleManager: Shutting down and abandoning module ExrReaderGpu (68)
[2022.03.02-23.28.42:984][514]LogModuleManager: Shutting down and abandoning module MLSDK (66)
[2022.03.02-23.28.42:984][514]LogModuleManager: Shutting down and abandoning module MagicLeap (64)
[2022.03.02-23.28.42:984][514]LogModuleManager: Shutting down and abandoning module ChaosCloth (62)
[2022.03.02-23.28.42:984][514]LogModuleManager: Shutting down and abandoning module NiagaraVertexFactories (60)
[2022.03.02-23.28.42:984][514]LogModuleManager: Shutting down and abandoning module NiagaraShader (58)
[2022.03.02-23.28.42:984][514]LogModuleManager: Shutting down and abandoning module VariantManagerContent (56)
[2022.03.02-23.28.42:984][514]LogModuleManager: Shutting down and abandoning module DatasmithContent (54)
[2022.03.02-23.28.42:984][514]LogModuleManager: Shutting down and abandoning module PixWinPlugin (52)
[2022.03.02-23.28.42:984][514]LogModuleManager: Shutting down and abandoning module AISupportModule (50)
[2022.03.02-23.28.42:984][514]LogModuleManager: Shutting down and abandoning module DesktopPlatform (48)
[2022.03.02-23.28.42:984][514]LogModuleManager: Shutting down and abandoning module PythonScriptPluginPreload (46)
[2022.03.02-23.28.42:984][514]LogModuleManager: Shutting down and abandoning module PlatformCryptoOpenSSL (44)
[2022.03.02-23.28.42:984][514]LogModuleManager: Shutting down and abandoning module PlatformCryptoTypes (42)
[2022.03.02-23.28.42:984][514]LogModuleManager: Shutting down and abandoning module PlatformCrypto (40)
[2022.03.02-23.28.42:984][514]LogModuleManager: Shutting down and abandoning module OodleDataCompressionFormat (38)
[2022.03.02-23.28.42:984][514]LogModuleManager: Shutting down and abandoning module XGEController (36)
[2022.03.02-23.28.42:984][514]LogModuleManager: Shutting down and abandoning module AnimationModifiers (34)
[2022.03.02-23.28.42:984][514]LogModuleManager: Shutting down and abandoning module AudioEditor (32)
[2022.03.02-23.28.42:985][514]LogModuleManager: Shutting down and abandoning module PropertyEditor (31)
[2022.03.02-23.28.42:985][514]LogModuleManager: Shutting down and abandoning module TextureCompressor (28)
[2022.03.02-23.28.42:985][514]LogModuleManager: Shutting down and abandoning module RenderCore (26)
[2022.03.02-23.28.42:985][514]LogModuleManager: Shutting down and abandoning module Landscape (24)
[2022.03.02-23.28.42:985][514]LogModuleManager: Shutting down and abandoning module SlateRHIRenderer (22)
[2022.03.02-23.28.42:985][514]LogModuleManager: Shutting down and abandoning module AnimGraphRuntime (20)
[2022.03.02-23.28.42:985][514]LogModuleManager: Shutting down and abandoning module Renderer (18)
[2022.03.02-23.28.42:985][514]LogModuleManager: Shutting down and abandoning module Engine (16)
[2022.03.02-23.28.42:985][514]LogModuleManager: Shutting down and abandoning module CoreUObject (14)
[2022.03.02-23.28.42:985][514]LogModuleManager: Shutting down and abandoning module NetworkFile (12)
[2022.03.02-23.28.42:985][514]LogModuleManager: Shutting down and abandoning module CookedIterativeFile (10)
[2022.03.02-23.28.42:985][514]LogModuleManager: Shutting down and abandoning module StreamingFile (8)
[2022.03.02-23.28.42:985][514]LogModuleManager: Shutting down and abandoning module SandboxFile (6)
[2022.03.02-23.28.42:985][514]LogModuleManager: Shutting down and abandoning module PakFile (4)
[2022.03.02-23.28.42:985][514]LogModuleManager: Shutting down and abandoning module RSA (3)
[2022.03.02-23.28.43:123][514]LogContentStreaming: Display: There are 1 unreleased StreamingManagers
[2022.03.02-23.28.43:140][514]LogD3D11RHI: Shutdown
[2022.03.02-23.28.43:140][514]LogD3D11RHI: CleanupD3DDevice
[2022.03.02-23.28.43:146][514]LogExit: Exiting.
[2022.03.02-23.28.43:156][514]Log file closed, 03/02/22 23:28:43
