Log file open, 03/02/22 23:00:22
LogWindows: Failed to load 'aqProf.dll' (GetLastError=126)
LogWindows: File 'aqProf.dll' does not exist
LogWindows: Failed to load 'VtuneApi.dll' (GetLastError=126)
LogWindows: File 'VtuneApi.dll' does not exist
LogWindows: Failed to load 'VtuneApi32e.dll' (GetLastError=126)
LogWindows: File 'VtuneApi32e.dll' does not exist
LogConsoleResponse: Display: Failed to find resolution value strings in scalability ini. Falling back to default.
LogConsoleResponse: Display: Failed to find resolution value strings in scalability ini. Falling back to default.
LogInit: Display: Running engine for game: EndlessRunner
LogPlatformFile: Not using cached read wrapper
LogTaskGraph: Started task graph with 5 named threads and 35 total threads with 3 sets of task threads.
LogStats: Stats thread started at 0.347186
LogICUInternationalization: ICU TimeZone Detection - Raw Offset: +0:00, Platform Override: ''
LogInit: Display: Loading text-based GConfig....
LogPluginManager: Mounting plugin MeshPainting
LogPluginManager: Mounting plugin XGEController
LogPluginManager: Mounting plugin Paper2D
LogPluginManager: Mounting plugin AISupport
LogPluginManager: Mounting plugin EnvironmentQueryEditor
LogPluginManager: Mounting plugin LightPropagationVolume
LogPluginManager: Mounting plugin LiveLink
LogPluginManager: Mounting plugin OodleData
LogPluginManager: Mounting plugin AssetManagerEditor
LogPluginManager: Mounting plugin GameplayCameras
LogPluginManager: Mounting plugin CryptoKeys
LogPluginManager: Mounting plugin DataValidation
LogPluginManager: Mounting plugin AnimationSharing
LogPluginManager: Mounting plugin CurveEditorTools
LogPluginManager: Mounting plugin GameplayTagsEditor
LogPluginManager: Mounting plugin FacialAnimation
LogPluginManager: Mounting plugin MacGraphicsSwitching
LogPluginManager: Mounting plugin MaterialAnalyzer
LogPluginManager: Mounting plugin GeometryMode
LogPluginManager: Mounting plugin MobileLauncherProfileWizard
LogPluginManager: Mounting plugin PluginBrowser
LogPluginManager: Mounting plugin SpeedTreeImporter
LogPluginManager: Mounting plugin CLionSourceCodeAccess
LogPluginManager: Mounting plugin CodeLiteSourceCodeAccess
LogPluginManager: Mounting plugin GitSourceControl
LogPluginManager: Mounting plugin KDevelopSourceCodeAccess
LogPluginManager: Mounting plugin NullSourceCodeAccess
LogPluginManager: Mounting plugin PerforceSourceControl
LogPluginManager: Mounting plugin PixWinPlugin
LogPluginManager: Mounting plugin PlasticSourceControl
LogPluginManager: Mounting plugin PluginUtils
LogPluginManager: Mounting plugin PropertyAccessNode
LogPluginManager: Mounting plugin RiderSourceCodeAccess
LogPluginManager: Mounting plugin SubversionSourceControl
LogPluginManager: Mounting plugin TextureFormatOodle
LogPluginManager: Mounting plugin UObjectPlugin
LogPluginManager: Mounting plugin VisualStudioSourceCodeAccess
LogPluginManager: Mounting plugin VisualStudioCodeSourceCodeAccess
LogPluginManager: Mounting plugin XCodeSourceCodeAccess
LogPluginManager: Mounting plugin DatasmithContent
LogPluginManager: Mounting plugin VariantManagerContent
LogPluginManager: Mounting plugin Niagara
LogPluginManager: Mounting plugin AlembicImporter
LogPluginManager: Mounting plugin AutomationUtils
LogPluginManager: Mounting plugin BackChannel
LogPluginManager: Mounting plugin ChaosCloth
LogPluginManager: Mounting plugin ChaosClothEditor
LogPluginManager: Mounting plugin ChaosEditor
LogPluginManager: Mounting plugin ChaosNiagara
LogPluginManager: Mounting plugin ChaosSolverPlugin
LogPluginManager: Mounting plugin CharacterAI
LogPluginManager: Mounting plugin GeometryCache
LogPluginManager: Mounting plugin GeometryCollectionPlugin
LogPluginManager: Mounting plugin CameraShakePreviewer
LogPluginManager: Mounting plugin MotoSynth
LogPluginManager: Mounting plugin OpenImageDenoise
LogPluginManager: Mounting plugin PlanarCut
LogPluginManager: Mounting plugin PlatformCrypto
LogPluginManager: Mounting plugin ProxyLODPlugin
LogPluginManager: Mounting plugin PythonScriptPlugin
LogPluginManager: Mounting plugin GeometryProcessing
LogPluginManager: Mounting plugin SkeletalReduction
LogPluginManager: Mounting plugin AndroidMedia
LogPluginManager: Mounting plugin AvfMedia
LogPluginManager: Mounting plugin LuminPlatformFeatures
LogPluginManager: Mounting plugin ImgMedia
LogPluginManager: Mounting plugin MagicLeap
LogPluginManager: Mounting plugin MagicLeapLightEstimation
LogPluginManager: Mounting plugin MagicLeapMedia
LogPluginManager: Mounting plugin MagicLeapPassableWorld
LogPluginManager: Mounting plugin MLSDK
LogPluginManager: Mounting plugin MediaCompositing
LogPluginManager: Mounting plugin MediaPlayerEditor
LogPluginManager: Mounting plugin WebMMedia
LogPluginManager: Mounting plugin WmfMedia
LogPluginManager: Mounting plugin TcpMessaging
LogPluginManager: Mounting plugin UdpMessaging
LogPluginManager: Mounting plugin ActorSequence
LogPluginManager: Mounting plugin LevelSequenceEditor
LogPluginManager: Mounting plugin MatineeToLevelSequence
LogPluginManager: Mounting plugin TemplateSequence
LogPluginManager: Mounting plugin OodleNetwork
LogPluginManager: Mounting plugin LauncherChunkInstaller
LogPluginManager: Mounting plugin OnlineSubsystemNull
LogPluginManager: Mounting plugin OnlineSubsystemUtils
LogPluginManager: Mounting plugin ActorLayerUtilities
LogPluginManager: Mounting plugin ScreenshotTools
LogPluginManager: Mounting plugin AndroidDeviceProfileSelector
LogPluginManager: Mounting plugin AndroidMoviePlayer
LogPluginManager: Mounting plugin AndroidPermission
LogPluginManager: Mounting plugin AppleImageUtils
LogPluginManager: Mounting plugin ArchVisCharacter
LogPluginManager: Mounting plugin AssetTags
LogPluginManager: Mounting plugin AudioCapture
LogPluginManager: Mounting plugin AppleMoviePlayer
LogPluginManager: Mounting plugin AudioSynesthesia
LogPluginManager: Mounting plugin CableComponent
LogPluginManager: Mounting plugin OnlineSubsystem
LogPluginManager: Mounting plugin ChunkDownloader
LogPluginManager: Mounting plugin CustomMeshComponent
LogPluginManager: Mounting plugin EditableMesh
LogPluginManager: Mounting plugin GoogleCloudMessaging
LogPluginManager: Mounting plugin GooglePAD
LogPluginManager: Mounting plugin IOSDeviceProfileSelector
LogPluginManager: Mounting plugin LinuxDeviceProfileSelector
LogPluginManager: Mounting plugin LocationServicesBPLibrary
LogPluginManager: Mounting plugin ExampleDeviceProfileSelector
LogPluginManager: Mounting plugin MobilePatchingUtils
LogPluginManager: Mounting plugin OpenXREyeTracker
LogPluginManager: Mounting plugin OpenXRHandTracking
LogPluginManager: Mounting plugin OpenXR
LogPluginManager: Mounting plugin Takes
LogPluginManager: Mounting plugin PhysXVehicles
LogPluginManager: Mounting plugin ProceduralMeshComponent
LogPluginManager: Mounting plugin PropertyAccessEditor
LogPluginManager: Mounting plugin RuntimePhysXCooking
LogPluginManager: Mounting plugin SignificanceManager
LogPluginManager: Mounting plugin SoundFields
LogPluginManager: Mounting plugin Synthesis
LogPluginManager: Mounting plugin WebMMoviePlayer
LogPluginManager: Mounting plugin WindowsMoviePlayer
LogPluginManager: Mounting plugin PostSplashScreen
LogPluginManager: Mounting plugin ContentBrowserAssetDataSource
LogPluginManager: Mounting plugin ContentBrowserClassDataSource
LogPluginManager: Mounting plugin ContentBrowserFileDataSource
LogPluginManager: Mounting plugin OnlineSubsystemGooglePlay
LogPluginManager: Mounting plugin OnlineSubsystemIOS
LogPluginManager: Mounting plugin OculusVR
LogPluginManager: Mounting plugin SteamVR
PixWinPlugin: PIX capture plugin failed to initialize! Check that the process is launched from PIX.
LogInit: Using libcurl 7.55.1-DEV
LogInit:  - built for x86_64-pc-win32
LogInit:  - supports SSL with OpenSSL/1.1.1
LogInit:  - supports HTTP deflate (compression) using libz 1.2.8
LogInit:  - other features:
LogInit:      CURL_VERSION_SSL
LogInit:      CURL_VERSION_LIBZ
LogInit:      CURL_VERSION_IPV6
LogInit:      CURL_VERSION_ASYNCHDNS
LogInit:      CURL_VERSION_LARGEFILE
LogInit:      CURL_VERSION_IDN
LogInit:  CurlRequestOptions (configurable via config and command line):
LogInit:  - bVerifyPeer = true  - Libcurl will verify peer certificate
LogInit:  - bUseHttpProxy = false  - Libcurl will NOT use HTTP proxy
LogInit:  - bDontReuseConnections = false  - Libcurl will reuse connections
LogInit:  - MaxHostConnections = 16  - Libcurl will limit the number of connections to a host
LogInit:  - LocalHostAddr = Default
LogInit:  - BufferSize = 65536
LogOnline: OSS: Creating online subsystem instance for: NULL
LogInit: WinSock: version 1.1 (2.2), MaxSocks=32767, MaxUdp=65467
LogOnline: OSS: TryLoadSubsystemAndSetDefault: Loaded subsystem for module [NULL]
LogOculusPluginWrapper: OculusPlugin initialized successfully
LogHMD: Failed initializing OVRPlugin 1.59.0
LogInit: Build: ++UE4+Release-4.27-CL-18319896
LogInit: Engine Version: 4.27.2-18319896+++UE4+Release-4.27
LogInit: Compatible Engine Version: 4.27.0-17155196+++UE4+Release-4.27
LogInit: Net CL: 17155196
LogInit: OS: Windows 10 (Release 2009) (), CPU: Intel(R) Core(TM) i7-10750H CPU @ 2.60GHz, GPU: NVIDIA GeForce GTX 1660 Ti
LogInit: Compiled (64-bit): Nov 30 2021 07:12:08
LogInit: Compiled with Visual C++: 19.24.28315.00
LogInit: Build Configuration: Development
LogInit: Branch Name: ++UE4+Release-4.27
LogInit: Command Line:  /Game/--NEW--/Maps/ThirdPersonExampleMap -game -PIEVIACONSOLE -Multiprocess GameUserSettingsINI=C:/PROJECTS/Unreal/Endless-Runner/EndlessRunner/Saved/Config/Windows/PIEGameUserSettings0.ini -MultiprocessSaveConfig -forcepassthrough -messaging -SessionName="Play in Standalone Game" -windowed -ResX=1280 -ResY=720
LogInit: Base Directory: C:/Program Files/Epic Games/UE_4.27/Engine/Binaries/Win64/
LogInit: Allocator: TBB
LogInit: Installed Engine Build: 1
LogDevObjectVersion: Number of dev versions registered: 29
LogDevObjectVersion:   Dev-Blueprints (B0D832E4-1F89-4F0D-ACCF-7EB736FD4AA2): 10
LogDevObjectVersion:   Dev-Build (E1C64328-A22C-4D53-A36C-8E866417BD8C): 0
LogDevObjectVersion:   Dev-Core (375EC13C-06E4-48FB-B500-84F0262A717E): 4
LogDevObjectVersion:   Dev-Editor (E4B068ED-F494-42E9-A231-DA0B2E46BB41): 40
LogDevObjectVersion:   Dev-Framework (CFFC743F-43B0-4480-9391-14DF171D2073): 37
LogDevObjectVersion:   Dev-Mobile (B02B49B5-BB20-44E9-A304-32B752E40360): 3
LogDevObjectVersion:   Dev-Networking (A4E4105C-59A1-49B5-A7C5-40C4547EDFEE): 0
LogDevObjectVersion:   Dev-Online (39C831C9-5AE6-47DC-9A44-9C173E1C8E7C): 0
LogDevObjectVersion:   Dev-Physics (78F01B33-EBEA-4F98-B9B4-84EACCB95AA2): 14
LogDevObjectVersion:   Dev-Platform (6631380F-2D4D-43E0-8009-CF276956A95A): 0
LogDevObjectVersion:   Dev-Rendering (12F88B9F-8875-4AFC-A67C-D90C383ABD29): 45
LogDevObjectVersion:   Dev-Sequencer (7B5AE74C-D270-4C10-A958-57980B212A5A): 13
LogDevObjectVersion:   Dev-VR (D7296918-1DD6-4BDD-9DE2-64A83CC13884): 3
LogDevObjectVersion:   Dev-LoadTimes (C2A15278-BFE7-4AFE-6C17-90FF531DF755): 1
LogDevObjectVersion:   Private-Geometry (6EACA3D4-40EC-4CC1-B786-8BED09428FC5): 3
LogDevObjectVersion:   Dev-AnimPhys (29E575DD-E0A3-4627-9D10-D276232CDCEA): 17
LogDevObjectVersion:   Dev-Anim (AF43A65D-7FD3-4947-9873-3E8ED9C1BB05): 15
LogDevObjectVersion:   Dev-ReflectionCapture (6B266CEC-1EC7-4B8F-A30B-E4D90942FC07): 1
LogDevObjectVersion:   Dev-Automation (0DF73D61-A23F-47EA-B727-89E90C41499A): 1
LogDevObjectVersion:   FortniteMain (601D1886-AC64-4F84-AA16-D3DE0DEAC7D6): 47
LogDevObjectVersion:   FortniteRelease (E7086368-6B23-4C58-8439-1B7016265E91): 1
LogDevObjectVersion:   Dev-Enterprise (9DFFBCD6-494F-0158-E221-12823C92A888): 10
LogDevObjectVersion:   Dev-Niagara (F2AED0AC-9AFE-416F-8664-AA7FFA26D6FC): 1
LogDevObjectVersion:   Dev-Destruction (174F1F0B-B4C6-45A5-B13F-2EE8D0FB917D): 10
LogDevObjectVersion:   Dev-Physics-Ext (35F94A83-E258-406C-A318-09F59610247C): 41
LogDevObjectVersion:   Dev-PhysicsMaterial-Chaos (B68FC16E-8B1B-42E2-B453-215C058844FE): 1
LogDevObjectVersion:   Dev-CineCamera (B2E18506-4273-CFC2-A54E-F4BB758BBA07): 1
LogDevObjectVersion:   Dev-VirtualProduction (64F58936-FD1B-42BA-BA96-7289D5D0FA4E): 1
LogDevObjectVersion:   Dev-MediaFramework (6F0ED827-A609-4895-9C91-998D90180EA4): 2
LogInit: Presizing for max 25165824 objects, including 0 objects not considered by GC, pre-allocating 0 bytes for permanent pool.
LogConfig: Applying CVar settings from Section [/Script/Engine.StreamingSettings] File [C:/PROJECTS/Unreal/Endless-Runner/EndlessRunner/Saved/Config/Windows/Engine.ini]
LogConfig: Setting CVar [[s.MinBulkDataSizeForAsyncLoading:131072]]
LogConfig: Setting CVar [[s.AsyncLoadingThreadEnabled:0]]
LogConfig: Setting CVar [[s.EventDrivenLoaderEnabled:1]]
LogConfig: Setting CVar [[s.WarnIfTimeLimitExceeded:0]]
LogConfig: Setting CVar [[s.TimeLimitExceededMultiplier:1.5]]
LogConfig: Setting CVar [[s.TimeLimitExceededMinTime:0.005]]
LogConfig: Setting CVar [[s.UseBackgroundLevelStreaming:1]]
LogConfig: Setting CVar [[s.PriorityAsyncLoadingExtraTime:15.0]]
LogConfig: Setting CVar [[s.LevelStreamingActorsUpdateTimeLimit:5.0]]
LogConfig: Setting CVar [[s.PriorityLevelStreamingActorsUpdateExtraTime:5.0]]
LogConfig: Setting CVar [[s.LevelStreamingComponentsRegistrationGranularity:10]]
LogConfig: Setting CVar [[s.UnregisterComponentsTimeLimit:1.0]]
LogConfig: Setting CVar [[s.LevelStreamingComponentsUnregistrationGranularity:5]]
LogConfig: Setting CVar [[s.FlushStreamingOnExit:1]]
LogInit: Object subsystem initialized
LogConfig: Setting CVar [[con.DebugEarlyDefault:1]]
LogConfig: Setting CVar [[r.setres:1280x720]]
[2022.03.02-23.00.24:430][  0]LogConfig: Setting CVar [[con.DebugEarlyDefault:1]]
[2022.03.02-23.00.24:430][  0]LogConfig: Setting CVar [[r.setres:1280x720]]
[2022.03.02-23.00.24:430][  0]LogConfig: Applying CVar settings from Section [/Script/Engine.RendererSettings] File [C:/PROJECTS/Unreal/Endless-Runner/EndlessRunner/Saved/Config/Windows/Engine.ini]
[2022.03.02-23.00.24:430][  0]LogConfig: Setting CVar [[r.GPUCrashDebugging:0]]
[2022.03.02-23.00.24:430][  0]LogConfig: Applying CVar settings from Section [/Script/Engine.RendererOverrideSettings] File [C:/PROJECTS/Unreal/Endless-Runner/EndlessRunner/Saved/Config/Windows/Engine.ini]
[2022.03.02-23.00.24:430][  0]LogConfig: Applying CVar settings from Section [/Script/Engine.StreamingSettings] File [C:/PROJECTS/Unreal/Endless-Runner/EndlessRunner/Saved/Config/Windows/Engine.ini]
[2022.03.02-23.00.24:430][  0]LogConfig: Setting CVar [[s.MinBulkDataSizeForAsyncLoading:131072]]
[2022.03.02-23.00.24:430][  0]LogConfig: Setting CVar [[s.AsyncLoadingThreadEnabled:0]]
[2022.03.02-23.00.24:430][  0]LogConfig: Setting CVar [[s.EventDrivenLoaderEnabled:1]]
[2022.03.02-23.00.24:430][  0]LogConfig: Setting CVar [[s.WarnIfTimeLimitExceeded:0]]
[2022.03.02-23.00.24:430][  0]LogConfig: Setting CVar [[s.TimeLimitExceededMultiplier:1.5]]
[2022.03.02-23.00.24:430][  0]LogConfig: Setting CVar [[s.TimeLimitExceededMinTime:0.005]]
[2022.03.02-23.00.24:430][  0]LogConfig: Setting CVar [[s.UseBackgroundLevelStreaming:1]]
[2022.03.02-23.00.24:430][  0]LogConfig: Setting CVar [[s.PriorityAsyncLoadingExtraTime:15.0]]
[2022.03.02-23.00.24:430][  0]LogConfig: Setting CVar [[s.LevelStreamingActorsUpdateTimeLimit:5.0]]
[2022.03.02-23.00.24:430][  0]LogConfig: Setting CVar [[s.PriorityLevelStreamingActorsUpdateExtraTime:5.0]]
[2022.03.02-23.00.24:430][  0]LogConfig: Setting CVar [[s.LevelStreamingComponentsRegistrationGranularity:10]]
[2022.03.02-23.00.24:430][  0]LogConfig: Setting CVar [[s.UnregisterComponentsTimeLimit:1.0]]
[2022.03.02-23.00.24:430][  0]LogConfig: Setting CVar [[s.LevelStreamingComponentsUnregistrationGranularity:5]]
[2022.03.02-23.00.24:430][  0]LogConfig: Setting CVar [[s.FlushStreamingOnExit:1]]
[2022.03.02-23.00.24:430][  0]LogConfig: Applying CVar settings from Section [/Script/Engine.GarbageCollectionSettings] File [C:/PROJECTS/Unreal/Endless-Runner/EndlessRunner/Saved/Config/Windows/Engine.ini]
[2022.03.02-23.00.24:430][  0]LogConfig: Setting CVar [[gc.MaxObjectsNotConsideredByGC:1]]
[2022.03.02-23.00.24:430][  0]LogConfig: Setting CVar [[gc.SizeOfPermanentObjectPool:0]]
[2022.03.02-23.00.24:430][  0]LogConfig: Setting CVar [[gc.FlushStreamingOnGC:0]]
[2022.03.02-23.00.24:430][  0]LogConfig: Setting CVar [[gc.NumRetriesBeforeForcingGC:10]]
[2022.03.02-23.00.24:430][  0]LogConfig: Setting CVar [[gc.AllowParallelGC:1]]
[2022.03.02-23.00.24:430][  0]LogConfig: Setting CVar [[gc.TimeBetweenPurgingPendingKillObjects:61.1]]
[2022.03.02-23.00.24:430][  0]LogConfig: Setting CVar [[gc.MaxObjectsInEditor:25165824]]
[2022.03.02-23.00.24:430][  0]LogConfig: Setting CVar [[gc.IncrementalBeginDestroyEnabled:1]]
[2022.03.02-23.00.24:430][  0]LogConfig: Setting CVar [[gc.CreateGCClusters:1]]
[2022.03.02-23.00.24:430][  0]LogConfig: Setting CVar [[gc.MinGCClusterSize:5]]
[2022.03.02-23.00.24:430][  0]LogConfig: Setting CVar [[gc.ActorClusteringEnabled:0]]
[2022.03.02-23.00.24:430][  0]LogConfig: Setting CVar [[gc.BlueprintClusteringEnabled:0]]
[2022.03.02-23.00.24:430][  0]LogConfig: Setting CVar [[gc.UseDisregardForGCOnDedicatedServers:0]]
[2022.03.02-23.00.24:430][  0]LogConfig: Setting CVar [[gc.MultithreadedDestructionEnabled:1]]
[2022.03.02-23.00.24:430][  0]LogConfig: Applying CVar settings from Section [/Script/Engine.NetworkSettings] File [C:/PROJECTS/Unreal/Endless-Runner/EndlessRunner/Saved/Config/Windows/Engine.ini]
[2022.03.02-23.00.24:430][  0]LogConfig: Applying CVar settings from Section [/Script/UnrealEd.CookerSettings] File [C:/PROJECTS/Unreal/Endless-Runner/EndlessRunner/Saved/Config/Windows/Engine.ini]
[2022.03.02-23.00.24:452][  0]LogConfig: Applying CVar settings from Section [ViewDistanceQuality@3] File [C:/PROJECTS/Unreal/Endless-Runner/EndlessRunner/Saved/Config/Windows/Scalability.ini]
[2022.03.02-23.00.24:452][  0]LogConfig: Setting CVar [[r.SkeletalMeshLODBias:0]]
[2022.03.02-23.00.24:452][  0]LogConfig: Setting CVar [[r.ViewDistanceScale:1.0]]
[2022.03.02-23.00.24:452][  0]LogConfig: Applying CVar settings from Section [AntiAliasingQuality@3] File [C:/PROJECTS/Unreal/Endless-Runner/EndlessRunner/Saved/Config/Windows/Scalability.ini]
[2022.03.02-23.00.24:452][  0]LogConfig: Setting CVar [[r.PostProcessAAQuality:4]]
[2022.03.02-23.00.24:452][  0]LogConfig: Applying CVar settings from Section [ShadowQuality@3] File [C:/PROJECTS/Unreal/Endless-Runner/EndlessRunner/Saved/Config/Windows/Scalability.ini]
[2022.03.02-23.00.24:452][  0]LogConfig: Setting CVar [[r.LightFunctionQuality:1]]
[2022.03.02-23.00.24:452][  0]LogConfig: Setting CVar [[r.ShadowQuality:5]]
[2022.03.02-23.00.24:452][  0]LogConfig: Setting CVar [[r.Shadow.CSM.MaxCascades:10]]
[2022.03.02-23.00.24:452][  0]LogConfig: Setting CVar [[r.Shadow.MaxResolution:2048]]
[2022.03.02-23.00.24:452][  0]LogConfig: Setting CVar [[r.Shadow.MaxCSMResolution:2048]]
[2022.03.02-23.00.24:452][  0]LogConfig: Setting CVar [[r.Shadow.RadiusThreshold:0.01]]
[2022.03.02-23.00.24:452][  0]LogConfig: Setting CVar [[r.Shadow.DistanceScale:1.0]]
[2022.03.02-23.00.24:452][  0]LogConfig: Setting CVar [[r.Shadow.CSM.TransitionScale:1.0]]
[2022.03.02-23.00.24:452][  0]LogConfig: Setting CVar [[r.Shadow.PreShadowResolutionFactor:1.0]]
[2022.03.02-23.00.24:452][  0]LogConfig: Setting CVar [[r.DistanceFieldShadowing:1]]
[2022.03.02-23.00.24:452][  0]LogConfig: Setting CVar [[r.DistanceFieldAO:1]]
[2022.03.02-23.00.24:452][  0]LogConfig: Setting CVar [[r.AOQuality:2]]
[2022.03.02-23.00.24:452][  0]LogConfig: Setting CVar [[r.VolumetricFog:1]]
[2022.03.02-23.00.24:452][  0]LogConfig: Setting CVar [[r.VolumetricFog.GridPixelSize:8]]
[2022.03.02-23.00.24:452][  0]LogConfig: Setting CVar [[r.VolumetricFog.GridSizeZ:128]]
[2022.03.02-23.00.24:452][  0]LogConfig: Setting CVar [[r.VolumetricFog.HistoryMissSupersampleCount:4]]
[2022.03.02-23.00.24:452][  0]LogConfig: Setting CVar [[r.LightMaxDrawDistanceScale:1]]
[2022.03.02-23.00.24:452][  0]LogConfig: Setting CVar [[r.CapsuleShadows:1]]
[2022.03.02-23.00.24:452][  0]LogConfig: Applying CVar settings from Section [PostProcessQuality@3] File [C:/PROJECTS/Unreal/Endless-Runner/EndlessRunner/Saved/Config/Windows/Scalability.ini]
[2022.03.02-23.00.24:452][  0]LogConfig: Setting CVar [[r.MotionBlurQuality:4]]
[2022.03.02-23.00.24:452][  0]LogConfig: Setting CVar [[r.AmbientOcclusionMipLevelFactor:0.4]]
[2022.03.02-23.00.24:452][  0]LogConfig: Setting CVar [[r.AmbientOcclusionMaxQuality:100]]
[2022.03.02-23.00.24:452][  0]LogConfig: Setting CVar [[r.AmbientOcclusionLevels:-1]]
[2022.03.02-23.00.24:452][  0]LogConfig: Setting CVar [[r.AmbientOcclusionRadiusScale:1.0]]
[2022.03.02-23.00.24:452][  0]LogConfig: Setting CVar [[r.DepthOfFieldQuality:2]]
[2022.03.02-23.00.24:452][  0]LogConfig: Setting CVar [[r.RenderTargetPoolMin:400]]
[2022.03.02-23.00.24:452][  0]LogConfig: Setting CVar [[r.LensFlareQuality:2]]
[2022.03.02-23.00.24:453][  0]LogConfig: Setting CVar [[r.SceneColorFringeQuality:1]]
[2022.03.02-23.00.24:453][  0]LogConfig: Setting CVar [[r.EyeAdaptationQuality:2]]
[2022.03.02-23.00.24:453][  0]LogConfig: Setting CVar [[r.BloomQuality:5]]
[2022.03.02-23.00.24:453][  0]LogConfig: Setting CVar [[r.FastBlurThreshold:100]]
[2022.03.02-23.00.24:453][  0]LogConfig: Setting CVar [[r.Upscale.Quality:3]]
[2022.03.02-23.00.24:453][  0]LogConfig: Setting CVar [[r.Tonemapper.GrainQuantization:1]]
[2022.03.02-23.00.24:453][  0]LogConfig: Setting CVar [[r.LightShaftQuality:1]]
[2022.03.02-23.00.24:453][  0]LogConfig: Setting CVar [[r.Filter.SizeScale:1]]
[2022.03.02-23.00.24:453][  0]LogConfig: Setting CVar [[r.Tonemapper.Quality:5]]
[2022.03.02-23.00.24:453][  0]LogConfig: Setting CVar [[r.DOF.Gather.AccumulatorQuality:1        ; higher gathering accumulator quality]]
[2022.03.02-23.00.24:453][  0]LogConfig: Setting CVar [[r.DOF.Gather.PostfilterMethod:1          ; Median3x3 postfilering method]]
[2022.03.02-23.00.24:453][  0]LogConfig: Setting CVar [[r.DOF.Gather.EnableBokehSettings:0       ; no bokeh simulation when gathering]]
[2022.03.02-23.00.24:453][  0]LogConfig: Setting CVar [[r.DOF.Gather.RingCount:4                 ; medium number of samples when gathering]]
[2022.03.02-23.00.24:453][  0]LogConfig: Setting CVar [[r.DOF.Scatter.ForegroundCompositing:1    ; additive foreground scattering]]
[2022.03.02-23.00.24:453][  0]LogConfig: Setting CVar [[r.DOF.Scatter.BackgroundCompositing:2    ; additive background scattering]]
[2022.03.02-23.00.24:453][  0]LogConfig: Setting CVar [[r.DOF.Scatter.EnableBokehSettings:1      ; bokeh simulation when scattering]]
[2022.03.02-23.00.24:453][  0]LogConfig: Setting CVar [[r.DOF.Scatter.MaxSpriteRatio:0.1         ; only a maximum of 10% of scattered bokeh]]
[2022.03.02-23.00.24:453][  0]LogConfig: Setting CVar [[r.DOF.Recombine.Quality:1                ; cheap slight out of focus]]
[2022.03.02-23.00.24:453][  0]LogConfig: Setting CVar [[r.DOF.Recombine.EnableBokehSettings:0    ; no bokeh simulation on slight out of focus]]
[2022.03.02-23.00.24:453][  0]LogConfig: Setting CVar [[r.DOF.TemporalAAQuality:1                ; more stable temporal accumulation]]
[2022.03.02-23.00.24:453][  0]LogConfig: Setting CVar [[r.DOF.Kernel.MaxForegroundRadius:0.025]]
[2022.03.02-23.00.24:453][  0]LogConfig: Setting CVar [[r.DOF.Kernel.MaxBackgroundRadius:0.025]]
[2022.03.02-23.00.24:453][  0]LogConfig: Applying CVar settings from Section [TextureQuality@3] File [C:/PROJECTS/Unreal/Endless-Runner/EndlessRunner/Saved/Config/Windows/Scalability.ini]
[2022.03.02-23.00.24:453][  0]LogConfig: Setting CVar [[r.Streaming.MipBias:0]]
[2022.03.02-23.00.24:453][  0]LogConfig: Setting CVar [[r.Streaming.AmortizeCPUToGPUCopy:0]]
[2022.03.02-23.00.24:453][  0]LogConfig: Setting CVar [[r.Streaming.MaxNumTexturesToStreamPerFrame:0]]
[2022.03.02-23.00.24:453][  0]LogConfig: Setting CVar [[r.Streaming.Boost:1]]
[2022.03.02-23.00.24:453][  0]LogConfig: Setting CVar [[r.MaxAnisotropy:8]]
[2022.03.02-23.00.24:453][  0]LogConfig: Setting CVar [[r.VT.MaxAnisotropy:8]]
[2022.03.02-23.00.24:453][  0]LogConfig: Setting CVar [[r.Streaming.LimitPoolSizeToVRAM:0]]
[2022.03.02-23.00.24:453][  0]LogConfig: Setting CVar [[r.Streaming.PoolSize:1000]]
[2022.03.02-23.00.24:453][  0]LogConfig: Setting CVar [[r.Streaming.MaxEffectiveScreenSize:0]]
[2022.03.02-23.00.24:453][  0]LogConfig: Applying CVar settings from Section [EffectsQuality@3] File [C:/PROJECTS/Unreal/Endless-Runner/EndlessRunner/Saved/Config/Windows/Scalability.ini]
[2022.03.02-23.00.24:453][  0]LogConfig: Setting CVar [[r.TranslucencyLightingVolumeDim:64]]
[2022.03.02-23.00.24:453][  0]LogConfig: Setting CVar [[r.RefractionQuality:2]]
[2022.03.02-23.00.24:453][  0]LogConfig: Setting CVar [[r.SSR.Quality:3]]
[2022.03.02-23.00.24:453][  0]LogConfig: Setting CVar [[r.SSR.HalfResSceneColor:0]]
[2022.03.02-23.00.24:453][  0]LogConfig: Setting CVar [[r.SceneColorFormat:4]]
[2022.03.02-23.00.24:453][  0]LogConfig: Setting CVar [[r.DetailMode:2]]
[2022.03.02-23.00.24:453][  0]LogConfig: Setting CVar [[r.TranslucencyVolumeBlur:1]]
[2022.03.02-23.00.24:453][  0]LogConfig: Setting CVar [[r.MaterialQualityLevel:1 ; High quality]]
[2022.03.02-23.00.24:453][  0]LogConfig: Setting CVar [[r.AnisotropicMaterials:1]]
[2022.03.02-23.00.24:453][  0]LogConfig: Setting CVar [[r.SSS.Scale:1]]
[2022.03.02-23.00.24:453][  0]LogConfig: Setting CVar [[r.SSS.SampleSet:2]]
[2022.03.02-23.00.24:453][  0]LogConfig: Setting CVar [[r.SSS.Quality:1]]
[2022.03.02-23.00.24:453][  0]LogConfig: Setting CVar [[r.SSS.HalfRes:0]]
[2022.03.02-23.00.24:453][  0]LogConfig: Setting CVar [[r.SSGI.Quality:3]]
[2022.03.02-23.00.24:453][  0]LogConfig: Setting CVar [[r.EmitterSpawnRateScale:1.0]]
[2022.03.02-23.00.24:453][  0]LogConfig: Setting CVar [[r.ParticleLightQuality:2]]
[2022.03.02-23.00.24:453][  0]LogConfig: Setting CVar [[r.SkyAtmosphere.AerialPerspectiveLUT.FastApplyOnOpaque:1 ; Always have FastSkyLUT 1 in this case to avoid wrong sky]]
[2022.03.02-23.00.24:453][  0]LogConfig: Setting CVar [[r.SkyAtmosphere.AerialPerspectiveLUT.SampleCountMaxPerSlice:4]]
[2022.03.02-23.00.24:454][  0]LogConfig: Setting CVar [[r.SkyAtmosphere.AerialPerspectiveLUT.DepthResolution:16.0]]
[2022.03.02-23.00.24:454][  0]LogConfig: Setting CVar [[r.SkyAtmosphere.FastSkyLUT:1]]
[2022.03.02-23.00.24:454][  0]LogConfig: Setting CVar [[r.SkyAtmosphere.FastSkyLUT.SampleCountMin:4.0]]
[2022.03.02-23.00.24:454][  0]LogConfig: Setting CVar [[r.SkyAtmosphere.FastSkyLUT.SampleCountMax:128.0]]
[2022.03.02-23.00.24:454][  0]LogConfig: Setting CVar [[r.SkyAtmosphere.SampleCountMin:4.0]]
[2022.03.02-23.00.24:454][  0]LogConfig: Setting CVar [[r.SkyAtmosphere.SampleCountMax:128.0]]
[2022.03.02-23.00.24:454][  0]LogConfig: Setting CVar [[r.SkyAtmosphere.TransmittanceLUT.UseSmallFormat:0]]
[2022.03.02-23.00.24:454][  0]LogConfig: Setting CVar [[r.SkyAtmosphere.TransmittanceLUT.SampleCount:10.0]]
[2022.03.02-23.00.24:454][  0]LogConfig: Setting CVar [[r.SkyAtmosphere.MultiScatteringLUT.SampleCount:15.0]]
[2022.03.02-23.00.24:454][  0]LogConfig: Setting CVar [[r.SkyLight.RealTimeReflectionCapture:1]]
[2022.03.02-23.00.24:454][  0]LogConfig: Applying CVar settings from Section [FoliageQuality@3] File [C:/PROJECTS/Unreal/Endless-Runner/EndlessRunner/Saved/Config/Windows/Scalability.ini]
[2022.03.02-23.00.24:454][  0]LogConfig: Setting CVar [[foliage.DensityScale:1.0]]
[2022.03.02-23.00.24:454][  0]LogConfig: Setting CVar [[grass.DensityScale:1.0]]
[2022.03.02-23.00.24:454][  0]LogConfig: Applying CVar settings from Section [ShadingQuality@3] File [C:/PROJECTS/Unreal/Endless-Runner/EndlessRunner/Saved/Config/Windows/Scalability.ini]
[2022.03.02-23.00.24:454][  0]LogConfig: Setting CVar [[r.HairStrands.SkyLighting.IntegrationType:2]]
[2022.03.02-23.00.24:454][  0]LogConfig: Setting CVar [[r.HairStrands.SkyAO.SampleCount:4]]
[2022.03.02-23.00.24:454][  0]LogConfig: Setting CVar [[r.HairStrands.Visibility.MSAA.SamplePerPixel:4]]
[2022.03.02-23.00.24:454][  0]LogInit: Selected Device Profile: [Windows]
[2022.03.02-23.00.24:454][  0]LogInit: Applying CVar settings loaded from the selected device profile: [Windows]
[2022.03.02-23.00.24:454][  0]LogHAL: Display: Platform has ~ 8 GB [8412778496 / 8589934592 / 8], which maps to Default [LargestMinGB=32, LargerMinGB=12, DefaultMinGB=8, SmallerMinGB=6, SmallestMinGB=0)
[2022.03.02-23.00.24:454][  0]LogInit: Going up to parent DeviceProfile []
[2022.03.02-23.00.24:454][  0]LogConfig: Applying CVar settings from Section [ViewDistanceQuality@3] File [C:/PROJECTS/Unreal/Endless-Runner/EndlessRunner/Saved/Config/Windows/Scalability.ini]
[2022.03.02-23.00.24:454][  0]LogConfig: Setting CVar [[r.SkeletalMeshLODBias:0]]
[2022.03.02-23.00.24:454][  0]LogConfig: Setting CVar [[r.ViewDistanceScale:1.0]]
[2022.03.02-23.00.24:454][  0]LogConfig: Applying CVar settings from Section [AntiAliasingQuality@3] File [C:/PROJECTS/Unreal/Endless-Runner/EndlessRunner/Saved/Config/Windows/Scalability.ini]
[2022.03.02-23.00.24:454][  0]LogConfig: Setting CVar [[r.PostProcessAAQuality:4]]
[2022.03.02-23.00.24:454][  0]LogConfig: Applying CVar settings from Section [ShadowQuality@3] File [C:/PROJECTS/Unreal/Endless-Runner/EndlessRunner/Saved/Config/Windows/Scalability.ini]
[2022.03.02-23.00.24:454][  0]LogConfig: Setting CVar [[r.LightFunctionQuality:1]]
[2022.03.02-23.00.24:454][  0]LogConfig: Setting CVar [[r.ShadowQuality:5]]
[2022.03.02-23.00.24:454][  0]LogConfig: Setting CVar [[r.Shadow.CSM.MaxCascades:10]]
[2022.03.02-23.00.24:454][  0]LogConfig: Setting CVar [[r.Shadow.MaxResolution:2048]]
[2022.03.02-23.00.24:454][  0]LogConfig: Setting CVar [[r.Shadow.MaxCSMResolution:2048]]
[2022.03.02-23.00.24:454][  0]LogConfig: Setting CVar [[r.Shadow.RadiusThreshold:0.01]]
[2022.03.02-23.00.24:454][  0]LogConfig: Setting CVar [[r.Shadow.DistanceScale:1.0]]
[2022.03.02-23.00.24:454][  0]LogConfig: Setting CVar [[r.Shadow.CSM.TransitionScale:1.0]]
[2022.03.02-23.00.24:454][  0]LogConfig: Setting CVar [[r.Shadow.PreShadowResolutionFactor:1.0]]
[2022.03.02-23.00.24:454][  0]LogConfig: Setting CVar [[r.DistanceFieldShadowing:1]]
[2022.03.02-23.00.24:454][  0]LogConfig: Setting CVar [[r.DistanceFieldAO:1]]
[2022.03.02-23.00.24:454][  0]LogConfig: Setting CVar [[r.AOQuality:2]]
[2022.03.02-23.00.24:454][  0]LogConfig: Setting CVar [[r.VolumetricFog:1]]
[2022.03.02-23.00.24:454][  0]LogConfig: Setting CVar [[r.VolumetricFog.GridPixelSize:8]]
[2022.03.02-23.00.24:454][  0]LogConfig: Setting CVar [[r.VolumetricFog.GridSizeZ:128]]
[2022.03.02-23.00.24:454][  0]LogConfig: Setting CVar [[r.VolumetricFog.HistoryMissSupersampleCount:4]]
[2022.03.02-23.00.24:454][  0]LogConfig: Setting CVar [[r.LightMaxDrawDistanceScale:1]]
[2022.03.02-23.00.24:454][  0]LogConfig: Setting CVar [[r.CapsuleShadows:1]]
[2022.03.02-23.00.24:454][  0]LogConfig: Applying CVar settings from Section [PostProcessQuality@3] File [C:/PROJECTS/Unreal/Endless-Runner/EndlessRunner/Saved/Config/Windows/Scalability.ini]
[2022.03.02-23.00.24:454][  0]LogConfig: Setting CVar [[r.MotionBlurQuality:4]]
[2022.03.02-23.00.24:454][  0]LogConfig: Setting CVar [[r.AmbientOcclusionMipLevelFactor:0.4]]
[2022.03.02-23.00.24:454][  0]LogConfig: Setting CVar [[r.AmbientOcclusionMaxQuality:100]]
[2022.03.02-23.00.24:454][  0]LogConfig: Setting CVar [[r.AmbientOcclusionLevels:-1]]
[2022.03.02-23.00.24:455][  0]LogConfig: Setting CVar [[r.AmbientOcclusionRadiusScale:1.0]]
[2022.03.02-23.00.24:455][  0]LogConfig: Setting CVar [[r.DepthOfFieldQuality:2]]
[2022.03.02-23.00.24:455][  0]LogConfig: Setting CVar [[r.RenderTargetPoolMin:400]]
[2022.03.02-23.00.24:455][  0]LogConfig: Setting CVar [[r.LensFlareQuality:2]]
[2022.03.02-23.00.24:455][  0]LogConfig: Setting CVar [[r.SceneColorFringeQuality:1]]
[2022.03.02-23.00.24:455][  0]LogConfig: Setting CVar [[r.EyeAdaptationQuality:2]]
[2022.03.02-23.00.24:455][  0]LogConfig: Setting CVar [[r.BloomQuality:5]]
[2022.03.02-23.00.24:455][  0]LogConfig: Setting CVar [[r.FastBlurThreshold:100]]
[2022.03.02-23.00.24:455][  0]LogConfig: Setting CVar [[r.Upscale.Quality:3]]
[2022.03.02-23.00.24:455][  0]LogConfig: Setting CVar [[r.Tonemapper.GrainQuantization:1]]
[2022.03.02-23.00.24:455][  0]LogConfig: Setting CVar [[r.LightShaftQuality:1]]
[2022.03.02-23.00.24:455][  0]LogConfig: Setting CVar [[r.Filter.SizeScale:1]]
[2022.03.02-23.00.24:455][  0]LogConfig: Setting CVar [[r.Tonemapper.Quality:5]]
[2022.03.02-23.00.24:455][  0]LogConfig: Setting CVar [[r.DOF.Gather.AccumulatorQuality:1        ; higher gathering accumulator quality]]
[2022.03.02-23.00.24:455][  0]LogConfig: Setting CVar [[r.DOF.Gather.PostfilterMethod:1          ; Median3x3 postfilering method]]
[2022.03.02-23.00.24:455][  0]LogConfig: Setting CVar [[r.DOF.Gather.EnableBokehSettings:0       ; no bokeh simulation when gathering]]
[2022.03.02-23.00.24:455][  0]LogConfig: Setting CVar [[r.DOF.Gather.RingCount:4                 ; medium number of samples when gathering]]
[2022.03.02-23.00.24:455][  0]LogConfig: Setting CVar [[r.DOF.Scatter.ForegroundCompositing:1    ; additive foreground scattering]]
[2022.03.02-23.00.24:455][  0]LogConfig: Setting CVar [[r.DOF.Scatter.BackgroundCompositing:2    ; additive background scattering]]
[2022.03.02-23.00.24:455][  0]LogConfig: Setting CVar [[r.DOF.Scatter.EnableBokehSettings:1      ; bokeh simulation when scattering]]
[2022.03.02-23.00.24:455][  0]LogConfig: Setting CVar [[r.DOF.Scatter.MaxSpriteRatio:0.1         ; only a maximum of 10% of scattered bokeh]]
[2022.03.02-23.00.24:455][  0]LogConfig: Setting CVar [[r.DOF.Recombine.Quality:1                ; cheap slight out of focus]]
[2022.03.02-23.00.24:455][  0]LogConfig: Setting CVar [[r.DOF.Recombine.EnableBokehSettings:0    ; no bokeh simulation on slight out of focus]]
[2022.03.02-23.00.24:455][  0]LogConfig: Setting CVar [[r.DOF.TemporalAAQuality:1                ; more stable temporal accumulation]]
[2022.03.02-23.00.24:455][  0]LogConfig: Setting CVar [[r.DOF.Kernel.MaxForegroundRadius:0.025]]
[2022.03.02-23.00.24:455][  0]LogConfig: Setting CVar [[r.DOF.Kernel.MaxBackgroundRadius:0.025]]
[2022.03.02-23.00.24:455][  0]LogConfig: Applying CVar settings from Section [TextureQuality@3] File [C:/PROJECTS/Unreal/Endless-Runner/EndlessRunner/Saved/Config/Windows/Scalability.ini]
[2022.03.02-23.00.24:455][  0]LogConfig: Setting CVar [[r.Streaming.MipBias:0]]
[2022.03.02-23.00.24:455][  0]LogConfig: Setting CVar [[r.Streaming.AmortizeCPUToGPUCopy:0]]
[2022.03.02-23.00.24:455][  0]LogConfig: Setting CVar [[r.Streaming.MaxNumTexturesToStreamPerFrame:0]]
[2022.03.02-23.00.24:455][  0]LogConfig: Setting CVar [[r.Streaming.Boost:1]]
[2022.03.02-23.00.24:455][  0]LogConfig: Setting CVar [[r.MaxAnisotropy:8]]
[2022.03.02-23.00.24:455][  0]LogConfig: Setting CVar [[r.VT.MaxAnisotropy:8]]
[2022.03.02-23.00.24:455][  0]LogConfig: Setting CVar [[r.Streaming.LimitPoolSizeToVRAM:0]]
[2022.03.02-23.00.24:455][  0]LogConfig: Setting CVar [[r.Streaming.PoolSize:1000]]
[2022.03.02-23.00.24:455][  0]LogConfig: Setting CVar [[r.Streaming.MaxEffectiveScreenSize:0]]
[2022.03.02-23.00.24:455][  0]LogConfig: Applying CVar settings from Section [EffectsQuality@3] File [C:/PROJECTS/Unreal/Endless-Runner/EndlessRunner/Saved/Config/Windows/Scalability.ini]
[2022.03.02-23.00.24:455][  0]LogConfig: Setting CVar [[r.TranslucencyLightingVolumeDim:64]]
[2022.03.02-23.00.24:455][  0]LogConfig: Setting CVar [[r.RefractionQuality:2]]
[2022.03.02-23.00.24:455][  0]LogConfig: Setting CVar [[r.SSR.Quality:3]]
[2022.03.02-23.00.24:455][  0]LogConfig: Setting CVar [[r.SSR.HalfResSceneColor:0]]
[2022.03.02-23.00.24:455][  0]LogConfig: Setting CVar [[r.SceneColorFormat:4]]
[2022.03.02-23.00.24:455][  0]LogConfig: Setting CVar [[r.DetailMode:2]]
[2022.03.02-23.00.24:455][  0]LogConfig: Setting CVar [[r.TranslucencyVolumeBlur:1]]
[2022.03.02-23.00.24:455][  0]LogConfig: Setting CVar [[r.MaterialQualityLevel:1 ; High quality]]
[2022.03.02-23.00.24:455][  0]LogConfig: Setting CVar [[r.AnisotropicMaterials:1]]
[2022.03.02-23.00.24:455][  0]LogConfig: Setting CVar [[r.SSS.Scale:1]]
[2022.03.02-23.00.24:455][  0]LogConfig: Setting CVar [[r.SSS.SampleSet:2]]
[2022.03.02-23.00.24:455][  0]LogConfig: Setting CVar [[r.SSS.Quality:1]]
[2022.03.02-23.00.24:455][  0]LogConfig: Setting CVar [[r.SSS.HalfRes:0]]
[2022.03.02-23.00.24:455][  0]LogConfig: Setting CVar [[r.SSGI.Quality:3]]
[2022.03.02-23.00.24:455][  0]LogConfig: Setting CVar [[r.EmitterSpawnRateScale:1.0]]
[2022.03.02-23.00.24:455][  0]LogConfig: Setting CVar [[r.ParticleLightQuality:2]]
[2022.03.02-23.00.24:455][  0]LogConfig: Setting CVar [[r.SkyAtmosphere.AerialPerspectiveLUT.FastApplyOnOpaque:1 ; Always have FastSkyLUT 1 in this case to avoid wrong sky]]
[2022.03.02-23.00.24:455][  0]LogConfig: Setting CVar [[r.SkyAtmosphere.AerialPerspectiveLUT.SampleCountMaxPerSlice:4]]
[2022.03.02-23.00.24:455][  0]LogConfig: Setting CVar [[r.SkyAtmosphere.AerialPerspectiveLUT.DepthResolution:16.0]]
[2022.03.02-23.00.24:455][  0]LogConfig: Setting CVar [[r.SkyAtmosphere.FastSkyLUT:1]]
[2022.03.02-23.00.24:455][  0]LogConfig: Setting CVar [[r.SkyAtmosphere.FastSkyLUT.SampleCountMin:4.0]]
[2022.03.02-23.00.24:455][  0]LogConfig: Setting CVar [[r.SkyAtmosphere.FastSkyLUT.SampleCountMax:128.0]]
[2022.03.02-23.00.24:455][  0]LogConfig: Setting CVar [[r.SkyAtmosphere.SampleCountMin:4.0]]
[2022.03.02-23.00.24:455][  0]LogConfig: Setting CVar [[r.SkyAtmosphere.SampleCountMax:128.0]]
[2022.03.02-23.00.24:456][  0]LogConfig: Setting CVar [[r.SkyAtmosphere.TransmittanceLUT.UseSmallFormat:0]]
[2022.03.02-23.00.24:456][  0]LogConfig: Setting CVar [[r.SkyAtmosphere.TransmittanceLUT.SampleCount:10.0]]
[2022.03.02-23.00.24:456][  0]LogConfig: Setting CVar [[r.SkyAtmosphere.MultiScatteringLUT.SampleCount:15.0]]
[2022.03.02-23.00.24:456][  0]LogConfig: Setting CVar [[r.SkyLight.RealTimeReflectionCapture:1]]
[2022.03.02-23.00.24:456][  0]LogConfig: Applying CVar settings from Section [FoliageQuality@3] File [C:/PROJECTS/Unreal/Endless-Runner/EndlessRunner/Saved/Config/Windows/Scalability.ini]
[2022.03.02-23.00.24:456][  0]LogConfig: Setting CVar [[foliage.DensityScale:1.0]]
[2022.03.02-23.00.24:456][  0]LogConfig: Setting CVar [[grass.DensityScale:1.0]]
[2022.03.02-23.00.24:456][  0]LogConfig: Applying CVar settings from Section [ShadingQuality@3] File [C:/PROJECTS/Unreal/Endless-Runner/EndlessRunner/Saved/Config/Windows/Scalability.ini]
[2022.03.02-23.00.24:456][  0]LogConfig: Setting CVar [[r.HairStrands.SkyLighting.IntegrationType:2]]
[2022.03.02-23.00.24:456][  0]LogConfig: Setting CVar [[r.HairStrands.SkyAO.SampleCount:4]]
[2022.03.02-23.00.24:456][  0]LogConfig: Setting CVar [[r.HairStrands.Visibility.MSAA.SamplePerPixel:4]]
[2022.03.02-23.00.24:456][  0]LogConfig: Applying CVar settings from Section [Startup] File [../../../Engine/Config/ConsoleVariables.ini]
[2022.03.02-23.00.24:456][  0]LogConfig: Setting CVar [[net.UseAdaptiveNetUpdateFrequency:0]]
[2022.03.02-23.00.24:456][  0]LogConfig: Setting CVar [[p.chaos.AllowCreatePhysxBodies:1]]
[2022.03.02-23.00.24:456][  0]LogConfig: Setting CVar [[fx.SkipVectorVMBackendOptimizations:1]]
[2022.03.02-23.00.24:457][  0]LogConfig: Applying CVar settings from Section [ConsoleVariables] File [C:/PROJECTS/Unreal/Endless-Runner/EndlessRunner/Saved/Config/Windows/Engine.ini]
[2022.03.02-23.00.24:457][  0]LogConfig: Applying CVar settings from Section [ConsoleVariables] File [C:/PROJECTS/Unreal/Endless-Runner/EndlessRunner/Saved/Config/Windows/Editor.ini]
[2022.03.02-23.00.24:457][  0]LogInit: Computer: LAPTOP-BL73FRTF
[2022.03.02-23.00.24:457][  0]LogInit: User: teodo
[2022.03.02-23.00.24:457][  0]LogInit: CPU Page size=4096, Cores=6
[2022.03.02-23.00.24:457][  0]LogInit: High frequency timer resolution =10.000000 MHz
[2022.03.02-23.00.24:457][  0]LogMemory: Memory total: Physical=7.8GB (8GB approx)
[2022.03.02-23.00.24:457][  0]LogMemory: Platform Memory Stats for Windows
[2022.03.02-23.00.24:457][  0]LogMemory: Process Physical Memory: 148.48 MB used, 148.48 MB peak
[2022.03.02-23.00.24:457][  0]LogMemory: Process Virtual Memory: 133.93 MB used, 133.93 MB peak
[2022.03.02-23.00.24:457][  0]LogMemory: Physical Memory: 6709.75 MB used,  1313.30 MB free, 8023.05 MB total
[2022.03.02-23.00.24:457][  0]LogMemory: Virtual Memory: 134213056.00 MB used,  4671.79 MB free, 134217728.00 MB total
[2022.03.02-23.00.24:465][  0]LogWindows: WindowsPlatformFeatures enabled
[2022.03.02-23.00.24:541][  0]LogInit: Physics initialised using underlying interface: PhysX
[2022.03.02-23.00.24:541][  0]LogInit: Using OS detected language (en-GB).
[2022.03.02-23.00.24:541][  0]LogInit: Using OS detected locale (en-US).
[2022.03.02-23.00.24:544][  0]LogTextLocalizationManager: No specific localization for 'en-GB' exists, so the 'en' localization will be used.
[2022.03.02-23.00.25:013][  0]LogWindowsTextInputMethodSystem: Display: IME system deactivated.
[2022.03.02-23.00.25:085][  0]LogSlate: New Slate User Created.  User Index 0, Is Virtual User: 0
[2022.03.02-23.00.25:085][  0]LogSlate: Slate User Registered.  User Index 0, Is Virtual User: 0
[2022.03.02-23.00.25:127][  0]LogD3D11RHI: Loaded GFSDK_Aftermath_Lib.x64.dll
[2022.03.02-23.00.25:131][  0]LogHMD: Failed to initialize OpenVR with code 101
[2022.03.02-23.00.25:131][  0]LogD3D11RHI: D3D11 min allowed feature level: 11_0
[2022.03.02-23.00.25:131][  0]LogD3D11RHI: D3D11 max allowed feature level: 11_0
[2022.03.02-23.00.25:131][  0]LogD3D11RHI: D3D11 adapters:
[2022.03.02-23.00.25:288][  0]LogD3D11RHI:    0. 'NVIDIA GeForce GTX 1660 Ti' (Feature Level 11_0)
[2022.03.02-23.00.25:288][  0]LogD3D11RHI:       5991/0/4011 MB DedicatedVideo/DedicatedSystem/SharedSystem, Outputs:1, VendorId:0x10de
[2022.03.02-23.00.25:337][  0]LogD3D11RHI:    1. 'Intel(R) UHD Graphics' (Feature Level 11_0)
[2022.03.02-23.00.25:337][  0]LogD3D11RHI:       128/0/4011 MB DedicatedVideo/DedicatedSystem/SharedSystem, Outputs:0, VendorId:0x8086
[2022.03.02-23.00.25:341][  0]LogD3D11RHI:    2. 'Microsoft Basic Render Driver' (Feature Level 11_0)
[2022.03.02-23.00.25:341][  0]LogD3D11RHI:       0/0/4011 MB DedicatedVideo/DedicatedSystem/SharedSystem, Outputs:0, VendorId:0x1414
[2022.03.02-23.00.25:341][  0]LogD3D11RHI: Chosen D3D11 Adapter:
[2022.03.02-23.00.25:341][  0]LogD3D11RHI:     Description : NVIDIA GeForce GTX 1660 Ti
[2022.03.02-23.00.25:341][  0]LogD3D11RHI:     VendorId    : 10de
[2022.03.02-23.00.25:341][  0]LogD3D11RHI:     DeviceId    : 2191
[2022.03.02-23.00.25:341][  0]LogD3D11RHI:     SubSysId    : 14421025
[2022.03.02-23.00.25:341][  0]LogD3D11RHI:     Revision    : 00a1
[2022.03.02-23.00.25:341][  0]LogD3D11RHI:     DedicatedVideoMemory : 6282018816 bytes
[2022.03.02-23.00.25:341][  0]LogD3D11RHI:     DedicatedSystemMemory : 0 bytes
[2022.03.02-23.00.25:341][  0]LogD3D11RHI:     SharedSystemMemory : 4206389248 bytes
[2022.03.02-23.00.25:341][  0]LogD3D11RHI:     AdapterLuid : 0 68996
[2022.03.02-23.00.25:351][  0]LogD3D11RHI: Creating new Direct3DDevice
[2022.03.02-23.00.25:351][  0]LogD3D11RHI:     GPU DeviceId: 0x2191 (for the marketing name, search the web for "GPU Device Id")
[2022.03.02-23.00.25:351][  0]LogWindows: EnumDisplayDevices:
[2022.03.02-23.00.25:351][  0]LogWindows:    0. 'Intel(R) UHD Graphics' (P:0 D:0)
[2022.03.02-23.00.25:352][  0]LogWindows:    1. 'Intel(R) UHD Graphics' (P:0 D:0)
[2022.03.02-23.00.25:352][  0]LogWindows:    2. 'Intel(R) UHD Graphics' (P:0 D:0)
[2022.03.02-23.00.25:352][  0]LogWindows:    3. 'NVIDIA GeForce GTX 1660 Ti' (P:1 D:1)
[2022.03.02-23.00.25:352][  0]LogWindows:    4. 'NVIDIA GeForce GTX 1660 Ti' (P:0 D:0)
[2022.03.02-23.00.25:353][  0]LogWindows:    5. 'NVIDIA GeForce GTX 1660 Ti' (P:0 D:0)
[2022.03.02-23.00.25:353][  0]LogWindows:    6. 'NVIDIA GeForce GTX 1660 Ti' (P:0 D:0)
[2022.03.02-23.00.25:353][  0]LogWindows: DebugString: PrimaryIsNotTheChoosenAdapter PrimaryIsNotTheChoosenAdapter PrimaryIsNotTheChoosenAdapter FoundDriverCount:4 
[2022.03.02-23.00.25:353][  0]LogD3D11RHI:     Adapter Name: NVIDIA GeForce GTX 1660 Ti
[2022.03.02-23.00.25:353][  0]LogD3D11RHI:   Driver Version: 497.09 (internal:30.0.14.9709, unified:497.09)
[2022.03.02-23.00.25:353][  0]LogD3D11RHI:      Driver Date: 11-26-2021
[2022.03.02-23.00.25:353][  0]LogRHI: Texture pool is 4193 MB (70% of 5991 MB)
[2022.03.02-23.00.25:353][  0]LogD3D11RHI: Creating D3DDevice using adapter:
[2022.03.02-23.00.25:353][  0]LogD3D11RHI:     Description : NVIDIA GeForce GTX 1660 Ti
[2022.03.02-23.00.25:353][  0]LogD3D11RHI:     VendorId    : 10de
[2022.03.02-23.00.25:353][  0]LogD3D11RHI:     DeviceId    : 2191
[2022.03.02-23.00.25:353][  0]LogD3D11RHI:     SubSysId    : 14421025
[2022.03.02-23.00.25:353][  0]LogD3D11RHI:     Revision    : 00a1
[2022.03.02-23.00.25:353][  0]LogD3D11RHI:     DedicatedVideoMemory : 6282018816 bytes
[2022.03.02-23.00.25:353][  0]LogD3D11RHI:     DedicatedSystemMemory : 0 bytes
[2022.03.02-23.00.25:353][  0]LogD3D11RHI:     SharedSystemMemory : 4206389248 bytes
[2022.03.02-23.00.25:353][  0]LogD3D11RHI:     AdapterLuid : 0 68996
[2022.03.02-23.00.25:451][  0]LogD3D11RHI: RHI has support for 64 bit atomics
[2022.03.02-23.00.25:451][  0]LogD3D11RHI: Async texture creation enabled
[2022.03.02-23.00.25:451][  0]LogD3D11RHI: Array index from any shader is supported
[2022.03.02-23.00.25:454][  0]LogD3D11RHI: HDR output is supported on display 0 (NvId: 0x80061081).
[2022.03.02-23.00.25:502][  0]LogD3D11RHI: GPU Timing Frequency: 1000.000000 (Debug: 2 2)
[2022.03.02-23.00.25:549][  0]LogRHI: GeForceNow SDK initialized: 1
[2022.03.02-23.00.26:040][  0]LogTargetPlatformManager: Display: Loaded TargetPlatform 'WindowsNoEditor'
[2022.03.02-23.00.26:048][  0]LogTargetPlatformManager: Display: Loaded TargetPlatform 'Windows'
[2022.03.02-23.00.26:056][  0]LogTargetPlatformManager: Display: Loaded TargetPlatform 'WindowsClient'
[2022.03.02-23.00.26:064][  0]LogTargetPlatformManager: Display: Loaded TargetPlatform 'WindowsServer'
[2022.03.02-23.00.26:064][  0]LogTargetPlatformManager: Display: Building Assets For Windows
[2022.03.02-23.00.26:078][  0]LogAudioDebug: Display: Lib vorbis DLL was dynamically loaded.
[2022.03.02-23.00.26:136][  0]LogTextureFormatOodle: Display: Oodle Texture 2.9.0 init RDO Off
[2022.03.02-23.00.26:194][  0]LogRendererCore: Ray tracing is disabled. Reason: r.RayTracing=0.
[2022.03.02-23.00.26:195][  0]LogShaderCompilers: Guid format shader working directory is -17 characters bigger than the processId version (../../../../../../PROJECTS/Unreal/Endless-Runner/EndlessRunner/Intermediate/Shaders/WorkingDirectory/11268/).
[2022.03.02-23.00.26:195][  0]LogShaderCompilers: Cleaned the shader compiler working directory 'C:/Users/teodo/AppData/Local/Temp/UnrealShaderWorkingDir/8F098D034D08CCFB459DD9BEE103368D/'.
[2022.03.02-23.00.26:195][  0]LogXGEController: Cannot use XGE Controller as Incredibuild is not installed on this machine.
[2022.03.02-23.00.26:195][  0]LogShaderCompilers: Cannot use XGE Shader Compiler as Incredibuild is not installed on this machine.
[2022.03.02-23.00.26:195][  0]LogShaderCompilers: Display: Using Local Shader Compiler.
[2022.03.02-23.00.27:655][  0]LogDerivedDataCache: Display: Max Cache Size: 512 MB
[2022.03.02-23.00.27:796][  0]LogDerivedDataCache: Loaded boot cache 0.14s 94MB C:/Users/teodo/AppData/Local/UnrealEngine/4.27/DerivedDataCache/Boot.ddc.
[2022.03.02-23.00.27:797][  0]LogDerivedDataCache: Display: Loaded Boot cache: C:/Users/teodo/AppData/Local/UnrealEngine/4.27/DerivedDataCache/Boot.ddc
[2022.03.02-23.00.27:797][  0]LogDerivedDataCache: FDerivedDataBackendGraph:  Pak pak cache file ../../../../../../PROJECTS/Unreal/Endless-Runner/EndlessRunner/DerivedDataCache/DDC.ddp not found, will not use a pak cache.
[2022.03.02-23.00.27:797][  0]LogDerivedDataCache: Unable to find inner node Pak for hierarchical cache Hierarchy.
[2022.03.02-23.00.27:797][  0]LogDerivedDataCache: FDerivedDataBackendGraph:  CompressedPak pak cache file ../../../../../../PROJECTS/Unreal/Endless-Runner/EndlessRunner/DerivedDataCache/Compressed.ddp not found, will not use a pak cache.
[2022.03.02-23.00.27:797][  0]LogDerivedDataCache: Unable to find inner node CompressedPak for hierarchical cache Hierarchy.
[2022.03.02-23.00.27:826][  0]LogDerivedDataCache: Display: Pak cache opened for reading ../../../Engine/DerivedDataCache/Compressed.ddp.
[2022.03.02-23.00.27:826][  0]LogDerivedDataCache: FDerivedDataBackendGraph:  EnterprisePak pak cache file ../../../Enterprise/DerivedDataCache/Compressed.ddp not found, will not use a pak cache.
[2022.03.02-23.00.27:826][  0]LogDerivedDataCache: Unable to find inner node EnterprisePak for hierarchical cache Hierarchy.
[2022.03.02-23.00.27:842][  0]LogDerivedDataCache: Speed tests for C:/Users/teodo/AppData/Local/UnrealEngine/Common/DerivedDataCache took 0.02 seconds
[2022.03.02-23.00.27:842][  0]LogDerivedDataCache: Display: Performance to C:/Users/teodo/AppData/Local/UnrealEngine/Common/DerivedDataCache: Latency=0.03ms. RandomReadSpeed=156.98MBs, RandomWriteSpeed=101.21MBs. Assigned SpeedClass 'Local'
[2022.03.02-23.00.27:843][  0]LogDerivedDataCache: Using Local data cache path C:/Users/teodo/AppData/Local/UnrealEngine/Common/DerivedDataCache: Writable
[2022.03.02-23.00.27:843][  0]LogDerivedDataCache: Shared data cache path not found in *engine.ini, will not use an Shared cache.
[2022.03.02-23.00.27:843][  0]LogDerivedDataCache: Unable to find inner node Shared for hierarchical cache Hierarchy.
[2022.03.02-23.00.27:910][  0]LogSlate: Using FreeType 2.10.0
[2022.03.02-23.00.27:911][  0]LogSlate: SlateFontServices - WITH_FREETYPE: 1, WITH_HARFBUZZ: 1
[2022.03.02-23.00.28:040][  0]LogInit: Using OS detected language (en-GB).
[2022.03.02-23.00.28:040][  0]LogInit: Using OS detected locale (en-US).
[2022.03.02-23.00.28:040][  0]LogTextLocalizationManager: No localization for 'en-GB' exists, so 'en' will be used for the language.
[2022.03.02-23.00.28:040][  0]LogTextLocalizationManager: No localization for 'en-US' exists, so 'en' will be used for the locale.
[2022.03.02-23.00.28:040][  0]LogSlate: FontCache flush requested. Reason: Culture for localization was changed
[2022.03.02-23.00.28:040][  0]LogSlate: FontCache flush requested. Reason: Culture for localization was changed
[2022.03.02-23.00.28:045][  0]LogTextLocalizationManager: Compacting localization data took   0.01ms
[2022.03.02-23.00.28:045][  0]LogAssetRegistry: FAssetRegistry took 0.0027 seconds to start up
[2022.03.02-23.00.28:316][  0]LogPackageLocalizationCache: Processed 27 localized package path(s) for 1 prioritized culture(s) in 0.001619 seconds
[2022.03.02-23.00.28:427][  0]LogInit: Selected Device Profile: [Windows]
[2022.03.02-23.00.28:427][  0]LogInit: Active device profile: [000002B09B4BF700][000002B0951EAFC0 49] Windows
[2022.03.02-23.00.28:427][  0]LogInit: Profiles: [000002B09B4BF700][000002B0951EAFC0 49] Windows, [000002B09B474A00][000002B0951F3140 49] WindowsNoEditor, [000002B09B4BCA00][000002B0951F72C0 49] WindowsServer, [000002B09B476C00][000002B094DFD440 49] WindowsClient, [000002B09B4BEB00][000002B094E015C0 49] IOS, [000002B09B477200][000002B0951EF700 49] iPadAir, [000002B09B4BF100][000002B094E05840 49] iPadAir2, [000002B09B42B600][000002B094E0DA80 49] IPadPro, [000002B09B42B700][000002B094E09AC0 49] iPadAir3, [000002B09B4BCE00][000002B094E140C0 49] iPadAir4, [000002B09B428F00][000002B094E18240 49] iPadMini2, [000002B09B4BCB00][000002B094E1C3C0 49] iPadMini3, [000002B09B428600][000002B094E20540 49] iPadMini4, [000002B09B4BC900][000002B094E246C0 49] iPadMini5, [000002B09B472700][000002B094E2C980 49] iPhone6, [000002B09B472800][000002B094E289C0 49] iPodTouch6, [000002B09B42A000][000002B094E34C80 49] iPhone7, [000002B09B42A100][000002B094E30CC0 49] iPodTouch7, [000002B09B470E00][000002B094E38E40 49] iPhone5S, [000002B09B42BC00][000002B094E3CFC0 49] iPhone6Plus, [000002B09B473F00][000002B094E41140 49] iPhone6S, [000002B09B42AB00][000002B094E452C0 49] iPhone6SPlus, [000002B09B471400][000002B091B61440 49] iPhone7Plus, [000002B09B428D00][000002B091B655C0 49] iPhoneSE, [000002B09B472200][000002B091B69740 49] iPhone8, [000002B09B42AC00][000002B091B6D8C0 49] iPhone8Plus, [000002B09B472B00][000002B094E11A00 49] iPhoneX, [000002B09B42B100][000002B091B71B40 49] iPhoneXS, [000002B09B470A00][000002B091B74100 49] iPhoneXSMax, [000002B09B42A900][000002B091B7C280 49] iPhoneXR, [000002B09B471600][000002B091B80400 49] iPhone11, [000002B09B42A800][000002B091B84580 49] iPhone11Pro, [000002B09B471100][000002B091B88700 49] iPhone11ProMax, [000002B09B429300][000002B091B8C880 49] iPhoneSE2, [000002B09B473400][000002B091B90A00 49] iPhone12Mini, [000002B09B42BB00][000002B091B94B80 49] iPhone12, [000002B09B473300][000002B091B98D00 49] iPhone12Pro, [000002B09B42AA00][000002B091B9CE80 49] iPhone12ProMax, [000002B09B470900][000002B091BA1000 49] iPadPro105, [000002B09B428300][000002B091BA5180 49] iPadPro129, [000002B09B473700][000002B091BA9300 49] iPadPro97, [000002B09B42BE00][000002B091BAD480 49] iPadPro2_129, [000002B09B472A00][000002B09B211600 49] iPad5, [000002B09B428E00][000002B09B215780 49] iPad6, [000002B09B473100][000002B09B219900 49] iPad7, [000002B09B429E00][000002B09B21DA80 49] iPad8, [000002B09B473A00][000002B091B79BC0 49] iPadPro11, [000002B09B42A600][000002B09B220180 49] iPadPro2_11, [000002B09B470300][000002B09B2242C0 49] iPadPro3_129, [000002B09B429C00][000002B09B22C440 49] iPadPro4_129, [000002B09B471200][000002B09B2305C0 49] AppleTV, [000002B09B429000][000002B09B234740 49] AppleTV4K, [000002B09B473D00][000002B09B2388C0 49] TVOS, [000002B09B42B800][000002B09B23CA40 49] Mac, [000002B09B474E00][000002B09B240BC0 49] MacClient, [000002B09B4FC700][000002B09B244D40 49] MacNoEditor, [000002B09B475500][000002B09B248EC0 49] MacServer, [000002B09B4FCE00][000002B09B24D040 49] Linux, [000002B09B476900][000002B09B2511C0 49] LinuxAArch64, [000002B09B4FC900][000002B09B255340 49] LinuxNoEditor, [000002B09B474100][000002B09B2594C0 49] LinuxAArch64NoEditor, [000002B09B4FDB00][000002B09B25D640 49] LinuxClient, [000002B09B477700][000002B09B2617C0 49] LinuxAArch64Client, [000002B09B4FED00][000002B09B265940 49] LinuxServer, [000002B09B475600][000002B09B269AC0 49] LinuxAArch64Server, [000002B09B4FCF00][000002B09B26C0C0 49] Android, [000002B09B475900][000002B09B228200 49] Android_Low, [000002B09B4FCB00][000002B09B270340 49] Android_Mid, [000002B09B475200][000002B09B274480 49] Android_High, [000002B09B4FCC00][000002B09B2785C0 49] Android_Default, [000002B09B476400][000002B09B280740 49] Android_Adreno4xx, [000002B09B4FD600][000002B09B2848C0 49] Android_Adreno5xx_Low, [000002B09B474400][000002B09B288A40 49] Android_Adreno5xx, [000002B09B4FD400][000002B09B28CBC0 49] Android_Adreno6xx, [000002B09B476500][000002B09B290D40 49] Android_Adreno6xx_Vulkan, [000002B09B4FEB00][000002B09B294EC0 49] Android_Mali_T6xx, [000002B09B477D00][000002B09B299040 49] Android_Mali_T7xx, [000002B09B4FE500][000002B09B29D1C0 49] Android_Mali_T8xx, [000002B09B428A00][000002B09B2A1340 49] Android_Mali_G71, [000002B09B4FE200][000002B09B2A54C0 49] Android_Mali_G72, [000002B09B429A00][000002B09B2A9640 49] Android_Mali_G72_Vulkan, [000002B09B4FE000][000002B09B2AD7C0 49] Android_Mali_G76, [000002B09B42BD00][000002B09B2B1940 49] Android_Mali_G76_Vulkan, [000002B09B4FC100][000002B09B2B5AC0 49] Android_Mali_G77, [000002B09B42A200][000002B09B2B80C0 49] Android_Mali_G77_Vulkan, [000002B09B4FE300][000002B09B2BC240 49] Android_Mali_G78, [000002B09B42B300][000002B09B27C380 49] Android_Mali_G78_Vulkan, [000002B09B4FD800][000002B09B2C04C0 49] Android_Mali_G710, [000002B09B42B000][000002B09B2C4600 49] Android_Mali_G710_Vulkan, [000002B09B4FDE00][000002B09B2C8740 49] Android_Vulkan_SM5, [000002B09B429D00][000002B09B2D08C0 49] Android_PowerVR_G6xxx, [000002B09B4FC800][000002B09B2D4A40 49] Android_PowerVR_GT7xxx, [000002B09B429700][000002B09B2D8BC0 49] Android_PowerVR_GE8xxx, [000002B09B4FEA00][000002B09B2DCD40 49] Android_PowerVR_GM9xxx, [000002B09B42A300][000002B09B2E0EC0 49] Android_PowerVR_GM9xxx_Vulkan, [000002B09B4FD700][000002B09B2E5040 49] Android_TegraK1, [000002B09B42A400][000002B09B2E91C0 49] Android_Unknown_Vulkan, [000002B09B4FDA00][000002B09B2ED340 49] Lumin, [000002B09B428700][000002B09B2F14C0 49] Lumin_Desktop, [000002B09B4FE600][000002B09B2F5640 49] HoloLens, 
[2022.03.02-23.00.28:501][  0]LogMeshReduction: Using QuadricMeshReduction for automatic static mesh reduction
[2022.03.02-23.00.28:501][  0]LogMeshReduction: Using SimplygonMeshReduction for automatic skeletal mesh reduction
[2022.03.02-23.00.28:501][  0]LogMeshReduction: Using ProxyLODMeshReduction for automatic mesh merging
[2022.03.02-23.00.28:501][  0]LogMeshReduction: No distributed automatic mesh merging module available
[2022.03.02-23.00.28:501][  0]LogMeshMerging: No distributed automatic mesh merging module available
[2022.03.02-23.00.28:695][  0]LogNetVersion: EndlessRunner 1.0.0, NetCL: 17155196, EngineNetVer: 17, GameNetVer: 0 (Checksum: 1331125288)
[2022.03.02-23.00.29:084][  0]LogTexture: Default maximum texture size for cubemaps generated from long-lat sources has been changed from 512 to unlimited. In order to preserve old behaiour for '/Engine/MapTemplates/Sky/DaylightAmbientCubemap.DaylightAmbientCubemap', its maximum texture size has been explicitly set to 512.
[2022.03.02-23.00.29:189][  0]LogHMD: PokeAHoleMaterial loaded successfully
[2022.03.02-23.00.29:385][  0]LogMoviePlayer: Initializing movie player
[2022.03.02-23.00.29:557][  0]LogNiagaraDebuggerClient: Niagara Debugger Client Initialized | Session: 32154E9D4ADD0BCBF94599B565680D6A | Instance: A1E043F64F426F6F77CD48B22BA5CFAA (LAPTOP-BL73FRTF-11268).
[2022.03.02-23.00.29:592][  0]LogCollectionManager: Loaded 0 collections in 0.002190 seconds
[2022.03.02-23.00.29:595][  0]LogFileCache: Scanning file cache for directory 'C:/PROJECTS/Unreal/Endless-Runner/EndlessRunner/Saved/Collections/' took 0.00s
[2022.03.02-23.00.29:595][  0]LogFileCache: Scanning file cache for directory 'C:/PROJECTS/Unreal/Endless-Runner/EndlessRunner/Content/Developers/teodo/Collections/' took 0.00s
[2022.03.02-23.00.29:595][  0]LogFileCache: Scanning file cache for directory 'C:/PROJECTS/Unreal/Endless-Runner/EndlessRunner/Content/Collections/' took 0.00s
[2022.03.02-23.00.29:595][  0]LogCollectionManager: Fixed up redirectors for 0 collections in 0.000002 seconds (updated 0 objects)
[2022.03.02-23.00.29:625][  0]LogPython: Using Python 3.7.7
[2022.03.02-23.00.30:514][  0]LogTcpMessaging: Initializing TcpMessaging bridge
[2022.03.02-23.00.30:521][  0]LogUdpMessaging: Initializing bridge on interface 0.0.0.0:0 to multicast group 230.0.0.1:6666.
[2022.03.02-23.00.30:672][  0]SourceControl: Source control is disabled
[2022.03.02-23.00.30:672][  0]SourceControl: Source control is disabled
[2022.03.02-23.00.30:678][  0]SourceControl: Source control is disabled
[2022.03.02-23.00.30:695][  0]LogUProjectInfo: Found projects:
[2022.03.02-23.00.30:814][  0]LogOpenImageDenoise: OIDN starting up
[2022.03.02-23.00.30:903][  0]LogAndroidPermission: UAndroidPermissionCallbackProxy::GetInstance
[2022.03.02-23.00.30:940][  0]LogAudioCaptureCore: Display: No Audio Capture implementations found. Audio input will be silent.
[2022.03.02-23.00.30:940][  0]LogAudioCaptureCore: Display: No Audio Capture implementations found. Audio input will be silent.
[2022.03.02-23.00.31:056][  0]LogOcInput: OculusInput pre-init called
[2022.03.02-23.00.31:068][  0]LogUObjectArray: 22121 objects as part of root set at end of initial load.
[2022.03.02-23.00.31:068][  0]LogUObjectAllocator: 5975632 out of 0 bytes used by permanent object pool.
[2022.03.02-23.00.31:068][  0]LogUObjectArray: CloseDisregardForGC: 0/0 objects in disregard for GC pool
[2022.03.02-23.00.31:145][  0]LogEngine: Initializing Engine...
[2022.03.02-23.00.31:216][  0]LogHMD: Optional extension XR_VARJO_quad_views is not available
[2022.03.02-23.00.31:217][  0]LogHMD: Warning: Required extension XR_EXT_eye_gaze_interaction is not available
[2022.03.02-23.00.31:217][  0]LogHMD: Could not enable all required OpenXR extensions for OpenXREyeTracker on current system. This plugin will be loaded but ignored, but will be enabled on a target platform that supports the required extension.
[2022.03.02-23.00.31:719][  0]LogHMD: Failed to get an OpenXR system, result is XR_ERROR_FORM_FACTOR_UNAVAILABLE. Please check that your runtime supports VR headsets.
[2022.03.02-23.00.31:720][  0]LogHMD: Failed to initialize OpenVR with code 101
[2022.03.02-23.00.31:720][  0]LogMagicLeap: Warning: VR disabled because ZI is not enabled.  To enable, in the editor, Edit -> Project Settings -> Plugins -> Magic Leap Plugin -> Enable Zero Iteration
[2022.03.02-23.00.31:723][  0]LogStats: UGameplayTagsManager::InitializeManager -  0.000 s
[2022.03.02-23.00.31:899][  0]LogInit: Initializing FReadOnlyCVARCache
[2022.03.02-23.00.31:899][  0]LogAudio: Display: Initializing Audio Device Manager...
[2022.03.02-23.00.31:906][  0]LogAudio: Display: Loading Default Audio Settings Objects...
[2022.03.02-23.00.31:908][  0]LogAudio: Display: No default SoundConcurrencyObject specified (or failed to load).
[2022.03.02-23.00.31:909][  0]LogAudio: Display: Audio Device Manager Initialized
[2022.03.02-23.00.31:909][  0]LogAudio: Display: Creating Audio Device:                 Id: 1, Scope: Shared, Realtime: True
[2022.03.02-23.00.31:909][  0]LogAudioMixer: Display: Audio Mixer Platform Settings:
[2022.03.02-23.00.31:909][  0]LogAudioMixer: Display: 	Sample Rate:						  48000
[2022.03.02-23.00.31:909][  0]LogAudioMixer: Display: 	Callback Buffer Frame Size Requested: 1024
[2022.03.02-23.00.31:909][  0]LogAudioMixer: Display: 	Callback Buffer Frame Size To Use:	  1024
[2022.03.02-23.00.31:909][  0]LogAudioMixer: Display: 	Number of buffers to queue:			  2
[2022.03.02-23.00.31:909][  0]LogAudioMixer: Display: 	Max Channels (voices):				  32
[2022.03.02-23.00.31:909][  0]LogAudioMixer: Display: 	Number of Async Source Workers:		  0
[2022.03.02-23.00.31:909][  0]LogAudio: Display: AudioDevice MaxSources: 32
[2022.03.02-23.00.31:910][  0]LogAudio: Display: Audio Spatialization Plugin: None (built-in).
[2022.03.02-23.00.31:911][  0]LogAudio: Display: Audio Reverb Plugin: None (built-in).
[2022.03.02-23.00.31:911][  0]LogAudio: Display: Audio Occlusion Plugin: None (built-in).
[2022.03.02-23.00.31:911][  0]LogAudioMixer: Display: Initializing audio mixer.
[2022.03.02-23.00.31:946][  0]LogAudioMixer: Display: 0: FrontLeft
[2022.03.02-23.00.31:946][  0]LogAudioMixer: Display: 1: FrontRight
[2022.03.02-23.00.32:139][  0]LogAudioMixer: Display: Using Audio Device Speakers (Realtek(R) Audio)
[2022.03.02-23.00.32:147][  0]LogAudioMixer: Display: Initializing Sound Submixes...
[2022.03.02-23.00.32:150][  0]LogAudioMixer: Display: Creating Master Submix 'MasterSubmixDefault'
[2022.03.02-23.00.32:150][  0]LogAudioMixer: Display: Creating Master Submix 'MasterReverbSubmixDefault'
[2022.03.02-23.00.32:152][  0]LogAudioMixer: Display: Creating Master Submix 'MasterEQSubmixDefault'
[2022.03.02-23.00.32:152][  0]LogAudioMixer: FMixerPlatformXAudio2::StartAudioStream() called
[2022.03.02-23.00.32:152][  0]LogAudioMixer: Display: Output buffers initialized: Frames=1024, Channels=2, Samples=2048
[2022.03.02-23.00.32:154][  0]LogAudioMixer: Display: Starting AudioMixerPlatformInterface::RunInternal()
[2022.03.02-23.00.32:154][  0]LogAudioMixer: Display: FMixerPlatformXAudio2::SubmitBuffer() called for the first time
[2022.03.02-23.00.32:154][  0]LogInit: FAudioDevice initialized.
[2022.03.02-23.00.32:156][  0]LogNetVersion: Set ProjectVersion to 1.0.0.0. Version Checksum will be recalculated on next use.
[2022.03.02-23.00.32:157][  0]LogInit: Texture streaming: Enabled
[2022.03.02-23.00.32:279][  0]LogAudio: Display: Audio Device (ID: 1) registered with world 'Untitled'.
[2022.03.02-23.00.32:280][  0]LogSlate: Updating window title bar state: overlay mode, drag disabled, window buttons hidden, title bar hidden
[2022.03.02-23.00.32:280][  0]LogInit: Display: Game Engine Initialized.
[2022.03.02-23.00.32:280][  0]LogNiagaraEditor: GEditor isn't valid! Particle reset commands will not work for Niagara components!
[2022.03.02-23.00.32:479][  0]LogInit: Display: Starting Game.
[2022.03.02-23.00.32:479][  0]LogNet: Browse: /Game/--NEW--/Maps/ThirdPersonExampleMap?Name=Player
[2022.03.02-23.00.32:479][  0]LogLoad: LoadMap: /Game/--NEW--/Maps/ThirdPersonExampleMap?Name=Player
[2022.03.02-23.00.32:479][  0]LogWorld: BeginTearingDown for /Temp/Untitled_0
[2022.03.02-23.00.32:481][  0]LogWorld: UWorld::CleanupWorld for Untitled, bSessionEnded=true, bCleanupResources=true
[2022.03.02-23.00.32:481][  0]LogSlate: InvalidateAllWidgets triggered.  All widgets were invalidated
[2022.03.02-23.00.32:488][  0]LogAudio: Display: Audio Device unregistered from world 'None'.
[2022.03.02-23.00.32:491][  0]LogUObjectHash: Compacting FUObjectHashTables data took   1.16ms
[2022.03.02-23.00.33:329][  0]LogAudio: Display: Audio Device (ID: 1) registered with world 'ThirdPersonExampleMap'.
[2022.03.02-23.00.33:341][  0]LogAIModule: Creating AISystem for world ThirdPersonExampleMap
[2022.03.02-23.00.33:346][  0]LogLoad: Game class is 'ThirdPersonGameMode_C'
[2022.03.02-23.00.33:637][  0]LogWorld: Bringing World /Game/--NEW--/Maps/ThirdPersonExampleMap.ThirdPersonExampleMap up for play (max tick rate 0) at 2022.03.02-23.00.33
[2022.03.02-23.00.33:638][  0]LogWorld: Bringing up level for play took: 0.292033
[2022.03.02-23.00.33:639][  0]LogGameMode: FindPlayerStart: PATHS NOT DEFINED or NO PLAYERSTART with positive rating
[2022.03.02-23.00.33:646][  0]LogLoad: Took 1.166251 seconds to LoadMap(/Game/--NEW--/Maps/ThirdPersonExampleMap)
[2022.03.02-23.00.33:762][  0]LogSlate: Took 0.000340 seconds to synchronously load lazily loaded font '../../../Engine/Content/Slate/Fonts/Roboto-Regular.ttf' (155K)
[2022.03.02-23.00.33:833][  0]LogRenderer: Reallocating scene render targets to support 1280x720 Format 10 NumSamples 1 (Frame:1).
[2022.03.02-23.00.33:833][  0]LogInit: Display: Engine is initialized. Leaving FEngineLoop::Init()
[2022.03.02-23.00.33:833][  0]LogLoad: (Engine Initialization) Total time: 11.88 seconds
[2022.03.02-23.00.33:833][  0]LogLoad: (Engine Initialization) Total Blueprint compile time: 0.00 seconds
[2022.03.02-23.00.33:928][  0]LogContentStreaming: Texture pool size now 1000 MB
[2022.03.02-23.00.33:940][  0]LogSlate: InvalidateAllWidgets triggered.  All widgets were invalidated
[2022.03.02-23.00.33:944][  0]LogRenderer: Reallocating scene render targets to support 128x128 Format 10 NumSamples 1 (Frame:1).
[2022.03.02-23.00.34:006][  0]LogRenderer: Reallocating scene render targets to support 1280x720 Format 10 NumSamples 1 (Frame:2).
[2022.03.02-23.00.34:044][  1]LogSlate: Took 0.000188 seconds to synchronously load lazily loaded font '../../../Engine/Content/Slate/Fonts/Roboto-Regular.ttf' (155K)
[2022.03.02-23.00.42:546][504]LogSlate: Window 'EndlessRunner (64-bit Development PCD3D_SM5) ' being destroyed
[2022.03.02-23.00.42:548][504]LogWindowsTextInputMethodSystem: Display: IME system deactivated.
[2022.03.02-23.00.42:555][504]LogSlate: Updating window title bar state: overlay mode, drag disabled, window buttons hidden, title bar hidden
[2022.03.02-23.00.42:555][504]LogEngine: All Windows Closed
[2022.03.02-23.00.42:555][504]LogWindows: FPlatformMisc::RequestExit(0)
[2022.03.02-23.00.42:555][504]LogWindows: FPlatformMisc::RequestExitWithStatus(0, 0)
[2022.03.02-23.00.42:555][504]LogCore: Engine exit requested (reason: Win RequestExit)
[2022.03.02-23.00.42:555][505]LogCore: Engine exit requested (reason: EngineExit() was called; note: exit was already requested)
[2022.03.02-23.00.42:555][505]LogInit: Display: PreExit Game.
[2022.03.02-23.00.42:578][505]LogWorld: BeginTearingDown for /Game/--NEW--/Maps/ThirdPersonExampleMap
[2022.03.02-23.00.42:581][505]LogWorld: UWorld::CleanupWorld for ThirdPersonExampleMap, bSessionEnded=true, bCleanupResources=true
[2022.03.02-23.00.42:602][505]LogSlate: InvalidateAllWidgets triggered.  All widgets were invalidated
[2022.03.02-23.00.42:733][505]LogAudio: Display: Beginning Audio Device Manager Shutdown (Module: AudioMixerXAudio2)...
[2022.03.02-23.00.42:733][505]LogAudio: Display: Destroying 1 Remaining Audio Device(s)...
[2022.03.02-23.00.42:733][505]LogAudio: Display: Audio Device unregistered from world 'ThirdPersonExampleMap'.
[2022.03.02-23.00.42:735][505]LogAudioMixer: FMixerPlatformXAudio2::StopAudioStream() called
[2022.03.02-23.00.42:736][505]LogAudioMixer: FMixerPlatformXAudio2::StopAudioStream() called
[2022.03.02-23.00.42:746][505]LogAudio: Display: Audio Device Manager Shutdown
[2022.03.02-23.00.42:750][505]LogExit: Preparing to exit.
[2022.03.02-23.00.43:541][505]LogSlate: Updating window title bar state: overlay mode, drag disabled, window buttons hidden, title bar hidden
[2022.03.02-23.00.43:547][505]LogUObjectHash: Compacting FUObjectHashTables data took   1.88ms
[2022.03.02-23.00.43:586][505]LogMoviePlayer: Shutting down movie player
[2022.03.02-23.00.43:786][505]LogDemo: Cleaned up 0 splitscreen connections with owner deletion
[2022.03.02-23.00.43:787][505]LogExit: Game engine shut down
[2022.03.02-23.00.43:866][505]LogExit: Object subsystem successfully closed.
[2022.03.02-23.00.43:889][505]LogShaderCompilers: Display: === FShaderJobCache stats ===
[2022.03.02-23.00.43:889][505]LogShaderCompilers: Display: Total job queries 0, among them cache hits 0 (0.00%)
[2022.03.02-23.00.43:889][505]LogShaderCompilers: Display: Tracking 0 distinct input hashes that result in 0 distinct outputs (0.00%)
[2022.03.02-23.00.43:889][505]LogShaderCompilers: Display: RAM used: 0.00 MB (0.00 GB) of 409.60 MB (0.40 GB) budget. Usage: 0.00%
[2022.03.02-23.00.43:889][505]LogShaderCompilers: Display: ================================================
[2022.03.02-23.00.43:901][505]LogShaderCompilers: Display: Shaders left to compile 0
[2022.03.02-23.00.43:924][505]LogModuleManager: Shutting down and abandoning module SequenceRecorderSections (560)
[2022.03.02-23.00.43:924][505]LogModuleManager: Shutting down and abandoning module SequenceRecorder (558)
[2022.03.02-23.00.43:924][505]LogModuleManager: Shutting down and abandoning module AutomationController (556)
[2022.03.02-23.00.43:924][505]LogModuleManager: Shutting down and abandoning module AutomationWorker (554)
[2022.03.02-23.00.43:924][505]LogModuleManager: Shutting down and abandoning module Voice (552)
[2022.03.02-23.00.43:924][505]LogModuleManager: Shutting down and abandoning module AIModule (550)
[2022.03.02-23.00.43:924][505]LogModuleManager: Shutting down and abandoning module GameplayDebugger (549)
[2022.03.02-23.00.43:924][505]LogModuleManager: Shutting down and abandoning module AITestSuite (547)
[2022.03.02-23.00.43:924][505]LogModuleManager: Shutting down and abandoning module NavigationSystem (545)
[2022.03.02-23.00.43:924][505]LogModuleManager: Shutting down and abandoning module AnimGraph (542)
[2022.03.02-23.00.43:924][505]LogModuleManager: Shutting down and abandoning module SteamVREditor (540)
[2022.03.02-23.00.43:924][505]LogModuleManager: Shutting down and abandoning module ToolMenus (539)
[2022.03.02-23.00.43:924][505]LogModuleManager: Shutting down and abandoning module OculusMR (536)
[2022.03.02-23.00.43:924][505]LogModuleManager: Shutting down and abandoning module TakeRecorderSources (534)
[2022.03.02-23.00.43:924][505]LogModuleManager: Shutting down and abandoning module TakeRecorder (533)
[2022.03.02-23.00.43:924][505]LogModuleManager: Shutting down and abandoning module TakeTrackRecorders (530)
[2022.03.02-23.00.43:924][505]LogModuleManager: Shutting down and abandoning module TakesCore (528)
[2022.03.02-23.00.43:924][505]LogModuleManager: Shutting down and abandoning module OpenXRInput (526)
[2022.03.02-23.00.43:924][505]LogModuleManager: Shutting down and abandoning module WmfMediaFactory (524)
[2022.03.02-23.00.43:924][505]LogModuleManager: Shutting down and abandoning module WebMMediaFactory (522)
[2022.03.02-23.00.43:924][505]LogModuleManager: Shutting down and abandoning module WebMMedia (520)
[2022.03.02-23.00.43:924][505]LogModuleManager: Shutting down and abandoning module MagicLeapMediaCodecFactory (518)
[2022.03.02-23.00.43:924][505]LogModuleManager: Shutting down and abandoning module MagicLeapMediaFactory (516)
[2022.03.02-23.00.43:924][505]LogModuleManager: Shutting down and abandoning module OpenExrWrapper (514)
[2022.03.02-23.00.43:924][505]LogModuleManager: Shutting down and abandoning module ImgMediaFactory (512)
[2022.03.02-23.00.43:924][505]LogModuleManager: Shutting down and abandoning module AvfMediaFactory (510)
[2022.03.02-23.00.43:924][505]LogModuleManager: Shutting down and abandoning module PlanarCut (508)
[2022.03.02-23.00.43:924][505]LogModuleManager: Shutting down and abandoning module CharacterAI (506)
[2022.03.02-23.00.43:924][505]LogModuleManager: Shutting down and abandoning module SessionServices (504)
[2022.03.02-23.00.43:924][505]LogModuleManager: Shutting down and abandoning module MovieSceneCapture (502)
[2022.03.02-23.00.43:924][505]LogModuleManager: Shutting down and abandoning module LiveCoding (500)
[2022.03.02-23.00.43:925][505]LogModuleManager: Shutting down and abandoning module LevelSequence (498)
[2022.03.02-23.00.43:925][505]LogModuleManager: Shutting down and abandoning module MovieSceneTracks (496)
[2022.03.02-23.00.43:925][505]LogModuleManager: Shutting down and abandoning module MovieScene (494)
[2022.03.02-23.00.43:925][505]LogModuleManager: Shutting down and abandoning module StreamingPauseRendering (492)
[2022.03.02-23.00.43:925][505]LogModuleManager: Shutting down and abandoning module PortalServices (490)
[2022.03.02-23.00.43:925][505]LogModuleManager: Shutting down and abandoning module PortalRpc (488)
[2022.03.02-23.00.43:925][505]LogModuleManager: Shutting down and abandoning module MessagingRpc (486)
[2022.03.02-23.00.43:925][505]LogModuleManager: Shutting down and abandoning module AudioMixerXAudio2 (484)
[2022.03.02-23.00.43:925][505]LogModuleManager: Shutting down and abandoning module AudioMixerCore (483)
[2022.03.02-23.00.43:925][505]LogModuleManager: Shutting down and abandoning module ImageWriteQueue (480)
[2022.03.02-23.00.43:929][505]LogModuleManager: Shutting down and abandoning module ProfilerService (478)
[2022.03.02-23.00.44:115][505]LogModuleManager: Shutting down and abandoning module TaskGraph (476)
[2022.03.02-23.00.44:115][505]LogModuleManager: Shutting down and abandoning module OculusInput (474)
[2022.03.02-23.00.44:115][505]LogModuleManager: Shutting down and abandoning module Synthesis (472)
[2022.03.02-23.00.44:115][505]LogModuleManager: Shutting down and abandoning module ProceduralMeshComponent (470)
[2022.03.02-23.00.44:115][505]LogModuleManager: Shutting down and abandoning module TakeMovieScene (468)
[2022.03.02-23.00.44:115][505]LogModuleManager: Shutting down and abandoning module MobilePatchingUtils (466)
[2022.03.02-23.00.44:115][505]LogModuleManager: Shutting down and abandoning module GooglePAD (464)
[2022.03.02-23.00.44:115][505]LogModuleManager: Shutting down and abandoning module EditableMesh (462)
[2022.03.02-23.00.44:115][505]LogModuleManager: Shutting down and abandoning module CustomMeshComponent (460)
[2022.03.02-23.00.44:115][505]LogModuleManager: Shutting down and abandoning module CableComponent (458)
[2022.03.02-23.00.44:115][505]LogModuleManager: Shutting down and abandoning module AudioCapture (456)
[2022.03.02-23.00.44:115][505]LogModuleManager: Shutting down and abandoning module AudioCaptureRtAudio (455)
[2022.03.02-23.00.44:115][505]LogModuleManager: Shutting down and abandoning module AssetTags (452)
[2022.03.02-23.00.44:115][505]LogModuleManager: Shutting down and abandoning module ArchVisCharacter (450)
[2022.03.02-23.00.44:115][505]LogModuleManager: Shutting down and abandoning module AppleImageUtilsBlueprintSupport (448)
[2022.03.02-23.00.44:115][505]LogModuleManager: Shutting down and abandoning module AppleImageUtils (446)
[2022.03.02-23.00.44:115][505]LogModuleManager: Shutting down and abandoning module AndroidPermission (444)
[2022.03.02-23.00.44:115][505]LogModuleManager: Shutting down and abandoning module ActorLayerUtilities (442)
[2022.03.02-23.00.44:115][505]LogModuleManager: Shutting down and abandoning module OodleNetworkHandlerComponent (440)
[2022.03.02-23.00.44:115][505]LogModuleManager: Shutting down and abandoning module TemplateSequence (438)
[2022.03.02-23.00.44:116][505]LogModuleManager: Shutting down and abandoning module MediaCompositing (436)
[2022.03.02-23.00.44:116][505]LogModuleManager: Shutting down and abandoning module MagicLeapSharedWorld (434)
[2022.03.02-23.00.44:116][505]LogModuleManager: Shutting down and abandoning module MagicLeapLightEstimation (432)
[2022.03.02-23.00.44:116][505]LogModuleManager: Shutting down and abandoning module MagicLeapHelperVulkan (430)
[2022.03.02-23.00.44:116][505]LogModuleManager: Shutting down and abandoning module MagicLeapHelperOpenGL (428)
[2022.03.02-23.00.44:116][505]LogModuleManager: Shutting down and abandoning module MagicLeapAudio (426)
[2022.03.02-23.00.44:116][505]LogModuleManager: Shutting down and abandoning module ImgMedia (424)
[2022.03.02-23.00.44:116][505]LogModuleManager: Shutting down and abandoning module MeshConversion (422)
[2022.03.02-23.00.44:116][505]LogModuleManager: Shutting down and abandoning module DynamicMesh (420)
[2022.03.02-23.00.44:116][505]LogModuleManager: Shutting down and abandoning module GeometryAlgorithms (418)
[2022.03.02-23.00.44:116][505]LogModuleManager: Shutting down and abandoning module GeometricObjects (416)
[2022.03.02-23.00.44:116][505]LogModuleManager: Shutting down and abandoning module OpenImageDenoise (414)
[2022.03.02-23.00.44:116][505]LogOpenImageDenoise: OIDN shutting down
[2022.03.02-23.00.44:116][505]LogModuleManager: Shutting down and abandoning module MotoSynth (412)
[2022.03.02-23.00.44:116][505]LogModuleManager: Shutting down and abandoning module GeometryCollectionTracks (410)
[2022.03.02-23.00.44:116][505]LogModuleManager: Shutting down and abandoning module GeometryCollectionSequencer (409)
[2022.03.02-23.00.44:116][505]LogModuleManager: Shutting down and abandoning module GeometryCacheTracks (406)
[2022.03.02-23.00.44:116][505]LogModuleManager: Shutting down and abandoning module GeometryCacheSequencer (405)
[2022.03.02-23.00.44:116][505]LogModuleManager: Shutting down and abandoning module GeometryCache (402)
[2022.03.02-23.00.44:116][505]LogModuleManager: Shutting down and abandoning module GeometryCacheEd (401)
[2022.03.02-23.00.44:116][505]LogModuleManager: Shutting down and abandoning module ChaosNiagara (398)
[2022.03.02-23.00.44:116][505]LogModuleManager: Shutting down and abandoning module FieldSystemEngine (397)
[2022.03.02-23.00.44:116][505]LogModuleManager: Shutting down and abandoning module BackChannel (394)
[2022.03.02-23.00.44:116][505]LogModuleManager: Shutting down and abandoning module AutomationUtils (392)
[2022.03.02-23.00.44:116][505]LogModuleManager: Shutting down and abandoning module VisualStudioCodeSourceCodeAccess (390)
[2022.03.02-23.00.44:116][505]LogModuleManager: Shutting down and abandoning module VisualStudioSourceCodeAccess (388)
[2022.03.02-23.00.44:116][505]LogModuleManager: Shutting down and abandoning module HotReload (387)
[2022.03.02-23.00.44:116][505]LogModuleManager: Shutting down and abandoning module UObjectPlugin (384)
[2022.03.02-23.00.44:116][505]LogModuleManager: Shutting down and abandoning module SubversionSourceControl (382)
[2022.03.02-23.00.44:117][505]LogModuleManager: Shutting down and abandoning module PerforceSourceControl (380)
[2022.03.02-23.00.44:117][505]LogModuleManager: Shutting down and abandoning module SourceControl (379)
[2022.03.02-23.00.44:117][505]LogModuleManager: Shutting down and abandoning module CLionSourceCodeAccess (376)
[2022.03.02-23.00.44:117][505]LogModuleManager: Shutting down and abandoning module LiveLinkSequencer (374)
[2022.03.02-23.00.44:117][505]LogModuleManager: Shutting down and abandoning module LiveLinkMovieScene (372)
[2022.03.02-23.00.44:117][505]LogModuleManager: Shutting down and abandoning module LiveLinkGraphNode (370)
[2022.03.02-23.00.44:117][505]LogModuleManager: Shutting down and abandoning module LiveLinkComponents (368)
[2022.03.02-23.00.44:117][505]LogModuleManager: Shutting down and abandoning module LiveLink (366)
[2022.03.02-23.00.44:603][505]LogModuleManager: Shutting down and abandoning module SoundFields (364)
[2022.03.02-23.00.44:603][505]LogModuleManager: Shutting down and abandoning module SignificanceManager (362)
[2022.03.02-23.00.44:603][505]LogModuleManager: Shutting down and abandoning module RuntimePhysXCooking (360)
[2022.03.02-23.00.44:603][505]LogModuleManager: Shutting down and abandoning module PropertyAccessEditor (358)
[2022.03.02-23.00.44:603][505]LogModuleManager: Shutting down and abandoning module PhysXVehiclesEditor (356)
[2022.03.02-23.00.44:603][505]LogModuleManager: Shutting down and abandoning module LocationServicesBPLibrary (352)
[2022.03.02-23.00.44:603][505]LogModuleManager: Shutting down and abandoning module AudioSynesthesia (350)
[2022.03.02-23.00.44:603][505]LogModuleManager: Shutting down and abandoning module AudioSynesthesiaCore (348)
[2022.03.02-23.00.44:603][505]LogModuleManager: Shutting down and abandoning module ActorSequence (346)
[2022.03.02-23.00.44:603][505]LogModuleManager: Shutting down and abandoning module UdpMessaging (344)
[2022.03.02-23.00.44:704][505]LogModuleManager: Shutting down and abandoning module TcpMessaging (342)
[2022.03.02-23.00.44:805][505]LogModuleManager: Shutting down and abandoning module MagicLeapARPin (340)
[2022.03.02-23.00.44:805][505]LogModuleManager: Shutting down and abandoning module MagicLeapHandMeshing (338)
[2022.03.02-23.00.44:805][505]LogModuleManager: Shutting down and abandoning module MagicLeapSecureStorage (336)
[2022.03.02-23.00.44:805][505]LogModuleManager: Shutting down and abandoning module MagicLeapPrivileges (334)
[2022.03.02-23.00.44:805][505]LogModuleManager: Shutting down and abandoning module MagicLeapPlanes (332)
[2022.03.02-23.00.44:805][505]LogMagicLeapPlanes: Planes tracker already destroyed.
[2022.03.02-23.00.44:805][505]LogModuleManager: Shutting down and abandoning module MagicLeapImageTracker (330)
[2022.03.02-23.00.44:805][505]LogModuleManager: Shutting down and abandoning module MagicLeapIdentity (328)
[2022.03.02-23.00.44:805][505]LogModuleManager: Shutting down and abandoning module MagicLeapHandTracking (326)
[2022.03.02-23.00.44:805][505]LogModuleManager: Shutting down and abandoning module MagicLeapEyeTracker (324)
[2022.03.02-23.00.44:805][505]LogModuleManager: Shutting down and abandoning module MagicLeapController (322)
[2022.03.02-23.00.44:805][505]LogModuleManager: Shutting down and abandoning module MagicLeapARPinImpl (320)
[2022.03.02-23.00.44:805][505]LogModuleManager: Shutting down and abandoning module MagicLeapAR (318)
[2022.03.02-23.00.44:805][505]LogModuleManager: Shutting down and abandoning module ImgMediaEngine (316)
[2022.03.02-23.00.44:805][505]LogModuleManager: Shutting down and abandoning module PythonScriptPlugin (314)
[2022.03.02-23.00.44:805][505]LogModuleManager: Shutting down and abandoning module NiagaraAnimNotifies (312)
[2022.03.02-23.00.44:805][505]LogModuleManager: Shutting down and abandoning module Niagara (310)
[2022.03.02-23.00.44:805][505]LogModuleManager: Shutting down and abandoning module SignalProcessing (309)
[2022.03.02-23.00.44:805][505]LogModuleManager: Shutting down and abandoning module NiagaraEditor (307)
[2022.03.02-23.00.44:805][505]LogModuleManager: Shutting down and abandoning module ContentBrowser (306)
[2022.03.02-23.00.44:805][505]LogModuleManager: Shutting down and abandoning module CollectionManager (305)
[2022.03.02-23.00.44:806][505]LogModuleManager: Shutting down and abandoning module DirectoryWatcher (304)
[2022.03.02-23.00.44:806][505]LogModuleManager: Shutting down and abandoning module ContentBrowserData (301)
[2022.03.02-23.00.44:806][505]LogModuleManager: Shutting down and abandoning module NiagaraCore (296)
[2022.03.02-23.00.44:806][505]LogModuleManager: Shutting down and abandoning module PropertyAccessNode (294)
[2022.03.02-23.00.44:806][505]LogModuleManager: Shutting down and abandoning module FacialAnimation (292)
[2022.03.02-23.00.44:806][505]LogModuleManager: Shutting down and abandoning module GameplayTagsEditor (290)
[2022.03.02-23.00.44:806][505]LogModuleManager: Shutting down and abandoning module AnimationSharing (288)
[2022.03.02-23.00.44:806][505]LogModuleManager: Shutting down and abandoning module GameplayCameras (286)
[2022.03.02-23.00.44:806][505]LogModuleManager: Shutting down and abandoning module AssetManagerEditor (284)
[2022.03.02-23.00.44:806][505]LogModuleManager: Shutting down and abandoning module TreeMap (283)
[2022.03.02-23.00.44:806][505]LogModuleManager: Shutting down and abandoning module LightPropagationVolumeRuntime (280)
[2022.03.02-23.00.44:806][505]LogModuleManager: Shutting down and abandoning module EnvironmentQueryEditor (278)
[2022.03.02-23.00.44:806][505]LogModuleManager: Shutting down and abandoning module Paper2D (276)
[2022.03.02-23.00.44:806][505]LogModuleManager: Shutting down and abandoning module WindowsMoviePlayer (274)
[2022.03.02-23.00.44:807][505]LogModuleManager: Shutting down and abandoning module WebMMoviePlayer (272)
[2022.03.02-23.00.44:807][505]LogModuleManager: Shutting down and abandoning module NetworkReplayStreaming (270)
[2022.03.02-23.00.44:807][505]LogModuleManager: Shutting down and abandoning module PacketHandler (268)
[2022.03.02-23.00.44:807][505]LogModuleManager: Shutting down and abandoning module ClothingSystemEditor (266)
[2022.03.02-23.00.44:807][505]LogModuleManager: Shutting down and abandoning module ClothingSystemRuntimeNv (264)
[2022.03.02-23.00.44:807][505]LogModuleManager: Shutting down and abandoning module MediaAssets (262)
[2022.03.02-23.00.44:807][505]LogModuleManager: Shutting down and abandoning module Overlay (260)
[2022.03.02-23.00.44:807][505]LogModuleManager: Shutting down and abandoning module OverlayEditor (259)
[2022.03.02-23.00.44:807][505]LogModuleManager: Shutting down and abandoning module VREditor (256)
[2022.03.02-23.00.44:807][505]LogModuleManager: Shutting down and abandoning module StringTableEditor (254)
[2022.03.02-23.00.44:807][505]LogModuleManager: Shutting down and abandoning module GameplayTasksEditor (252)
[2022.03.02-23.00.44:807][505]LogModuleManager: Shutting down and abandoning module BehaviorTreeEditor (250)
[2022.03.02-23.00.44:807][505]LogModuleManager: Shutting down and abandoning module FunctionalTesting (248)
[2022.03.02-23.00.44:807][505]LogModuleManager: Shutting down and abandoning module CollisionAnalyzer (246)
[2022.03.02-23.00.44:807][505]LogModuleManager: Shutting down and abandoning module WorkspaceMenuStructure (245)
[2022.03.02-23.00.44:807][505]LogModuleManager: Shutting down and abandoning module UMG (242)
[2022.03.02-23.00.44:807][505]LogModuleManager: Shutting down and abandoning module UMGEditor (241)
[2022.03.02-23.00.44:807][505]LogModuleManager: Shutting down and abandoning module Sequencer (240)
[2022.03.02-23.00.44:807][505]LogModuleManager: Shutting down and abandoning module MessageLog (237)
[2022.03.02-23.00.44:807][505]LogModuleManager: Shutting down and abandoning module SlateReflector (232)
[2022.03.02-23.00.44:808][505]LogModuleManager: Shutting down and abandoning module Slate (230)
[2022.03.02-23.00.44:808][505]LogModuleManager: Shutting down and abandoning module SlateCore (228)
[2022.03.02-23.00.44:809][505]LogModuleManager: Shutting down and abandoning module LandscapeEditorUtilities (226)
[2022.03.02-23.00.44:809][505]LogModuleManager: Shutting down and abandoning module UnrealEd (224)
[2022.03.02-23.00.44:809][505]LogModuleManager: Shutting down and abandoning module MRMesh (222)
[2022.03.02-23.00.44:809][505]LogModuleManager: Shutting down and abandoning module Messaging (220)
[2022.03.02-23.00.44:809][505]LogModuleManager: Shutting down and abandoning module SourceCodeAccess (218)
[2022.03.02-23.00.44:809][505]LogModuleManager: Shutting down and abandoning module HeadMountedDisplay (216)
[2022.03.02-23.00.44:809][505]LogModuleManager: Shutting down and abandoning module XAudio2 (214)
[2022.03.02-23.00.44:809][505]LogModuleManager: Shutting down and abandoning module Networking (212)
[2022.03.02-23.00.44:809][505]LogModuleManager: Shutting down and abandoning module Core (210)
[2022.03.02-23.00.44:809][505]LogModuleManager: Shutting down and abandoning module MaterialEditor (208)
[2022.03.02-23.00.44:809][505]LogModuleManager: Shutting down and abandoning module MovieSceneTools (206)
[2022.03.02-23.00.44:809][505]LogModuleManager: Shutting down and abandoning module EditorStyle (205)
[2022.03.02-23.00.44:810][505]LogModuleManager: Shutting down and abandoning module KismetCompiler (202)
[2022.03.02-23.00.44:810][505]LogModuleManager: Shutting down and abandoning module MeshBuilder (200)
[2022.03.02-23.00.44:810][505]LogModuleManager: Shutting down and abandoning module MeshUtilities (198)
[2022.03.02-23.00.44:810][505]LogModuleManager: Shutting down and abandoning module MeshMergeUtilities (197)
[2022.03.02-23.00.44:810][505]LogModuleManager: Shutting down and abandoning module MeshReductionInterface (196)
[2022.03.02-23.00.44:810][505]LogModuleManager: Shutting down and abandoning module MeshBoneReduction (195)
[2022.03.02-23.00.44:810][505]LogModuleManager: Shutting down and abandoning module SkeletalMeshReduction (193)
[2022.03.02-23.00.44:810][505]LogModuleManager: Shutting down and abandoning module ProxyLODMeshReduction (191)
[2022.03.02-23.00.44:810][505]LogModuleManager: Shutting down and abandoning module QuadricMeshReduction (189)
[2022.03.02-23.00.44:810][505]LogModuleManager: Shutting down and abandoning module MaterialBaking (185)
[2022.03.02-23.00.44:810][505]LogModuleManager: Shutting down and abandoning module NullInstallBundleManager (180)
[2022.03.02-23.00.44:810][505]LogModuleManager: Shutting down and abandoning module PIEPreviewDeviceProfileSelector (178)
[2022.03.02-23.00.44:810][505]LogModuleManager: Shutting down and abandoning module DerivedDataCache (176)
[2022.03.02-23.00.44:810][505]LogModuleManager: Shutting down and abandoning module TargetPlatform (174)
[2022.03.02-23.00.44:810][505]LogModuleManager: Shutting down and abandoning module VulkanShaderFormat (173)
[2022.03.02-23.00.44:810][505]LogModuleManager: Shutting down and abandoning module ShaderFormatVectorVM (171)
[2022.03.02-23.00.44:810][505]LogModuleManager: Shutting down and abandoning module ShaderFormatOpenGL (169)
[2022.03.02-23.00.44:810][505]LogModuleManager: Shutting down and abandoning module ShaderFormatD3D (167)
[2022.03.02-23.00.44:811][505]LogModuleManager: Shutting down and abandoning module MetalShaderFormat (165)
[2022.03.02-23.00.44:811][505]LogModuleManager: Shutting down and abandoning module TextureFormatOodle (163)
[2022.03.02-23.00.44:811][505]LogModuleManager: Shutting down and abandoning module TextureFormatUncompressed (161)
[2022.03.02-23.00.44:811][505]LogModuleManager: Shutting down and abandoning module TextureFormatPVR (159)
[2022.03.02-23.00.44:811][505]LogModuleManager: Shutting down and abandoning module TextureFormatETC2 (157)
[2022.03.02-23.00.44:811][505]LogModuleManager: Shutting down and abandoning module TextureFormatDXT (155)
[2022.03.02-23.00.44:811][505]LogModuleManager: Shutting down and abandoning module TextureFormatIntelISPCTexComp (153)
[2022.03.02-23.00.44:811][505]LogModuleManager: Shutting down and abandoning module TextureFormatASTC (151)
[2022.03.02-23.00.44:811][505]LogModuleManager: Shutting down and abandoning module ImageWrapper (150)
[2022.03.02-23.00.44:811][505]LogModuleManager: Shutting down and abandoning module AudioFormatOpus (147)
[2022.03.02-23.00.44:811][505]LogModuleManager: Shutting down and abandoning module AudioFormatOgg (145)
[2022.03.02-23.00.44:811][505]LogModuleManager: Shutting down and abandoning module AudioFormatADPCM (143)
[2022.03.02-23.00.44:811][505]LogModuleManager: Shutting down and abandoning module WindowsServerTargetPlatform (141)
[2022.03.02-23.00.44:811][505]LogModuleManager: Shutting down and abandoning module WindowsClientTargetPlatform (139)
[2022.03.02-23.00.44:811][505]LogModuleManager: Shutting down and abandoning module WindowsTargetPlatform (137)
[2022.03.02-23.00.44:811][505]LogModuleManager: Shutting down and abandoning module WindowsNoEditorTargetPlatform (135)
[2022.03.02-23.00.44:811][505]LogModuleManager: Shutting down and abandoning module D3D11RHI (132)
[2022.03.02-23.00.44:811][505]LogModuleManager: Shutting down and abandoning module InputCore (130)
[2022.03.02-23.00.44:811][505]LogModuleManager: Shutting down and abandoning module Settings (128)
[2022.03.02-23.00.44:811][505]LogModuleManager: Shutting down and abandoning module PhysXCooking (126)
[2022.03.02-23.00.44:811][505]LogModuleManager: Shutting down and abandoning module Chaos (124)
[2022.03.02-23.00.44:811][505]LogModuleManager: Shutting down and abandoning module WindowsPlatformFeatures (122)
[2022.03.02-23.00.44:811][505]LogModuleManager: Shutting down and abandoning module GameplayMediaEncoder (121)
[2022.03.02-23.00.44:811][505]LogModuleManager: Shutting down and abandoning module AVEncoder (120)
[2022.03.02-23.00.44:811][505]LogModuleManager: Shutting down and abandoning module SteamVRInputDevice (116)
[2022.03.02-23.00.44:811][505]LogModuleManager: Shutting down and abandoning module SteamVRInput (114)
[2022.03.02-23.00.44:811][505]LogModuleManager: Shutting down and abandoning module SteamVR (112)
[2022.03.02-23.00.44:811][505]LogHMD: Freeing OpenVRDLLHandle.
[2022.03.02-23.00.44:811][505]LogModuleManager: Shutting down and abandoning module OculusHMD (110)
[2022.03.02-23.00.44:811][505]LogModuleManager: Shutting down and abandoning module OpenXRAR (108)
[2022.03.02-23.00.44:811][505]LogModuleManager: Shutting down and abandoning module AugmentedReality (107)
[2022.03.02-23.00.44:811][505]LogModuleManager: Shutting down and abandoning module OpenXRHandTracking (104)
[2022.03.02-23.00.44:811][505]LogSlate: Slate User Destroyed.  User Index 0, Is Virtual User: 0
[2022.03.02-23.00.44:811][505]LogModuleManager: Shutting down and abandoning module OpenXRHMD (103)
[2022.03.02-23.00.44:815][505]LogModuleManager: Shutting down and abandoning module OpenXREyeTracker (100)
[2022.03.02-23.00.44:815][505]LogModuleManager: Shutting down and abandoning module ExampleDeviceProfileSelector (98)
[2022.03.02-23.00.44:815][505]LogModuleManager: Shutting down and abandoning module ChunkDownloader (96)
[2022.03.02-23.00.44:815][505]LogModuleManager: Shutting down and abandoning module OnlineSubsystem (94)
[2022.03.02-23.00.44:816][505]LogModuleManager: Shutting down and abandoning module XMPP (89)
[2022.03.02-23.00.44:816][505]LogModuleManager: Shutting down and abandoning module WebSockets (88)
[2022.03.02-23.00.44:837][505]LogModuleManager: Shutting down and abandoning module HTTP (85)
[2022.03.02-23.00.44:837][505]LogHttp: Display: cleaning up 0 outstanding Http requests.
[2022.03.02-23.00.44:871][505]LogModuleManager: Shutting down and abandoning module SSL (84)
[2022.03.02-23.00.44:872][505]LogModuleManager: Shutting down and abandoning module OnlineBlueprintSupport (80)
[2022.03.02-23.00.44:872][505]LogModuleManager: Shutting down and abandoning module LauncherChunkInstaller (76)
[2022.03.02-23.00.44:872][505]LogModuleManager: Shutting down and abandoning module WmfMedia (74)
[2022.03.02-23.00.44:873][505]LogModuleManager: Shutting down and abandoning module Media (73)
[2022.03.02-23.00.44:874][505]LogModuleManager: Shutting down and abandoning module MediaInfo (72)
[2022.03.02-23.00.44:874][505]LogModuleManager: Shutting down and abandoning module MLSDK (68)
[2022.03.02-23.00.44:874][505]LogModuleManager: Shutting down and abandoning module MagicLeap (66)
[2022.03.02-23.00.44:874][505]LogModuleManager: Shutting down and abandoning module ExrReaderGpu (64)
[2022.03.02-23.00.44:874][505]LogModuleManager: Shutting down and abandoning module ChaosCloth (62)
[2022.03.02-23.00.44:874][505]LogModuleManager: Shutting down and abandoning module NiagaraVertexFactories (60)
[2022.03.02-23.00.44:874][505]LogModuleManager: Shutting down and abandoning module NiagaraShader (58)
[2022.03.02-23.00.44:874][505]LogModuleManager: Shutting down and abandoning module VariantManagerContent (56)
[2022.03.02-23.00.44:874][505]LogModuleManager: Shutting down and abandoning module DatasmithContent (54)
[2022.03.02-23.00.44:874][505]LogModuleManager: Shutting down and abandoning module PixWinPlugin (52)
[2022.03.02-23.00.44:875][505]LogModuleManager: Shutting down and abandoning module AISupportModule (50)
[2022.03.02-23.00.44:875][505]LogModuleManager: Shutting down and abandoning module DesktopPlatform (48)
[2022.03.02-23.00.44:875][505]LogModuleManager: Shutting down and abandoning module PythonScriptPluginPreload (46)
[2022.03.02-23.00.44:875][505]LogModuleManager: Shutting down and abandoning module PlatformCryptoOpenSSL (44)
[2022.03.02-23.00.44:875][505]LogModuleManager: Shutting down and abandoning module PlatformCryptoTypes (42)
[2022.03.02-23.00.44:875][505]LogModuleManager: Shutting down and abandoning module PlatformCrypto (40)
[2022.03.02-23.00.44:875][505]LogModuleManager: Shutting down and abandoning module OodleDataCompressionFormat (38)
[2022.03.02-23.00.44:875][505]LogModuleManager: Shutting down and abandoning module XGEController (36)
[2022.03.02-23.00.44:875][505]LogModuleManager: Shutting down and abandoning module AnimationModifiers (34)
[2022.03.02-23.00.44:875][505]LogModuleManager: Shutting down and abandoning module AudioEditor (32)
[2022.03.02-23.00.44:875][505]LogModuleManager: Shutting down and abandoning module PropertyEditor (31)
[2022.03.02-23.00.44:875][505]LogModuleManager: Shutting down and abandoning module TextureCompressor (28)
[2022.03.02-23.00.44:875][505]LogModuleManager: Shutting down and abandoning module RenderCore (26)
[2022.03.02-23.00.44:875][505]LogModuleManager: Shutting down and abandoning module Landscape (24)
[2022.03.02-23.00.44:875][505]LogModuleManager: Shutting down and abandoning module SlateRHIRenderer (22)
[2022.03.02-23.00.44:875][505]LogModuleManager: Shutting down and abandoning module AnimGraphRuntime (20)
[2022.03.02-23.00.44:875][505]LogModuleManager: Shutting down and abandoning module Renderer (18)
[2022.03.02-23.00.44:875][505]LogModuleManager: Shutting down and abandoning module Engine (16)
[2022.03.02-23.00.44:875][505]LogModuleManager: Shutting down and abandoning module CoreUObject (14)
[2022.03.02-23.00.44:875][505]LogModuleManager: Shutting down and abandoning module NetworkFile (12)
[2022.03.02-23.00.44:875][505]LogModuleManager: Shutting down and abandoning module CookedIterativeFile (10)
[2022.03.02-23.00.44:875][505]LogModuleManager: Shutting down and abandoning module StreamingFile (8)
[2022.03.02-23.00.44:875][505]LogModuleManager: Shutting down and abandoning module SandboxFile (6)
[2022.03.02-23.00.44:875][505]LogModuleManager: Shutting down and abandoning module PakFile (4)
[2022.03.02-23.00.44:876][505]LogModuleManager: Shutting down and abandoning module RSA (3)
[2022.03.02-23.00.44:950][505]LogContentStreaming: Display: There are 1 unreleased StreamingManagers
[2022.03.02-23.00.44:967][505]LogD3D11RHI: Shutdown
[2022.03.02-23.00.44:967][505]LogD3D11RHI: CleanupD3DDevice
[2022.03.02-23.00.44:972][505]LogExit: Exiting.
[2022.03.02-23.00.44:980][505]Log file closed, 03/02/22 23:00:44
