Log file open, 03/02/22 20:00:17
LogWindows: Failed to load 'aqProf.dll' (GetLastError=126)
LogWindows: File 'aqProf.dll' does not exist
LogWindows: Failed to load 'VtuneApi.dll' (GetLastError=126)
LogWindows: File 'VtuneApi.dll' does not exist
LogWindows: Failed to load 'VtuneApi32e.dll' (GetLastError=126)
LogWindows: File 'VtuneApi32e.dll' does not exist
LogConsoleResponse: Display: Failed to find resolution value strings in scalability ini. Falling back to default.
LogConsoleResponse: Display: Failed to find resolution value strings in scalability ini. Falling back to default.
LogInit: Display: Running engine for game: EndlessRunner
LogPlatformFile: Not using cached read wrapper
LogTaskGraph: Started task graph with 5 named threads and 35 total threads with 3 sets of task threads.
LogStats: Stats thread started at 0.339488
LogICUInternationalization: ICU TimeZone Detection - Raw Offset: +0:00, Platform Override: ''
LogInit: Display: Loading text-based GConfig....
LogPluginManager: Mounting plugin MeshPainting
LogPluginManager: Mounting plugin XGEController
LogPluginManager: Mounting plugin AISupport
LogPluginManager: Mounting plugin Paper2D
LogPluginManager: Mounting plugin EnvironmentQueryEditor
LogPluginManager: Mounting plugin LightPropagationVolume
LogPluginManager: Mounting plugin LiveLink
LogPluginManager: Mounting plugin AssetManagerEditor
LogPluginManager: Mounting plugin CurveEditorTools
LogPluginManager: Mounting plugin DataValidation
LogPluginManager: Mounting plugin GameplayTagsEditor
LogPluginManager: Mounting plugin DatasmithContent
LogPluginManager: Mounting plugin FacialAnimation
LogPluginManager: Mounting plugin GeometryMode
LogPluginManager: Mounting plugin MacGraphicsSwitching
LogPluginManager: Mounting plugin MaterialAnalyzer
LogPluginManager: Mounting plugin PluginBrowser
LogPluginManager: Mounting plugin MobileLauncherProfileWizard
LogPluginManager: Mounting plugin VariantManagerContent
LogPluginManager: Mounting plugin SpeedTreeImporter
LogPluginManager: Mounting plugin Niagara
LogPluginManager: Mounting plugin AnimationSharing
LogPluginManager: Mounting plugin LuminPlatformFeatures
LogPluginManager: Mounting plugin MagicLeap
LogPluginManager: Mounting plugin MagicLeapLightEstimation
LogPluginManager: Mounting plugin MagicLeapMedia
LogPluginManager: Mounting plugin MagicLeapPassableWorld
LogPluginManager: Mounting plugin CLionSourceCodeAccess
LogPluginManager: Mounting plugin CodeLiteSourceCodeAccess
LogPluginManager: Mounting plugin MLSDK
LogPluginManager: Mounting plugin GitSourceControl
LogPluginManager: Mounting plugin KDevelopSourceCodeAccess
LogPluginManager: Mounting plugin NullSourceCodeAccess
LogPluginManager: Mounting plugin PerforceSourceControl
LogPluginManager: Mounting plugin PixWinPlugin
LogPluginManager: Mounting plugin PluginUtils
LogPluginManager: Mounting plugin PlasticSourceControl
LogPluginManager: Mounting plugin PropertyAccessNode
LogPluginManager: Mounting plugin RiderSourceCodeAccess
LogPluginManager: Mounting plugin SubversionSourceControl
LogPluginManager: Mounting plugin TextureFormatOodle
LogPluginManager: Mounting plugin UObjectPlugin
LogPluginManager: Mounting plugin VisualStudioSourceCodeAccess
LogPluginManager: Mounting plugin VisualStudioCodeSourceCodeAccess
LogPluginManager: Mounting plugin XCodeSourceCodeAccess
LogPluginManager: Mounting plugin AndroidMedia
LogPluginManager: Mounting plugin AvfMedia
LogPluginManager: Mounting plugin ImgMedia
LogPluginManager: Mounting plugin MediaCompositing
LogPluginManager: Mounting plugin MediaPlayerEditor
LogPluginManager: Mounting plugin WebMMedia
LogPluginManager: Mounting plugin ActorSequence
LogPluginManager: Mounting plugin CryptoKeys
LogPluginManager: Mounting plugin LevelSequenceEditor
LogPluginManager: Mounting plugin MatineeToLevelSequence
LogPluginManager: Mounting plugin WmfMedia
LogPluginManager: Mounting plugin TemplateSequence
LogPluginManager: Mounting plugin AlembicImporter
LogPluginManager: Mounting plugin AutomationUtils
LogPluginManager: Mounting plugin ChaosClothEditor
LogPluginManager: Mounting plugin ChaosCloth
LogPluginManager: Mounting plugin ChaosSolverPlugin
LogPluginManager: Mounting plugin ChaosNiagara
LogPluginManager: Mounting plugin CharacterAI
LogPluginManager: Mounting plugin ChaosEditor
LogPluginManager: Mounting plugin GeometryCollectionPlugin
LogPluginManager: Mounting plugin BackChannel
LogPluginManager: Mounting plugin GeometryCache
LogPluginManager: Mounting plugin OnlineSubsystem
LogPluginManager: Mounting plugin OnlineSubsystemNull
LogPluginManager: Mounting plugin OnlineSubsystemUtils
LogPluginManager: Mounting plugin LauncherChunkInstaller
LogPluginManager: Mounting plugin GeometryProcessing
LogPluginManager: Mounting plugin MotoSynth
LogPluginManager: Mounting plugin OpenImageDenoise
LogPluginManager: Mounting plugin PlanarCut
LogPluginManager: Mounting plugin PlatformCrypto
LogPluginManager: Mounting plugin ProxyLODPlugin
LogPluginManager: Mounting plugin SkeletalReduction
LogPluginManager: Mounting plugin TcpMessaging
LogPluginManager: Mounting plugin UdpMessaging
LogPluginManager: Mounting plugin ActorLayerUtilities
LogPluginManager: Mounting plugin AndroidDeviceProfileSelector
LogPluginManager: Mounting plugin AndroidMoviePlayer
LogPluginManager: Mounting plugin AndroidPermission
LogPluginManager: Mounting plugin AppleImageUtils
LogPluginManager: Mounting plugin AppleMoviePlayer
LogPluginManager: Mounting plugin ArchVisCharacter
LogPluginManager: Mounting plugin AssetTags
LogPluginManager: Mounting plugin AudioCapture
LogPluginManager: Mounting plugin AudioSynesthesia
LogPluginManager: Mounting plugin ChunkDownloader
LogPluginManager: Mounting plugin CableComponent
LogPluginManager: Mounting plugin CustomMeshComponent
LogPluginManager: Mounting plugin ExampleDeviceProfileSelector
LogPluginManager: Mounting plugin EditableMesh
LogPluginManager: Mounting plugin GoogleCloudMessaging
LogPluginManager: Mounting plugin GooglePAD
LogPluginManager: Mounting plugin ScreenshotTools
LogPluginManager: Mounting plugin IOSDeviceProfileSelector
LogPluginManager: Mounting plugin LinuxDeviceProfileSelector
LogPluginManager: Mounting plugin LocationServicesBPLibrary
LogPluginManager: Mounting plugin MobilePatchingUtils
LogPluginManager: Mounting plugin OpenXR
LogPluginManager: Mounting plugin OpenXREyeTracker
LogPluginManager: Mounting plugin OpenXRHandTracking
LogPluginManager: Mounting plugin PhysXVehicles
LogPluginManager: Mounting plugin PythonScriptPlugin
LogPluginManager: Mounting plugin Takes
LogPluginManager: Mounting plugin PostSplashScreen
LogPluginManager: Mounting plugin ProceduralMeshComponent
LogPluginManager: Mounting plugin PropertyAccessEditor
LogPluginManager: Mounting plugin RuntimePhysXCooking
LogPluginManager: Mounting plugin SignificanceManager
LogPluginManager: Mounting plugin SoundFields
LogPluginManager: Mounting plugin Synthesis
LogPluginManager: Mounting plugin WebMMoviePlayer
LogPluginManager: Mounting plugin WindowsMoviePlayer
LogPluginManager: Mounting plugin OodleNetwork
LogPluginManager: Mounting plugin OodleData
LogPluginManager: Mounting plugin CameraShakePreviewer
LogPluginManager: Mounting plugin GameplayCameras
LogPluginManager: Mounting plugin ContentBrowserAssetDataSource
LogPluginManager: Mounting plugin ContentBrowserClassDataSource
LogPluginManager: Mounting plugin ContentBrowserFileDataSource
LogPluginManager: Mounting plugin OnlineSubsystemGooglePlay
LogPluginManager: Mounting plugin OnlineSubsystemIOS
LogPluginManager: Mounting plugin OculusVR
LogPluginManager: Mounting plugin SteamVR
PixWinPlugin: PIX capture plugin failed to initialize! Check that the process is launched from PIX.
LogInit: Using libcurl 7.55.1-DEV
LogInit:  - built for x86_64-pc-win32
LogInit:  - supports SSL with OpenSSL/1.1.1
LogInit:  - supports HTTP deflate (compression) using libz 1.2.8
LogInit:  - other features:
LogInit:      CURL_VERSION_SSL
LogInit:      CURL_VERSION_LIBZ
LogInit:      CURL_VERSION_IPV6
LogInit:      CURL_VERSION_ASYNCHDNS
LogInit:      CURL_VERSION_LARGEFILE
LogInit:      CURL_VERSION_IDN
LogInit:  CurlRequestOptions (configurable via config and command line):
LogInit:  - bVerifyPeer = true  - Libcurl will verify peer certificate
LogInit:  - bUseHttpProxy = false  - Libcurl will NOT use HTTP proxy
LogInit:  - bDontReuseConnections = false  - Libcurl will reuse connections
LogInit:  - MaxHostConnections = 16  - Libcurl will limit the number of connections to a host
LogInit:  - LocalHostAddr = Default
LogInit:  - BufferSize = 65536
LogOnline: OSS: Creating online subsystem instance for: NULL
LogInit: WinSock: version 1.1 (2.2), MaxSocks=32767, MaxUdp=65467
LogOnline: OSS: TryLoadSubsystemAndSetDefault: Loaded subsystem for module [NULL]
LogOculusPluginWrapper: OculusPlugin initialized successfully
LogHMD: Failed initializing OVRPlugin 1.59.0
LogInit: Build: ++UE4+Release-4.27-CL-18319896
LogInit: Engine Version: 4.27.2-18319896+++UE4+Release-4.27
LogInit: Compatible Engine Version: 4.27.0-17155196+++UE4+Release-4.27
LogInit: Net CL: 17155196
LogInit: OS: Windows 10 (Release 2009) (), CPU: Intel(R) Core(TM) i7-10750H CPU @ 2.60GHz, GPU: NVIDIA GeForce GTX 1660 Ti
LogInit: Compiled (64-bit): Nov 30 2021 07:12:08
LogInit: Compiled with Visual C++: 19.24.28315.00
LogInit: Build Configuration: Development
LogInit: Branch Name: ++UE4+Release-4.27
LogInit: Command Line:  /Game/--NEW--/Maps/ThirdPersonExampleMap -game -PIEVIACONSOLE -Multiprocess GameUserSettingsINI=C:/PROJECTS/Unreal/Endless-Runner/EndlessRunner/Saved/Config/Windows/PIEGameUserSettings0.ini -MultiprocessSaveConfig -forcepassthrough -messaging -SessionName="Play in Standalone Game" -windowed -ResX=1280 -ResY=720
LogInit: Base Directory: C:/Program Files/Epic Games/UE_4.27/Engine/Binaries/Win64/
LogInit: Allocator: TBB
LogInit: Installed Engine Build: 1
LogDevObjectVersion: Number of dev versions registered: 29
LogDevObjectVersion:   Dev-Blueprints (B0D832E4-1F89-4F0D-ACCF-7EB736FD4AA2): 10
LogDevObjectVersion:   Dev-Build (E1C64328-A22C-4D53-A36C-8E866417BD8C): 0
LogDevObjectVersion:   Dev-Core (375EC13C-06E4-48FB-B500-84F0262A717E): 4
LogDevObjectVersion:   Dev-Editor (E4B068ED-F494-42E9-A231-DA0B2E46BB41): 40
LogDevObjectVersion:   Dev-Framework (CFFC743F-43B0-4480-9391-14DF171D2073): 37
LogDevObjectVersion:   Dev-Mobile (B02B49B5-BB20-44E9-A304-32B752E40360): 3
LogDevObjectVersion:   Dev-Networking (A4E4105C-59A1-49B5-A7C5-40C4547EDFEE): 0
LogDevObjectVersion:   Dev-Online (39C831C9-5AE6-47DC-9A44-9C173E1C8E7C): 0
LogDevObjectVersion:   Dev-Physics (78F01B33-EBEA-4F98-B9B4-84EACCB95AA2): 14
LogDevObjectVersion:   Dev-Platform (6631380F-2D4D-43E0-8009-CF276956A95A): 0
LogDevObjectVersion:   Dev-Rendering (12F88B9F-8875-4AFC-A67C-D90C383ABD29): 45
LogDevObjectVersion:   Dev-Sequencer (7B5AE74C-D270-4C10-A958-57980B212A5A): 13
LogDevObjectVersion:   Dev-VR (D7296918-1DD6-4BDD-9DE2-64A83CC13884): 3
LogDevObjectVersion:   Dev-LoadTimes (C2A15278-BFE7-4AFE-6C17-90FF531DF755): 1
LogDevObjectVersion:   Private-Geometry (6EACA3D4-40EC-4CC1-B786-8BED09428FC5): 3
LogDevObjectVersion:   Dev-AnimPhys (29E575DD-E0A3-4627-9D10-D276232CDCEA): 17
LogDevObjectVersion:   Dev-Anim (AF43A65D-7FD3-4947-9873-3E8ED9C1BB05): 15
LogDevObjectVersion:   Dev-ReflectionCapture (6B266CEC-1EC7-4B8F-A30B-E4D90942FC07): 1
LogDevObjectVersion:   Dev-Automation (0DF73D61-A23F-47EA-B727-89E90C41499A): 1
LogDevObjectVersion:   FortniteMain (601D1886-AC64-4F84-AA16-D3DE0DEAC7D6): 47
LogDevObjectVersion:   FortniteRelease (E7086368-6B23-4C58-8439-1B7016265E91): 1
LogDevObjectVersion:   Dev-Enterprise (9DFFBCD6-494F-0158-E221-12823C92A888): 10
LogDevObjectVersion:   Dev-Niagara (F2AED0AC-9AFE-416F-8664-AA7FFA26D6FC): 1
LogDevObjectVersion:   Dev-Destruction (174F1F0B-B4C6-45A5-B13F-2EE8D0FB917D): 10
LogDevObjectVersion:   Dev-Physics-Ext (35F94A83-E258-406C-A318-09F59610247C): 41
LogDevObjectVersion:   Dev-PhysicsMaterial-Chaos (B68FC16E-8B1B-42E2-B453-215C058844FE): 1
LogDevObjectVersion:   Dev-CineCamera (B2E18506-4273-CFC2-A54E-F4BB758BBA07): 1
LogDevObjectVersion:   Dev-VirtualProduction (64F58936-FD1B-42BA-BA96-7289D5D0FA4E): 1
LogDevObjectVersion:   Dev-MediaFramework (6F0ED827-A609-4895-9C91-998D90180EA4): 2
LogInit: Presizing for max 25165824 objects, including 0 objects not considered by GC, pre-allocating 0 bytes for permanent pool.
LogConfig: Applying CVar settings from Section [/Script/Engine.StreamingSettings] File [C:/PROJECTS/Unreal/Endless-Runner/EndlessRunner/Saved/Config/Windows/Engine.ini]
LogConfig: Setting CVar [[s.MinBulkDataSizeForAsyncLoading:131072]]
LogConfig: Setting CVar [[s.AsyncLoadingThreadEnabled:0]]
LogConfig: Setting CVar [[s.EventDrivenLoaderEnabled:1]]
LogConfig: Setting CVar [[s.WarnIfTimeLimitExceeded:0]]
LogConfig: Setting CVar [[s.TimeLimitExceededMultiplier:1.5]]
LogConfig: Setting CVar [[s.TimeLimitExceededMinTime:0.005]]
LogConfig: Setting CVar [[s.UseBackgroundLevelStreaming:1]]
LogConfig: Setting CVar [[s.PriorityAsyncLoadingExtraTime:15.0]]
LogConfig: Setting CVar [[s.LevelStreamingActorsUpdateTimeLimit:5.0]]
LogConfig: Setting CVar [[s.PriorityLevelStreamingActorsUpdateExtraTime:5.0]]
LogConfig: Setting CVar [[s.LevelStreamingComponentsRegistrationGranularity:10]]
LogConfig: Setting CVar [[s.UnregisterComponentsTimeLimit:1.0]]
LogConfig: Setting CVar [[s.LevelStreamingComponentsUnregistrationGranularity:5]]
LogConfig: Setting CVar [[s.FlushStreamingOnExit:1]]
LogInit: Object subsystem initialized
LogConfig: Setting CVar [[con.DebugEarlyDefault:1]]
LogConfig: Setting CVar [[r.setres:1280x720]]
[2022.03.02-20.00.18:628][  0]LogConfig: Setting CVar [[con.DebugEarlyDefault:1]]
[2022.03.02-20.00.18:628][  0]LogConfig: Setting CVar [[r.setres:1280x720]]
[2022.03.02-20.00.18:628][  0]LogConfig: Applying CVar settings from Section [/Script/Engine.RendererSettings] File [C:/PROJECTS/Unreal/Endless-Runner/EndlessRunner/Saved/Config/Windows/Engine.ini]
[2022.03.02-20.00.18:628][  0]LogConfig: Setting CVar [[r.GPUCrashDebugging:0]]
[2022.03.02-20.00.18:628][  0]LogConfig: Applying CVar settings from Section [/Script/Engine.RendererOverrideSettings] File [C:/PROJECTS/Unreal/Endless-Runner/EndlessRunner/Saved/Config/Windows/Engine.ini]
[2022.03.02-20.00.18:628][  0]LogConfig: Applying CVar settings from Section [/Script/Engine.StreamingSettings] File [C:/PROJECTS/Unreal/Endless-Runner/EndlessRunner/Saved/Config/Windows/Engine.ini]
[2022.03.02-20.00.18:628][  0]LogConfig: Setting CVar [[s.MinBulkDataSizeForAsyncLoading:131072]]
[2022.03.02-20.00.18:628][  0]LogConfig: Setting CVar [[s.AsyncLoadingThreadEnabled:0]]
[2022.03.02-20.00.18:628][  0]LogConfig: Setting CVar [[s.EventDrivenLoaderEnabled:1]]
[2022.03.02-20.00.18:628][  0]LogConfig: Setting CVar [[s.WarnIfTimeLimitExceeded:0]]
[2022.03.02-20.00.18:628][  0]LogConfig: Setting CVar [[s.TimeLimitExceededMultiplier:1.5]]
[2022.03.02-20.00.18:628][  0]LogConfig: Setting CVar [[s.TimeLimitExceededMinTime:0.005]]
[2022.03.02-20.00.18:628][  0]LogConfig: Setting CVar [[s.UseBackgroundLevelStreaming:1]]
[2022.03.02-20.00.18:628][  0]LogConfig: Setting CVar [[s.PriorityAsyncLoadingExtraTime:15.0]]
[2022.03.02-20.00.18:628][  0]LogConfig: Setting CVar [[s.LevelStreamingActorsUpdateTimeLimit:5.0]]
[2022.03.02-20.00.18:628][  0]LogConfig: Setting CVar [[s.PriorityLevelStreamingActorsUpdateExtraTime:5.0]]
[2022.03.02-20.00.18:628][  0]LogConfig: Setting CVar [[s.LevelStreamingComponentsRegistrationGranularity:10]]
[2022.03.02-20.00.18:628][  0]LogConfig: Setting CVar [[s.UnregisterComponentsTimeLimit:1.0]]
[2022.03.02-20.00.18:628][  0]LogConfig: Setting CVar [[s.LevelStreamingComponentsUnregistrationGranularity:5]]
[2022.03.02-20.00.18:628][  0]LogConfig: Setting CVar [[s.FlushStreamingOnExit:1]]
[2022.03.02-20.00.18:628][  0]LogConfig: Applying CVar settings from Section [/Script/Engine.GarbageCollectionSettings] File [C:/PROJECTS/Unreal/Endless-Runner/EndlessRunner/Saved/Config/Windows/Engine.ini]
[2022.03.02-20.00.18:629][  0]LogConfig: Setting CVar [[gc.MaxObjectsNotConsideredByGC:1]]
[2022.03.02-20.00.18:629][  0]LogConfig: Setting CVar [[gc.SizeOfPermanentObjectPool:0]]
[2022.03.02-20.00.18:629][  0]LogConfig: Setting CVar [[gc.FlushStreamingOnGC:0]]
[2022.03.02-20.00.18:629][  0]LogConfig: Setting CVar [[gc.NumRetriesBeforeForcingGC:10]]
[2022.03.02-20.00.18:629][  0]LogConfig: Setting CVar [[gc.AllowParallelGC:1]]
[2022.03.02-20.00.18:629][  0]LogConfig: Setting CVar [[gc.TimeBetweenPurgingPendingKillObjects:61.1]]
[2022.03.02-20.00.18:629][  0]LogConfig: Setting CVar [[gc.MaxObjectsInEditor:25165824]]
[2022.03.02-20.00.18:629][  0]LogConfig: Setting CVar [[gc.IncrementalBeginDestroyEnabled:1]]
[2022.03.02-20.00.18:629][  0]LogConfig: Setting CVar [[gc.CreateGCClusters:1]]
[2022.03.02-20.00.18:629][  0]LogConfig: Setting CVar [[gc.MinGCClusterSize:5]]
[2022.03.02-20.00.18:629][  0]LogConfig: Setting CVar [[gc.ActorClusteringEnabled:0]]
[2022.03.02-20.00.18:629][  0]LogConfig: Setting CVar [[gc.BlueprintClusteringEnabled:0]]
[2022.03.02-20.00.18:629][  0]LogConfig: Setting CVar [[gc.UseDisregardForGCOnDedicatedServers:0]]
[2022.03.02-20.00.18:629][  0]LogConfig: Setting CVar [[gc.MultithreadedDestructionEnabled:1]]
[2022.03.02-20.00.18:629][  0]LogConfig: Applying CVar settings from Section [/Script/Engine.NetworkSettings] File [C:/PROJECTS/Unreal/Endless-Runner/EndlessRunner/Saved/Config/Windows/Engine.ini]
[2022.03.02-20.00.18:629][  0]LogConfig: Applying CVar settings from Section [/Script/UnrealEd.CookerSettings] File [C:/PROJECTS/Unreal/Endless-Runner/EndlessRunner/Saved/Config/Windows/Engine.ini]
[2022.03.02-20.00.18:662][  0]LogConfig: Applying CVar settings from Section [ViewDistanceQuality@3] File [C:/PROJECTS/Unreal/Endless-Runner/EndlessRunner/Saved/Config/Windows/Scalability.ini]
[2022.03.02-20.00.18:662][  0]LogConfig: Setting CVar [[r.SkeletalMeshLODBias:0]]
[2022.03.02-20.00.18:662][  0]LogConfig: Setting CVar [[r.ViewDistanceScale:1.0]]
[2022.03.02-20.00.18:662][  0]LogConfig: Applying CVar settings from Section [AntiAliasingQuality@3] File [C:/PROJECTS/Unreal/Endless-Runner/EndlessRunner/Saved/Config/Windows/Scalability.ini]
[2022.03.02-20.00.18:662][  0]LogConfig: Setting CVar [[r.PostProcessAAQuality:4]]
[2022.03.02-20.00.18:662][  0]LogConfig: Applying CVar settings from Section [ShadowQuality@3] File [C:/PROJECTS/Unreal/Endless-Runner/EndlessRunner/Saved/Config/Windows/Scalability.ini]
[2022.03.02-20.00.18:662][  0]LogConfig: Setting CVar [[r.LightFunctionQuality:1]]
[2022.03.02-20.00.18:662][  0]LogConfig: Setting CVar [[r.ShadowQuality:5]]
[2022.03.02-20.00.18:662][  0]LogConfig: Setting CVar [[r.Shadow.CSM.MaxCascades:10]]
[2022.03.02-20.00.18:662][  0]LogConfig: Setting CVar [[r.Shadow.MaxResolution:2048]]
[2022.03.02-20.00.18:662][  0]LogConfig: Setting CVar [[r.Shadow.MaxCSMResolution:2048]]
[2022.03.02-20.00.18:662][  0]LogConfig: Setting CVar [[r.Shadow.RadiusThreshold:0.01]]
[2022.03.02-20.00.18:662][  0]LogConfig: Setting CVar [[r.Shadow.DistanceScale:1.0]]
[2022.03.02-20.00.18:662][  0]LogConfig: Setting CVar [[r.Shadow.CSM.TransitionScale:1.0]]
[2022.03.02-20.00.18:662][  0]LogConfig: Setting CVar [[r.Shadow.PreShadowResolutionFactor:1.0]]
[2022.03.02-20.00.18:662][  0]LogConfig: Setting CVar [[r.DistanceFieldShadowing:1]]
[2022.03.02-20.00.18:662][  0]LogConfig: Setting CVar [[r.DistanceFieldAO:1]]
[2022.03.02-20.00.18:662][  0]LogConfig: Setting CVar [[r.AOQuality:2]]
[2022.03.02-20.00.18:662][  0]LogConfig: Setting CVar [[r.VolumetricFog:1]]
[2022.03.02-20.00.18:662][  0]LogConfig: Setting CVar [[r.VolumetricFog.GridPixelSize:8]]
[2022.03.02-20.00.18:662][  0]LogConfig: Setting CVar [[r.VolumetricFog.GridSizeZ:128]]
[2022.03.02-20.00.18:662][  0]LogConfig: Setting CVar [[r.VolumetricFog.HistoryMissSupersampleCount:4]]
[2022.03.02-20.00.18:662][  0]LogConfig: Setting CVar [[r.LightMaxDrawDistanceScale:1]]
[2022.03.02-20.00.18:662][  0]LogConfig: Setting CVar [[r.CapsuleShadows:1]]
[2022.03.02-20.00.18:662][  0]LogConfig: Applying CVar settings from Section [PostProcessQuality@3] File [C:/PROJECTS/Unreal/Endless-Runner/EndlessRunner/Saved/Config/Windows/Scalability.ini]
[2022.03.02-20.00.18:662][  0]LogConfig: Setting CVar [[r.MotionBlurQuality:4]]
[2022.03.02-20.00.18:662][  0]LogConfig: Setting CVar [[r.AmbientOcclusionMipLevelFactor:0.4]]
[2022.03.02-20.00.18:662][  0]LogConfig: Setting CVar [[r.AmbientOcclusionMaxQuality:100]]
[2022.03.02-20.00.18:662][  0]LogConfig: Setting CVar [[r.AmbientOcclusionLevels:-1]]
[2022.03.02-20.00.18:662][  0]LogConfig: Setting CVar [[r.AmbientOcclusionRadiusScale:1.0]]
[2022.03.02-20.00.18:662][  0]LogConfig: Setting CVar [[r.DepthOfFieldQuality:2]]
[2022.03.02-20.00.18:662][  0]LogConfig: Setting CVar [[r.RenderTargetPoolMin:400]]
[2022.03.02-20.00.18:662][  0]LogConfig: Setting CVar [[r.LensFlareQuality:2]]
[2022.03.02-20.00.18:662][  0]LogConfig: Setting CVar [[r.SceneColorFringeQuality:1]]
[2022.03.02-20.00.18:662][  0]LogConfig: Setting CVar [[r.EyeAdaptationQuality:2]]
[2022.03.02-20.00.18:662][  0]LogConfig: Setting CVar [[r.BloomQuality:5]]
[2022.03.02-20.00.18:662][  0]LogConfig: Setting CVar [[r.FastBlurThreshold:100]]
[2022.03.02-20.00.18:662][  0]LogConfig: Setting CVar [[r.Upscale.Quality:3]]
[2022.03.02-20.00.18:662][  0]LogConfig: Setting CVar [[r.Tonemapper.GrainQuantization:1]]
[2022.03.02-20.00.18:662][  0]LogConfig: Setting CVar [[r.LightShaftQuality:1]]
[2022.03.02-20.00.18:662][  0]LogConfig: Setting CVar [[r.Filter.SizeScale:1]]
[2022.03.02-20.00.18:662][  0]LogConfig: Setting CVar [[r.Tonemapper.Quality:5]]
[2022.03.02-20.00.18:662][  0]LogConfig: Setting CVar [[r.DOF.Gather.AccumulatorQuality:1        ; higher gathering accumulator quality]]
[2022.03.02-20.00.18:662][  0]LogConfig: Setting CVar [[r.DOF.Gather.PostfilterMethod:1          ; Median3x3 postfilering method]]
[2022.03.02-20.00.18:662][  0]LogConfig: Setting CVar [[r.DOF.Gather.EnableBokehSettings:0       ; no bokeh simulation when gathering]]
[2022.03.02-20.00.18:662][  0]LogConfig: Setting CVar [[r.DOF.Gather.RingCount:4                 ; medium number of samples when gathering]]
[2022.03.02-20.00.18:662][  0]LogConfig: Setting CVar [[r.DOF.Scatter.ForegroundCompositing:1    ; additive foreground scattering]]
[2022.03.02-20.00.18:662][  0]LogConfig: Setting CVar [[r.DOF.Scatter.BackgroundCompositing:2    ; additive background scattering]]
[2022.03.02-20.00.18:662][  0]LogConfig: Setting CVar [[r.DOF.Scatter.EnableBokehSettings:1      ; bokeh simulation when scattering]]
[2022.03.02-20.00.18:662][  0]LogConfig: Setting CVar [[r.DOF.Scatter.MaxSpriteRatio:0.1         ; only a maximum of 10% of scattered bokeh]]
[2022.03.02-20.00.18:662][  0]LogConfig: Setting CVar [[r.DOF.Recombine.Quality:1                ; cheap slight out of focus]]
[2022.03.02-20.00.18:663][  0]LogConfig: Setting CVar [[r.DOF.Recombine.EnableBokehSettings:0    ; no bokeh simulation on slight out of focus]]
[2022.03.02-20.00.18:663][  0]LogConfig: Setting CVar [[r.DOF.TemporalAAQuality:1                ; more stable temporal accumulation]]
[2022.03.02-20.00.18:663][  0]LogConfig: Setting CVar [[r.DOF.Kernel.MaxForegroundRadius:0.025]]
[2022.03.02-20.00.18:663][  0]LogConfig: Setting CVar [[r.DOF.Kernel.MaxBackgroundRadius:0.025]]
[2022.03.02-20.00.18:663][  0]LogConfig: Applying CVar settings from Section [TextureQuality@3] File [C:/PROJECTS/Unreal/Endless-Runner/EndlessRunner/Saved/Config/Windows/Scalability.ini]
[2022.03.02-20.00.18:663][  0]LogConfig: Setting CVar [[r.Streaming.MipBias:0]]
[2022.03.02-20.00.18:663][  0]LogConfig: Setting CVar [[r.Streaming.AmortizeCPUToGPUCopy:0]]
[2022.03.02-20.00.18:663][  0]LogConfig: Setting CVar [[r.Streaming.MaxNumTexturesToStreamPerFrame:0]]
[2022.03.02-20.00.18:663][  0]LogConfig: Setting CVar [[r.Streaming.Boost:1]]
[2022.03.02-20.00.18:663][  0]LogConfig: Setting CVar [[r.MaxAnisotropy:8]]
[2022.03.02-20.00.18:663][  0]LogConfig: Setting CVar [[r.VT.MaxAnisotropy:8]]
[2022.03.02-20.00.18:663][  0]LogConfig: Setting CVar [[r.Streaming.LimitPoolSizeToVRAM:0]]
[2022.03.02-20.00.18:663][  0]LogConfig: Setting CVar [[r.Streaming.PoolSize:1000]]
[2022.03.02-20.00.18:663][  0]LogConfig: Setting CVar [[r.Streaming.MaxEffectiveScreenSize:0]]
[2022.03.02-20.00.18:663][  0]LogConfig: Applying CVar settings from Section [EffectsQuality@3] File [C:/PROJECTS/Unreal/Endless-Runner/EndlessRunner/Saved/Config/Windows/Scalability.ini]
[2022.03.02-20.00.18:663][  0]LogConfig: Setting CVar [[r.TranslucencyLightingVolumeDim:64]]
[2022.03.02-20.00.18:663][  0]LogConfig: Setting CVar [[r.RefractionQuality:2]]
[2022.03.02-20.00.18:663][  0]LogConfig: Setting CVar [[r.SSR.Quality:3]]
[2022.03.02-20.00.18:663][  0]LogConfig: Setting CVar [[r.SSR.HalfResSceneColor:0]]
[2022.03.02-20.00.18:663][  0]LogConfig: Setting CVar [[r.SceneColorFormat:4]]
[2022.03.02-20.00.18:663][  0]LogConfig: Setting CVar [[r.DetailMode:2]]
[2022.03.02-20.00.18:663][  0]LogConfig: Setting CVar [[r.TranslucencyVolumeBlur:1]]
[2022.03.02-20.00.18:663][  0]LogConfig: Setting CVar [[r.MaterialQualityLevel:1 ; High quality]]
[2022.03.02-20.00.18:663][  0]LogConfig: Setting CVar [[r.AnisotropicMaterials:1]]
[2022.03.02-20.00.18:663][  0]LogConfig: Setting CVar [[r.SSS.Scale:1]]
[2022.03.02-20.00.18:663][  0]LogConfig: Setting CVar [[r.SSS.SampleSet:2]]
[2022.03.02-20.00.18:663][  0]LogConfig: Setting CVar [[r.SSS.Quality:1]]
[2022.03.02-20.00.18:663][  0]LogConfig: Setting CVar [[r.SSS.HalfRes:0]]
[2022.03.02-20.00.18:663][  0]LogConfig: Setting CVar [[r.SSGI.Quality:3]]
[2022.03.02-20.00.18:663][  0]LogConfig: Setting CVar [[r.EmitterSpawnRateScale:1.0]]
[2022.03.02-20.00.18:663][  0]LogConfig: Setting CVar [[r.ParticleLightQuality:2]]
[2022.03.02-20.00.18:663][  0]LogConfig: Setting CVar [[r.SkyAtmosphere.AerialPerspectiveLUT.FastApplyOnOpaque:1 ; Always have FastSkyLUT 1 in this case to avoid wrong sky]]
[2022.03.02-20.00.18:663][  0]LogConfig: Setting CVar [[r.SkyAtmosphere.AerialPerspectiveLUT.SampleCountMaxPerSlice:4]]
[2022.03.02-20.00.18:663][  0]LogConfig: Setting CVar [[r.SkyAtmosphere.AerialPerspectiveLUT.DepthResolution:16.0]]
[2022.03.02-20.00.18:663][  0]LogConfig: Setting CVar [[r.SkyAtmosphere.FastSkyLUT:1]]
[2022.03.02-20.00.18:663][  0]LogConfig: Setting CVar [[r.SkyAtmosphere.FastSkyLUT.SampleCountMin:4.0]]
[2022.03.02-20.00.18:663][  0]LogConfig: Setting CVar [[r.SkyAtmosphere.FastSkyLUT.SampleCountMax:128.0]]
[2022.03.02-20.00.18:663][  0]LogConfig: Setting CVar [[r.SkyAtmosphere.SampleCountMin:4.0]]
[2022.03.02-20.00.18:663][  0]LogConfig: Setting CVar [[r.SkyAtmosphere.SampleCountMax:128.0]]
[2022.03.02-20.00.18:663][  0]LogConfig: Setting CVar [[r.SkyAtmosphere.TransmittanceLUT.UseSmallFormat:0]]
[2022.03.02-20.00.18:663][  0]LogConfig: Setting CVar [[r.SkyAtmosphere.TransmittanceLUT.SampleCount:10.0]]
[2022.03.02-20.00.18:663][  0]LogConfig: Setting CVar [[r.SkyAtmosphere.MultiScatteringLUT.SampleCount:15.0]]
[2022.03.02-20.00.18:663][  0]LogConfig: Setting CVar [[r.SkyLight.RealTimeReflectionCapture:1]]
[2022.03.02-20.00.18:663][  0]LogConfig: Applying CVar settings from Section [FoliageQuality@3] File [C:/PROJECTS/Unreal/Endless-Runner/EndlessRunner/Saved/Config/Windows/Scalability.ini]
[2022.03.02-20.00.18:663][  0]LogConfig: Setting CVar [[foliage.DensityScale:1.0]]
[2022.03.02-20.00.18:663][  0]LogConfig: Setting CVar [[grass.DensityScale:1.0]]
[2022.03.02-20.00.18:663][  0]LogConfig: Applying CVar settings from Section [ShadingQuality@3] File [C:/PROJECTS/Unreal/Endless-Runner/EndlessRunner/Saved/Config/Windows/Scalability.ini]
[2022.03.02-20.00.18:663][  0]LogConfig: Setting CVar [[r.HairStrands.SkyLighting.IntegrationType:2]]
[2022.03.02-20.00.18:663][  0]LogConfig: Setting CVar [[r.HairStrands.SkyAO.SampleCount:4]]
[2022.03.02-20.00.18:663][  0]LogConfig: Setting CVar [[r.HairStrands.Visibility.MSAA.SamplePerPixel:4]]
[2022.03.02-20.00.18:663][  0]LogInit: Selected Device Profile: [Windows]
[2022.03.02-20.00.18:663][  0]LogInit: Applying CVar settings loaded from the selected device profile: [Windows]
[2022.03.02-20.00.18:663][  0]LogHAL: Display: Platform has ~ 8 GB [8412778496 / 8589934592 / 8], which maps to Default [LargestMinGB=32, LargerMinGB=12, DefaultMinGB=8, SmallerMinGB=6, SmallestMinGB=0)
[2022.03.02-20.00.18:664][  0]LogInit: Going up to parent DeviceProfile []
[2022.03.02-20.00.18:664][  0]LogConfig: Applying CVar settings from Section [ViewDistanceQuality@3] File [C:/PROJECTS/Unreal/Endless-Runner/EndlessRunner/Saved/Config/Windows/Scalability.ini]
[2022.03.02-20.00.18:664][  0]LogConfig: Setting CVar [[r.SkeletalMeshLODBias:0]]
[2022.03.02-20.00.18:664][  0]LogConfig: Setting CVar [[r.ViewDistanceScale:1.0]]
[2022.03.02-20.00.18:664][  0]LogConfig: Applying CVar settings from Section [AntiAliasingQuality@3] File [C:/PROJECTS/Unreal/Endless-Runner/EndlessRunner/Saved/Config/Windows/Scalability.ini]
[2022.03.02-20.00.18:664][  0]LogConfig: Setting CVar [[r.PostProcessAAQuality:4]]
[2022.03.02-20.00.18:664][  0]LogConfig: Applying CVar settings from Section [ShadowQuality@3] File [C:/PROJECTS/Unreal/Endless-Runner/EndlessRunner/Saved/Config/Windows/Scalability.ini]
[2022.03.02-20.00.18:664][  0]LogConfig: Setting CVar [[r.LightFunctionQuality:1]]
[2022.03.02-20.00.18:664][  0]LogConfig: Setting CVar [[r.ShadowQuality:5]]
[2022.03.02-20.00.18:664][  0]LogConfig: Setting CVar [[r.Shadow.CSM.MaxCascades:10]]
[2022.03.02-20.00.18:664][  0]LogConfig: Setting CVar [[r.Shadow.MaxResolution:2048]]
[2022.03.02-20.00.18:664][  0]LogConfig: Setting CVar [[r.Shadow.MaxCSMResolution:2048]]
[2022.03.02-20.00.18:664][  0]LogConfig: Setting CVar [[r.Shadow.RadiusThreshold:0.01]]
[2022.03.02-20.00.18:664][  0]LogConfig: Setting CVar [[r.Shadow.DistanceScale:1.0]]
[2022.03.02-20.00.18:664][  0]LogConfig: Setting CVar [[r.Shadow.CSM.TransitionScale:1.0]]
[2022.03.02-20.00.18:664][  0]LogConfig: Setting CVar [[r.Shadow.PreShadowResolutionFactor:1.0]]
[2022.03.02-20.00.18:664][  0]LogConfig: Setting CVar [[r.DistanceFieldShadowing:1]]
[2022.03.02-20.00.18:664][  0]LogConfig: Setting CVar [[r.DistanceFieldAO:1]]
[2022.03.02-20.00.18:664][  0]LogConfig: Setting CVar [[r.AOQuality:2]]
[2022.03.02-20.00.18:664][  0]LogConfig: Setting CVar [[r.VolumetricFog:1]]
[2022.03.02-20.00.18:664][  0]LogConfig: Setting CVar [[r.VolumetricFog.GridPixelSize:8]]
[2022.03.02-20.00.18:664][  0]LogConfig: Setting CVar [[r.VolumetricFog.GridSizeZ:128]]
[2022.03.02-20.00.18:664][  0]LogConfig: Setting CVar [[r.VolumetricFog.HistoryMissSupersampleCount:4]]
[2022.03.02-20.00.18:664][  0]LogConfig: Setting CVar [[r.LightMaxDrawDistanceScale:1]]
[2022.03.02-20.00.18:664][  0]LogConfig: Setting CVar [[r.CapsuleShadows:1]]
[2022.03.02-20.00.18:664][  0]LogConfig: Applying CVar settings from Section [PostProcessQuality@3] File [C:/PROJECTS/Unreal/Endless-Runner/EndlessRunner/Saved/Config/Windows/Scalability.ini]
[2022.03.02-20.00.18:664][  0]LogConfig: Setting CVar [[r.MotionBlurQuality:4]]
[2022.03.02-20.00.18:664][  0]LogConfig: Setting CVar [[r.AmbientOcclusionMipLevelFactor:0.4]]
[2022.03.02-20.00.18:664][  0]LogConfig: Setting CVar [[r.AmbientOcclusionMaxQuality:100]]
[2022.03.02-20.00.18:664][  0]LogConfig: Setting CVar [[r.AmbientOcclusionLevels:-1]]
[2022.03.02-20.00.18:664][  0]LogConfig: Setting CVar [[r.AmbientOcclusionRadiusScale:1.0]]
[2022.03.02-20.00.18:664][  0]LogConfig: Setting CVar [[r.DepthOfFieldQuality:2]]
[2022.03.02-20.00.18:664][  0]LogConfig: Setting CVar [[r.RenderTargetPoolMin:400]]
[2022.03.02-20.00.18:664][  0]LogConfig: Setting CVar [[r.LensFlareQuality:2]]
[2022.03.02-20.00.18:664][  0]LogConfig: Setting CVar [[r.SceneColorFringeQuality:1]]
[2022.03.02-20.00.18:664][  0]LogConfig: Setting CVar [[r.EyeAdaptationQuality:2]]
[2022.03.02-20.00.18:664][  0]LogConfig: Setting CVar [[r.BloomQuality:5]]
[2022.03.02-20.00.18:664][  0]LogConfig: Setting CVar [[r.FastBlurThreshold:100]]
[2022.03.02-20.00.18:664][  0]LogConfig: Setting CVar [[r.Upscale.Quality:3]]
[2022.03.02-20.00.18:664][  0]LogConfig: Setting CVar [[r.Tonemapper.GrainQuantization:1]]
[2022.03.02-20.00.18:664][  0]LogConfig: Setting CVar [[r.LightShaftQuality:1]]
[2022.03.02-20.00.18:664][  0]LogConfig: Setting CVar [[r.Filter.SizeScale:1]]
[2022.03.02-20.00.18:664][  0]LogConfig: Setting CVar [[r.Tonemapper.Quality:5]]
[2022.03.02-20.00.18:664][  0]LogConfig: Setting CVar [[r.DOF.Gather.AccumulatorQuality:1        ; higher gathering accumulator quality]]
[2022.03.02-20.00.18:664][  0]LogConfig: Setting CVar [[r.DOF.Gather.PostfilterMethod:1          ; Median3x3 postfilering method]]
[2022.03.02-20.00.18:664][  0]LogConfig: Setting CVar [[r.DOF.Gather.EnableBokehSettings:0       ; no bokeh simulation when gathering]]
[2022.03.02-20.00.18:664][  0]LogConfig: Setting CVar [[r.DOF.Gather.RingCount:4                 ; medium number of samples when gathering]]
[2022.03.02-20.00.18:664][  0]LogConfig: Setting CVar [[r.DOF.Scatter.ForegroundCompositing:1    ; additive foreground scattering]]
[2022.03.02-20.00.18:664][  0]LogConfig: Setting CVar [[r.DOF.Scatter.BackgroundCompositing:2    ; additive background scattering]]
[2022.03.02-20.00.18:664][  0]LogConfig: Setting CVar [[r.DOF.Scatter.EnableBokehSettings:1      ; bokeh simulation when scattering]]
[2022.03.02-20.00.18:664][  0]LogConfig: Setting CVar [[r.DOF.Scatter.MaxSpriteRatio:0.1         ; only a maximum of 10% of scattered bokeh]]
[2022.03.02-20.00.18:664][  0]LogConfig: Setting CVar [[r.DOF.Recombine.Quality:1                ; cheap slight out of focus]]
[2022.03.02-20.00.18:664][  0]LogConfig: Setting CVar [[r.DOF.Recombine.EnableBokehSettings:0    ; no bokeh simulation on slight out of focus]]
[2022.03.02-20.00.18:664][  0]LogConfig: Setting CVar [[r.DOF.TemporalAAQuality:1                ; more stable temporal accumulation]]
[2022.03.02-20.00.18:664][  0]LogConfig: Setting CVar [[r.DOF.Kernel.MaxForegroundRadius:0.025]]
[2022.03.02-20.00.18:664][  0]LogConfig: Setting CVar [[r.DOF.Kernel.MaxBackgroundRadius:0.025]]
[2022.03.02-20.00.18:664][  0]LogConfig: Applying CVar settings from Section [TextureQuality@3] File [C:/PROJECTS/Unreal/Endless-Runner/EndlessRunner/Saved/Config/Windows/Scalability.ini]
[2022.03.02-20.00.18:664][  0]LogConfig: Setting CVar [[r.Streaming.MipBias:0]]
[2022.03.02-20.00.18:665][  0]LogConfig: Setting CVar [[r.Streaming.AmortizeCPUToGPUCopy:0]]
[2022.03.02-20.00.18:665][  0]LogConfig: Setting CVar [[r.Streaming.MaxNumTexturesToStreamPerFrame:0]]
[2022.03.02-20.00.18:665][  0]LogConfig: Setting CVar [[r.Streaming.Boost:1]]
[2022.03.02-20.00.18:665][  0]LogConfig: Setting CVar [[r.MaxAnisotropy:8]]
[2022.03.02-20.00.18:665][  0]LogConfig: Setting CVar [[r.VT.MaxAnisotropy:8]]
[2022.03.02-20.00.18:665][  0]LogConfig: Setting CVar [[r.Streaming.LimitPoolSizeToVRAM:0]]
[2022.03.02-20.00.18:665][  0]LogConfig: Setting CVar [[r.Streaming.PoolSize:1000]]
[2022.03.02-20.00.18:665][  0]LogConfig: Setting CVar [[r.Streaming.MaxEffectiveScreenSize:0]]
[2022.03.02-20.00.18:665][  0]LogConfig: Applying CVar settings from Section [EffectsQuality@3] File [C:/PROJECTS/Unreal/Endless-Runner/EndlessRunner/Saved/Config/Windows/Scalability.ini]
[2022.03.02-20.00.18:665][  0]LogConfig: Setting CVar [[r.TranslucencyLightingVolumeDim:64]]
[2022.03.02-20.00.18:665][  0]LogConfig: Setting CVar [[r.RefractionQuality:2]]
[2022.03.02-20.00.18:665][  0]LogConfig: Setting CVar [[r.SSR.Quality:3]]
[2022.03.02-20.00.18:665][  0]LogConfig: Setting CVar [[r.SSR.HalfResSceneColor:0]]
[2022.03.02-20.00.18:665][  0]LogConfig: Setting CVar [[r.SceneColorFormat:4]]
[2022.03.02-20.00.18:665][  0]LogConfig: Setting CVar [[r.DetailMode:2]]
[2022.03.02-20.00.18:665][  0]LogConfig: Setting CVar [[r.TranslucencyVolumeBlur:1]]
[2022.03.02-20.00.18:665][  0]LogConfig: Setting CVar [[r.MaterialQualityLevel:1 ; High quality]]
[2022.03.02-20.00.18:665][  0]LogConfig: Setting CVar [[r.AnisotropicMaterials:1]]
[2022.03.02-20.00.18:665][  0]LogConfig: Setting CVar [[r.SSS.Scale:1]]
[2022.03.02-20.00.18:665][  0]LogConfig: Setting CVar [[r.SSS.SampleSet:2]]
[2022.03.02-20.00.18:665][  0]LogConfig: Setting CVar [[r.SSS.Quality:1]]
[2022.03.02-20.00.18:665][  0]LogConfig: Setting CVar [[r.SSS.HalfRes:0]]
[2022.03.02-20.00.18:665][  0]LogConfig: Setting CVar [[r.SSGI.Quality:3]]
[2022.03.02-20.00.18:665][  0]LogConfig: Setting CVar [[r.EmitterSpawnRateScale:1.0]]
[2022.03.02-20.00.18:665][  0]LogConfig: Setting CVar [[r.ParticleLightQuality:2]]
[2022.03.02-20.00.18:665][  0]LogConfig: Setting CVar [[r.SkyAtmosphere.AerialPerspectiveLUT.FastApplyOnOpaque:1 ; Always have FastSkyLUT 1 in this case to avoid wrong sky]]
[2022.03.02-20.00.18:665][  0]LogConfig: Setting CVar [[r.SkyAtmosphere.AerialPerspectiveLUT.SampleCountMaxPerSlice:4]]
[2022.03.02-20.00.18:665][  0]LogConfig: Setting CVar [[r.SkyAtmosphere.AerialPerspectiveLUT.DepthResolution:16.0]]
[2022.03.02-20.00.18:665][  0]LogConfig: Setting CVar [[r.SkyAtmosphere.FastSkyLUT:1]]
[2022.03.02-20.00.18:665][  0]LogConfig: Setting CVar [[r.SkyAtmosphere.FastSkyLUT.SampleCountMin:4.0]]
[2022.03.02-20.00.18:665][  0]LogConfig: Setting CVar [[r.SkyAtmosphere.FastSkyLUT.SampleCountMax:128.0]]
[2022.03.02-20.00.18:665][  0]LogConfig: Setting CVar [[r.SkyAtmosphere.SampleCountMin:4.0]]
[2022.03.02-20.00.18:665][  0]LogConfig: Setting CVar [[r.SkyAtmosphere.SampleCountMax:128.0]]
[2022.03.02-20.00.18:665][  0]LogConfig: Setting CVar [[r.SkyAtmosphere.TransmittanceLUT.UseSmallFormat:0]]
[2022.03.02-20.00.18:665][  0]LogConfig: Setting CVar [[r.SkyAtmosphere.TransmittanceLUT.SampleCount:10.0]]
[2022.03.02-20.00.18:665][  0]LogConfig: Setting CVar [[r.SkyAtmosphere.MultiScatteringLUT.SampleCount:15.0]]
[2022.03.02-20.00.18:665][  0]LogConfig: Setting CVar [[r.SkyLight.RealTimeReflectionCapture:1]]
[2022.03.02-20.00.18:665][  0]LogConfig: Applying CVar settings from Section [FoliageQuality@3] File [C:/PROJECTS/Unreal/Endless-Runner/EndlessRunner/Saved/Config/Windows/Scalability.ini]
[2022.03.02-20.00.18:665][  0]LogConfig: Setting CVar [[foliage.DensityScale:1.0]]
[2022.03.02-20.00.18:665][  0]LogConfig: Setting CVar [[grass.DensityScale:1.0]]
[2022.03.02-20.00.18:665][  0]LogConfig: Applying CVar settings from Section [ShadingQuality@3] File [C:/PROJECTS/Unreal/Endless-Runner/EndlessRunner/Saved/Config/Windows/Scalability.ini]
[2022.03.02-20.00.18:665][  0]LogConfig: Setting CVar [[r.HairStrands.SkyLighting.IntegrationType:2]]
[2022.03.02-20.00.18:665][  0]LogConfig: Setting CVar [[r.HairStrands.SkyAO.SampleCount:4]]
[2022.03.02-20.00.18:665][  0]LogConfig: Setting CVar [[r.HairStrands.Visibility.MSAA.SamplePerPixel:4]]
[2022.03.02-20.00.18:665][  0]LogConfig: Applying CVar settings from Section [Startup] File [../../../Engine/Config/ConsoleVariables.ini]
[2022.03.02-20.00.18:666][  0]LogConfig: Setting CVar [[net.UseAdaptiveNetUpdateFrequency:0]]
[2022.03.02-20.00.18:666][  0]LogConfig: Setting CVar [[p.chaos.AllowCreatePhysxBodies:1]]
[2022.03.02-20.00.18:666][  0]LogConfig: Setting CVar [[fx.SkipVectorVMBackendOptimizations:1]]
[2022.03.02-20.00.18:666][  0]LogConfig: Applying CVar settings from Section [ConsoleVariables] File [C:/PROJECTS/Unreal/Endless-Runner/EndlessRunner/Saved/Config/Windows/Engine.ini]
[2022.03.02-20.00.18:666][  0]LogConfig: Applying CVar settings from Section [ConsoleVariables] File [C:/PROJECTS/Unreal/Endless-Runner/EndlessRunner/Saved/Config/Windows/Editor.ini]
[2022.03.02-20.00.18:666][  0]LogInit: Computer: LAPTOP-BL73FRTF
[2022.03.02-20.00.18:666][  0]LogInit: User: teodo
[2022.03.02-20.00.18:666][  0]LogInit: CPU Page size=4096, Cores=6
[2022.03.02-20.00.18:666][  0]LogInit: High frequency timer resolution =10.000000 MHz
[2022.03.02-20.00.18:666][  0]LogMemory: Memory total: Physical=7.8GB (8GB approx)
[2022.03.02-20.00.18:666][  0]LogMemory: Platform Memory Stats for Windows
[2022.03.02-20.00.18:666][  0]LogMemory: Process Physical Memory: 148.41 MB used, 148.41 MB peak
[2022.03.02-20.00.18:666][  0]LogMemory: Process Virtual Memory: 124.30 MB used, 124.30 MB peak
[2022.03.02-20.00.18:666][  0]LogMemory: Physical Memory: 6518.36 MB used,  1504.70 MB free, 8023.05 MB total
[2022.03.02-20.00.18:666][  0]LogMemory: Virtual Memory: 134211224.00 MB used,  6507.65 MB free, 134217728.00 MB total
[2022.03.02-20.00.18:674][  0]LogWindows: WindowsPlatformFeatures enabled
[2022.03.02-20.00.18:735][  0]LogInit: Physics initialised using underlying interface: PhysX
[2022.03.02-20.00.18:735][  0]LogInit: Using OS detected language (en-GB).
[2022.03.02-20.00.18:736][  0]LogInit: Using OS detected locale (en-US).
[2022.03.02-20.00.18:739][  0]LogTextLocalizationManager: No specific localization for 'en-GB' exists, so the 'en' localization will be used.
[2022.03.02-20.00.19:078][  0]LogWindowsTextInputMethodSystem: Display: IME system deactivated.
[2022.03.02-20.00.19:133][  0]LogSlate: New Slate User Created.  User Index 0, Is Virtual User: 0
[2022.03.02-20.00.19:133][  0]LogSlate: Slate User Registered.  User Index 0, Is Virtual User: 0
[2022.03.02-20.00.19:163][  0]LogD3D11RHI: Loaded GFSDK_Aftermath_Lib.x64.dll
[2022.03.02-20.00.19:167][  0]LogHMD: Failed to initialize OpenVR with code 101
[2022.03.02-20.00.19:167][  0]LogD3D11RHI: D3D11 min allowed feature level: 11_0
[2022.03.02-20.00.19:167][  0]LogD3D11RHI: D3D11 max allowed feature level: 11_0
[2022.03.02-20.00.19:167][  0]LogD3D11RHI: D3D11 adapters:
[2022.03.02-20.00.19:286][  0]LogD3D11RHI:    0. 'NVIDIA GeForce GTX 1660 Ti' (Feature Level 11_0)
[2022.03.02-20.00.19:286][  0]LogD3D11RHI:       5991/0/4011 MB DedicatedVideo/DedicatedSystem/SharedSystem, Outputs:1, VendorId:0x10de
[2022.03.02-20.00.19:323][  0]LogD3D11RHI:    1. 'Intel(R) UHD Graphics' (Feature Level 11_0)
[2022.03.02-20.00.19:323][  0]LogD3D11RHI:       128/0/4011 MB DedicatedVideo/DedicatedSystem/SharedSystem, Outputs:0, VendorId:0x8086
[2022.03.02-20.00.19:326][  0]LogD3D11RHI:    2. 'Microsoft Basic Render Driver' (Feature Level 11_0)
[2022.03.02-20.00.19:326][  0]LogD3D11RHI:       0/0/4011 MB DedicatedVideo/DedicatedSystem/SharedSystem, Outputs:0, VendorId:0x1414
[2022.03.02-20.00.19:326][  0]LogD3D11RHI: Chosen D3D11 Adapter:
[2022.03.02-20.00.19:326][  0]LogD3D11RHI:     Description : NVIDIA GeForce GTX 1660 Ti
[2022.03.02-20.00.19:326][  0]LogD3D11RHI:     VendorId    : 10de
[2022.03.02-20.00.19:326][  0]LogD3D11RHI:     DeviceId    : 2191
[2022.03.02-20.00.19:326][  0]LogD3D11RHI:     SubSysId    : 14421025
[2022.03.02-20.00.19:326][  0]LogD3D11RHI:     Revision    : 00a1
[2022.03.02-20.00.19:326][  0]LogD3D11RHI:     DedicatedVideoMemory : 6282018816 bytes
[2022.03.02-20.00.19:326][  0]LogD3D11RHI:     DedicatedSystemMemory : 0 bytes
[2022.03.02-20.00.19:326][  0]LogD3D11RHI:     SharedSystemMemory : 4206389248 bytes
[2022.03.02-20.00.19:326][  0]LogD3D11RHI:     AdapterLuid : 0 68996
[2022.03.02-20.00.19:334][  0]LogD3D11RHI: Creating new Direct3DDevice
[2022.03.02-20.00.19:334][  0]LogD3D11RHI:     GPU DeviceId: 0x2191 (for the marketing name, search the web for "GPU Device Id")
[2022.03.02-20.00.19:334][  0]LogWindows: EnumDisplayDevices:
[2022.03.02-20.00.19:335][  0]LogWindows:    0. 'Intel(R) UHD Graphics' (P:0 D:0)
[2022.03.02-20.00.19:335][  0]LogWindows:    1. 'Intel(R) UHD Graphics' (P:0 D:0)
[2022.03.02-20.00.19:335][  0]LogWindows:    2. 'Intel(R) UHD Graphics' (P:0 D:0)
[2022.03.02-20.00.19:335][  0]LogWindows:    3. 'NVIDIA GeForce GTX 1660 Ti' (P:1 D:1)
[2022.03.02-20.00.19:336][  0]LogWindows:    4. 'NVIDIA GeForce GTX 1660 Ti' (P:0 D:0)
[2022.03.02-20.00.19:336][  0]LogWindows:    5. 'NVIDIA GeForce GTX 1660 Ti' (P:0 D:0)
[2022.03.02-20.00.19:336][  0]LogWindows:    6. 'NVIDIA GeForce GTX 1660 Ti' (P:0 D:0)
[2022.03.02-20.00.19:336][  0]LogWindows: DebugString: PrimaryIsNotTheChoosenAdapter PrimaryIsNotTheChoosenAdapter PrimaryIsNotTheChoosenAdapter FoundDriverCount:4 
[2022.03.02-20.00.19:336][  0]LogD3D11RHI:     Adapter Name: NVIDIA GeForce GTX 1660 Ti
[2022.03.02-20.00.19:336][  0]LogD3D11RHI:   Driver Version: 497.09 (internal:30.0.14.9709, unified:497.09)
[2022.03.02-20.00.19:336][  0]LogD3D11RHI:      Driver Date: 11-26-2021
[2022.03.02-20.00.19:336][  0]LogRHI: Texture pool is 4193 MB (70% of 5991 MB)
[2022.03.02-20.00.19:336][  0]LogD3D11RHI: Creating D3DDevice using adapter:
[2022.03.02-20.00.19:336][  0]LogD3D11RHI:     Description : NVIDIA GeForce GTX 1660 Ti
[2022.03.02-20.00.19:336][  0]LogD3D11RHI:     VendorId    : 10de
[2022.03.02-20.00.19:336][  0]LogD3D11RHI:     DeviceId    : 2191
[2022.03.02-20.00.19:336][  0]LogD3D11RHI:     SubSysId    : 14421025
[2022.03.02-20.00.19:336][  0]LogD3D11RHI:     Revision    : 00a1
[2022.03.02-20.00.19:336][  0]LogD3D11RHI:     DedicatedVideoMemory : 6282018816 bytes
[2022.03.02-20.00.19:336][  0]LogD3D11RHI:     DedicatedSystemMemory : 0 bytes
[2022.03.02-20.00.19:336][  0]LogD3D11RHI:     SharedSystemMemory : 4206389248 bytes
[2022.03.02-20.00.19:336][  0]LogD3D11RHI:     AdapterLuid : 0 68996
[2022.03.02-20.00.19:414][  0]LogD3D11RHI: RHI has support for 64 bit atomics
[2022.03.02-20.00.19:414][  0]LogD3D11RHI: Async texture creation enabled
[2022.03.02-20.00.19:414][  0]LogD3D11RHI: Array index from any shader is supported
[2022.03.02-20.00.19:417][  0]LogD3D11RHI: HDR output is supported on display 0 (NvId: 0x80061081).
[2022.03.02-20.00.19:447][  0]LogD3D11RHI: GPU Timing Frequency: 1000.000000 (Debug: 2 1)
[2022.03.02-20.00.19:484][  0]LogRHI: GeForceNow SDK initialized: 1
[2022.03.02-20.00.19:882][  0]LogTargetPlatformManager: Display: Loaded TargetPlatform 'WindowsNoEditor'
[2022.03.02-20.00.19:888][  0]LogTargetPlatformManager: Display: Loaded TargetPlatform 'Windows'
[2022.03.02-20.00.19:894][  0]LogTargetPlatformManager: Display: Loaded TargetPlatform 'WindowsClient'
[2022.03.02-20.00.19:901][  0]LogTargetPlatformManager: Display: Loaded TargetPlatform 'WindowsServer'
[2022.03.02-20.00.19:901][  0]LogTargetPlatformManager: Display: Building Assets For Windows
[2022.03.02-20.00.19:910][  0]LogAudioDebug: Display: Lib vorbis DLL was dynamically loaded.
[2022.03.02-20.00.19:953][  0]LogTextureFormatOodle: Display: Oodle Texture 2.9.0 init RDO Off
[2022.03.02-20.00.19:997][  0]LogRendererCore: Ray tracing is disabled. Reason: r.RayTracing=0.
[2022.03.02-20.00.19:997][  0]LogShaderCompilers: Guid format shader working directory is -16 characters bigger than the processId version (../../../../../../PROJECTS/Unreal/Endless-Runner/EndlessRunner/Intermediate/Shaders/WorkingDirectory/7176/).
[2022.03.02-20.00.19:997][  0]LogShaderCompilers: Cleaned the shader compiler working directory 'C:/Users/teodo/AppData/Local/Temp/UnrealShaderWorkingDir/CE2B63494EAF68FFF9C762B6DDE9A44F/'.
[2022.03.02-20.00.19:997][  0]LogXGEController: Cannot use XGE Controller as Incredibuild is not installed on this machine.
[2022.03.02-20.00.19:997][  0]LogShaderCompilers: Cannot use XGE Shader Compiler as Incredibuild is not installed on this machine.
[2022.03.02-20.00.19:997][  0]LogShaderCompilers: Display: Using Local Shader Compiler.
[2022.03.02-20.00.21:210][  0]LogDerivedDataCache: Display: Max Cache Size: 512 MB
[2022.03.02-20.00.21:301][  0]LogDerivedDataCache: Loaded boot cache 0.09s 94MB C:/Users/teodo/AppData/Local/UnrealEngine/4.27/DerivedDataCache/Boot.ddc.
[2022.03.02-20.00.21:302][  0]LogDerivedDataCache: Display: Loaded Boot cache: C:/Users/teodo/AppData/Local/UnrealEngine/4.27/DerivedDataCache/Boot.ddc
[2022.03.02-20.00.21:302][  0]LogDerivedDataCache: FDerivedDataBackendGraph:  Pak pak cache file ../../../../../../PROJECTS/Unreal/Endless-Runner/EndlessRunner/DerivedDataCache/DDC.ddp not found, will not use a pak cache.
[2022.03.02-20.00.21:302][  0]LogDerivedDataCache: Unable to find inner node Pak for hierarchical cache Hierarchy.
[2022.03.02-20.00.21:302][  0]LogDerivedDataCache: FDerivedDataBackendGraph:  CompressedPak pak cache file ../../../../../../PROJECTS/Unreal/Endless-Runner/EndlessRunner/DerivedDataCache/Compressed.ddp not found, will not use a pak cache.
[2022.03.02-20.00.21:302][  0]LogDerivedDataCache: Unable to find inner node CompressedPak for hierarchical cache Hierarchy.
[2022.03.02-20.00.21:328][  0]LogDerivedDataCache: Display: Pak cache opened for reading ../../../Engine/DerivedDataCache/Compressed.ddp.
[2022.03.02-20.00.21:328][  0]LogDerivedDataCache: FDerivedDataBackendGraph:  EnterprisePak pak cache file ../../../Enterprise/DerivedDataCache/Compressed.ddp not found, will not use a pak cache.
[2022.03.02-20.00.21:328][  0]LogDerivedDataCache: Unable to find inner node EnterprisePak for hierarchical cache Hierarchy.
[2022.03.02-20.00.21:337][  0]LogDerivedDataCache: Speed tests for C:/Users/teodo/AppData/Local/UnrealEngine/Common/DerivedDataCache took 0.01 seconds
[2022.03.02-20.00.21:338][  0]LogDerivedDataCache: Display: Performance to C:/Users/teodo/AppData/Local/UnrealEngine/Common/DerivedDataCache: Latency=0.03ms. RandomReadSpeed=1144.65MBs, RandomWriteSpeed=121.87MBs. Assigned SpeedClass 'Local'
[2022.03.02-20.00.21:338][  0]LogDerivedDataCache: Using Local data cache path C:/Users/teodo/AppData/Local/UnrealEngine/Common/DerivedDataCache: Writable
[2022.03.02-20.00.21:339][  0]LogDerivedDataCache: Shared data cache path not found in *engine.ini, will not use an Shared cache.
[2022.03.02-20.00.21:339][  0]LogDerivedDataCache: Unable to find inner node Shared for hierarchical cache Hierarchy.
[2022.03.02-20.00.21:395][  0]LogSlate: Using FreeType 2.10.0
[2022.03.02-20.00.21:395][  0]LogSlate: SlateFontServices - WITH_FREETYPE: 1, WITH_HARFBUZZ: 1
[2022.03.02-20.00.21:510][  0]LogInit: Using OS detected language (en-GB).
[2022.03.02-20.00.21:511][  0]LogInit: Using OS detected locale (en-US).
[2022.03.02-20.00.21:511][  0]LogTextLocalizationManager: No localization for 'en-GB' exists, so 'en' will be used for the language.
[2022.03.02-20.00.21:511][  0]LogTextLocalizationManager: No localization for 'en-US' exists, so 'en' will be used for the locale.
[2022.03.02-20.00.21:511][  0]LogSlate: FontCache flush requested. Reason: Culture for localization was changed
[2022.03.02-20.00.21:511][  0]LogSlate: FontCache flush requested. Reason: Culture for localization was changed
[2022.03.02-20.00.21:515][  0]LogTextLocalizationManager: Compacting localization data took   0.00ms
[2022.03.02-20.00.21:515][  0]LogAssetRegistry: FAssetRegistry took 0.0023 seconds to start up
[2022.03.02-20.00.21:751][  0]LogPackageLocalizationCache: Processed 27 localized package path(s) for 1 prioritized culture(s) in 0.001291 seconds
[2022.03.02-20.00.21:847][  0]LogInit: Selected Device Profile: [Windows]
[2022.03.02-20.00.21:847][  0]LogInit: Active device profile: [00000178415FF900][000001783AAACE80 49] Windows
[2022.03.02-20.00.21:847][  0]LogInit: Profiles: [00000178415FF900][000001783AAACE80 49] Windows, [00000178415C0800][000001783A5AD000 49] WindowsNoEditor, [00000178415FC800][000001783A5B1180 49] WindowsServer, [00000178415C2E00][000001783A5B5300 49] WindowsClient, [00000178415FED00][000001783A5B9480 49] IOS, [00000178415C3400][000001783A5BD600 49] iPadAir, [00000178415FF300][000001783A5A9740 49] iPadAir2, [000001784155F800][000001783A5C5980 49] IPadPro, [000001784155F900][000001783A5C19C0 49] iPadAir3, [00000178415FEF00][000001783A5C9B00 49] iPadAir4, [000001784155CD00][000001783A5D0100 49] iPadMini2, [00000178415FE700][000001783A5D4280 49] iPadMini3, [000001784155E800][000001783A5D8400 49] iPadMini4, [00000178415FE900][000001783A5DC580 49] iPadMini5, [00000178415B3100][000001783B54E840 49] iPhone6, [00000178415B3200][000001783B54A880 49] iPodTouch6, [000001784155E000][000001783B556B40 49] iPhone7, [000001784155E100][000001783B552B80 49] iPodTouch7, [00000178415B0C00][000001783B55AD00 49] iPhone5S, [000001784155FB00][000001783B55EE80 49] iPhone6Plus, [00000178415B2900][000001783B563000 49] iPhone6S, [000001784155EC00][000001783B567180 49] iPhone6SPlus, [00000178415B2F00][000001783B56B300 49] iPhone7Plus, [000001784155C800][000001783B56F480 49] iPhoneSE, [00000178415B2200][000001783B573600 49] iPhone8, [000001784155E900][000001783B577780 49] iPhone8Plus, [00000178415B3500][000001783A5CD8C0 49] iPhoneX, [000001784155DA00][000001783B57BA00 49] iPhoneXS, [00000178415B0800][000001783B57FB40 49] iPhoneXSMax, [000001784155F000][000001783B582100 49] iPhoneXR, [00000178415B2A00][000001783B58A280 49] iPhone11, [000001784155C900][000001783B58E400 49] iPhone11Pro, [00000178415B0200][000001783B592580 49] iPhone11ProMax, [000001784155DD00][000001783B08E700 49] iPhoneSE2, [00000178415B2600][000001783B092880 49] iPhone12Mini, [000001784155FF00][000001783B096A00 49] iPhone12, [00000178415B0F00][000001783B09AB80 49] iPhone12Pro, [000001784155D100][000001783B09ED00 49] iPhone12ProMax, [00000178415B0D00][000001783B0A2E80 49] iPadPro105, [000001784155CC00][000001783B0A7000 49] iPadPro129, [00000178415B2C00][000001783B0AB180 49] iPadPro97, [000001784155E200][000001783B0AF300 49] iPadPro2_129, [00000178415B1000][000001783B0B3480 49] iPad5, [000001784155DC00][000001783B0B7600 49] iPad6, [00000178415B2B00][000001783B0BB780 49] iPad7, [000001784155C500][000001783B0BF900 49] iPad8, [00000178415B3600][000001783B0C3A80 49] iPadPro11, [000001784155C700][000001783B587BC0 49] iPadPro2_11, [00000178415B1A00][000001783B0C6180 49] iPadPro3_129, [000001784155FA00][000001783B0CA2C0 49] iPadPro4_129, [00000178415B1700][000001783B0D2440 49] AppleTV, [000001784155DE00][000001783B0D65C0 49] AppleTV4K, [00000178415B1800][000001783B0DA740 49] TVOS, [000001784155D900][000001783B0DE8C0 49] Mac, [00000178415B0600][000001783B0E2A40 49] MacClient, [000001784155D000][000001783B0E6BC0 49] MacNoEditor, [00000178415C0D00][000001783B0EAD40 49] MacServer, [0000017841641200][000001783B0EEEC0 49] Linux, [00000178415C0C00][000001783B0F3040 49] LinuxAArch64, [0000017841641C00][000001783B0F71C0 49] LinuxNoEditor, [00000178415C2000][000001783B0FB340 49] LinuxAArch64NoEditor, [0000017841641800][000001783B0FF4C0 49] LinuxClient, [00000178415C1700][000001783B103640 49] LinuxAArch64Client, [0000017841641B00][000001783B1077C0 49] LinuxServer, [00000178415C2800][000001783B10B940 49] LinuxAArch64Server, [0000017841641500][000001783B10FAC0 49] Android, [00000178415C2A00][000001783B1120C0 49] Android_Low, [0000017841641E00][000001783B0CE200 49] Android_Mid, [00000178415C3B00][000001783B116340 49] Android_High, [0000017841640E00][000001783B11A480 49] Android_Default, [00000178415C0400][000001783B11E5C0 49] Android_Adreno4xx, [0000017841641A00][000001783B126740 49] Android_Adreno5xx_Low, [00000178415C3000][000001783B12A8C0 49] Android_Adreno5xx, [0000017841642000][000001783B12EA40 49] Android_Adreno6xx, [00000178415C3600][000001783B132BC0 49] Android_Adreno6xx_Vulkan, [0000017841643000][000001783B136D40 49] Android_Mali_T6xx, [00000178415C0500][000001783B13AEC0 49] Android_Mali_T7xx, [0000017841641F00][000001783B13F040 49] Android_Mali_T8xx, [00000178415C2D00][000001783B1431C0 49] Android_Mali_G71, [0000017841642D00][000001783B147340 49] Android_Mali_G72, [000001784155D200][000001783B14B4C0 49] Android_Mali_G72_Vulkan, [0000017841642100][000001783B14F640 49] Android_Mali_G76, [000001784155E700][000001783B1537C0 49] Android_Mali_G76_Vulkan, [0000017841642800][000001783B157940 49] Android_Mali_G77, [000001784155CE00][000001783B15BAC0 49] Android_Mali_G77_Vulkan, [0000017841640D00][000001783B15E0C0 49] Android_Mali_G78, [000001784155FE00][000001783B162240 49] Android_Mali_G78_Vulkan, [0000017841642300][000001783B122380 49] Android_Mali_G710, [000001784155F500][000001783B1664C0 49] Android_Mali_G710_Vulkan, [0000017841642900][000001783B16A600 49] Android_Vulkan_SM5, [000001784155C100][000001783B16E740 49] Android_PowerVR_G6xxx, [0000017841641700][000001783B1768C0 49] Android_PowerVR_GT7xxx, [000001784155CF00][000001783B17AA40 49] Android_PowerVR_GE8xxx, [0000017841640500][000001783B17EBC0 49] Android_PowerVR_GM9xxx, [000001784155F400][000001783B182D40 49] Android_PowerVR_GM9xxx_Vulkan, [0000017841642500][000001783B186EC0 49] Android_TegraK1, [000001784155D300][000001783B18B040 49] Android_Unknown_Vulkan, [0000017841640300][000001783B18F1C0 49] Lumin, [000001784155F700][000001783B193340 49] Lumin_Desktop, [0000017841641100][000001783B1974C0 49] HoloLens, 
[2022.03.02-20.00.21:902][  0]LogMeshReduction: Using QuadricMeshReduction for automatic static mesh reduction
[2022.03.02-20.00.21:902][  0]LogMeshReduction: Using SimplygonMeshReduction for automatic skeletal mesh reduction
[2022.03.02-20.00.21:902][  0]LogMeshReduction: Using ProxyLODMeshReduction for automatic mesh merging
[2022.03.02-20.00.21:902][  0]LogMeshReduction: No distributed automatic mesh merging module available
[2022.03.02-20.00.21:902][  0]LogMeshMerging: No distributed automatic mesh merging module available
[2022.03.02-20.00.22:069][  0]LogNetVersion: EndlessRunner 1.0.0, NetCL: 17155196, EngineNetVer: 17, GameNetVer: 0 (Checksum: 1331125288)
[2022.03.02-20.00.22:391][  0]LogTexture: Default maximum texture size for cubemaps generated from long-lat sources has been changed from 512 to unlimited. In order to preserve old behaiour for '/Engine/MapTemplates/Sky/DaylightAmbientCubemap.DaylightAmbientCubemap', its maximum texture size has been explicitly set to 512.
[2022.03.02-20.00.22:467][  0]LogHMD: PokeAHoleMaterial loaded successfully
[2022.03.02-20.00.22:611][  0]LogMoviePlayer: Initializing movie player
[2022.03.02-20.00.22:738][  0]LogNiagaraDebuggerClient: Niagara Debugger Client Initialized | Session: CA43F0AB4A00C20A271C278A473E543F | Instance: 86E9FE44431BBE55ED90D9AC1E53FA04 (LAPTOP-BL73FRTF-7176).
[2022.03.02-20.00.22:769][  0]LogCollectionManager: Loaded 0 collections in 0.003153 seconds
[2022.03.02-20.00.22:773][  0]LogFileCache: Scanning file cache for directory 'C:/PROJECTS/Unreal/Endless-Runner/EndlessRunner/Saved/Collections/' took 0.00s
[2022.03.02-20.00.22:773][  0]LogFileCache: Scanning file cache for directory 'C:/PROJECTS/Unreal/Endless-Runner/EndlessRunner/Content/Developers/teodo/Collections/' took 0.00s
[2022.03.02-20.00.22:773][  0]LogCollectionManager: Fixed up redirectors for 0 collections in 0.000002 seconds (updated 0 objects)
[2022.03.02-20.00.22:932][  0]LogFileCache: Scanning file cache for directory 'C:/PROJECTS/Unreal/Endless-Runner/EndlessRunner/Content/Collections/' took 0.00s
[2022.03.02-20.00.22:932][  0]LogTcpMessaging: Initializing TcpMessaging bridge
[2022.03.02-20.00.22:937][  0]LogUdpMessaging: Initializing bridge on interface 0.0.0.0:0 to multicast group 230.0.0.1:6666.
[2022.03.02-20.00.22:982][  0]LogPython: Using Python 3.7.7
[2022.03.02-20.00.23:777][  0]SourceControl: Source control is disabled
[2022.03.02-20.00.23:777][  0]SourceControl: Source control is disabled
[2022.03.02-20.00.23:781][  0]SourceControl: Source control is disabled
[2022.03.02-20.00.23:794][  0]LogUProjectInfo: Found projects:
[2022.03.02-20.00.23:929][  0]LogOpenImageDenoise: OIDN starting up
[2022.03.02-20.00.23:938][  0]LogAndroidPermission: UAndroidPermissionCallbackProxy::GetInstance
[2022.03.02-20.00.23:969][  0]LogAudioCaptureCore: Display: No Audio Capture implementations found. Audio input will be silent.
[2022.03.02-20.00.23:969][  0]LogAudioCaptureCore: Display: No Audio Capture implementations found. Audio input will be silent.
[2022.03.02-20.00.24:070][  0]LogOcInput: OculusInput pre-init called
[2022.03.02-20.00.24:081][  0]LogUObjectArray: 22121 objects as part of root set at end of initial load.
[2022.03.02-20.00.24:081][  0]LogUObjectAllocator: 5975632 out of 0 bytes used by permanent object pool.
[2022.03.02-20.00.24:081][  0]LogUObjectArray: CloseDisregardForGC: 0/0 objects in disregard for GC pool
[2022.03.02-20.00.24:149][  0]LogEngine: Initializing Engine...
[2022.03.02-20.00.24:215][  0]LogHMD: Optional extension XR_VARJO_quad_views is not available
[2022.03.02-20.00.24:215][  0]LogHMD: Warning: Required extension XR_EXT_eye_gaze_interaction is not available
[2022.03.02-20.00.24:215][  0]LogHMD: Could not enable all required OpenXR extensions for OpenXREyeTracker on current system. This plugin will be loaded but ignored, but will be enabled on a target platform that supports the required extension.
[2022.03.02-20.00.24:717][  0]LogHMD: Failed to get an OpenXR system, result is XR_ERROR_FORM_FACTOR_UNAVAILABLE. Please check that your runtime supports VR headsets.
[2022.03.02-20.00.24:718][  0]LogHMD: Failed to initialize OpenVR with code 101
[2022.03.02-20.00.24:718][  0]LogMagicLeap: Warning: VR disabled because ZI is not enabled.  To enable, in the editor, Edit -> Project Settings -> Plugins -> Magic Leap Plugin -> Enable Zero Iteration
[2022.03.02-20.00.24:721][  0]LogStats: UGameplayTagsManager::InitializeManager -  0.000 s
[2022.03.02-20.00.24:873][  0]LogInit: Initializing FReadOnlyCVARCache
[2022.03.02-20.00.24:873][  0]LogAudio: Display: Initializing Audio Device Manager...
[2022.03.02-20.00.24:878][  0]LogAudio: Display: Loading Default Audio Settings Objects...
[2022.03.02-20.00.24:879][  0]LogAudio: Display: No default SoundConcurrencyObject specified (or failed to load).
[2022.03.02-20.00.24:879][  0]LogAudio: Display: Audio Device Manager Initialized
[2022.03.02-20.00.24:879][  0]LogAudio: Display: Creating Audio Device:                 Id: 1, Scope: Shared, Realtime: True
[2022.03.02-20.00.24:880][  0]LogAudioMixer: Display: Audio Mixer Platform Settings:
[2022.03.02-20.00.24:880][  0]LogAudioMixer: Display: 	Sample Rate:						  48000
[2022.03.02-20.00.24:880][  0]LogAudioMixer: Display: 	Callback Buffer Frame Size Requested: 1024
[2022.03.02-20.00.24:880][  0]LogAudioMixer: Display: 	Callback Buffer Frame Size To Use:	  1024
[2022.03.02-20.00.24:880][  0]LogAudioMixer: Display: 	Number of buffers to queue:			  2
[2022.03.02-20.00.24:880][  0]LogAudioMixer: Display: 	Max Channels (voices):				  32
[2022.03.02-20.00.24:880][  0]LogAudioMixer: Display: 	Number of Async Source Workers:		  0
[2022.03.02-20.00.24:880][  0]LogAudio: Display: AudioDevice MaxSources: 32
[2022.03.02-20.00.24:880][  0]LogAudio: Display: Audio Spatialization Plugin: None (built-in).
[2022.03.02-20.00.24:880][  0]LogAudio: Display: Audio Reverb Plugin: None (built-in).
[2022.03.02-20.00.24:880][  0]LogAudio: Display: Audio Occlusion Plugin: None (built-in).
[2022.03.02-20.00.24:880][  0]LogAudioMixer: Display: Initializing audio mixer.
[2022.03.02-20.00.24:904][  0]LogAudioMixer: Display: 0: FrontLeft
[2022.03.02-20.00.24:904][  0]LogAudioMixer: Display: 1: FrontRight
[2022.03.02-20.00.24:920][  0]LogAudioMixer: Display: Using Audio Device G34WQC A (NVIDIA High Definition Audio)
[2022.03.02-20.00.24:928][  0]LogAudioMixer: Display: Initializing Sound Submixes...
[2022.03.02-20.00.24:930][  0]LogAudioMixer: Display: Creating Master Submix 'MasterSubmixDefault'
[2022.03.02-20.00.24:930][  0]LogAudioMixer: Display: Creating Master Submix 'MasterReverbSubmixDefault'
[2022.03.02-20.00.24:932][  0]LogAudioMixer: Display: Creating Master Submix 'MasterEQSubmixDefault'
[2022.03.02-20.00.24:932][  0]LogAudioMixer: FMixerPlatformXAudio2::StartAudioStream() called
[2022.03.02-20.00.24:932][  0]LogAudioMixer: Display: Output buffers initialized: Frames=1024, Channels=2, Samples=2048
[2022.03.02-20.00.24:933][  0]LogAudioMixer: Display: Starting AudioMixerPlatformInterface::RunInternal()
[2022.03.02-20.00.24:933][  0]LogAudioMixer: Display: FMixerPlatformXAudio2::SubmitBuffer() called for the first time
[2022.03.02-20.00.24:934][  0]LogInit: FAudioDevice initialized.
[2022.03.02-20.00.24:936][  0]LogNetVersion: Set ProjectVersion to 1.0.0.0. Version Checksum will be recalculated on next use.
[2022.03.02-20.00.24:937][  0]LogInit: Texture streaming: Enabled
[2022.03.02-20.00.25:040][  0]LogAudio: Display: Audio Device (ID: 1) registered with world 'Untitled'.
[2022.03.02-20.00.25:040][  0]LogSlate: Updating window title bar state: overlay mode, drag disabled, window buttons hidden, title bar hidden
[2022.03.02-20.00.25:041][  0]LogInit: Display: Game Engine Initialized.
[2022.03.02-20.00.25:042][  0]LogNiagaraEditor: GEditor isn't valid! Particle reset commands will not work for Niagara components!
[2022.03.02-20.00.25:213][  0]LogInit: Display: Starting Game.
[2022.03.02-20.00.25:214][  0]LogNet: Browse: /Game/--NEW--/Maps/ThirdPersonExampleMap?Name=Player
[2022.03.02-20.00.25:214][  0]LogLoad: LoadMap: /Game/--NEW--/Maps/ThirdPersonExampleMap?Name=Player
[2022.03.02-20.00.25:214][  0]LogWorld: BeginTearingDown for /Temp/Untitled_0
[2022.03.02-20.00.25:223][  0]LogWorld: UWorld::CleanupWorld for Untitled, bSessionEnded=true, bCleanupResources=true
[2022.03.02-20.00.25:223][  0]LogSlate: InvalidateAllWidgets triggered.  All widgets were invalidated
[2022.03.02-20.00.25:232][  0]LogAudio: Display: Audio Device unregistered from world 'None'.
[2022.03.02-20.00.25:236][  0]LogUObjectHash: Compacting FUObjectHashTables data took   1.15ms
[2022.03.02-20.00.25:936][  0]LogBlueprint: Warning: USimpleConstructionScript::FixupRootNodeParentReferences() - Couldn't find inherited parent component 'DefaultSceneRoot' for 'Sphere' in BlueprintGeneratedClass 'BootBoost_C' (it may have been removed)
[2022.03.02-20.00.26:035][  0]LogAudio: Display: Audio Device (ID: 1) registered with world 'ThirdPersonExampleMap'.
[2022.03.02-20.00.26:045][  0]LogAIModule: Creating AISystem for world ThirdPersonExampleMap
[2022.03.02-20.00.26:050][  0]LogLoad: Game class is 'ThirdPersonGameMode_C'
[2022.03.02-20.00.27:223][  0]LogWorld: Bringing World /Game/--NEW--/Maps/ThirdPersonExampleMap.ThirdPersonExampleMap up for play (max tick rate 0) at 2022.03.02-20.00.27
[2022.03.02-20.00.27:227][  0]LogWorld: Bringing up level for play took: 1.176107
[2022.03.02-20.00.27:231][  0]LogGameMode: FindPlayerStart: PATHS NOT DEFINED or NO PLAYERSTART with positive rating
[2022.03.02-20.00.27:265][  0]LogLoad: Took 2.050787 seconds to LoadMap(/Game/--NEW--/Maps/ThirdPersonExampleMap)
[2022.03.02-20.00.27:386][  0]LogSlate: Took 0.000165 seconds to synchronously load lazily loaded font '../../../Engine/Content/Slate/Fonts/Roboto-Regular.ttf' (155K)
[2022.03.02-20.00.27:448][  0]LogRenderer: Reallocating scene render targets to support 1280x720 Format 10 NumSamples 1 (Frame:1).
[2022.03.02-20.00.27:448][  0]LogInit: Display: Engine is initialized. Leaving FEngineLoop::Init()
[2022.03.02-20.00.27:448][  0]LogLoad: (Engine Initialization) Total time: 10.97 seconds
[2022.03.02-20.00.27:448][  0]LogLoad: (Engine Initialization) Total Blueprint compile time: 0.00 seconds
[2022.03.02-20.00.27:700][  0]LogSlate: Window 'EndlessRunner (64-bit Development PCD3D_SM5) ' being destroyed
[2022.03.02-20.00.27:703][  0]LogWindowsTextInputMethodSystem: Display: IME system deactivated.
[2022.03.02-20.00.27:707][  0]LogWindowsTextInputMethodSystem: Display: IME system deactivated.
[2022.03.02-20.00.27:711][  0]LogSlate: Updating window title bar state: overlay mode, drag disabled, window buttons hidden, title bar hidden
[2022.03.02-20.00.27:711][  0]LogEngine: All Windows Closed
[2022.03.02-20.00.27:711][  0]LogWindows: FPlatformMisc::RequestExit(0)
[2022.03.02-20.00.27:711][  0]LogWindows: FPlatformMisc::RequestExitWithStatus(0, 0)
[2022.03.02-20.00.27:711][  0]LogCore: Engine exit requested (reason: Win RequestExit)
[2022.03.02-20.00.27:715][  0]LogSlate: InvalidateAllWidgets triggered.  All widgets were invalidated
[2022.03.02-20.00.27:718][  1]LogCore: Engine exit requested (reason: EngineExit() was called; note: exit was already requested)
[2022.03.02-20.00.27:718][  1]LogInit: Display: PreExit Game.
[2022.03.02-20.00.27:735][  1]LogWorld: BeginTearingDown for /Game/--NEW--/Maps/ThirdPersonExampleMap
[2022.03.02-20.00.27:738][  1]LogWorld: UWorld::CleanupWorld for ThirdPersonExampleMap, bSessionEnded=true, bCleanupResources=true
[2022.03.02-20.00.27:781][  1]LogSlate: InvalidateAllWidgets triggered.  All widgets were invalidated
[2022.03.02-20.00.28:724][  1]LogAudio: Display: Beginning Audio Device Manager Shutdown (Module: AudioMixerXAudio2)...
[2022.03.02-20.00.28:724][  1]LogAudio: Display: Destroying 1 Remaining Audio Device(s)...
[2022.03.02-20.00.28:724][  1]LogAudio: Display: Audio Device unregistered from world 'ThirdPersonExampleMap'.
[2022.03.02-20.00.28:751][  1]LogAudioMixer: FMixerPlatformXAudio2::StopAudioStream() called
[2022.03.02-20.00.28:752][  1]LogAudioMixer: FMixerPlatformXAudio2::StopAudioStream() called
[2022.03.02-20.00.28:755][  1]LogAudio: Display: Audio Device Manager Shutdown
[2022.03.02-20.00.28:765][  1]LogExit: Preparing to exit.
[2022.03.02-20.00.28:776][  1]LogSlate: Updating window title bar state: overlay mode, drag disabled, window buttons hidden, title bar hidden
[2022.03.02-20.00.28:791][  1]LogUObjectHash: Compacting FUObjectHashTables data took   2.04ms
[2022.03.02-20.00.28:943][  1]LogMoviePlayer: Shutting down movie player
[2022.03.02-20.00.29:121][  1]LogDemo: Cleaned up 0 splitscreen connections with owner deletion
[2022.03.02-20.00.29:154][  1]LogExit: Game engine shut down
[2022.03.02-20.00.29:215][  1]LogExit: Object subsystem successfully closed.
[2022.03.02-20.00.29:230][  1]LogShaderCompilers: Display: === FShaderJobCache stats ===
[2022.03.02-20.00.29:230][  1]LogShaderCompilers: Display: Total job queries 0, among them cache hits 0 (0.00%)
[2022.03.02-20.00.29:230][  1]LogShaderCompilers: Display: Tracking 0 distinct input hashes that result in 0 distinct outputs (0.00%)
[2022.03.02-20.00.29:230][  1]LogShaderCompilers: Display: RAM used: 0.00 MB (0.00 GB) of 409.60 MB (0.40 GB) budget. Usage: 0.00%
[2022.03.02-20.00.29:230][  1]LogShaderCompilers: Display: ================================================
[2022.03.02-20.00.29:242][  1]LogShaderCompilers: Display: Shaders left to compile 0
[2022.03.02-20.00.29:263][  1]LogModuleManager: Shutting down and abandoning module SequenceRecorderSections (558)
[2022.03.02-20.00.29:263][  1]LogModuleManager: Shutting down and abandoning module SequenceRecorder (556)
[2022.03.02-20.00.29:263][  1]LogModuleManager: Shutting down and abandoning module AutomationController (554)
[2022.03.02-20.00.29:263][  1]LogModuleManager: Shutting down and abandoning module AutomationWorker (552)
[2022.03.02-20.00.29:264][  1]LogModuleManager: Shutting down and abandoning module Voice (550)
[2022.03.02-20.00.29:264][  1]LogModuleManager: Shutting down and abandoning module AIModule (548)
[2022.03.02-20.00.29:264][  1]LogModuleManager: Shutting down and abandoning module GameplayDebugger (547)
[2022.03.02-20.00.29:264][  1]LogModuleManager: Shutting down and abandoning module AITestSuite (545)
[2022.03.02-20.00.29:264][  1]LogModuleManager: Shutting down and abandoning module NavigationSystem (543)
[2022.03.02-20.00.29:264][  1]LogModuleManager: Shutting down and abandoning module SteamVREditor (540)
[2022.03.02-20.00.29:264][  1]LogModuleManager: Shutting down and abandoning module ToolMenus (539)
[2022.03.02-20.00.29:264][  1]LogModuleManager: Shutting down and abandoning module OculusMR (536)
[2022.03.02-20.00.29:264][  1]LogModuleManager: Shutting down and abandoning module TakeRecorderSources (534)
[2022.03.02-20.00.29:264][  1]LogModuleManager: Shutting down and abandoning module TakeRecorder (533)
[2022.03.02-20.00.29:264][  1]LogModuleManager: Shutting down and abandoning module TakeTrackRecorders (530)
[2022.03.02-20.00.29:264][  1]LogModuleManager: Shutting down and abandoning module TakesCore (528)
[2022.03.02-20.00.29:264][  1]LogModuleManager: Shutting down and abandoning module OpenXRInput (526)
[2022.03.02-20.00.29:264][  1]LogModuleManager: Shutting down and abandoning module PlanarCut (524)
[2022.03.02-20.00.29:264][  1]LogModuleManager: Shutting down and abandoning module CharacterAI (522)
[2022.03.02-20.00.29:264][  1]LogModuleManager: Shutting down and abandoning module WmfMediaFactory (520)
[2022.03.02-20.00.29:264][  1]LogModuleManager: Shutting down and abandoning module WebMMediaFactory (518)
[2022.03.02-20.00.29:264][  1]LogModuleManager: Shutting down and abandoning module WebMMedia (516)
[2022.03.02-20.00.29:264][  1]LogModuleManager: Shutting down and abandoning module OpenExrWrapper (514)
[2022.03.02-20.00.29:264][  1]LogModuleManager: Shutting down and abandoning module ImgMediaFactory (512)
[2022.03.02-20.00.29:264][  1]LogModuleManager: Shutting down and abandoning module AvfMediaFactory (510)
[2022.03.02-20.00.29:264][  1]LogModuleManager: Shutting down and abandoning module MagicLeapMediaCodecFactory (508)
[2022.03.02-20.00.29:264][  1]LogModuleManager: Shutting down and abandoning module MagicLeapMediaFactory (506)
[2022.03.02-20.00.29:264][  1]LogModuleManager: Shutting down and abandoning module SessionServices (504)
[2022.03.02-20.00.29:264][  1]LogModuleManager: Shutting down and abandoning module MovieSceneCapture (502)
[2022.03.02-20.00.29:265][  1]LogModuleManager: Shutting down and abandoning module LiveCoding (500)
[2022.03.02-20.00.29:265][  1]LogModuleManager: Shutting down and abandoning module LevelSequence (498)
[2022.03.02-20.00.29:265][  1]LogModuleManager: Shutting down and abandoning module MovieSceneTracks (496)
[2022.03.02-20.00.29:265][  1]LogModuleManager: Shutting down and abandoning module MovieScene (494)
[2022.03.02-20.00.29:265][  1]LogModuleManager: Shutting down and abandoning module StreamingPauseRendering (492)
[2022.03.02-20.00.29:265][  1]LogModuleManager: Shutting down and abandoning module PortalServices (490)
[2022.03.02-20.00.29:265][  1]LogModuleManager: Shutting down and abandoning module PortalRpc (488)
[2022.03.02-20.00.29:265][  1]LogModuleManager: Shutting down and abandoning module MessagingRpc (486)
[2022.03.02-20.00.29:265][  1]LogModuleManager: Shutting down and abandoning module AudioMixerXAudio2 (484)
[2022.03.02-20.00.29:265][  1]LogModuleManager: Shutting down and abandoning module AudioMixerCore (483)
[2022.03.02-20.00.29:265][  1]LogModuleManager: Shutting down and abandoning module ImageWriteQueue (480)
[2022.03.02-20.00.29:269][  1]LogModuleManager: Shutting down and abandoning module ProfilerService (478)
[2022.03.02-20.00.29:356][  1]LogModuleManager: Shutting down and abandoning module TaskGraph (476)
[2022.03.02-20.00.29:356][  1]LogModuleManager: Shutting down and abandoning module OculusInput (474)
[2022.03.02-20.00.29:356][  1]LogModuleManager: Shutting down and abandoning module OodleNetworkHandlerComponent (472)
[2022.03.02-20.00.29:356][  1]LogModuleManager: Shutting down and abandoning module Synthesis (470)
[2022.03.02-20.00.29:356][  1]LogModuleManager: Shutting down and abandoning module ProceduralMeshComponent (468)
[2022.03.02-20.00.29:356][  1]LogModuleManager: Shutting down and abandoning module TakeMovieScene (466)
[2022.03.02-20.00.29:356][  1]LogModuleManager: Shutting down and abandoning module MobilePatchingUtils (464)
[2022.03.02-20.00.29:356][  1]LogModuleManager: Shutting down and abandoning module GooglePAD (462)
[2022.03.02-20.00.29:356][  1]LogModuleManager: Shutting down and abandoning module EditableMesh (460)
[2022.03.02-20.00.29:356][  1]LogModuleManager: Shutting down and abandoning module CustomMeshComponent (458)
[2022.03.02-20.00.29:356][  1]LogModuleManager: Shutting down and abandoning module CableComponent (456)
[2022.03.02-20.00.29:356][  1]LogModuleManager: Shutting down and abandoning module AudioCapture (454)
[2022.03.02-20.00.29:356][  1]LogModuleManager: Shutting down and abandoning module AudioCaptureRtAudio (453)
[2022.03.02-20.00.29:356][  1]LogModuleManager: Shutting down and abandoning module AssetTags (450)
[2022.03.02-20.00.29:356][  1]LogModuleManager: Shutting down and abandoning module ArchVisCharacter (448)
[2022.03.02-20.00.29:356][  1]LogModuleManager: Shutting down and abandoning module AppleImageUtilsBlueprintSupport (446)
[2022.03.02-20.00.29:356][  1]LogModuleManager: Shutting down and abandoning module AppleImageUtils (444)
[2022.03.02-20.00.29:356][  1]LogModuleManager: Shutting down and abandoning module AndroidPermission (442)
[2022.03.02-20.00.29:356][  1]LogModuleManager: Shutting down and abandoning module ActorLayerUtilities (440)
[2022.03.02-20.00.29:356][  1]LogModuleManager: Shutting down and abandoning module OpenImageDenoise (438)
[2022.03.02-20.00.29:356][  1]LogOpenImageDenoise: OIDN shutting down
[2022.03.02-20.00.29:356][  1]LogModuleManager: Shutting down and abandoning module MotoSynth (436)
[2022.03.02-20.00.29:356][  1]LogModuleManager: Shutting down and abandoning module MeshConversion (434)
[2022.03.02-20.00.29:356][  1]LogModuleManager: Shutting down and abandoning module DynamicMesh (432)
[2022.03.02-20.00.29:356][  1]LogModuleManager: Shutting down and abandoning module GeometryAlgorithms (430)
[2022.03.02-20.00.29:356][  1]LogModuleManager: Shutting down and abandoning module GeometricObjects (428)
[2022.03.02-20.00.29:356][  1]LogModuleManager: Shutting down and abandoning module GeometryCacheTracks (426)
[2022.03.02-20.00.29:356][  1]LogModuleManager: Shutting down and abandoning module GeometryCacheSequencer (425)
[2022.03.02-20.00.29:356][  1]LogModuleManager: Shutting down and abandoning module GeometryCache (422)
[2022.03.02-20.00.29:356][  1]LogModuleManager: Shutting down and abandoning module GeometryCacheEd (421)
[2022.03.02-20.00.29:356][  1]LogModuleManager: Shutting down and abandoning module BackChannel (418)
[2022.03.02-20.00.29:356][  1]LogModuleManager: Shutting down and abandoning module GeometryCollectionTracks (416)
[2022.03.02-20.00.29:357][  1]LogModuleManager: Shutting down and abandoning module GeometryCollectionSequencer (415)
[2022.03.02-20.00.29:357][  1]LogModuleManager: Shutting down and abandoning module ChaosNiagara (412)
[2022.03.02-20.00.29:357][  1]LogModuleManager: Shutting down and abandoning module FieldSystemEngine (411)
[2022.03.02-20.00.29:357][  1]LogModuleManager: Shutting down and abandoning module AutomationUtils (408)
[2022.03.02-20.00.29:357][  1]LogModuleManager: Shutting down and abandoning module TemplateSequence (406)
[2022.03.02-20.00.29:357][  1]LogModuleManager: Shutting down and abandoning module MediaCompositing (404)
[2022.03.02-20.00.29:357][  1]LogModuleManager: Shutting down and abandoning module ImgMedia (402)
[2022.03.02-20.00.29:357][  1]LogModuleManager: Shutting down and abandoning module VisualStudioCodeSourceCodeAccess (400)
[2022.03.02-20.00.29:357][  1]LogModuleManager: Shutting down and abandoning module VisualStudioSourceCodeAccess (398)
[2022.03.02-20.00.29:357][  1]LogModuleManager: Shutting down and abandoning module HotReload (397)
[2022.03.02-20.00.29:357][  1]LogModuleManager: Shutting down and abandoning module UObjectPlugin (394)
[2022.03.02-20.00.29:357][  1]LogModuleManager: Shutting down and abandoning module SubversionSourceControl (392)
[2022.03.02-20.00.29:357][  1]LogModuleManager: Shutting down and abandoning module PerforceSourceControl (390)
[2022.03.02-20.00.29:357][  1]LogModuleManager: Shutting down and abandoning module SourceControl (389)
[2022.03.02-20.00.29:357][  1]LogModuleManager: Shutting down and abandoning module CLionSourceCodeAccess (386)
[2022.03.02-20.00.29:357][  1]LogModuleManager: Shutting down and abandoning module MagicLeapSharedWorld (384)
[2022.03.02-20.00.29:357][  1]LogModuleManager: Shutting down and abandoning module MagicLeapLightEstimation (382)
[2022.03.02-20.00.29:357][  1]LogModuleManager: Shutting down and abandoning module MagicLeapHelperVulkan (380)
[2022.03.02-20.00.29:357][  1]LogModuleManager: Shutting down and abandoning module MagicLeapHelperOpenGL (378)
[2022.03.02-20.00.29:357][  1]LogModuleManager: Shutting down and abandoning module MagicLeapAudio (376)
[2022.03.02-20.00.29:357][  1]LogModuleManager: Shutting down and abandoning module LiveLinkSequencer (374)
[2022.03.02-20.00.29:357][  1]LogModuleManager: Shutting down and abandoning module LiveLinkMovieScene (372)
[2022.03.02-20.00.29:357][  1]LogModuleManager: Shutting down and abandoning module LiveLinkGraphNode (370)
[2022.03.02-20.00.29:357][  1]LogModuleManager: Shutting down and abandoning module LiveLinkComponents (368)
[2022.03.02-20.00.29:357][  1]LogModuleManager: Shutting down and abandoning module LiveLink (366)
[2022.03.02-20.00.29:698][  1]LogModuleManager: Shutting down and abandoning module GameplayCameras (364)
[2022.03.02-20.00.29:699][  1]LogModuleManager: Shutting down and abandoning module SoundFields (362)
[2022.03.02-20.00.29:699][  1]LogModuleManager: Shutting down and abandoning module SignificanceManager (360)
[2022.03.02-20.00.29:699][  1]LogModuleManager: Shutting down and abandoning module RuntimePhysXCooking (358)
[2022.03.02-20.00.29:699][  1]LogModuleManager: Shutting down and abandoning module PropertyAccessEditor (356)
[2022.03.02-20.00.29:699][  1]LogModuleManager: Shutting down and abandoning module PythonScriptPlugin (354)
[2022.03.02-20.00.29:699][  1]LogModuleManager: Shutting down and abandoning module PhysXVehiclesEditor (352)
[2022.03.02-20.00.29:699][  1]LogModuleManager: Shutting down and abandoning module LocationServicesBPLibrary (348)
[2022.03.02-20.00.29:699][  1]LogModuleManager: Shutting down and abandoning module AudioSynesthesia (346)
[2022.03.02-20.00.29:699][  1]LogModuleManager: Shutting down and abandoning module AudioSynesthesiaCore (344)
[2022.03.02-20.00.29:699][  1]LogModuleManager: Shutting down and abandoning module UdpMessaging (342)
[2022.03.02-20.00.29:800][  1]LogModuleManager: Shutting down and abandoning module TcpMessaging (340)
[2022.03.02-20.00.29:937][  1]LogModuleManager: Shutting down and abandoning module ActorSequence (338)
[2022.03.02-20.00.29:937][  1]LogModuleManager: Shutting down and abandoning module ImgMediaEngine (336)
[2022.03.02-20.00.29:937][  1]LogModuleManager: Shutting down and abandoning module PropertyAccessNode (334)
[2022.03.02-20.00.29:938][  1]LogModuleManager: Shutting down and abandoning module MagicLeapARPin (332)
[2022.03.02-20.00.29:938][  1]LogModuleManager: Shutting down and abandoning module MagicLeapHandMeshing (330)
[2022.03.02-20.00.29:938][  1]LogModuleManager: Shutting down and abandoning module MagicLeapSecureStorage (328)
[2022.03.02-20.00.29:938][  1]LogModuleManager: Shutting down and abandoning module MagicLeapPrivileges (326)
[2022.03.02-20.00.29:938][  1]LogModuleManager: Shutting down and abandoning module MagicLeapPlanes (324)
[2022.03.02-20.00.29:938][  1]LogMagicLeapPlanes: Planes tracker already destroyed.
[2022.03.02-20.00.29:938][  1]LogModuleManager: Shutting down and abandoning module MagicLeapImageTracker (322)
[2022.03.02-20.00.29:938][  1]LogModuleManager: Shutting down and abandoning module MagicLeapIdentity (320)
[2022.03.02-20.00.29:938][  1]LogModuleManager: Shutting down and abandoning module MagicLeapHandTracking (318)
[2022.03.02-20.00.29:938][  1]LogModuleManager: Shutting down and abandoning module MagicLeapEyeTracker (316)
[2022.03.02-20.00.29:938][  1]LogModuleManager: Shutting down and abandoning module MagicLeapController (314)
[2022.03.02-20.00.29:938][  1]LogModuleManager: Shutting down and abandoning module MagicLeapARPinImpl (312)
[2022.03.02-20.00.29:938][  1]LogModuleManager: Shutting down and abandoning module MagicLeapAR (310)
[2022.03.02-20.00.29:938][  1]LogModuleManager: Shutting down and abandoning module AnimationSharing (308)
[2022.03.02-20.00.29:938][  1]LogModuleManager: Shutting down and abandoning module NiagaraAnimNotifies (306)
[2022.03.02-20.00.29:938][  1]LogModuleManager: Shutting down and abandoning module Niagara (304)
[2022.03.02-20.00.29:938][  1]LogModuleManager: Shutting down and abandoning module SignalProcessing (303)
[2022.03.02-20.00.29:938][  1]LogModuleManager: Shutting down and abandoning module NiagaraEditor (301)
[2022.03.02-20.00.29:938][  1]LogModuleManager: Shutting down and abandoning module ContentBrowser (300)
[2022.03.02-20.00.29:938][  1]LogModuleManager: Shutting down and abandoning module CollectionManager (299)
[2022.03.02-20.00.29:939][  1]LogModuleManager: Shutting down and abandoning module DirectoryWatcher (298)
[2022.03.02-20.00.29:939][  1]LogModuleManager: Shutting down and abandoning module ContentBrowserData (295)
[2022.03.02-20.00.29:939][  1]LogModuleManager: Shutting down and abandoning module NiagaraCore (290)
[2022.03.02-20.00.29:939][  1]LogModuleManager: Shutting down and abandoning module FacialAnimation (288)
[2022.03.02-20.00.29:939][  1]LogModuleManager: Shutting down and abandoning module GameplayTagsEditor (286)
[2022.03.02-20.00.29:939][  1]LogModuleManager: Shutting down and abandoning module AssetManagerEditor (284)
[2022.03.02-20.00.29:939][  1]LogModuleManager: Shutting down and abandoning module TreeMap (283)
[2022.03.02-20.00.29:939][  1]LogModuleManager: Shutting down and abandoning module LightPropagationVolumeRuntime (280)
[2022.03.02-20.00.29:939][  1]LogModuleManager: Shutting down and abandoning module EnvironmentQueryEditor (278)
[2022.03.02-20.00.29:939][  1]LogModuleManager: Shutting down and abandoning module Paper2D (276)
[2022.03.02-20.00.29:939][  1]LogModuleManager: Shutting down and abandoning module WindowsMoviePlayer (274)
[2022.03.02-20.00.29:940][  1]LogModuleManager: Shutting down and abandoning module WebMMoviePlayer (272)
[2022.03.02-20.00.29:940][  1]LogModuleManager: Shutting down and abandoning module NetworkReplayStreaming (270)
[2022.03.02-20.00.29:940][  1]LogModuleManager: Shutting down and abandoning module PacketHandler (268)
[2022.03.02-20.00.29:940][  1]LogModuleManager: Shutting down and abandoning module ClothingSystemEditor (266)
[2022.03.02-20.00.29:940][  1]LogModuleManager: Shutting down and abandoning module ClothingSystemRuntimeNv (264)
[2022.03.02-20.00.29:940][  1]LogModuleManager: Shutting down and abandoning module MediaAssets (262)
[2022.03.02-20.00.29:940][  1]LogModuleManager: Shutting down and abandoning module Overlay (260)
[2022.03.02-20.00.29:940][  1]LogModuleManager: Shutting down and abandoning module OverlayEditor (259)
[2022.03.02-20.00.29:940][  1]LogModuleManager: Shutting down and abandoning module VREditor (256)
[2022.03.02-20.00.29:940][  1]LogModuleManager: Shutting down and abandoning module StringTableEditor (254)
[2022.03.02-20.00.29:940][  1]LogModuleManager: Shutting down and abandoning module GameplayTasksEditor (252)
[2022.03.02-20.00.29:940][  1]LogModuleManager: Shutting down and abandoning module BehaviorTreeEditor (250)
[2022.03.02-20.00.29:940][  1]LogModuleManager: Shutting down and abandoning module FunctionalTesting (248)
[2022.03.02-20.00.29:940][  1]LogModuleManager: Shutting down and abandoning module CollisionAnalyzer (246)
[2022.03.02-20.00.29:940][  1]LogModuleManager: Shutting down and abandoning module WorkspaceMenuStructure (245)
[2022.03.02-20.00.29:940][  1]LogModuleManager: Shutting down and abandoning module UMG (242)
[2022.03.02-20.00.29:940][  1]LogModuleManager: Shutting down and abandoning module UMGEditor (241)
[2022.03.02-20.00.29:940][  1]LogModuleManager: Shutting down and abandoning module Sequencer (240)
[2022.03.02-20.00.29:940][  1]LogModuleManager: Shutting down and abandoning module MessageLog (237)
[2022.03.02-20.00.29:941][  1]LogModuleManager: Shutting down and abandoning module SlateReflector (232)
[2022.03.02-20.00.29:941][  1]LogModuleManager: Shutting down and abandoning module Slate (230)
[2022.03.02-20.00.29:941][  1]LogModuleManager: Shutting down and abandoning module SlateCore (228)
[2022.03.02-20.00.29:942][  1]LogModuleManager: Shutting down and abandoning module LandscapeEditorUtilities (226)
[2022.03.02-20.00.29:942][  1]LogModuleManager: Shutting down and abandoning module UnrealEd (224)
[2022.03.02-20.00.29:942][  1]LogModuleManager: Shutting down and abandoning module MRMesh (222)
[2022.03.02-20.00.29:942][  1]LogModuleManager: Shutting down and abandoning module Messaging (220)
[2022.03.02-20.00.29:942][  1]LogModuleManager: Shutting down and abandoning module SourceCodeAccess (218)
[2022.03.02-20.00.29:942][  1]LogModuleManager: Shutting down and abandoning module HeadMountedDisplay (216)
[2022.03.02-20.00.29:942][  1]LogModuleManager: Shutting down and abandoning module XAudio2 (214)
[2022.03.02-20.00.29:942][  1]LogModuleManager: Shutting down and abandoning module Networking (212)
[2022.03.02-20.00.29:942][  1]LogModuleManager: Shutting down and abandoning module Core (210)
[2022.03.02-20.00.29:943][  1]LogModuleManager: Shutting down and abandoning module MaterialEditor (208)
[2022.03.02-20.00.29:943][  1]LogModuleManager: Shutting down and abandoning module MovieSceneTools (206)
[2022.03.02-20.00.29:943][  1]LogModuleManager: Shutting down and abandoning module EditorStyle (205)
[2022.03.02-20.00.29:943][  1]LogModuleManager: Shutting down and abandoning module KismetCompiler (202)
[2022.03.02-20.00.29:943][  1]LogModuleManager: Shutting down and abandoning module MeshBuilder (200)
[2022.03.02-20.00.29:944][  1]LogModuleManager: Shutting down and abandoning module MeshUtilities (198)
[2022.03.02-20.00.29:944][  1]LogModuleManager: Shutting down and abandoning module MeshMergeUtilities (197)
[2022.03.02-20.00.29:944][  1]LogModuleManager: Shutting down and abandoning module MeshReductionInterface (196)
[2022.03.02-20.00.29:944][  1]LogModuleManager: Shutting down and abandoning module MeshBoneReduction (195)
[2022.03.02-20.00.29:944][  1]LogModuleManager: Shutting down and abandoning module SkeletalMeshReduction (193)
[2022.03.02-20.00.29:944][  1]LogModuleManager: Shutting down and abandoning module ProxyLODMeshReduction (191)
[2022.03.02-20.00.29:944][  1]LogModuleManager: Shutting down and abandoning module QuadricMeshReduction (189)
[2022.03.02-20.00.29:944][  1]LogModuleManager: Shutting down and abandoning module MaterialBaking (185)
[2022.03.02-20.00.29:944][  1]LogModuleManager: Shutting down and abandoning module NullInstallBundleManager (180)
[2022.03.02-20.00.29:944][  1]LogModuleManager: Shutting down and abandoning module PIEPreviewDeviceProfileSelector (178)
[2022.03.02-20.00.29:944][  1]LogModuleManager: Shutting down and abandoning module DerivedDataCache (176)
[2022.03.02-20.00.29:944][  1]LogModuleManager: Shutting down and abandoning module TargetPlatform (174)
[2022.03.02-20.00.29:944][  1]LogModuleManager: Shutting down and abandoning module VulkanShaderFormat (173)
[2022.03.02-20.00.29:944][  1]LogModuleManager: Shutting down and abandoning module ShaderFormatVectorVM (171)
[2022.03.02-20.00.29:944][  1]LogModuleManager: Shutting down and abandoning module ShaderFormatOpenGL (169)
[2022.03.02-20.00.29:944][  1]LogModuleManager: Shutting down and abandoning module ShaderFormatD3D (167)
[2022.03.02-20.00.29:944][  1]LogModuleManager: Shutting down and abandoning module MetalShaderFormat (165)
[2022.03.02-20.00.29:944][  1]LogModuleManager: Shutting down and abandoning module TextureFormatOodle (163)
[2022.03.02-20.00.29:944][  1]LogModuleManager: Shutting down and abandoning module TextureFormatUncompressed (161)
[2022.03.02-20.00.29:944][  1]LogModuleManager: Shutting down and abandoning module TextureFormatPVR (159)
[2022.03.02-20.00.29:944][  1]LogModuleManager: Shutting down and abandoning module TextureFormatETC2 (157)
[2022.03.02-20.00.29:944][  1]LogModuleManager: Shutting down and abandoning module TextureFormatDXT (155)
[2022.03.02-20.00.29:944][  1]LogModuleManager: Shutting down and abandoning module TextureFormatIntelISPCTexComp (153)
[2022.03.02-20.00.29:944][  1]LogModuleManager: Shutting down and abandoning module TextureFormatASTC (151)
[2022.03.02-20.00.29:944][  1]LogModuleManager: Shutting down and abandoning module ImageWrapper (150)
[2022.03.02-20.00.29:944][  1]LogModuleManager: Shutting down and abandoning module AudioFormatOpus (147)
[2022.03.02-20.00.29:944][  1]LogModuleManager: Shutting down and abandoning module AudioFormatOgg (145)
[2022.03.02-20.00.29:944][  1]LogModuleManager: Shutting down and abandoning module AudioFormatADPCM (143)
[2022.03.02-20.00.29:944][  1]LogModuleManager: Shutting down and abandoning module WindowsServerTargetPlatform (141)
[2022.03.02-20.00.29:944][  1]LogModuleManager: Shutting down and abandoning module WindowsClientTargetPlatform (139)
[2022.03.02-20.00.29:944][  1]LogModuleManager: Shutting down and abandoning module WindowsTargetPlatform (137)
[2022.03.02-20.00.29:944][  1]LogModuleManager: Shutting down and abandoning module WindowsNoEditorTargetPlatform (135)
[2022.03.02-20.00.29:944][  1]LogModuleManager: Shutting down and abandoning module D3D11RHI (132)
[2022.03.02-20.00.29:944][  1]LogModuleManager: Shutting down and abandoning module InputCore (130)
[2022.03.02-20.00.29:944][  1]LogModuleManager: Shutting down and abandoning module Settings (128)
[2022.03.02-20.00.29:944][  1]LogModuleManager: Shutting down and abandoning module PhysXCooking (126)
[2022.03.02-20.00.29:944][  1]LogModuleManager: Shutting down and abandoning module Chaos (124)
[2022.03.02-20.00.29:944][  1]LogModuleManager: Shutting down and abandoning module WindowsPlatformFeatures (122)
[2022.03.02-20.00.29:944][  1]LogModuleManager: Shutting down and abandoning module GameplayMediaEncoder (121)
[2022.03.02-20.00.29:944][  1]LogModuleManager: Shutting down and abandoning module AVEncoder (120)
[2022.03.02-20.00.29:944][  1]LogModuleManager: Shutting down and abandoning module SteamVRInputDevice (116)
[2022.03.02-20.00.29:944][  1]LogModuleManager: Shutting down and abandoning module SteamVRInput (114)
[2022.03.02-20.00.29:945][  1]LogModuleManager: Shutting down and abandoning module SteamVR (112)
[2022.03.02-20.00.29:945][  1]LogHMD: Freeing OpenVRDLLHandle.
[2022.03.02-20.00.29:945][  1]LogModuleManager: Shutting down and abandoning module OculusHMD (110)
[2022.03.02-20.00.29:945][  1]LogModuleManager: Shutting down and abandoning module OpenXRHandTracking (108)
[2022.03.02-20.00.29:945][  1]LogSlate: Slate User Destroyed.  User Index 0, Is Virtual User: 0
[2022.03.02-20.00.29:945][  1]LogModuleManager: Shutting down and abandoning module OpenXREyeTracker (106)
[2022.03.02-20.00.29:945][  1]LogModuleManager: Shutting down and abandoning module OpenXRAR (104)
[2022.03.02-20.00.29:945][  1]LogModuleManager: Shutting down and abandoning module AugmentedReality (103)
[2022.03.02-20.00.29:945][  1]LogModuleManager: Shutting down and abandoning module OpenXRHMD (100)
[2022.03.02-20.00.29:947][  1]LogModuleManager: Shutting down and abandoning module ExampleDeviceProfileSelector (98)
[2022.03.02-20.00.29:947][  1]LogModuleManager: Shutting down and abandoning module ChunkDownloader (96)
[2022.03.02-20.00.29:947][  1]LogModuleManager: Shutting down and abandoning module LauncherChunkInstaller (94)
[2022.03.02-20.00.29:947][  1]LogModuleManager: Shutting down and abandoning module OnlineBlueprintSupport (92)
[2022.03.02-20.00.29:947][  1]LogModuleManager: Shutting down and abandoning module OnlineSubsystem (88)
[2022.03.02-20.00.29:948][  1]LogModuleManager: Shutting down and abandoning module XMPP (83)
[2022.03.02-20.00.29:948][  1]LogModuleManager: Shutting down and abandoning module WebSockets (82)
[2022.03.02-20.00.29:972][  1]LogModuleManager: Shutting down and abandoning module HTTP (79)
[2022.03.02-20.00.29:972][  1]LogHttp: Display: cleaning up 0 outstanding Http requests.
[2022.03.02-20.00.29:974][  1]LogModuleManager: Shutting down and abandoning module SSL (78)
[2022.03.02-20.00.29:975][  1]LogModuleManager: Shutting down and abandoning module ChaosCloth (74)
[2022.03.02-20.00.29:975][  1]LogModuleManager: Shutting down and abandoning module WmfMedia (72)
[2022.03.02-20.00.29:977][  1]LogModuleManager: Shutting down and abandoning module Media (71)
[2022.03.02-20.00.29:977][  1]LogModuleManager: Shutting down and abandoning module MediaInfo (70)
[2022.03.02-20.00.29:977][  1]LogModuleManager: Shutting down and abandoning module ExrReaderGpu (66)
[2022.03.02-20.00.29:977][  1]LogModuleManager: Shutting down and abandoning module PixWinPlugin (64)
[2022.03.02-20.00.29:977][  1]LogModuleManager: Shutting down and abandoning module MLSDK (62)
[2022.03.02-20.00.29:977][  1]LogModuleManager: Shutting down and abandoning module MagicLeap (60)
[2022.03.02-20.00.29:977][  1]LogModuleManager: Shutting down and abandoning module NiagaraVertexFactories (58)
[2022.03.02-20.00.29:977][  1]LogModuleManager: Shutting down and abandoning module NiagaraShader (56)
[2022.03.02-20.00.29:977][  1]LogModuleManager: Shutting down and abandoning module VariantManagerContent (54)
[2022.03.02-20.00.29:977][  1]LogModuleManager: Shutting down and abandoning module DatasmithContent (52)
[2022.03.02-20.00.29:978][  1]LogModuleManager: Shutting down and abandoning module AISupportModule (50)
[2022.03.02-20.00.29:978][  1]LogModuleManager: Shutting down and abandoning module DesktopPlatform (48)
[2022.03.02-20.00.29:978][  1]LogModuleManager: Shutting down and abandoning module OodleDataCompressionFormat (46)
[2022.03.02-20.00.29:978][  1]LogModuleManager: Shutting down and abandoning module PythonScriptPluginPreload (44)
[2022.03.02-20.00.29:978][  1]LogModuleManager: Shutting down and abandoning module PlatformCryptoOpenSSL (42)
[2022.03.02-20.00.29:978][  1]LogModuleManager: Shutting down and abandoning module PlatformCryptoTypes (40)
[2022.03.02-20.00.29:978][  1]LogModuleManager: Shutting down and abandoning module PlatformCrypto (38)
[2022.03.02-20.00.29:978][  1]LogModuleManager: Shutting down and abandoning module XGEController (36)
[2022.03.02-20.00.29:978][  1]LogModuleManager: Shutting down and abandoning module AnimationModifiers (34)
[2022.03.02-20.00.29:978][  1]LogModuleManager: Shutting down and abandoning module AudioEditor (32)
[2022.03.02-20.00.29:978][  1]LogModuleManager: Shutting down and abandoning module PropertyEditor (31)
[2022.03.02-20.00.29:978][  1]LogModuleManager: Shutting down and abandoning module TextureCompressor (28)
[2022.03.02-20.00.29:978][  1]LogModuleManager: Shutting down and abandoning module RenderCore (26)
[2022.03.02-20.00.29:978][  1]LogModuleManager: Shutting down and abandoning module Landscape (24)
[2022.03.02-20.00.29:978][  1]LogModuleManager: Shutting down and abandoning module SlateRHIRenderer (22)
[2022.03.02-20.00.29:979][  1]LogModuleManager: Shutting down and abandoning module AnimGraphRuntime (20)
[2022.03.02-20.00.29:979][  1]LogModuleManager: Shutting down and abandoning module Renderer (18)
[2022.03.02-20.00.29:979][  1]LogModuleManager: Shutting down and abandoning module Engine (16)
[2022.03.02-20.00.29:979][  1]LogModuleManager: Shutting down and abandoning module CoreUObject (14)
[2022.03.02-20.00.29:979][  1]LogModuleManager: Shutting down and abandoning module NetworkFile (12)
[2022.03.02-20.00.29:979][  1]LogModuleManager: Shutting down and abandoning module CookedIterativeFile (10)
[2022.03.02-20.00.29:979][  1]LogModuleManager: Shutting down and abandoning module StreamingFile (8)
[2022.03.02-20.00.29:979][  1]LogModuleManager: Shutting down and abandoning module SandboxFile (6)
[2022.03.02-20.00.29:979][  1]LogModuleManager: Shutting down and abandoning module PakFile (4)
[2022.03.02-20.00.29:979][  1]LogModuleManager: Shutting down and abandoning module RSA (3)
[2022.03.02-20.00.30:362][  1]LogContentStreaming: Display: There are 1 unreleased StreamingManagers
[2022.03.02-20.00.30:377][  1]LogD3D11RHI: Shutdown
[2022.03.02-20.00.30:377][  1]LogD3D11RHI: CleanupD3DDevice
[2022.03.02-20.00.30:399][  1]LogExit: Exiting.
[2022.03.02-20.00.30:411][  1]Log file closed, 03/02/22 20:00:30
